<?xml version="1.0" encoding="UTF-8"?>
<coverage generated="1634220720681" clover="3.2.0">
  <project timestamp="1634220720682" name="All files">
    <metrics statements="6" coveredstatements="6" conditionals="356" coveredconditionals="134" methods="5" coveredmethods="5" elements="367" coveredelements="145" complexity="0" loc="6" ncloc="6" packages="2" files="2" classes="2"/>
    <package name="dist.webpack:.EntryStore">
      <metrics statements="5" coveredstatements="5" conditionals="356" coveredconditionals="134" methods="5" coveredmethods="5"/>
      <file name="entrystore.node.js" path="/home/august/Documents/Code/metasolutions/entrystore.js/dist/webpack:/EntryStore/entrystore.node.js">
        <metrics statements="5" coveredstatements="5" conditionals="356" coveredconditionals="134" methods="5" coveredmethods="5"/>
        <line num="1" count="516067" type="cond" truecount="72" falsecount="33"/>
        <line num="30560" count="110413" type="cond" truecount="15" falsecount="52"/>
        <line num="52343" count="162989" type="cond" truecount="27" falsecount="62"/>
        <line num="60000" count="142648" type="cond" truecount="6" falsecount="0"/>
        <line num="60190" count="33671" type="cond" truecount="14" falsecount="75"/>
      </file>
    </package>
    <package name="tests-jest">
      <metrics statements="1" coveredstatements="1" conditionals="0" coveredconditionals="0" methods="0" coveredmethods="0"/>
      <file name="config.js" path="/home/august/Documents/Code/metasolutions/entrystore.js/tests-jest/config.js">
        <metrics statements="1" coveredstatements="1" conditionals="0" coveredconditionals="0" methods="0" coveredmethods="0"/>
        <line num="1" count="10" type="stmt"/>
      </file>
    </package>
  </project>
</coverage>
