{"/home/august/Documents/Code/metasolutions/entrystore.js/dist/webpack:/EntryStore/entrystore.node.js": {"path":"/home/august/Documents/Code/metasolutions/entrystore.js/dist/webpack:/EntryStore/entrystore.node.js","statementMap":{"0":{"start":{"line":1,"column":0},"end":{"line":60190,"column":null}},"1":{"start":{"line":1,"column":0},"end":{"line":1,"column":null}},"2":{"start":{"line":30560,"column":0},"end":{"line":30560,"column":null}},"3":{"start":{"line":52343,"column":0},"end":{"line":52343,"column":null}},"4":{"start":{"line":60000,"column":0},"end":{"line":60000,"column":null}},"5":{"start":{"line":60190,"column":0},"end":{"line":60190,"column":null}}},"fnMap":{"0":{"name":"(anonymous_0)","decl":{"start":{"line":1,"column":0},"end":{"line":1,"column":null}},"loc":{"start":{"line":1,"column":0},"end":{"line":1,"column":null}}},"1":{"name":"(anonymous_2535)","decl":{"start":{"line":30560,"column":0},"end":{"line":30560,"column":null}},"loc":{"start":{"line":30560,"column":0},"end":{"line":30560,"column":null}}},"2":{"name":"(anonymous_4335)","decl":{"start":{"line":52343,"column":0},"end":{"line":52343,"column":null}},"loc":{"start":{"line":52343,"column":0},"end":{"line":52343,"column":null}}},"3":{"name":"l","decl":{"start":{"line":60000,"column":0},"end":{"line":60000,"column":null}},"loc":{"start":{"line":60000,"column":0},"end":{"line":60000,"column":null}}},"4":{"name":"(anonymous_4860)","decl":{"start":{"line":60190,"column":0},"end":{"line":60190,"column":null}},"loc":{"start":{"line":60190,"column":0},"end":{"line":60190,"column":null}}}},"branchMap":{"0":{"loc":{"start":{"line":1,"column":0},"end":{"line":1,"column":null}},"type":"if","locations":[{"start":{"line":1,"column":0},"end":{"line":1,"column":null}},{"start":{"line":1,"column":0},"end":{"line":1,"column":null}}]},"1":{"loc":{"start":{"line":1,"column":0},"end":{"line":1,"column":null}},"type":"binary-expr","locations":[{"start":{"line":1,"column":0},"end":{"line":1,"column":null}},{"start":{"line":1,"column":0},"end":{"line":1,"column":null}},{"start":{"line":1,"column":0},"end":{"line":1,"column":null}}]},"2":{"loc":{"start":{"line":1,"column":0},"end":{"line":1,"column":null}},"type":"binary-expr","locations":[{"start":{"line":1,"column":0},"end":{"line":1,"column":null}},{"start":{"line":1,"column":0},"end":{"line":1,"column":null}},{"start":{"line":1,"column":0},"end":{"line":1,"column":null}},{"start":{"line":1,"column":0},"end":{"line":1,"column":null}}]},"3":{"loc":{"start":{"line":1,"column":0},"end":{"line":1,"column":null}},"type":"binary-expr","locations":[{"start":{"line":1,"column":0},"end":{"line":1,"column":null}},{"start":{"line":1,"column":0},"end":{"line":1,"column":null}},{"start":{"line":1,"column":0},"end":{"line":1,"column":null}},{"start":{"line":1,"column":0},"end":{"line":1,"column":null}},{"start":{"line":1,"column":0},"end":{"line":1,"column":null}}]},"4":{"loc":{"start":{"line":1,"column":0},"end":{"line":1,"column":null}},"type":"switch","locations":[{"start":{"line":1,"column":0},"end":{"line":1,"column":null}},{"start":{"line":1,"column":0},"end":{"line":1,"column":null}},{"start":{"line":1,"column":0},"end":{"line":1,"column":null}},{"start":{"line":1,"column":0},"end":{"line":1,"column":null}},{"start":{"line":1,"column":0},"end":{"line":1,"column":null}},{"start":{"line":1,"column":0},"end":{"line":1,"column":null}},{"start":{"line":1,"column":0},"end":{"line":1,"column":null}},{"start":{"line":1,"column":0},"end":{"line":1,"column":null}},{"start":{"line":1,"column":0},"end":{"line":1,"column":null}}]},"5":{"loc":{"start":{"line":1,"column":0},"end":{"line":1,"column":null}},"type":"binary-expr","locations":[{"start":{"line":1,"column":0},"end":{"line":1,"column":null}},{"start":{"line":1,"column":0},"end":{"line":1,"column":null}},{"start":{"line":1,"column":0},"end":{"line":1,"column":null}},{"start":{"line":1,"column":0},"end":{"line":1,"column":null}},{"start":{"line":1,"column":0},"end":{"line":1,"column":null}},{"start":{"line":1,"column":0},"end":{"line":1,"column":null}},{"start":{"line":1,"column":0},"end":{"line":1,"column":null}},{"start":{"line":1,"column":0},"end":{"line":1,"column":null}}]},"6":{"loc":{"start":{"line":1,"column":0},"end":{"line":1,"column":null}},"type":"default-arg","locations":[{"start":{"line":1,"column":0},"end":{"line":1,"column":null}}]},"7":{"loc":{"start":{"line":1,"column":0},"end":{"line":1,"column":null}},"type":"binary-expr","locations":[{"start":{"line":1,"column":0},"end":{"line":1,"column":null}},{"start":{"line":1,"column":0},"end":{"line":1,"column":null}},{"start":{"line":1,"column":0},"end":{"line":1,"column":null}},{"start":{"line":1,"column":0},"end":{"line":1,"column":null}},{"start":{"line":1,"column":0},"end":{"line":1,"column":null}},{"start":{"line":1,"column":0},"end":{"line":1,"column":null}}]},"8":{"loc":{"start":{"line":1,"column":0},"end":{"line":1,"column":null}},"type":"switch","locations":[{"start":{"line":1,"column":0},"end":{"line":1,"column":null}},{"start":{"line":1,"column":0},"end":{"line":1,"column":null}},{"start":{"line":1,"column":0},"end":{"line":1,"column":null}},{"start":{"line":1,"column":0},"end":{"line":1,"column":null}},{"start":{"line":1,"column":0},"end":{"line":1,"column":null}},{"start":{"line":1,"column":0},"end":{"line":1,"column":null}},{"start":{"line":1,"column":0},"end":{"line":1,"column":null}},{"start":{"line":1,"column":0},"end":{"line":1,"column":null}},{"start":{"line":1,"column":0},"end":{"line":1,"column":null}},{"start":{"line":1,"column":0},"end":{"line":1,"column":null}},{"start":{"line":1,"column":0},"end":{"line":1,"column":null}},{"start":{"line":1,"column":0},"end":{"line":1,"column":null}},{"start":{"line":1,"column":0},"end":{"line":1,"column":null}}]},"9":{"loc":{"start":{"line":1,"column":0},"end":{"line":1,"column":null}},"type":"switch","locations":[{"start":{"line":1,"column":0},"end":{"line":1,"column":null}},{"start":{"line":1,"column":0},"end":{"line":1,"column":null}},{"start":{"line":1,"column":0},"end":{"line":1,"column":null}},{"start":{"line":1,"column":0},"end":{"line":1,"column":null}},{"start":{"line":1,"column":0},"end":{"line":1,"column":null}},{"start":{"line":1,"column":0},"end":{"line":1,"column":null}},{"start":{"line":1,"column":0},"end":{"line":1,"column":null}}]},"10":{"loc":{"start":{"line":1,"column":0},"end":{"line":1,"column":null}},"type":"switch","locations":[{"start":{"line":1,"column":0},"end":{"line":1,"column":null}},{"start":{"line":1,"column":0},"end":{"line":1,"column":null}},{"start":{"line":1,"column":0},"end":{"line":1,"column":null}},{"start":{"line":1,"column":0},"end":{"line":1,"column":null}},{"start":{"line":1,"column":0},"end":{"line":1,"column":null}},{"start":{"line":1,"column":0},"end":{"line":1,"column":null}},{"start":{"line":1,"column":0},"end":{"line":1,"column":null}},{"start":{"line":1,"column":0},"end":{"line":1,"column":null}},{"start":{"line":1,"column":0},"end":{"line":1,"column":null}},{"start":{"line":1,"column":0},"end":{"line":1,"column":null}},{"start":{"line":1,"column":0},"end":{"line":1,"column":null}},{"start":{"line":1,"column":0},"end":{"line":1,"column":null}},{"start":{"line":1,"column":0},"end":{"line":1,"column":null}},{"start":{"line":1,"column":0},"end":{"line":1,"column":null}},{"start":{"line":1,"column":0},"end":{"line":1,"column":null}},{"start":{"line":1,"column":0},"end":{"line":1,"column":null}},{"start":{"line":1,"column":0},"end":{"line":1,"column":null}},{"start":{"line":1,"column":0},"end":{"line":1,"column":null}},{"start":{"line":1,"column":0},"end":{"line":1,"column":null}},{"start":{"line":1,"column":0},"end":{"line":1,"column":null}},{"start":{"line":1,"column":0},"end":{"line":1,"column":null}}]},"11":{"loc":{"start":{"line":1,"column":0},"end":{"line":1,"column":null}},"type":"switch","locations":[{"start":{"line":1,"column":0},"end":{"line":1,"column":null}},{"start":{"line":1,"column":0},"end":{"line":1,"column":null}},{"start":{"line":1,"column":0},"end":{"line":1,"column":null}},{"start":{"line":1,"column":0},"end":{"line":1,"column":null}},{"start":{"line":1,"column":0},"end":{"line":1,"column":null}},{"start":{"line":1,"column":0},"end":{"line":1,"column":null}},{"start":{"line":1,"column":0},"end":{"line":1,"column":null}},{"start":{"line":1,"column":0},"end":{"line":1,"column":null}},{"start":{"line":1,"column":0},"end":{"line":1,"column":null}},{"start":{"line":1,"column":0},"end":{"line":1,"column":null}},{"start":{"line":1,"column":0},"end":{"line":1,"column":null}}]},"12":{"loc":{"start":{"line":1,"column":0},"end":{"line":1,"column":null}},"type":"switch","locations":[{"start":{"line":1,"column":0},"end":{"line":1,"column":null}},{"start":{"line":1,"column":0},"end":{"line":1,"column":null}},{"start":{"line":1,"column":0},"end":{"line":1,"column":null}},{"start":{"line":1,"column":0},"end":{"line":1,"column":null}},{"start":{"line":1,"column":0},"end":{"line":1,"column":null}},{"start":{"line":1,"column":0},"end":{"line":1,"column":null}},{"start":{"line":1,"column":0},"end":{"line":1,"column":null}},{"start":{"line":1,"column":0},"end":{"line":1,"column":null}},{"start":{"line":1,"column":0},"end":{"line":1,"column":null}},{"start":{"line":1,"column":0},"end":{"line":1,"column":null}},{"start":{"line":1,"column":0},"end":{"line":1,"column":null}},{"start":{"line":1,"column":0},"end":{"line":1,"column":null}},{"start":{"line":1,"column":0},"end":{"line":1,"column":null}},{"start":{"line":1,"column":0},"end":{"line":1,"column":null}},{"start":{"line":1,"column":0},"end":{"line":1,"column":null}}]},"13":{"loc":{"start":{"line":30560,"column":0},"end":{"line":30560,"column":null}},"type":"binary-expr","locations":[{"start":{"line":30560,"column":0},"end":{"line":30560,"column":null}},{"start":{"line":30560,"column":0},"end":{"line":30560,"column":null}},{"start":{"line":30560,"column":0},"end":{"line":30560,"column":null}}]},"14":{"loc":{"start":{"line":30560,"column":0},"end":{"line":30560,"column":null}},"type":"cond-expr","locations":[{"start":{"line":30560,"column":0},"end":{"line":30560,"column":null}},{"start":{"line":30560,"column":0},"end":{"line":30560,"column":null}}]},"15":{"loc":{"start":{"line":30560,"column":0},"end":{"line":30560,"column":null}},"type":"switch","locations":[{"start":{"line":30560,"column":0},"end":{"line":30560,"column":null}},{"start":{"line":30560,"column":0},"end":{"line":30560,"column":null}},{"start":{"line":30560,"column":0},"end":{"line":30560,"column":null}},{"start":{"line":30560,"column":0},"end":{"line":30560,"column":null}},{"start":{"line":30560,"column":0},"end":{"line":30560,"column":null}},{"start":{"line":30560,"column":0},"end":{"line":30560,"column":null}},{"start":{"line":30560,"column":0},"end":{"line":30560,"column":null}},{"start":{"line":30560,"column":0},"end":{"line":30560,"column":null}},{"start":{"line":30560,"column":0},"end":{"line":30560,"column":null}},{"start":{"line":30560,"column":0},"end":{"line":30560,"column":null}},{"start":{"line":30560,"column":0},"end":{"line":30560,"column":null}}]},"16":{"loc":{"start":{"line":30560,"column":0},"end":{"line":30560,"column":null}},"type":"binary-expr","locations":[{"start":{"line":30560,"column":0},"end":{"line":30560,"column":null}},{"start":{"line":30560,"column":0},"end":{"line":30560,"column":null}},{"start":{"line":30560,"column":0},"end":{"line":30560,"column":null}},{"start":{"line":30560,"column":0},"end":{"line":30560,"column":null}},{"start":{"line":30560,"column":0},"end":{"line":30560,"column":null}}]},"17":{"loc":{"start":{"line":30560,"column":0},"end":{"line":30560,"column":null}},"type":"binary-expr","locations":[{"start":{"line":30560,"column":0},"end":{"line":30560,"column":null}},{"start":{"line":30560,"column":0},"end":{"line":30560,"column":null}},{"start":{"line":30560,"column":0},"end":{"line":30560,"column":null}},{"start":{"line":30560,"column":0},"end":{"line":30560,"column":null}}]},"18":{"loc":{"start":{"line":30560,"column":0},"end":{"line":30560,"column":null}},"type":"binary-expr","locations":[{"start":{"line":30560,"column":0},"end":{"line":30560,"column":null}},{"start":{"line":30560,"column":0},"end":{"line":30560,"column":null}},{"start":{"line":30560,"column":0},"end":{"line":30560,"column":null}},{"start":{"line":30560,"column":0},"end":{"line":30560,"column":null}},{"start":{"line":30560,"column":0},"end":{"line":30560,"column":null}},{"start":{"line":30560,"column":0},"end":{"line":30560,"column":null}}]},"19":{"loc":{"start":{"line":30560,"column":0},"end":{"line":30560,"column":null}},"type":"binary-expr","locations":[{"start":{"line":30560,"column":0},"end":{"line":30560,"column":null}},{"start":{"line":30560,"column":0},"end":{"line":30560,"column":null}},{"start":{"line":30560,"column":0},"end":{"line":30560,"column":null}},{"start":{"line":30560,"column":0},"end":{"line":30560,"column":null}},{"start":{"line":30560,"column":0},"end":{"line":30560,"column":null}},{"start":{"line":30560,"column":0},"end":{"line":30560,"column":null}},{"start":{"line":30560,"column":0},"end":{"line":30560,"column":null}}]},"20":{"loc":{"start":{"line":30560,"column":0},"end":{"line":30560,"column":null}},"type":"switch","locations":[{"start":{"line":30560,"column":0},"end":{"line":30560,"column":null}},{"start":{"line":30560,"column":0},"end":{"line":30560,"column":null}},{"start":{"line":30560,"column":0},"end":{"line":30560,"column":null}},{"start":{"line":30560,"column":0},"end":{"line":30560,"column":null}},{"start":{"line":30560,"column":0},"end":{"line":30560,"column":null}},{"start":{"line":30560,"column":0},"end":{"line":30560,"column":null}},{"start":{"line":30560,"column":0},"end":{"line":30560,"column":null}},{"start":{"line":30560,"column":0},"end":{"line":30560,"column":null}},{"start":{"line":30560,"column":0},"end":{"line":30560,"column":null}},{"start":{"line":30560,"column":0},"end":{"line":30560,"column":null}},{"start":{"line":30560,"column":0},"end":{"line":30560,"column":null}},{"start":{"line":30560,"column":0},"end":{"line":30560,"column":null}},{"start":{"line":30560,"column":0},"end":{"line":30560,"column":null}},{"start":{"line":30560,"column":0},"end":{"line":30560,"column":null}},{"start":{"line":30560,"column":0},"end":{"line":30560,"column":null}},{"start":{"line":30560,"column":0},"end":{"line":30560,"column":null}},{"start":{"line":30560,"column":0},"end":{"line":30560,"column":null}},{"start":{"line":30560,"column":0},"end":{"line":30560,"column":null}},{"start":{"line":30560,"column":0},"end":{"line":30560,"column":null}},{"start":{"line":30560,"column":0},"end":{"line":30560,"column":null}},{"start":{"line":30560,"column":0},"end":{"line":30560,"column":null}}]},"21":{"loc":{"start":{"line":30560,"column":0},"end":{"line":30560,"column":null}},"type":"switch","locations":[{"start":{"line":30560,"column":0},"end":{"line":30560,"column":null}},{"start":{"line":30560,"column":0},"end":{"line":30560,"column":null}},{"start":{"line":30560,"column":0},"end":{"line":30560,"column":null}},{"start":{"line":30560,"column":0},"end":{"line":30560,"column":null}},{"start":{"line":30560,"column":0},"end":{"line":30560,"column":null}},{"start":{"line":30560,"column":0},"end":{"line":30560,"column":null}},{"start":{"line":30560,"column":0},"end":{"line":30560,"column":null}},{"start":{"line":30560,"column":0},"end":{"line":30560,"column":null}}]},"22":{"loc":{"start":{"line":52343,"column":0},"end":{"line":52343,"column":null}},"type":"binary-expr","locations":[{"start":{"line":52343,"column":0},"end":{"line":52343,"column":null}},{"start":{"line":52343,"column":0},"end":{"line":52343,"column":null}},{"start":{"line":52343,"column":0},"end":{"line":52343,"column":null}},{"start":{"line":52343,"column":0},"end":{"line":52343,"column":null}}]},"23":{"loc":{"start":{"line":52343,"column":0},"end":{"line":52343,"column":null}},"type":"binary-expr","locations":[{"start":{"line":52343,"column":0},"end":{"line":52343,"column":null}},{"start":{"line":52343,"column":0},"end":{"line":52343,"column":null}},{"start":{"line":52343,"column":0},"end":{"line":52343,"column":null}}]},"24":{"loc":{"start":{"line":52343,"column":0},"end":{"line":52343,"column":null}},"type":"binary-expr","locations":[{"start":{"line":52343,"column":0},"end":{"line":52343,"column":null}},{"start":{"line":52343,"column":0},"end":{"line":52343,"column":null}}]},"25":{"loc":{"start":{"line":52343,"column":0},"end":{"line":52343,"column":null}},"type":"binary-expr","locations":[{"start":{"line":52343,"column":0},"end":{"line":52343,"column":null}},{"start":{"line":52343,"column":0},"end":{"line":52343,"column":null}},{"start":{"line":52343,"column":0},"end":{"line":52343,"column":null}},{"start":{"line":52343,"column":0},"end":{"line":52343,"column":null}},{"start":{"line":52343,"column":0},"end":{"line":52343,"column":null}},{"start":{"line":52343,"column":0},"end":{"line":52343,"column":null}},{"start":{"line":52343,"column":0},"end":{"line":52343,"column":null}},{"start":{"line":52343,"column":0},"end":{"line":52343,"column":null}},{"start":{"line":52343,"column":0},"end":{"line":52343,"column":null}},{"start":{"line":52343,"column":0},"end":{"line":52343,"column":null}},{"start":{"line":52343,"column":0},"end":{"line":52343,"column":null}},{"start":{"line":52343,"column":0},"end":{"line":52343,"column":null}}]},"26":{"loc":{"start":{"line":52343,"column":0},"end":{"line":52343,"column":null}},"type":"binary-expr","locations":[{"start":{"line":52343,"column":0},"end":{"line":52343,"column":null}},{"start":{"line":52343,"column":0},"end":{"line":52343,"column":null}},{"start":{"line":52343,"column":0},"end":{"line":52343,"column":null}},{"start":{"line":52343,"column":0},"end":{"line":52343,"column":null}},{"start":{"line":52343,"column":0},"end":{"line":52343,"column":null}}]},"27":{"loc":{"start":{"line":52343,"column":0},"end":{"line":52343,"column":null}},"type":"binary-expr","locations":[{"start":{"line":52343,"column":0},"end":{"line":52343,"column":null}},{"start":{"line":52343,"column":0},"end":{"line":52343,"column":null}},{"start":{"line":52343,"column":0},"end":{"line":52343,"column":null}},{"start":{"line":52343,"column":0},"end":{"line":52343,"column":null}},{"start":{"line":52343,"column":0},"end":{"line":52343,"column":null}},{"start":{"line":52343,"column":0},"end":{"line":52343,"column":null}}]},"28":{"loc":{"start":{"line":52343,"column":0},"end":{"line":52343,"column":null}},"type":"switch","locations":[{"start":{"line":52343,"column":0},"end":{"line":52343,"column":null}},{"start":{"line":52343,"column":0},"end":{"line":52343,"column":null}},{"start":{"line":52343,"column":0},"end":{"line":52343,"column":null}},{"start":{"line":52343,"column":0},"end":{"line":52343,"column":null}},{"start":{"line":52343,"column":0},"end":{"line":52343,"column":null}},{"start":{"line":52343,"column":0},"end":{"line":52343,"column":null}},{"start":{"line":52343,"column":0},"end":{"line":52343,"column":null}},{"start":{"line":52343,"column":0},"end":{"line":52343,"column":null}},{"start":{"line":52343,"column":0},"end":{"line":52343,"column":null}}]},"29":{"loc":{"start":{"line":52343,"column":0},"end":{"line":52343,"column":null}},"type":"switch","locations":[{"start":{"line":52343,"column":0},"end":{"line":52343,"column":null}},{"start":{"line":52343,"column":0},"end":{"line":52343,"column":null}},{"start":{"line":52343,"column":0},"end":{"line":52343,"column":null}},{"start":{"line":52343,"column":0},"end":{"line":52343,"column":null}},{"start":{"line":52343,"column":0},"end":{"line":52343,"column":null}},{"start":{"line":52343,"column":0},"end":{"line":52343,"column":null}},{"start":{"line":52343,"column":0},"end":{"line":52343,"column":null}},{"start":{"line":52343,"column":0},"end":{"line":52343,"column":null}},{"start":{"line":52343,"column":0},"end":{"line":52343,"column":null}},{"start":{"line":52343,"column":0},"end":{"line":52343,"column":null}}]},"30":{"loc":{"start":{"line":52343,"column":0},"end":{"line":52343,"column":null}},"type":"switch","locations":[{"start":{"line":52343,"column":0},"end":{"line":52343,"column":null}},{"start":{"line":52343,"column":0},"end":{"line":52343,"column":null}},{"start":{"line":52343,"column":0},"end":{"line":52343,"column":null}},{"start":{"line":52343,"column":0},"end":{"line":52343,"column":null}},{"start":{"line":52343,"column":0},"end":{"line":52343,"column":null}},{"start":{"line":52343,"column":0},"end":{"line":52343,"column":null}},{"start":{"line":52343,"column":0},"end":{"line":52343,"column":null}}]},"31":{"loc":{"start":{"line":52343,"column":0},"end":{"line":52343,"column":null}},"type":"binary-expr","locations":[{"start":{"line":52343,"column":0},"end":{"line":52343,"column":null}},{"start":{"line":52343,"column":0},"end":{"line":52343,"column":null}},{"start":{"line":52343,"column":0},"end":{"line":52343,"column":null}},{"start":{"line":52343,"column":0},"end":{"line":52343,"column":null}},{"start":{"line":52343,"column":0},"end":{"line":52343,"column":null}},{"start":{"line":52343,"column":0},"end":{"line":52343,"column":null}},{"start":{"line":52343,"column":0},"end":{"line":52343,"column":null}},{"start":{"line":52343,"column":0},"end":{"line":52343,"column":null}},{"start":{"line":52343,"column":0},"end":{"line":52343,"column":null}},{"start":{"line":52343,"column":0},"end":{"line":52343,"column":null}},{"start":{"line":52343,"column":0},"end":{"line":52343,"column":null}},{"start":{"line":52343,"column":0},"end":{"line":52343,"column":null}},{"start":{"line":52343,"column":0},"end":{"line":52343,"column":null}},{"start":{"line":52343,"column":0},"end":{"line":52343,"column":null}},{"start":{"line":52343,"column":0},"end":{"line":52343,"column":null}},{"start":{"line":52343,"column":0},"end":{"line":52343,"column":null}},{"start":{"line":52343,"column":0},"end":{"line":52343,"column":null}},{"start":{"line":52343,"column":0},"end":{"line":52343,"column":null}},{"start":{"line":52343,"column":0},"end":{"line":52343,"column":null}},{"start":{"line":52343,"column":0},"end":{"line":52343,"column":null}},{"start":{"line":52343,"column":0},"end":{"line":52343,"column":null}},{"start":{"line":52343,"column":0},"end":{"line":52343,"column":null}},{"start":{"line":52343,"column":0},"end":{"line":52343,"column":null}}]},"32":{"loc":{"start":{"line":52343,"column":0},"end":{"line":52343,"column":null}},"type":"switch","locations":[{"start":{"line":52343,"column":0},"end":{"line":52343,"column":null}},{"start":{"line":52343,"column":0},"end":{"line":52343,"column":null}},{"start":{"line":52343,"column":0},"end":{"line":52343,"column":null}},{"start":{"line":52343,"column":0},"end":{"line":52343,"column":null}},{"start":{"line":52343,"column":0},"end":{"line":52343,"column":null}},{"start":{"line":52343,"column":0},"end":{"line":52343,"column":null}},{"start":{"line":52343,"column":0},"end":{"line":52343,"column":null}},{"start":{"line":52343,"column":0},"end":{"line":52343,"column":null}}]},"33":{"loc":{"start":{"line":60000,"column":0},"end":{"line":60000,"column":null}},"type":"if","locations":[{"start":{"line":60000,"column":0},"end":{"line":60000,"column":null}},{"start":{"line":60000,"column":0},"end":{"line":60000,"column":null}}]},"34":{"loc":{"start":{"line":60000,"column":0},"end":{"line":60000,"column":null}},"type":"binary-expr","locations":[{"start":{"line":60000,"column":0},"end":{"line":60000,"column":null}},{"start":{"line":60000,"column":0},"end":{"line":60000,"column":null}},{"start":{"line":60000,"column":0},"end":{"line":60000,"column":null}},{"start":{"line":60000,"column":0},"end":{"line":60000,"column":null}}]},"35":{"loc":{"start":{"line":60190,"column":0},"end":{"line":60190,"column":null}},"type":"binary-expr","locations":[{"start":{"line":60190,"column":0},"end":{"line":60190,"column":null}},{"start":{"line":60190,"column":0},"end":{"line":60190,"column":null}}]},"36":{"loc":{"start":{"line":60190,"column":0},"end":{"line":60190,"column":null}},"type":"binary-expr","locations":[{"start":{"line":60190,"column":0},"end":{"line":60190,"column":null}},{"start":{"line":60190,"column":0},"end":{"line":60190,"column":null}},{"start":{"line":60190,"column":0},"end":{"line":60190,"column":null}},{"start":{"line":60190,"column":0},"end":{"line":60190,"column":null}}]},"37":{"loc":{"start":{"line":60190,"column":0},"end":{"line":60190,"column":null}},"type":"binary-expr","locations":[{"start":{"line":60190,"column":0},"end":{"line":60190,"column":null}},{"start":{"line":60190,"column":0},"end":{"line":60190,"column":null}},{"start":{"line":60190,"column":0},"end":{"line":60190,"column":null}}]},"38":{"loc":{"start":{"line":60190,"column":0},"end":{"line":60190,"column":null}},"type":"switch","locations":[{"start":{"line":60190,"column":0},"end":{"line":60190,"column":null}},{"start":{"line":60190,"column":0},"end":{"line":60190,"column":null}},{"start":{"line":60190,"column":0},"end":{"line":60190,"column":null}},{"start":{"line":60190,"column":0},"end":{"line":60190,"column":null}},{"start":{"line":60190,"column":0},"end":{"line":60190,"column":null}}]},"39":{"loc":{"start":{"line":60190,"column":0},"end":{"line":60190,"column":null}},"type":"switch","locations":[{"start":{"line":60190,"column":0},"end":{"line":60190,"column":null}},{"start":{"line":60190,"column":0},"end":{"line":60190,"column":null}},{"start":{"line":60190,"column":0},"end":{"line":60190,"column":null}},{"start":{"line":60190,"column":0},"end":{"line":60190,"column":null}},{"start":{"line":60190,"column":0},"end":{"line":60190,"column":null}},{"start":{"line":60190,"column":0},"end":{"line":60190,"column":null}},{"start":{"line":60190,"column":0},"end":{"line":60190,"column":null}},{"start":{"line":60190,"column":0},"end":{"line":60190,"column":null}},{"start":{"line":60190,"column":0},"end":{"line":60190,"column":null}},{"start":{"line":60190,"column":0},"end":{"line":60190,"column":null}},{"start":{"line":60190,"column":0},"end":{"line":60190,"column":null}},{"start":{"line":60190,"column":0},"end":{"line":60190,"column":null}},{"start":{"line":60190,"column":0},"end":{"line":60190,"column":null}}]},"40":{"loc":{"start":{"line":60190,"column":0},"end":{"line":60190,"column":null}},"type":"binary-expr","locations":[{"start":{"line":60190,"column":0},"end":{"line":60190,"column":null}},{"start":{"line":60190,"column":0},"end":{"line":60190,"column":null}},{"start":{"line":60190,"column":0},"end":{"line":60190,"column":null}},{"start":{"line":60190,"column":0},"end":{"line":60190,"column":null}},{"start":{"line":60190,"column":0},"end":{"line":60190,"column":null}},{"start":{"line":60190,"column":0},"end":{"line":60190,"column":null}},{"start":{"line":60190,"column":0},"end":{"line":60190,"column":null}},{"start":{"line":60190,"column":0},"end":{"line":60190,"column":null}},{"start":{"line":60190,"column":0},"end":{"line":60190,"column":null}},{"start":{"line":60190,"column":0},"end":{"line":60190,"column":null}},{"start":{"line":60190,"column":0},"end":{"line":60190,"column":null}},{"start":{"line":60190,"column":0},"end":{"line":60190,"column":null}},{"start":{"line":60190,"column":0},"end":{"line":60190,"column":null}},{"start":{"line":60190,"column":0},"end":{"line":60190,"column":null}},{"start":{"line":60190,"column":0},"end":{"line":60190,"column":null}},{"start":{"line":60190,"column":0},"end":{"line":60190,"column":null}}]},"41":{"loc":{"start":{"line":60190,"column":0},"end":{"line":60190,"column":null}},"type":"switch","locations":[{"start":{"line":60190,"column":0},"end":{"line":60190,"column":null}},{"start":{"line":60190,"column":0},"end":{"line":60190,"column":null}},{"start":{"line":60190,"column":0},"end":{"line":60190,"column":null}},{"start":{"line":60190,"column":0},"end":{"line":60190,"column":null}},{"start":{"line":60190,"column":0},"end":{"line":60190,"column":null}},{"start":{"line":60190,"column":0},"end":{"line":60190,"column":null}},{"start":{"line":60190,"column":0},"end":{"line":60190,"column":null}},{"start":{"line":60190,"column":0},"end":{"line":60190,"column":null}},{"start":{"line":60190,"column":0},"end":{"line":60190,"column":null}},{"start":{"line":60190,"column":0},"end":{"line":60190,"column":null}},{"start":{"line":60190,"column":0},"end":{"line":60190,"column":null}},{"start":{"line":60190,"column":0},"end":{"line":60190,"column":null}},{"start":{"line":60190,"column":0},"end":{"line":60190,"column":null}},{"start":{"line":60190,"column":0},"end":{"line":60190,"column":null}},{"start":{"line":60190,"column":0},"end":{"line":60190,"column":null}},{"start":{"line":60190,"column":0},"end":{"line":60190,"column":null}},{"start":{"line":60190,"column":0},"end":{"line":60190,"column":null}},{"start":{"line":60190,"column":0},"end":{"line":60190,"column":null}},{"start":{"line":60190,"column":0},"end":{"line":60190,"column":null}},{"start":{"line":60190,"column":0},"end":{"line":60190,"column":null}},{"start":{"line":60190,"column":0},"end":{"line":60190,"column":null}},{"start":{"line":60190,"column":0},"end":{"line":60190,"column":null}},{"start":{"line":60190,"column":0},"end":{"line":60190,"column":null}},{"start":{"line":60190,"column":0},"end":{"line":60190,"column":null}},{"start":{"line":60190,"column":0},"end":{"line":60190,"column":null}},{"start":{"line":60190,"column":0},"end":{"line":60190,"column":null}},{"start":{"line":60190,"column":0},"end":{"line":60190,"column":null}},{"start":{"line":60190,"column":0},"end":{"line":60190,"column":null}},{"start":{"line":60190,"column":0},"end":{"line":60190,"column":null}},{"start":{"line":60190,"column":0},"end":{"line":60190,"column":null}},{"start":{"line":60190,"column":0},"end":{"line":60190,"column":null}},{"start":{"line":60190,"column":0},"end":{"line":60190,"column":null}}]},"42":{"loc":{"start":{"line":60190,"column":0},"end":{"line":60190,"column":null}},"type":"switch","locations":[{"start":{"line":60190,"column":0},"end":{"line":60190,"column":null}},{"start":{"line":60190,"column":0},"end":{"line":60190,"column":null}},{"start":{"line":60190,"column":0},"end":{"line":60190,"column":null}},{"start":{"line":60190,"column":0},"end":{"line":60190,"column":null}},{"start":{"line":60190,"column":0},"end":{"line":60190,"column":null}},{"start":{"line":60190,"column":0},"end":{"line":60190,"column":null}}]},"43":{"loc":{"start":{"line":60190,"column":0},"end":{"line":60190,"column":null}},"type":"binary-expr","locations":[{"start":{"line":60190,"column":0},"end":{"line":60190,"column":null}},{"start":{"line":60190,"column":0},"end":{"line":60190,"column":null}},{"start":{"line":60190,"column":0},"end":{"line":60190,"column":null}},{"start":{"line":60190,"column":0},"end":{"line":60190,"column":null}},{"start":{"line":60190,"column":0},"end":{"line":60190,"column":null}},{"start":{"line":60190,"column":0},"end":{"line":60190,"column":null}},{"start":{"line":60190,"column":0},"end":{"line":60190,"column":null}}]},"44":{"loc":{"start":{"line":60190,"column":0},"end":{"line":60190,"column":null}},"type":"default-arg","locations":[{"start":{"line":60190,"column":0},"end":{"line":60190,"column":null}}]}},"s":{"0":11,"1":516067,"2":110413,"3":162989,"4":142648,"5":33671},"f":{"0":223940,"1":31093,"2":22032,"3":23782,"4":17295},"b":{"0":[211283,164683],"1":[21623,13517,7994],"2":[4417,3356,1785,747],"3":[7456,7417,7417,24,65],"4":[110,46,49,309,3,2,2,0,38],"5":[44,44,44,11,11,11,44,11],"6":[545],"7":[110,109,47,76,44,77],"8":[260,5,27,28,27,27,260,260,257,250,26,22,258],"9":[266,265,265,265,265,242,24],"10":[0,0,0,0,0,0,0,0,0,0,0,0,0,0,0,0,0,0,0,0,0],"11":[1,1,1,0,0,0,0,0,0,0,0],"12":[49,23,23,23,23,0,23,0,23,23,23,23,23,0,49],"13":[4376,2257,1627],"14":[19670,25218],"15":[0,0,0,0,0,0,0,0,0,0,0],"16":[0,0,0,0,0],"17":[88,79,72,46],"18":[1131,161,138,47,159,45],"19":[0,0,0,0,0,0,0],"20":[0,0,0,0,0,0,0,0,0,0,0,0,0,0,0,0,0,0,0,0,0],"21":[0,0,0,0,0,0,0,0],"22":[298,232,199,44],"23":[1472,996,220],"24":[69424,50999],"25":[22,22,22,22,22,22,22,22,22,22,0,0],"26":[33,11,22,11,11],"27":[11,11,11,0,0,0],"28":[0,0,0,0,0,0,0,0,0],"29":[0,0,0,0,0,0,0,0,0,0],"30":[0,0,0,0,0,0,0],"31":[0,0,0,0,0,0,0,0,0,0,0,0,0,0,0,0,0,0,0,0,0,0,0],"32":[0,0,0,0,0,0,0,0],"33":[34661,36641],"34":[385,319,198,121],"35":[12758,11017],"36":[111,399,22,22],"37":[1454,895,448],"38":[12,12,11,11,1],"39":[0,0,0,0,0,0,0,0,0,0,0,0,0],"40":[0,0,0,0,0,0,0,0,0,0,0,0,0,0,0,0],"41":[0,0,0,0,0,0,0,0,0,0,0,0,0,0,0,0,0,0,0,0,0,0,0,0,0,0,0,0,0,0,0,0],"42":[0,0,0,0,0,0],"43":[0,0,0,0,0,0,0],"44":[0]}}
,"/home/august/Documents/Code/metasolutions/entrystore.js/tests-jest/config.js": {"path":"/home/august/Documents/Code/metasolutions/entrystore.js/tests-jest/config.js","statementMap":{"0":{"start":{"line":1,"column":0},"end":{"line":25,"column":2}}},"fnMap":{},"branchMap":{},"s":{"0":10},"f":{},"b":{},"_coverageSchema":"1a1c01bbd47fc00a2c39e90264f33305004495a9","hash":"abf16c91fd02eb29b3dcd1fc85104c99bd558a81"}
}
