TN:
SF:dist/webpack:/EntryStore/entrystore.node.js
FN:1,(anonymous_0)
FN:30560,(anonymous_2535)
FN:52343,(anonymous_4335)
FN:60000,l
FN:60190,(anonymous_4860)
FNF:5
FNH:5
FNDA:223940,(anonymous_0)
FNDA:31093,(anonymous_2535)
FNDA:22032,(anonymous_4335)
FNDA:23782,l
FNDA:17295,(anonymous_4860)
DA:1,516067
DA:30560,110413
DA:52343,162989
DA:60000,142648
DA:60190,33671
LF:5
LH:5
BRDA:1,0,0,211283
BRDA:1,0,1,164683
BRDA:1,1,0,21623
BRDA:1,1,1,13517
BRDA:1,1,2,7994
BRDA:1,2,0,4417
BRDA:1,2,1,3356
BRDA:1,2,2,1785
BRDA:1,2,3,747
BRDA:1,3,0,7456
BRDA:1,3,1,7417
BRDA:1,3,2,7417
BRDA:1,3,3,24
BRDA:1,3,4,65
BRDA:1,4,0,110
BRDA:1,4,1,46
BRDA:1,4,2,49
BRDA:1,4,3,309
BRDA:1,4,4,3
BRDA:1,4,5,2
BRDA:1,4,6,2
BRDA:1,4,7,0
BRDA:1,4,8,38
BRDA:1,5,0,44
BRDA:1,5,1,44
BRDA:1,5,2,44
BRDA:1,5,3,11
BRDA:1,5,4,11
BRDA:1,5,5,11
BRDA:1,5,6,44
BRDA:1,5,7,11
BRDA:1,6,0,545
BRDA:1,7,0,110
BRDA:1,7,1,109
BRDA:1,7,2,47
BRDA:1,7,3,76
BRDA:1,7,4,44
BRDA:1,7,5,77
BRDA:1,8,0,260
BRDA:1,8,1,5
BRDA:1,8,2,27
BRDA:1,8,3,28
BRDA:1,8,4,27
BRDA:1,8,5,27
BRDA:1,8,6,260
BRDA:1,8,7,260
BRDA:1,8,8,257
BRDA:1,8,9,250
BRDA:1,8,10,26
BRDA:1,8,11,22
BRDA:1,8,12,258
BRDA:1,9,0,266
BRDA:1,9,1,265
BRDA:1,9,2,265
BRDA:1,9,3,265
BRDA:1,9,4,265
BRDA:1,9,5,242
BRDA:1,9,6,24
BRDA:1,10,0,0
BRDA:1,10,1,0
BRDA:1,10,2,0
BRDA:1,10,3,0
BRDA:1,10,4,0
BRDA:1,10,5,0
BRDA:1,10,6,0
BRDA:1,10,7,0
BRDA:1,10,8,0
BRDA:1,10,9,0
BRDA:1,10,10,0
BRDA:1,10,11,0
BRDA:1,10,12,0
BRDA:1,10,13,0
BRDA:1,10,14,0
BRDA:1,10,15,0
BRDA:1,10,16,0
BRDA:1,10,17,0
BRDA:1,10,18,0
BRDA:1,10,19,0
BRDA:1,10,20,0
BRDA:1,11,0,1
BRDA:1,11,1,1
BRDA:1,11,2,1
BRDA:1,11,3,0
BRDA:1,11,4,0
BRDA:1,11,5,0
BRDA:1,11,6,0
BRDA:1,11,7,0
BRDA:1,11,8,0
BRDA:1,11,9,0
BRDA:1,11,10,0
BRDA:1,12,0,49
BRDA:1,12,1,23
BRDA:1,12,2,23
BRDA:1,12,3,23
BRDA:1,12,4,23
BRDA:1,12,5,0
BRDA:1,12,6,23
BRDA:1,12,7,0
BRDA:1,12,8,23
BRDA:1,12,9,23
BRDA:1,12,10,23
BRDA:1,12,11,23
BRDA:1,12,12,23
BRDA:1,12,13,0
BRDA:1,12,14,49
BRDA:30560,13,0,4376
BRDA:30560,13,1,2257
BRDA:30560,13,2,1627
BRDA:30560,14,0,19670
BRDA:30560,14,1,25218
BRDA:30560,15,0,0
BRDA:30560,15,1,0
BRDA:30560,15,2,0
BRDA:30560,15,3,0
BRDA:30560,15,4,0
BRDA:30560,15,5,0
BRDA:30560,15,6,0
BRDA:30560,15,7,0
BRDA:30560,15,8,0
BRDA:30560,15,9,0
BRDA:30560,15,10,0
BRDA:30560,16,0,0
BRDA:30560,16,1,0
BRDA:30560,16,2,0
BRDA:30560,16,3,0
BRDA:30560,16,4,0
BRDA:30560,17,0,88
BRDA:30560,17,1,79
BRDA:30560,17,2,72
BRDA:30560,17,3,46
BRDA:30560,18,0,1131
BRDA:30560,18,1,161
BRDA:30560,18,2,138
BRDA:30560,18,3,47
BRDA:30560,18,4,159
BRDA:30560,18,5,45
BRDA:30560,19,0,0
BRDA:30560,19,1,0
BRDA:30560,19,2,0
BRDA:30560,19,3,0
BRDA:30560,19,4,0
BRDA:30560,19,5,0
BRDA:30560,19,6,0
BRDA:30560,20,0,0
BRDA:30560,20,1,0
BRDA:30560,20,2,0
BRDA:30560,20,3,0
BRDA:30560,20,4,0
BRDA:30560,20,5,0
BRDA:30560,20,6,0
BRDA:30560,20,7,0
BRDA:30560,20,8,0
BRDA:30560,20,9,0
BRDA:30560,20,10,0
BRDA:30560,20,11,0
BRDA:30560,20,12,0
BRDA:30560,20,13,0
BRDA:30560,20,14,0
BRDA:30560,20,15,0
BRDA:30560,20,16,0
BRDA:30560,20,17,0
BRDA:30560,20,18,0
BRDA:30560,20,19,0
BRDA:30560,20,20,0
BRDA:30560,21,0,0
BRDA:30560,21,1,0
BRDA:30560,21,2,0
BRDA:30560,21,3,0
BRDA:30560,21,4,0
BRDA:30560,21,5,0
BRDA:30560,21,6,0
BRDA:30560,21,7,0
BRDA:52343,22,0,298
BRDA:52343,22,1,232
BRDA:52343,22,2,199
BRDA:52343,22,3,44
BRDA:52343,23,0,1472
BRDA:52343,23,1,996
BRDA:52343,23,2,220
BRDA:52343,24,0,69424
BRDA:52343,24,1,50999
BRDA:52343,25,0,22
BRDA:52343,25,1,22
BRDA:52343,25,2,22
BRDA:52343,25,3,22
BRDA:52343,25,4,22
BRDA:52343,25,5,22
BRDA:52343,25,6,22
BRDA:52343,25,7,22
BRDA:52343,25,8,22
BRDA:52343,25,9,22
BRDA:52343,25,10,0
BRDA:52343,25,11,0
BRDA:52343,26,0,33
BRDA:52343,26,1,11
BRDA:52343,26,2,22
BRDA:52343,26,3,11
BRDA:52343,26,4,11
BRDA:52343,27,0,11
BRDA:52343,27,1,11
BRDA:52343,27,2,11
BRDA:52343,27,3,0
BRDA:52343,27,4,0
BRDA:52343,27,5,0
BRDA:52343,28,0,0
BRDA:52343,28,1,0
BRDA:52343,28,2,0
BRDA:52343,28,3,0
BRDA:52343,28,4,0
BRDA:52343,28,5,0
BRDA:52343,28,6,0
BRDA:52343,28,7,0
BRDA:52343,28,8,0
BRDA:52343,29,0,0
BRDA:52343,29,1,0
BRDA:52343,29,2,0
BRDA:52343,29,3,0
BRDA:52343,29,4,0
BRDA:52343,29,5,0
BRDA:52343,29,6,0
BRDA:52343,29,7,0
BRDA:52343,29,8,0
BRDA:52343,29,9,0
BRDA:52343,30,0,0
BRDA:52343,30,1,0
BRDA:52343,30,2,0
BRDA:52343,30,3,0
BRDA:52343,30,4,0
BRDA:52343,30,5,0
BRDA:52343,30,6,0
BRDA:52343,31,0,0
BRDA:52343,31,1,0
BRDA:52343,31,2,0
BRDA:52343,31,3,0
BRDA:52343,31,4,0
BRDA:52343,31,5,0
BRDA:52343,31,6,0
BRDA:52343,31,7,0
BRDA:52343,31,8,0
BRDA:52343,31,9,0
BRDA:52343,31,10,0
BRDA:52343,31,11,0
BRDA:52343,31,12,0
BRDA:52343,31,13,0
BRDA:52343,31,14,0
BRDA:52343,31,15,0
BRDA:52343,31,16,0
BRDA:52343,31,17,0
BRDA:52343,31,18,0
BRDA:52343,31,19,0
BRDA:52343,31,20,0
BRDA:52343,31,21,0
BRDA:52343,31,22,0
BRDA:52343,32,0,0
BRDA:52343,32,1,0
BRDA:52343,32,2,0
BRDA:52343,32,3,0
BRDA:52343,32,4,0
BRDA:52343,32,5,0
BRDA:52343,32,6,0
BRDA:52343,32,7,0
BRDA:60000,33,0,34661
BRDA:60000,33,1,36641
BRDA:60000,34,0,385
BRDA:60000,34,1,319
BRDA:60000,34,2,198
BRDA:60000,34,3,121
BRDA:60190,35,0,12758
BRDA:60190,35,1,11017
BRDA:60190,36,0,111
BRDA:60190,36,1,399
BRDA:60190,36,2,22
BRDA:60190,36,3,22
BRDA:60190,37,0,1454
BRDA:60190,37,1,895
BRDA:60190,37,2,448
BRDA:60190,38,0,12
BRDA:60190,38,1,12
BRDA:60190,38,2,11
BRDA:60190,38,3,11
BRDA:60190,38,4,1
BRDA:60190,39,0,0
BRDA:60190,39,1,0
BRDA:60190,39,2,0
BRDA:60190,39,3,0
BRDA:60190,39,4,0
BRDA:60190,39,5,0
BRDA:60190,39,6,0
BRDA:60190,39,7,0
BRDA:60190,39,8,0
BRDA:60190,39,9,0
BRDA:60190,39,10,0
BRDA:60190,39,11,0
BRDA:60190,39,12,0
BRDA:60190,40,0,0
BRDA:60190,40,1,0
BRDA:60190,40,2,0
BRDA:60190,40,3,0
BRDA:60190,40,4,0
BRDA:60190,40,5,0
BRDA:60190,40,6,0
BRDA:60190,40,7,0
BRDA:60190,40,8,0
BRDA:60190,40,9,0
BRDA:60190,40,10,0
BRDA:60190,40,11,0
BRDA:60190,40,12,0
BRDA:60190,40,13,0
BRDA:60190,40,14,0
BRDA:60190,40,15,0
BRDA:60190,41,0,0
BRDA:60190,41,1,0
BRDA:60190,41,2,0
BRDA:60190,41,3,0
BRDA:60190,41,4,0
BRDA:60190,41,5,0
BRDA:60190,41,6,0
BRDA:60190,41,7,0
BRDA:60190,41,8,0
BRDA:60190,41,9,0
BRDA:60190,41,10,0
BRDA:60190,41,11,0
BRDA:60190,41,12,0
BRDA:60190,41,13,0
BRDA:60190,41,14,0
BRDA:60190,41,15,0
BRDA:60190,41,16,0
BRDA:60190,41,17,0
BRDA:60190,41,18,0
BRDA:60190,41,19,0
BRDA:60190,41,20,0
BRDA:60190,41,21,0
BRDA:60190,41,22,0
BRDA:60190,41,23,0
BRDA:60190,41,24,0
BRDA:60190,41,25,0
BRDA:60190,41,26,0
BRDA:60190,41,27,0
BRDA:60190,41,28,0
BRDA:60190,41,29,0
BRDA:60190,41,30,0
BRDA:60190,41,31,0
BRDA:60190,42,0,0
BRDA:60190,42,1,0
BRDA:60190,42,2,0
BRDA:60190,42,3,0
BRDA:60190,42,4,0
BRDA:60190,42,5,0
BRDA:60190,43,0,0
BRDA:60190,43,1,0
BRDA:60190,43,2,0
BRDA:60190,43,3,0
BRDA:60190,43,4,0
BRDA:60190,43,5,0
BRDA:60190,43,6,0
BRDA:60190,44,0,0
BRF:356
BRH:134
end_of_record
TN:
SF:tests-jest/config.js
FNF:0
FNH:0
DA:1,10
LF:1
LH:1
BRF:0
BRH:0
end_of_record
