<?xml version="1.0" encoding="UTF-8"?>
<coverage generated="1634286508815" clover="3.2.0">
  <project timestamp="1634286508815" name="All files">
    <metrics statements="5" coveredstatements="5" conditionals="356" coveredconditionals="134" methods="5" coveredmethods="5" elements="366" coveredelements="144" complexity="0" loc="5" ncloc="5" packages="1" files="1" classes="1"/>
    <file name="entrystore.node.js" path="/home/august/Documents/Code/metasolutions/entrystore.js/dist/webpack:/EntryStore/entrystore.node.js">
      <metrics statements="5" coveredstatements="5" conditionals="356" coveredconditionals="134" methods="5" coveredmethods="5"/>
      <line num="1" count="532813" type="cond" truecount="72" falsecount="33"/>
      <line num="30560" count="113400" type="cond" truecount="15" falsecount="52"/>
      <line num="52343" count="163471" type="cond" truecount="27" falsecount="62"/>
      <line num="60000" count="142648" type="cond" truecount="6" falsecount="0"/>
      <line num="60190" count="35214" type="cond" truecount="14" falsecount="75"/>
    </file>
  </project>
</coverage>
