{"/home/august/Documents/Code/metasolutions/entrystore.js/dist/webpack:/EntryStore/entrystore.node.js": {"path":"/home/august/Documents/Code/metasolutions/entrystore.js/dist/webpack:/EntryStore/entrystore.node.js","statementMap":{"0":{"start":{"line":1,"column":0},"end":{"line":60190,"column":null}},"1":{"start":{"line":1,"column":0},"end":{"line":1,"column":null}},"2":{"start":{"line":30560,"column":0},"end":{"line":30560,"column":null}},"3":{"start":{"line":52343,"column":0},"end":{"line":52343,"column":null}},"4":{"start":{"line":60000,"column":0},"end":{"line":60000,"column":null}},"5":{"start":{"line":60190,"column":0},"end":{"line":60190,"column":null}}},"fnMap":{"0":{"name":"(anonymous_0)","decl":{"start":{"line":1,"column":0},"end":{"line":1,"column":null}},"loc":{"start":{"line":1,"column":0},"end":{"line":1,"column":null}}},"1":{"name":"(anonymous_2535)","decl":{"start":{"line":30560,"column":0},"end":{"line":30560,"column":null}},"loc":{"start":{"line":30560,"column":0},"end":{"line":30560,"column":null}}},"2":{"name":"(anonymous_4335)","decl":{"start":{"line":52343,"column":0},"end":{"line":52343,"column":null}},"loc":{"start":{"line":52343,"column":0},"end":{"line":52343,"column":null}}},"3":{"name":"l","decl":{"start":{"line":60000,"column":0},"end":{"line":60000,"column":null}},"loc":{"start":{"line":60000,"column":0},"end":{"line":60000,"column":null}}},"4":{"name":"(anonymous_4860)","decl":{"start":{"line":60190,"column":0},"end":{"line":60190,"column":null}},"loc":{"start":{"line":60190,"column":0},"end":{"line":60190,"column":null}}}},"branchMap":{"0":{"loc":{"start":{"line":1,"column":0},"end":{"line":1,"column":null}},"type":"if","locations":[{"start":{"line":1,"column":0},"end":{"line":1,"column":null}},{"start":{"line":1,"column":0},"end":{"line":1,"column":null}}]},"1":{"loc":{"start":{"line":1,"column":0},"end":{"line":1,"column":null}},"type":"binary-expr","locations":[{"start":{"line":1,"column":0},"end":{"line":1,"column":null}},{"start":{"line":1,"column":0},"end":{"line":1,"column":null}},{"start":{"line":1,"column":0},"end":{"line":1,"column":null}}]},"2":{"loc":{"start":{"line":1,"column":0},"end":{"line":1,"column":null}},"type":"binary-expr","locations":[{"start":{"line":1,"column":0},"end":{"line":1,"column":null}},{"start":{"line":1,"column":0},"end":{"line":1,"column":null}},{"start":{"line":1,"column":0},"end":{"line":1,"column":null}},{"start":{"line":1,"column":0},"end":{"line":1,"column":null}}]},"3":{"loc":{"start":{"line":1,"column":0},"end":{"line":1,"column":null}},"type":"binary-expr","locations":[{"start":{"line":1,"column":0},"end":{"line":1,"column":null}},{"start":{"line":1,"column":0},"end":{"line":1,"column":null}},{"start":{"line":1,"column":0},"end":{"line":1,"column":null}},{"start":{"line":1,"column":0},"end":{"line":1,"column":null}},{"start":{"line":1,"column":0},"end":{"line":1,"column":null}}]},"4":{"loc":{"start":{"line":1,"column":0},"end":{"line":1,"column":null}},"type":"switch","locations":[{"start":{"line":1,"column":0},"end":{"line":1,"column":null}},{"start":{"line":1,"column":0},"end":{"line":1,"column":null}},{"start":{"line":1,"column":0},"end":{"line":1,"column":null}},{"start":{"line":1,"column":0},"end":{"line":1,"column":null}},{"start":{"line":1,"column":0},"end":{"line":1,"column":null}},{"start":{"line":1,"column":0},"end":{"line":1,"column":null}},{"start":{"line":1,"column":0},"end":{"line":1,"column":null}},{"start":{"line":1,"column":0},"end":{"line":1,"column":null}},{"start":{"line":1,"column":0},"end":{"line":1,"column":null}}]},"5":{"loc":{"start":{"line":1,"column":0},"end":{"line":1,"column":null}},"type":"binary-expr","locations":[{"start":{"line":1,"column":0},"end":{"line":1,"column":null}},{"start":{"line":1,"column":0},"end":{"line":1,"column":null}},{"start":{"line":1,"column":0},"end":{"line":1,"column":null}},{"start":{"line":1,"column":0},"end":{"line":1,"column":null}},{"start":{"line":1,"column":0},"end":{"line":1,"column":null}},{"start":{"line":1,"column":0},"end":{"line":1,"column":null}},{"start":{"line":1,"column":0},"end":{"line":1,"column":null}},{"start":{"line":1,"column":0},"end":{"line":1,"column":null}}]},"6":{"loc":{"start":{"line":1,"column":0},"end":{"line":1,"column":null}},"type":"default-arg","locations":[{"start":{"line":1,"column":0},"end":{"line":1,"column":null}}]},"7":{"loc":{"start":{"line":1,"column":0},"end":{"line":1,"column":null}},"type":"binary-expr","locations":[{"start":{"line":1,"column":0},"end":{"line":1,"column":null}},{"start":{"line":1,"column":0},"end":{"line":1,"column":null}},{"start":{"line":1,"column":0},"end":{"line":1,"column":null}},{"start":{"line":1,"column":0},"end":{"line":1,"column":null}},{"start":{"line":1,"column":0},"end":{"line":1,"column":null}},{"start":{"line":1,"column":0},"end":{"line":1,"column":null}}]},"8":{"loc":{"start":{"line":1,"column":0},"end":{"line":1,"column":null}},"type":"switch","locations":[{"start":{"line":1,"column":0},"end":{"line":1,"column":null}},{"start":{"line":1,"column":0},"end":{"line":1,"column":null}},{"start":{"line":1,"column":0},"end":{"line":1,"column":null}},{"start":{"line":1,"column":0},"end":{"line":1,"column":null}},{"start":{"line":1,"column":0},"end":{"line":1,"column":null}},{"start":{"line":1,"column":0},"end":{"line":1,"column":null}},{"start":{"line":1,"column":0},"end":{"line":1,"column":null}},{"start":{"line":1,"column":0},"end":{"line":1,"column":null}},{"start":{"line":1,"column":0},"end":{"line":1,"column":null}},{"start":{"line":1,"column":0},"end":{"line":1,"column":null}},{"start":{"line":1,"column":0},"end":{"line":1,"column":null}},{"start":{"line":1,"column":0},"end":{"line":1,"column":null}},{"start":{"line":1,"column":0},"end":{"line":1,"column":null}}]},"9":{"loc":{"start":{"line":1,"column":0},"end":{"line":1,"column":null}},"type":"switch","locations":[{"start":{"line":1,"column":0},"end":{"line":1,"column":null}},{"start":{"line":1,"column":0},"end":{"line":1,"column":null}},{"start":{"line":1,"column":0},"end":{"line":1,"column":null}},{"start":{"line":1,"column":0},"end":{"line":1,"column":null}},{"start":{"line":1,"column":0},"end":{"line":1,"column":null}},{"start":{"line":1,"column":0},"end":{"line":1,"column":null}},{"start":{"line":1,"column":0},"end":{"line":1,"column":null}}]},"10":{"loc":{"start":{"line":1,"column":0},"end":{"line":1,"column":null}},"type":"switch","locations":[{"start":{"line":1,"column":0},"end":{"line":1,"column":null}},{"start":{"line":1,"column":0},"end":{"line":1,"column":null}},{"start":{"line":1,"column":0},"end":{"line":1,"column":null}},{"start":{"line":1,"column":0},"end":{"line":1,"column":null}},{"start":{"line":1,"column":0},"end":{"line":1,"column":null}},{"start":{"line":1,"column":0},"end":{"line":1,"column":null}},{"start":{"line":1,"column":0},"end":{"line":1,"column":null}},{"start":{"line":1,"column":0},"end":{"line":1,"column":null}},{"start":{"line":1,"column":0},"end":{"line":1,"column":null}},{"start":{"line":1,"column":0},"end":{"line":1,"column":null}},{"start":{"line":1,"column":0},"end":{"line":1,"column":null}},{"start":{"line":1,"column":0},"end":{"line":1,"column":null}},{"start":{"line":1,"column":0},"end":{"line":1,"column":null}},{"start":{"line":1,"column":0},"end":{"line":1,"column":null}},{"start":{"line":1,"column":0},"end":{"line":1,"column":null}},{"start":{"line":1,"column":0},"end":{"line":1,"column":null}},{"start":{"line":1,"column":0},"end":{"line":1,"column":null}},{"start":{"line":1,"column":0},"end":{"line":1,"column":null}},{"start":{"line":1,"column":0},"end":{"line":1,"column":null}},{"start":{"line":1,"column":0},"end":{"line":1,"column":null}},{"start":{"line":1,"column":0},"end":{"line":1,"column":null}}]},"11":{"loc":{"start":{"line":1,"column":0},"end":{"line":1,"column":null}},"type":"switch","locations":[{"start":{"line":1,"column":0},"end":{"line":1,"column":null}},{"start":{"line":1,"column":0},"end":{"line":1,"column":null}},{"start":{"line":1,"column":0},"end":{"line":1,"column":null}},{"start":{"line":1,"column":0},"end":{"line":1,"column":null}},{"start":{"line":1,"column":0},"end":{"line":1,"column":null}},{"start":{"line":1,"column":0},"end":{"line":1,"column":null}},{"start":{"line":1,"column":0},"end":{"line":1,"column":null}},{"start":{"line":1,"column":0},"end":{"line":1,"column":null}},{"start":{"line":1,"column":0},"end":{"line":1,"column":null}},{"start":{"line":1,"column":0},"end":{"line":1,"column":null}},{"start":{"line":1,"column":0},"end":{"line":1,"column":null}}]},"12":{"loc":{"start":{"line":1,"column":0},"end":{"line":1,"column":null}},"type":"switch","locations":[{"start":{"line":1,"column":0},"end":{"line":1,"column":null}},{"start":{"line":1,"column":0},"end":{"line":1,"column":null}},{"start":{"line":1,"column":0},"end":{"line":1,"column":null}},{"start":{"line":1,"column":0},"end":{"line":1,"column":null}},{"start":{"line":1,"column":0},"end":{"line":1,"column":null}},{"start":{"line":1,"column":0},"end":{"line":1,"column":null}},{"start":{"line":1,"column":0},"end":{"line":1,"column":null}},{"start":{"line":1,"column":0},"end":{"line":1,"column":null}},{"start":{"line":1,"column":0},"end":{"line":1,"column":null}},{"start":{"line":1,"column":0},"end":{"line":1,"column":null}},{"start":{"line":1,"column":0},"end":{"line":1,"column":null}},{"start":{"line":1,"column":0},"end":{"line":1,"column":null}},{"start":{"line":1,"column":0},"end":{"line":1,"column":null}},{"start":{"line":1,"column":0},"end":{"line":1,"column":null}},{"start":{"line":1,"column":0},"end":{"line":1,"column":null}}]},"13":{"loc":{"start":{"line":30560,"column":0},"end":{"line":30560,"column":null}},"type":"binary-expr","locations":[{"start":{"line":30560,"column":0},"end":{"line":30560,"column":null}},{"start":{"line":30560,"column":0},"end":{"line":30560,"column":null}},{"start":{"line":30560,"column":0},"end":{"line":30560,"column":null}}]},"14":{"loc":{"start":{"line":30560,"column":0},"end":{"line":30560,"column":null}},"type":"cond-expr","locations":[{"start":{"line":30560,"column":0},"end":{"line":30560,"column":null}},{"start":{"line":30560,"column":0},"end":{"line":30560,"column":null}}]},"15":{"loc":{"start":{"line":30560,"column":0},"end":{"line":30560,"column":null}},"type":"switch","locations":[{"start":{"line":30560,"column":0},"end":{"line":30560,"column":null}},{"start":{"line":30560,"column":0},"end":{"line":30560,"column":null}},{"start":{"line":30560,"column":0},"end":{"line":30560,"column":null}},{"start":{"line":30560,"column":0},"end":{"line":30560,"column":null}},{"start":{"line":30560,"column":0},"end":{"line":30560,"column":null}},{"start":{"line":30560,"column":0},"end":{"line":30560,"column":null}},{"start":{"line":30560,"column":0},"end":{"line":30560,"column":null}},{"start":{"line":30560,"column":0},"end":{"line":30560,"column":null}},{"start":{"line":30560,"column":0},"end":{"line":30560,"column":null}},{"start":{"line":30560,"column":0},"end":{"line":30560,"column":null}},{"start":{"line":30560,"column":0},"end":{"line":30560,"column":null}}]},"16":{"loc":{"start":{"line":30560,"column":0},"end":{"line":30560,"column":null}},"type":"binary-expr","locations":[{"start":{"line":30560,"column":0},"end":{"line":30560,"column":null}},{"start":{"line":30560,"column":0},"end":{"line":30560,"column":null}},{"start":{"line":30560,"column":0},"end":{"line":30560,"column":null}},{"start":{"line":30560,"column":0},"end":{"line":30560,"column":null}},{"start":{"line":30560,"column":0},"end":{"line":30560,"column":null}}]},"17":{"loc":{"start":{"line":30560,"column":0},"end":{"line":30560,"column":null}},"type":"binary-expr","locations":[{"start":{"line":30560,"column":0},"end":{"line":30560,"column":null}},{"start":{"line":30560,"column":0},"end":{"line":30560,"column":null}},{"start":{"line":30560,"column":0},"end":{"line":30560,"column":null}},{"start":{"line":30560,"column":0},"end":{"line":30560,"column":null}}]},"18":{"loc":{"start":{"line":30560,"column":0},"end":{"line":30560,"column":null}},"type":"binary-expr","locations":[{"start":{"line":30560,"column":0},"end":{"line":30560,"column":null}},{"start":{"line":30560,"column":0},"end":{"line":30560,"column":null}},{"start":{"line":30560,"column":0},"end":{"line":30560,"column":null}},{"start":{"line":30560,"column":0},"end":{"line":30560,"column":null}},{"start":{"line":30560,"column":0},"end":{"line":30560,"column":null}},{"start":{"line":30560,"column":0},"end":{"line":30560,"column":null}}]},"19":{"loc":{"start":{"line":30560,"column":0},"end":{"line":30560,"column":null}},"type":"binary-expr","locations":[{"start":{"line":30560,"column":0},"end":{"line":30560,"column":null}},{"start":{"line":30560,"column":0},"end":{"line":30560,"column":null}},{"start":{"line":30560,"column":0},"end":{"line":30560,"column":null}},{"start":{"line":30560,"column":0},"end":{"line":30560,"column":null}},{"start":{"line":30560,"column":0},"end":{"line":30560,"column":null}},{"start":{"line":30560,"column":0},"end":{"line":30560,"column":null}},{"start":{"line":30560,"column":0},"end":{"line":30560,"column":null}}]},"20":{"loc":{"start":{"line":30560,"column":0},"end":{"line":30560,"column":null}},"type":"switch","locations":[{"start":{"line":30560,"column":0},"end":{"line":30560,"column":null}},{"start":{"line":30560,"column":0},"end":{"line":30560,"column":null}},{"start":{"line":30560,"column":0},"end":{"line":30560,"column":null}},{"start":{"line":30560,"column":0},"end":{"line":30560,"column":null}},{"start":{"line":30560,"column":0},"end":{"line":30560,"column":null}},{"start":{"line":30560,"column":0},"end":{"line":30560,"column":null}},{"start":{"line":30560,"column":0},"end":{"line":30560,"column":null}},{"start":{"line":30560,"column":0},"end":{"line":30560,"column":null}},{"start":{"line":30560,"column":0},"end":{"line":30560,"column":null}},{"start":{"line":30560,"column":0},"end":{"line":30560,"column":null}},{"start":{"line":30560,"column":0},"end":{"line":30560,"column":null}},{"start":{"line":30560,"column":0},"end":{"line":30560,"column":null}},{"start":{"line":30560,"column":0},"end":{"line":30560,"column":null}},{"start":{"line":30560,"column":0},"end":{"line":30560,"column":null}},{"start":{"line":30560,"column":0},"end":{"line":30560,"column":null}},{"start":{"line":30560,"column":0},"end":{"line":30560,"column":null}},{"start":{"line":30560,"column":0},"end":{"line":30560,"column":null}},{"start":{"line":30560,"column":0},"end":{"line":30560,"column":null}},{"start":{"line":30560,"column":0},"end":{"line":30560,"column":null}},{"start":{"line":30560,"column":0},"end":{"line":30560,"column":null}},{"start":{"line":30560,"column":0},"end":{"line":30560,"column":null}}]},"21":{"loc":{"start":{"line":30560,"column":0},"end":{"line":30560,"column":null}},"type":"switch","locations":[{"start":{"line":30560,"column":0},"end":{"line":30560,"column":null}},{"start":{"line":30560,"column":0},"end":{"line":30560,"column":null}},{"start":{"line":30560,"column":0},"end":{"line":30560,"column":null}},{"start":{"line":30560,"column":0},"end":{"line":30560,"column":null}},{"start":{"line":30560,"column":0},"end":{"line":30560,"column":null}},{"start":{"line":30560,"column":0},"end":{"line":30560,"column":null}},{"start":{"line":30560,"column":0},"end":{"line":30560,"column":null}},{"start":{"line":30560,"column":0},"end":{"line":30560,"column":null}}]},"22":{"loc":{"start":{"line":52343,"column":0},"end":{"line":52343,"column":null}},"type":"binary-expr","locations":[{"start":{"line":52343,"column":0},"end":{"line":52343,"column":null}},{"start":{"line":52343,"column":0},"end":{"line":52343,"column":null}},{"start":{"line":52343,"column":0},"end":{"line":52343,"column":null}},{"start":{"line":52343,"column":0},"end":{"line":52343,"column":null}}]},"23":{"loc":{"start":{"line":52343,"column":0},"end":{"line":52343,"column":null}},"type":"binary-expr","locations":[{"start":{"line":52343,"column":0},"end":{"line":52343,"column":null}},{"start":{"line":52343,"column":0},"end":{"line":52343,"column":null}},{"start":{"line":52343,"column":0},"end":{"line":52343,"column":null}}]},"24":{"loc":{"start":{"line":52343,"column":0},"end":{"line":52343,"column":null}},"type":"binary-expr","locations":[{"start":{"line":52343,"column":0},"end":{"line":52343,"column":null}},{"start":{"line":52343,"column":0},"end":{"line":52343,"column":null}}]},"25":{"loc":{"start":{"line":52343,"column":0},"end":{"line":52343,"column":null}},"type":"binary-expr","locations":[{"start":{"line":52343,"column":0},"end":{"line":52343,"column":null}},{"start":{"line":52343,"column":0},"end":{"line":52343,"column":null}},{"start":{"line":52343,"column":0},"end":{"line":52343,"column":null}},{"start":{"line":52343,"column":0},"end":{"line":52343,"column":null}},{"start":{"line":52343,"column":0},"end":{"line":52343,"column":null}},{"start":{"line":52343,"column":0},"end":{"line":52343,"column":null}},{"start":{"line":52343,"column":0},"end":{"line":52343,"column":null}},{"start":{"line":52343,"column":0},"end":{"line":52343,"column":null}},{"start":{"line":52343,"column":0},"end":{"line":52343,"column":null}},{"start":{"line":52343,"column":0},"end":{"line":52343,"column":null}},{"start":{"line":52343,"column":0},"end":{"line":52343,"column":null}},{"start":{"line":52343,"column":0},"end":{"line":52343,"column":null}}]},"26":{"loc":{"start":{"line":52343,"column":0},"end":{"line":52343,"column":null}},"type":"binary-expr","locations":[{"start":{"line":52343,"column":0},"end":{"line":52343,"column":null}},{"start":{"line":52343,"column":0},"end":{"line":52343,"column":null}},{"start":{"line":52343,"column":0},"end":{"line":52343,"column":null}},{"start":{"line":52343,"column":0},"end":{"line":52343,"column":null}},{"start":{"line":52343,"column":0},"end":{"line":52343,"column":null}}]},"27":{"loc":{"start":{"line":52343,"column":0},"end":{"line":52343,"column":null}},"type":"binary-expr","locations":[{"start":{"line":52343,"column":0},"end":{"line":52343,"column":null}},{"start":{"line":52343,"column":0},"end":{"line":52343,"column":null}},{"start":{"line":52343,"column":0},"end":{"line":52343,"column":null}},{"start":{"line":52343,"column":0},"end":{"line":52343,"column":null}},{"start":{"line":52343,"column":0},"end":{"line":52343,"column":null}},{"start":{"line":52343,"column":0},"end":{"line":52343,"column":null}}]},"28":{"loc":{"start":{"line":52343,"column":0},"end":{"line":52343,"column":null}},"type":"switch","locations":[{"start":{"line":52343,"column":0},"end":{"line":52343,"column":null}},{"start":{"line":52343,"column":0},"end":{"line":52343,"column":null}},{"start":{"line":52343,"column":0},"end":{"line":52343,"column":null}},{"start":{"line":52343,"column":0},"end":{"line":52343,"column":null}},{"start":{"line":52343,"column":0},"end":{"line":52343,"column":null}},{"start":{"line":52343,"column":0},"end":{"line":52343,"column":null}},{"start":{"line":52343,"column":0},"end":{"line":52343,"column":null}},{"start":{"line":52343,"column":0},"end":{"line":52343,"column":null}},{"start":{"line":52343,"column":0},"end":{"line":52343,"column":null}}]},"29":{"loc":{"start":{"line":52343,"column":0},"end":{"line":52343,"column":null}},"type":"switch","locations":[{"start":{"line":52343,"column":0},"end":{"line":52343,"column":null}},{"start":{"line":52343,"column":0},"end":{"line":52343,"column":null}},{"start":{"line":52343,"column":0},"end":{"line":52343,"column":null}},{"start":{"line":52343,"column":0},"end":{"line":52343,"column":null}},{"start":{"line":52343,"column":0},"end":{"line":52343,"column":null}},{"start":{"line":52343,"column":0},"end":{"line":52343,"column":null}},{"start":{"line":52343,"column":0},"end":{"line":52343,"column":null}},{"start":{"line":52343,"column":0},"end":{"line":52343,"column":null}},{"start":{"line":52343,"column":0},"end":{"line":52343,"column":null}},{"start":{"line":52343,"column":0},"end":{"line":52343,"column":null}}]},"30":{"loc":{"start":{"line":52343,"column":0},"end":{"line":52343,"column":null}},"type":"switch","locations":[{"start":{"line":52343,"column":0},"end":{"line":52343,"column":null}},{"start":{"line":52343,"column":0},"end":{"line":52343,"column":null}},{"start":{"line":52343,"column":0},"end":{"line":52343,"column":null}},{"start":{"line":52343,"column":0},"end":{"line":52343,"column":null}},{"start":{"line":52343,"column":0},"end":{"line":52343,"column":null}},{"start":{"line":52343,"column":0},"end":{"line":52343,"column":null}},{"start":{"line":52343,"column":0},"end":{"line":52343,"column":null}}]},"31":{"loc":{"start":{"line":52343,"column":0},"end":{"line":52343,"column":null}},"type":"binary-expr","locations":[{"start":{"line":52343,"column":0},"end":{"line":52343,"column":null}},{"start":{"line":52343,"column":0},"end":{"line":52343,"column":null}},{"start":{"line":52343,"column":0},"end":{"line":52343,"column":null}},{"start":{"line":52343,"column":0},"end":{"line":52343,"column":null}},{"start":{"line":52343,"column":0},"end":{"line":52343,"column":null}},{"start":{"line":52343,"column":0},"end":{"line":52343,"column":null}},{"start":{"line":52343,"column":0},"end":{"line":52343,"column":null}},{"start":{"line":52343,"column":0},"end":{"line":52343,"column":null}},{"start":{"line":52343,"column":0},"end":{"line":52343,"column":null}},{"start":{"line":52343,"column":0},"end":{"line":52343,"column":null}},{"start":{"line":52343,"column":0},"end":{"line":52343,"column":null}},{"start":{"line":52343,"column":0},"end":{"line":52343,"column":null}},{"start":{"line":52343,"column":0},"end":{"line":52343,"column":null}},{"start":{"line":52343,"column":0},"end":{"line":52343,"column":null}},{"start":{"line":52343,"column":0},"end":{"line":52343,"column":null}},{"start":{"line":52343,"column":0},"end":{"line":52343,"column":null}},{"start":{"line":52343,"column":0},"end":{"line":52343,"column":null}},{"start":{"line":52343,"column":0},"end":{"line":52343,"column":null}},{"start":{"line":52343,"column":0},"end":{"line":52343,"column":null}},{"start":{"line":52343,"column":0},"end":{"line":52343,"column":null}},{"start":{"line":52343,"column":0},"end":{"line":52343,"column":null}},{"start":{"line":52343,"column":0},"end":{"line":52343,"column":null}},{"start":{"line":52343,"column":0},"end":{"line":52343,"column":null}}]},"32":{"loc":{"start":{"line":52343,"column":0},"end":{"line":52343,"column":null}},"type":"switch","locations":[{"start":{"line":52343,"column":0},"end":{"line":52343,"column":null}},{"start":{"line":52343,"column":0},"end":{"line":52343,"column":null}},{"start":{"line":52343,"column":0},"end":{"line":52343,"column":null}},{"start":{"line":52343,"column":0},"end":{"line":52343,"column":null}},{"start":{"line":52343,"column":0},"end":{"line":52343,"column":null}},{"start":{"line":52343,"column":0},"end":{"line":52343,"column":null}},{"start":{"line":52343,"column":0},"end":{"line":52343,"column":null}},{"start":{"line":52343,"column":0},"end":{"line":52343,"column":null}}]},"33":{"loc":{"start":{"line":60000,"column":0},"end":{"line":60000,"column":null}},"type":"if","locations":[{"start":{"line":60000,"column":0},"end":{"line":60000,"column":null}},{"start":{"line":60000,"column":0},"end":{"line":60000,"column":null}}]},"34":{"loc":{"start":{"line":60000,"column":0},"end":{"line":60000,"column":null}},"type":"binary-expr","locations":[{"start":{"line":60000,"column":0},"end":{"line":60000,"column":null}},{"start":{"line":60000,"column":0},"end":{"line":60000,"column":null}},{"start":{"line":60000,"column":0},"end":{"line":60000,"column":null}},{"start":{"line":60000,"column":0},"end":{"line":60000,"column":null}}]},"35":{"loc":{"start":{"line":60190,"column":0},"end":{"line":60190,"column":null}},"type":"binary-expr","locations":[{"start":{"line":60190,"column":0},"end":{"line":60190,"column":null}},{"start":{"line":60190,"column":0},"end":{"line":60190,"column":null}}]},"36":{"loc":{"start":{"line":60190,"column":0},"end":{"line":60190,"column":null}},"type":"binary-expr","locations":[{"start":{"line":60190,"column":0},"end":{"line":60190,"column":null}},{"start":{"line":60190,"column":0},"end":{"line":60190,"column":null}},{"start":{"line":60190,"column":0},"end":{"line":60190,"column":null}},{"start":{"line":60190,"column":0},"end":{"line":60190,"column":null}}]},"37":{"loc":{"start":{"line":60190,"column":0},"end":{"line":60190,"column":null}},"type":"binary-expr","locations":[{"start":{"line":60190,"column":0},"end":{"line":60190,"column":null}},{"start":{"line":60190,"column":0},"end":{"line":60190,"column":null}},{"start":{"line":60190,"column":0},"end":{"line":60190,"column":null}}]},"38":{"loc":{"start":{"line":60190,"column":0},"end":{"line":60190,"column":null}},"type":"switch","locations":[{"start":{"line":60190,"column":0},"end":{"line":60190,"column":null}},{"start":{"line":60190,"column":0},"end":{"line":60190,"column":null}},{"start":{"line":60190,"column":0},"end":{"line":60190,"column":null}},{"start":{"line":60190,"column":0},"end":{"line":60190,"column":null}},{"start":{"line":60190,"column":0},"end":{"line":60190,"column":null}}]},"39":{"loc":{"start":{"line":60190,"column":0},"end":{"line":60190,"column":null}},"type":"switch","locations":[{"start":{"line":60190,"column":0},"end":{"line":60190,"column":null}},{"start":{"line":60190,"column":0},"end":{"line":60190,"column":null}},{"start":{"line":60190,"column":0},"end":{"line":60190,"column":null}},{"start":{"line":60190,"column":0},"end":{"line":60190,"column":null}},{"start":{"line":60190,"column":0},"end":{"line":60190,"column":null}},{"start":{"line":60190,"column":0},"end":{"line":60190,"column":null}},{"start":{"line":60190,"column":0},"end":{"line":60190,"column":null}},{"start":{"line":60190,"column":0},"end":{"line":60190,"column":null}},{"start":{"line":60190,"column":0},"end":{"line":60190,"column":null}},{"start":{"line":60190,"column":0},"end":{"line":60190,"column":null}},{"start":{"line":60190,"column":0},"end":{"line":60190,"column":null}},{"start":{"line":60190,"column":0},"end":{"line":60190,"column":null}},{"start":{"line":60190,"column":0},"end":{"line":60190,"column":null}}]},"40":{"loc":{"start":{"line":60190,"column":0},"end":{"line":60190,"column":null}},"type":"binary-expr","locations":[{"start":{"line":60190,"column":0},"end":{"line":60190,"column":null}},{"start":{"line":60190,"column":0},"end":{"line":60190,"column":null}},{"start":{"line":60190,"column":0},"end":{"line":60190,"column":null}},{"start":{"line":60190,"column":0},"end":{"line":60190,"column":null}},{"start":{"line":60190,"column":0},"end":{"line":60190,"column":null}},{"start":{"line":60190,"column":0},"end":{"line":60190,"column":null}},{"start":{"line":60190,"column":0},"end":{"line":60190,"column":null}},{"start":{"line":60190,"column":0},"end":{"line":60190,"column":null}},{"start":{"line":60190,"column":0},"end":{"line":60190,"column":null}},{"start":{"line":60190,"column":0},"end":{"line":60190,"column":null}},{"start":{"line":60190,"column":0},"end":{"line":60190,"column":null}},{"start":{"line":60190,"column":0},"end":{"line":60190,"column":null}},{"start":{"line":60190,"column":0},"end":{"line":60190,"column":null}},{"start":{"line":60190,"column":0},"end":{"line":60190,"column":null}},{"start":{"line":60190,"column":0},"end":{"line":60190,"column":null}},{"start":{"line":60190,"column":0},"end":{"line":60190,"column":null}}]},"41":{"loc":{"start":{"line":60190,"column":0},"end":{"line":60190,"column":null}},"type":"switch","locations":[{"start":{"line":60190,"column":0},"end":{"line":60190,"column":null}},{"start":{"line":60190,"column":0},"end":{"line":60190,"column":null}},{"start":{"line":60190,"column":0},"end":{"line":60190,"column":null}},{"start":{"line":60190,"column":0},"end":{"line":60190,"column":null}},{"start":{"line":60190,"column":0},"end":{"line":60190,"column":null}},{"start":{"line":60190,"column":0},"end":{"line":60190,"column":null}},{"start":{"line":60190,"column":0},"end":{"line":60190,"column":null}},{"start":{"line":60190,"column":0},"end":{"line":60190,"column":null}},{"start":{"line":60190,"column":0},"end":{"line":60190,"column":null}},{"start":{"line":60190,"column":0},"end":{"line":60190,"column":null}},{"start":{"line":60190,"column":0},"end":{"line":60190,"column":null}},{"start":{"line":60190,"column":0},"end":{"line":60190,"column":null}},{"start":{"line":60190,"column":0},"end":{"line":60190,"column":null}},{"start":{"line":60190,"column":0},"end":{"line":60190,"column":null}},{"start":{"line":60190,"column":0},"end":{"line":60190,"column":null}},{"start":{"line":60190,"column":0},"end":{"line":60190,"column":null}},{"start":{"line":60190,"column":0},"end":{"line":60190,"column":null}},{"start":{"line":60190,"column":0},"end":{"line":60190,"column":null}},{"start":{"line":60190,"column":0},"end":{"line":60190,"column":null}},{"start":{"line":60190,"column":0},"end":{"line":60190,"column":null}},{"start":{"line":60190,"column":0},"end":{"line":60190,"column":null}},{"start":{"line":60190,"column":0},"end":{"line":60190,"column":null}},{"start":{"line":60190,"column":0},"end":{"line":60190,"column":null}},{"start":{"line":60190,"column":0},"end":{"line":60190,"column":null}},{"start":{"line":60190,"column":0},"end":{"line":60190,"column":null}},{"start":{"line":60190,"column":0},"end":{"line":60190,"column":null}},{"start":{"line":60190,"column":0},"end":{"line":60190,"column":null}},{"start":{"line":60190,"column":0},"end":{"line":60190,"column":null}},{"start":{"line":60190,"column":0},"end":{"line":60190,"column":null}},{"start":{"line":60190,"column":0},"end":{"line":60190,"column":null}},{"start":{"line":60190,"column":0},"end":{"line":60190,"column":null}},{"start":{"line":60190,"column":0},"end":{"line":60190,"column":null}}]},"42":{"loc":{"start":{"line":60190,"column":0},"end":{"line":60190,"column":null}},"type":"switch","locations":[{"start":{"line":60190,"column":0},"end":{"line":60190,"column":null}},{"start":{"line":60190,"column":0},"end":{"line":60190,"column":null}},{"start":{"line":60190,"column":0},"end":{"line":60190,"column":null}},{"start":{"line":60190,"column":0},"end":{"line":60190,"column":null}},{"start":{"line":60190,"column":0},"end":{"line":60190,"column":null}},{"start":{"line":60190,"column":0},"end":{"line":60190,"column":null}}]},"43":{"loc":{"start":{"line":60190,"column":0},"end":{"line":60190,"column":null}},"type":"binary-expr","locations":[{"start":{"line":60190,"column":0},"end":{"line":60190,"column":null}},{"start":{"line":60190,"column":0},"end":{"line":60190,"column":null}},{"start":{"line":60190,"column":0},"end":{"line":60190,"column":null}},{"start":{"line":60190,"column":0},"end":{"line":60190,"column":null}},{"start":{"line":60190,"column":0},"end":{"line":60190,"column":null}},{"start":{"line":60190,"column":0},"end":{"line":60190,"column":null}},{"start":{"line":60190,"column":0},"end":{"line":60190,"column":null}}]},"44":{"loc":{"start":{"line":60190,"column":0},"end":{"line":60190,"column":null}},"type":"default-arg","locations":[{"start":{"line":60190,"column":0},"end":{"line":60190,"column":null}}]}},"s":{"0":11,"1":532813,"2":113400,"3":163471,"4":142648,"5":35214},"f":{"0":232160,"1":32124,"2":22099,"3":23782,"4":18141},"b":{"0":[219480,169295],"1":[22272,13717,8086],"2":[4574,3449,1829,793],"3":[8440,8401,8401,24,64],"4":[111,15,18,355,3,2,2,0,69],"5":[44,44,44,11,11,11,44,11],"6":[545],"7":[110,109,47,76,44,77],"8":[281,5,27,28,27,27,281,281,280,273,26,22,281],"9":[265,264,264,264,264,242,23],"10":[0,0,0,0,0,0,0,0,0,0,0,0,0,0,0,0,0,0,0,0,0],"11":[1,1,1,0,0,0,0,0,0,0,0],"12":[47,22,22,22,22,0,22,0,22,22,22,22,22,0,47],"13":[4542,2354,1701],"14":[20414,26195],"15":[0,0,0,0,0,0,0,0,0,0,0],"16":[0,0,0,0,0],"17":[88,79,72,46],"18":[1190,182,160,46,180,44],"19":[0,0,0,0,0,0,0],"20":[0,0,0,0,0,0,0,0,0,0,0,0,0,0,0,0,0,0,0,0,0],"21":[0,0,0,0,0,0,0,0],"22":[297,242,198,44],"23":[1529,1034,220],"24":[69663,51436],"25":[22,22,22,22,22,22,22,22,22,22,0,0],"26":[33,11,22,11,11],"27":[11,11,11,0,0,0],"28":[0,0,0,0,0,0,0,0,0],"29":[0,0,0,0,0,0,0,0,0,0],"30":[0,0,0,0,0,0,0],"31":[0,0,0,0,0,0,0,0,0,0,0,0,0,0,0,0,0,0,0,0,0,0,0],"32":[0,0,0,0,0,0,0,0],"33":[34661,36641],"34":[385,319,198,121],"35":[13530,11580],"36":[110,418,22,22],"37":[1512,934,467],"38":[12,12,11,11,1],"39":[0,0,0,0,0,0,0,0,0,0,0,0,0],"40":[0,0,0,0,0,0,0,0,0,0,0,0,0,0,0,0],"41":[0,0,0,0,0,0,0,0,0,0,0,0,0,0,0,0,0,0,0,0,0,0,0,0,0,0,0,0,0,0,0,0],"42":[0,0,0,0,0,0],"43":[0,0,0,0,0,0,0],"44":[0]}}
}
