{"/home/august/Documents/Code/metasolutions/entrystore.js/src/Auth.js": {"path":"/home/august/Documents/Code/metasolutions/entrystore.js/src/Auth.js","statementMap":{"0":{"start":{"line":11,"column":4},"end":{"line":11,"column":34}},"1":{"start":{"line":12,"column":4},"end":{"line":12,"column":30}},"2":{"start":{"line":18,"column":4},"end":{"line":18,"column":32}},"3":{"start":{"line":27,"column":4},"end":{"line":27,"column":54}},"4":{"start":{"line":27,"column":36},"end":{"line":27,"column":52}},"5":{"start":{"line":35,"column":4},"end":{"line":38,"column":5}},"6":{"start":{"line":36,"column":6},"end":{"line":36,"column":55}},"7":{"start":{"line":37,"column":6},"end":{"line":37,"column":33}},"8":{"start":{"line":39,"column":4},"end":{"line":39,"column":51}},"9":{"start":{"line":47,"column":4},"end":{"line":49,"column":5}},"10":{"start":{"line":48,"column":6},"end":{"line":48,"column":46}},"11":{"start":{"line":61,"column":4},"end":{"line":63,"column":5}},"12":{"start":{"line":62,"column":6},"end":{"line":62,"column":44}},"13":{"start":{"line":65,"column":4},"end":{"line":66,"column":106}},"14":{"start":{"line":68,"column":4},"end":{"line":68,"column":25}},"15":{"start":{"line":75,"column":4},"end":{"line":77,"column":5}},"16":{"start":{"line":76,"column":6},"end":{"line":76,"column":45}},"17":{"start":{"line":79,"column":21},"end":{"line":79,"column":56}},"18":{"start":{"line":80,"column":4},"end":{"line":82,"column":7}},"19":{"start":{"line":84,"column":4},"end":{"line":84,"column":26}},"20":{"start":{"line":97,"column":4},"end":{"line":99,"column":5}},"21":{"start":{"line":98,"column":6},"end":{"line":98,"column":32}},"22":{"start":{"line":100,"column":24},"end":{"line":105,"column":5}},"23":{"start":{"line":107,"column":17},"end":{"line":107,"column":106}},"24":{"start":{"line":108,"column":4},"end":{"line":110,"column":5}},"25":{"start":{"line":109,"column":6},"end":{"line":109,"column":18}},"26":{"start":{"line":111,"column":4},"end":{"line":111,"column":110}},"27":{"start":{"line":113,"column":4},"end":{"line":113,"column":26}},"28":{"start":{"line":114,"column":4},"end":{"line":114,"column":49}},"29":{"start":{"line":116,"column":4},"end":{"line":116,"column":50}},"30":{"start":{"line":118,"column":4},"end":{"line":118,"column":25}},"31":{"start":{"line":126,"column":4},"end":{"line":128,"column":5}},"32":{"start":{"line":127,"column":6},"end":{"line":127,"column":32}},"33":{"start":{"line":131,"column":4},"end":{"line":134,"column":18}},"34":{"start":{"line":136,"column":4},"end":{"line":136,"column":26}},"35":{"start":{"line":137,"column":4},"end":{"line":137,"column":49}},"36":{"start":{"line":139,"column":4},"end":{"line":139,"column":52}},"37":{"start":{"line":140,"column":4},"end":{"line":140,"column":51}},"38":{"start":{"line":142,"column":4},"end":{"line":142,"column":25}}},"fnMap":{"0":{"name":"(anonymous_0)","decl":{"start":{"line":10,"column":2},"end":{"line":10,"column":3}},"loc":{"start":{"line":10,"column":26},"end":{"line":19,"column":3}},"line":10},"1":{"name":"(anonymous_1)","decl":{"start":{"line":26,"column":2},"end":{"line":26,"column":3}},"loc":{"start":{"line":26,"column":31},"end":{"line":28,"column":3}},"line":26},"2":{"name":"(anonymous_2)","decl":{"start":{"line":27,"column":28},"end":{"line":27,"column":29}},"loc":{"start":{"line":27,"column":36},"end":{"line":27,"column":52}},"line":27},"3":{"name":"(anonymous_3)","decl":{"start":{"line":34,"column":2},"end":{"line":34,"column":3}},"loc":{"start":{"line":34,"column":28},"end":{"line":40,"column":3}},"line":34},"4":{"name":"(anonymous_4)","decl":{"start":{"line":46,"column":2},"end":{"line":46,"column":3}},"loc":{"start":{"line":46,"column":31},"end":{"line":50,"column":3}},"line":46},"5":{"name":"(anonymous_5)","decl":{"start":{"line":60,"column":2},"end":{"line":60,"column":3}},"loc":{"start":{"line":60,"column":41},"end":{"line":69,"column":3}},"line":60},"6":{"name":"(anonymous_6)","decl":{"start":{"line":74,"column":2},"end":{"line":74,"column":3}},"loc":{"start":{"line":74,"column":42},"end":{"line":85,"column":3}},"line":74},"7":{"name":"(anonymous_7)","decl":{"start":{"line":96,"column":2},"end":{"line":96,"column":3}},"loc":{"start":{"line":96,"column":38},"end":{"line":119,"column":3}},"line":96},"8":{"name":"(anonymous_8)","decl":{"start":{"line":125,"column":2},"end":{"line":125,"column":3}},"loc":{"start":{"line":125,"column":17},"end":{"line":143,"column":3}},"line":125}},"branchMap":{"0":{"loc":{"start":{"line":35,"column":4},"end":{"line":38,"column":5}},"type":"if","locations":[{"start":{"line":35,"column":4},"end":{"line":38,"column":5}},{"start":{"line":35,"column":4},"end":{"line":38,"column":5}}],"line":35},"1":{"loc":{"start":{"line":47,"column":4},"end":{"line":49,"column":5}},"type":"if","locations":[{"start":{"line":47,"column":4},"end":{"line":49,"column":5}},{"start":{"line":47,"column":4},"end":{"line":49,"column":5}}],"line":47},"2":{"loc":{"start":{"line":60,"column":20},"end":{"line":60,"column":39}},"type":"default-arg","locations":[{"start":{"line":60,"column":34},"end":{"line":60,"column":39}}],"line":60},"3":{"loc":{"start":{"line":61,"column":4},"end":{"line":63,"column":5}},"type":"if","locations":[{"start":{"line":61,"column":4},"end":{"line":63,"column":5}},{"start":{"line":61,"column":4},"end":{"line":63,"column":5}}],"line":61},"4":{"loc":{"start":{"line":61,"column":8},"end":{"line":61,"column":37}},"type":"binary-expr","locations":[{"start":{"line":61,"column":8},"end":{"line":61,"column":21}},{"start":{"line":61,"column":25},"end":{"line":61,"column":37}}],"line":61},"5":{"loc":{"start":{"line":74,"column":21},"end":{"line":74,"column":40}},"type":"default-arg","locations":[{"start":{"line":74,"column":35},"end":{"line":74,"column":40}}],"line":74},"6":{"loc":{"start":{"line":75,"column":4},"end":{"line":77,"column":5}},"type":"if","locations":[{"start":{"line":75,"column":4},"end":{"line":77,"column":5}},{"start":{"line":75,"column":4},"end":{"line":77,"column":5}}],"line":75},"7":{"loc":{"start":{"line":75,"column":8},"end":{"line":75,"column":38}},"type":"binary-expr","locations":[{"start":{"line":75,"column":8},"end":{"line":75,"column":22}},{"start":{"line":75,"column":26},"end":{"line":75,"column":38}}],"line":75},"8":{"loc":{"start":{"line":97,"column":4},"end":{"line":99,"column":5}},"type":"if","locations":[{"start":{"line":97,"column":4},"end":{"line":99,"column":5}},{"start":{"line":97,"column":4},"end":{"line":99,"column":5}}],"line":97},"9":{"loc":{"start":{"line":97,"column":8},"end":{"line":97,"column":52}},"type":"binary-expr","locations":[{"start":{"line":97,"column":8},"end":{"line":97,"column":21}},{"start":{"line":97,"column":25},"end":{"line":97,"column":52}}],"line":97},"10":{"loc":{"start":{"line":108,"column":4},"end":{"line":110,"column":5}},"type":"if","locations":[{"start":{"line":108,"column":4},"end":{"line":110,"column":5}},{"start":{"line":108,"column":4},"end":{"line":110,"column":5}}],"line":108},"11":{"loc":{"start":{"line":108,"column":8},"end":{"line":108,"column":45}},"type":"binary-expr","locations":[{"start":{"line":108,"column":8},"end":{"line":108,"column":32}},{"start":{"line":108,"column":36},"end":{"line":108,"column":45}}],"line":108},"12":{"loc":{"start":{"line":126,"column":4},"end":{"line":128,"column":5}},"type":"if","locations":[{"start":{"line":126,"column":4},"end":{"line":128,"column":5}},{"start":{"line":126,"column":4},"end":{"line":128,"column":5}}],"line":126},"13":{"loc":{"start":{"line":126,"column":8},"end":{"line":126,"column":55}},"type":"binary-expr","locations":[{"start":{"line":126,"column":8},"end":{"line":126,"column":21}},{"start":{"line":126,"column":25},"end":{"line":126,"column":55}}],"line":126}},"s":{"0":14,"1":14,"2":14,"3":47,"4":2,"5":2,"6":2,"7":2,"8":2,"9":2,"10":2,"11":9,"12":9,"13":0,"14":0,"15":4,"16":1,"17":3,"18":3,"19":3,"20":24,"21":1,"22":23,"23":23,"24":22,"25":0,"26":22,"27":22,"28":22,"29":22,"30":22,"31":30,"32":5,"33":25,"34":25,"35":25,"36":25,"37":25,"38":25},"f":{"0":14,"1":47,"2":2,"3":2,"4":2,"5":9,"6":4,"7":24,"8":30},"b":{"0":[2,0],"1":[2,0],"2":[6],"3":[9,0],"4":[9,9],"5":[4],"6":[1,3],"7":[4,1],"8":[1,23],"9":[24,22],"10":[0,22],"11":[22,22],"12":[5,25],"13":[30,19]},"_coverageSchema":"1a1c01bbd47fc00a2c39e90264f33305004495a9","hash":"3991000088821b9d06505e7b673f4bab2e9728b0"}
,"/home/august/Documents/Code/metasolutions/entrystore.js/src/Cache.js": {"path":"/home/august/Documents/Code/metasolutions/entrystore.js/src/Cache.js","statementMap":{"0":{"start":{"line":14,"column":4},"end":{"line":14,"column":35}},"1":{"start":{"line":20,"column":4},"end":{"line":20,"column":31}},"2":{"start":{"line":26,"column":4},"end":{"line":26,"column":39}},"3":{"start":{"line":32,"column":4},"end":{"line":32,"column":32}},"4":{"start":{"line":34,"column":4},"end":{"line":34,"column":30}},"5":{"start":{"line":36,"column":4},"end":{"line":36,"column":32}},"6":{"start":{"line":47,"column":21},"end":{"line":47,"column":35}},"7":{"start":{"line":48,"column":29},"end":{"line":48,"column":57}},"8":{"start":{"line":50,"column":4},"end":{"line":50,"column":40}},"9":{"start":{"line":52,"column":22},"end":{"line":52,"column":44}},"10":{"start":{"line":53,"column":23},"end":{"line":53,"column":112}},"11":{"start":{"line":55,"column":4},"end":{"line":57,"column":5}},"12":{"start":{"line":56,"column":6},"end":{"line":56,"column":28}},"13":{"start":{"line":59,"column":4},"end":{"line":59,"column":54}},"14":{"start":{"line":61,"column":4},"end":{"line":63,"column":7}},"15":{"start":{"line":65,"column":4},"end":{"line":67,"column":5}},"16":{"start":{"line":66,"column":6},"end":{"line":66,"column":48}},"17":{"start":{"line":75,"column":21},"end":{"line":75,"column":35}},"18":{"start":{"line":76,"column":22},"end":{"line":76,"column":44}},"19":{"start":{"line":78,"column":4},"end":{"line":78,"column":36}},"20":{"start":{"line":79,"column":23},"end":{"line":79,"column":60}},"21":{"start":{"line":81,"column":4},"end":{"line":86,"column":5}},"22":{"start":{"line":82,"column":6},"end":{"line":82,"column":31}},"23":{"start":{"line":83,"column":6},"end":{"line":85,"column":7}},"24":{"start":{"line":84,"column":8},"end":{"line":84,"column":49}},"25":{"start":{"line":98,"column":21},"end":{"line":98,"column":35}},"26":{"start":{"line":99,"column":17},"end":{"line":99,"column":46}},"27":{"start":{"line":100,"column":4},"end":{"line":102,"column":5}},"28":{"start":{"line":101,"column":6},"end":{"line":101,"column":73}},"29":{"start":{"line":103,"column":4},"end":{"line":103,"column":22}},"30":{"start":{"line":104,"column":4},"end":{"line":106,"column":5}},"31":{"start":{"line":105,"column":6},"end":{"line":105,"column":50}},"32":{"start":{"line":117,"column":4},"end":{"line":119,"column":7}},"33":{"start":{"line":118,"column":6},"end":{"line":118,"column":34}},"34":{"start":{"line":129,"column":4},"end":{"line":129,"column":40}},"35":{"start":{"line":142,"column":4},"end":{"line":142,"column":52}},"36":{"start":{"line":152,"column":4},"end":{"line":152,"column":42}},"37":{"start":{"line":162,"column":4},"end":{"line":162,"column":49}},"38":{"start":{"line":171,"column":4},"end":{"line":171,"column":42}},"39":{"start":{"line":181,"column":21},"end":{"line":181,"column":35}},"40":{"start":{"line":182,"column":17},"end":{"line":182,"column":46}},"41":{"start":{"line":183,"column":4},"end":{"line":185,"column":5}},"42":{"start":{"line":184,"column":6},"end":{"line":184,"column":69}},"43":{"start":{"line":186,"column":4},"end":{"line":186,"column":31}},"44":{"start":{"line":193,"column":4},"end":{"line":196,"column":5}},"45":{"start":{"line":194,"column":6},"end":{"line":194,"column":55}},"46":{"start":{"line":195,"column":6},"end":{"line":195,"column":33}},"47":{"start":{"line":197,"column":4},"end":{"line":197,"column":54}},"48":{"start":{"line":204,"column":4},"end":{"line":206,"column":5}},"49":{"start":{"line":205,"column":6},"end":{"line":205,"column":49}},"50":{"start":{"line":220,"column":4},"end":{"line":222,"column":7}},"51":{"start":{"line":221,"column":6},"end":{"line":221,"column":33}},"52":{"start":{"line":230,"column":4},"end":{"line":233,"column":13}},"53":{"start":{"line":232,"column":6},"end":{"line":232,"column":59}},"54":{"start":{"line":234,"column":4},"end":{"line":234,"column":51}},"55":{"start":{"line":243,"column":4},"end":{"line":243,"column":31}},"56":{"start":{"line":244,"column":4},"end":{"line":244,"column":39}},"57":{"start":{"line":245,"column":4},"end":{"line":245,"column":32}}},"fnMap":{"0":{"name":"(anonymous_0)","decl":{"start":{"line":9,"column":2},"end":{"line":9,"column":3}},"loc":{"start":{"line":9,"column":16},"end":{"line":37,"column":3}},"line":9},"1":{"name":"(anonymous_1)","decl":{"start":{"line":46,"column":2},"end":{"line":46,"column":3}},"loc":{"start":{"line":46,"column":25},"end":{"line":68,"column":3}},"line":46},"2":{"name":"(anonymous_2)","decl":{"start":{"line":74,"column":2},"end":{"line":74,"column":3}},"loc":{"start":{"line":74,"column":17},"end":{"line":87,"column":3}},"line":74},"3":{"name":"(anonymous_3)","decl":{"start":{"line":97,"column":2},"end":{"line":97,"column":3}},"loc":{"start":{"line":97,"column":36},"end":{"line":107,"column":3}},"line":97},"4":{"name":"(anonymous_4)","decl":{"start":{"line":116,"column":2},"end":{"line":116,"column":3}},"loc":{"start":{"line":116,"column":31},"end":{"line":120,"column":3}},"line":116},"5":{"name":"(anonymous_5)","decl":{"start":{"line":117,"column":21},"end":{"line":117,"column":22}},"loc":{"start":{"line":117,"column":32},"end":{"line":119,"column":5}},"line":117},"6":{"name":"(anonymous_6)","decl":{"start":{"line":128,"column":2},"end":{"line":128,"column":3}},"loc":{"start":{"line":128,"column":16},"end":{"line":130,"column":3}},"line":128},"7":{"name":"(anonymous_7)","decl":{"start":{"line":141,"column":2},"end":{"line":141,"column":3}},"loc":{"start":{"line":141,"column":24},"end":{"line":143,"column":3}},"line":141},"8":{"name":"(anonymous_8)","decl":{"start":{"line":151,"column":2},"end":{"line":151,"column":3}},"loc":{"start":{"line":151,"column":21},"end":{"line":153,"column":3}},"line":151},"9":{"name":"(anonymous_9)","decl":{"start":{"line":161,"column":2},"end":{"line":161,"column":3}},"loc":{"start":{"line":161,"column":34},"end":{"line":163,"column":3}},"line":161},"10":{"name":"(anonymous_10)","decl":{"start":{"line":170,"column":2},"end":{"line":170,"column":3}},"loc":{"start":{"line":170,"column":24},"end":{"line":172,"column":3}},"line":170},"11":{"name":"(anonymous_11)","decl":{"start":{"line":180,"column":2},"end":{"line":180,"column":3}},"loc":{"start":{"line":180,"column":21},"end":{"line":187,"column":3}},"line":180},"12":{"name":"(anonymous_12)","decl":{"start":{"line":192,"column":2},"end":{"line":192,"column":3}},"loc":{"start":{"line":192,"column":35},"end":{"line":198,"column":3}},"line":192},"13":{"name":"(anonymous_13)","decl":{"start":{"line":203,"column":2},"end":{"line":203,"column":3}},"loc":{"start":{"line":203,"column":38},"end":{"line":207,"column":3}},"line":203},"14":{"name":"(anonymous_14)","decl":{"start":{"line":219,"column":2},"end":{"line":219,"column":3}},"loc":{"start":{"line":219,"column":41},"end":{"line":223,"column":3}},"line":219},"15":{"name":"(anonymous_15)","decl":{"start":{"line":220,"column":31},"end":{"line":220,"column":32}},"loc":{"start":{"line":220,"column":41},"end":{"line":222,"column":5}},"line":220},"16":{"name":"(anonymous_16)","decl":{"start":{"line":229,"column":2},"end":{"line":229,"column":3}},"loc":{"start":{"line":229,"column":19},"end":{"line":235,"column":3}},"line":229},"17":{"name":"(anonymous_17)","decl":{"start":{"line":230,"column":27},"end":{"line":230,"column":28}},"loc":{"start":{"line":230,"column":43},"end":{"line":233,"column":5}},"line":230},"18":{"name":"(anonymous_18)","decl":{"start":{"line":242,"column":2},"end":{"line":242,"column":3}},"loc":{"start":{"line":242,"column":10},"end":{"line":246,"column":3}},"line":242}},"branchMap":{"0":{"loc":{"start":{"line":53,"column":23},"end":{"line":53,"column":112}},"type":"cond-expr","locations":[{"start":{"line":53,"column":63},"end":{"line":53,"column":100}},{"start":{"line":53,"column":103},"end":{"line":53,"column":112}}],"line":53},"1":{"loc":{"start":{"line":55,"column":4},"end":{"line":57,"column":5}},"type":"if","locations":[{"start":{"line":55,"column":4},"end":{"line":57,"column":5}},{"start":{"line":55,"column":4},"end":{"line":57,"column":5}}],"line":55},"2":{"loc":{"start":{"line":65,"column":4},"end":{"line":67,"column":5}},"type":"if","locations":[{"start":{"line":65,"column":4},"end":{"line":67,"column":5}},{"start":{"line":65,"column":4},"end":{"line":67,"column":5}}],"line":65},"3":{"loc":{"start":{"line":65,"column":8},"end":{"line":65,"column":45}},"type":"binary-expr","locations":[{"start":{"line":65,"column":8},"end":{"line":65,"column":24}},{"start":{"line":65,"column":28},"end":{"line":65,"column":45}}],"line":65},"4":{"loc":{"start":{"line":81,"column":4},"end":{"line":86,"column":5}},"type":"if","locations":[{"start":{"line":81,"column":4},"end":{"line":86,"column":5}},{"start":{"line":81,"column":4},"end":{"line":86,"column":5}}],"line":81},"5":{"loc":{"start":{"line":83,"column":6},"end":{"line":85,"column":7}},"type":"if","locations":[{"start":{"line":83,"column":6},"end":{"line":85,"column":7}},{"start":{"line":83,"column":6},"end":{"line":85,"column":7}}],"line":83},"6":{"loc":{"start":{"line":100,"column":4},"end":{"line":102,"column":5}},"type":"if","locations":[{"start":{"line":100,"column":4},"end":{"line":102,"column":5}},{"start":{"line":100,"column":4},"end":{"line":102,"column":5}}],"line":100},"7":{"loc":{"start":{"line":104,"column":4},"end":{"line":106,"column":5}},"type":"if","locations":[{"start":{"line":104,"column":4},"end":{"line":106,"column":5}},{"start":{"line":104,"column":4},"end":{"line":106,"column":5}}],"line":104},"8":{"loc":{"start":{"line":183,"column":4},"end":{"line":185,"column":5}},"type":"if","locations":[{"start":{"line":183,"column":4},"end":{"line":185,"column":5}},{"start":{"line":183,"column":4},"end":{"line":185,"column":5}}],"line":183},"9":{"loc":{"start":{"line":193,"column":4},"end":{"line":196,"column":5}},"type":"if","locations":[{"start":{"line":193,"column":4},"end":{"line":196,"column":5}},{"start":{"line":193,"column":4},"end":{"line":196,"column":5}}],"line":193},"10":{"loc":{"start":{"line":204,"column":4},"end":{"line":206,"column":5}},"type":"if","locations":[{"start":{"line":204,"column":4},"end":{"line":206,"column":5}},{"start":{"line":204,"column":4},"end":{"line":206,"column":5}}],"line":204}},"s":{"0":17,"1":17,"2":17,"3":17,"4":17,"5":17,"6":717,"7":717,"8":717,"9":717,"10":717,"11":717,"12":601,"13":717,"14":717,"15":717,"16":99,"17":12,"18":12,"19":12,"20":12,"21":12,"22":12,"23":12,"24":12,"25":1002,"26":1002,"27":1002,"28":0,"29":1002,"30":1002,"31":0,"32":0,"33":0,"34":798,"35":5,"36":91,"37":76,"38":76,"39":35,"40":35,"41":35,"42":0,"43":35,"44":1,"45":0,"46":0,"47":1,"48":0,"49":0,"50":147,"51":1,"52":48,"53":982,"54":48,"55":0,"56":0,"57":0},"f":{"0":17,"1":717,"2":12,"3":1002,"4":0,"5":0,"6":798,"7":5,"8":91,"9":76,"10":76,"11":35,"12":1,"13":0,"14":147,"15":1,"16":48,"17":982,"18":0},"b":{"0":[168,549],"1":[601,116],"2":[99,618],"3":[717,117],"4":[12,0],"5":[12,0],"6":[0,1002],"7":[0,1002],"8":[0,35],"9":[0,1],"10":[0,0]},"_coverageSchema":"1a1c01bbd47fc00a2c39e90264f33305004495a9","hash":"831cd3365ceb0643ca57d0c0d3c48e42df43bbe8"}
,"/home/august/Documents/Code/metasolutions/entrystore.js/src/Context.js": {"path":"/home/august/Documents/Code/metasolutions/entrystore.js/src/Context.js","statementMap":{"0":{"start":{"line":20,"column":4},"end":{"line":20,"column":45}},"1":{"start":{"line":36,"column":4},"end":{"line":36,"column":101}},"2":{"start":{"line":48,"column":4},"end":{"line":48,"column":92}},"3":{"start":{"line":58,"column":4},"end":{"line":58,"column":67}},"4":{"start":{"line":71,"column":4},"end":{"line":71,"column":40}},"5":{"start":{"line":85,"column":4},"end":{"line":85,"column":80}},"6":{"start":{"line":100,"column":4},"end":{"line":100,"column":89}},"7":{"start":{"line":115,"column":4},"end":{"line":118,"column":38}},"8":{"start":{"line":135,"column":4},"end":{"line":138,"column":34}},"9":{"start":{"line":152,"column":4},"end":{"line":152,"column":68}},"10":{"start":{"line":167,"column":27},"end":{"line":167,"column":84}},"11":{"start":{"line":168,"column":22},"end":{"line":168,"column":51}},"12":{"start":{"line":169,"column":4},"end":{"line":170,"column":35}},"13":{"start":{"line":172,"column":4},"end":{"line":172,"column":26}},"14":{"start":{"line":187,"column":27},"end":{"line":187,"column":85}},"15":{"start":{"line":188,"column":22},"end":{"line":188,"column":51}},"16":{"start":{"line":189,"column":4},"end":{"line":190,"column":61}},"17":{"start":{"line":192,"column":4},"end":{"line":192,"column":26}},"18":{"start":{"line":206,"column":27},"end":{"line":206,"column":87}},"19":{"start":{"line":207,"column":22},"end":{"line":207,"column":51}},"20":{"start":{"line":208,"column":4},"end":{"line":208,"column":123}},"21":{"start":{"line":210,"column":4},"end":{"line":210,"column":26}},"22":{"start":{"line":219,"column":4},"end":{"line":219,"column":22}},"23":{"start":{"line":228,"column":20},"end":{"line":228,"column":30}},"24":{"start":{"line":229,"column":4},"end":{"line":229,"column":22}},"25":{"start":{"line":230,"column":4},"end":{"line":242,"column":5}},"26":{"start":{"line":231,"column":22},"end":{"line":231,"column":112}},"27":{"start":{"line":232,"column":6},"end":{"line":232,"column":66}},"28":{"start":{"line":233,"column":6},"end":{"line":233,"column":20}},"29":{"start":{"line":234,"column":20},"end":{"line":234,"column":39}},"30":{"start":{"line":235,"column":6},"end":{"line":237,"column":7}},"31":{"start":{"line":236,"column":8},"end":{"line":236,"column":42}},"32":{"start":{"line":238,"column":6},"end":{"line":238,"column":18}},"33":{"start":{"line":240,"column":6},"end":{"line":240,"column":27}},"34":{"start":{"line":241,"column":6},"end":{"line":241,"column":14}},"35":{"start":{"line":251,"column":25},"end":{"line":251,"column":46}},"36":{"start":{"line":252,"column":15},"end":{"line":252,"column":43}},"37":{"start":{"line":253,"column":29},"end":{"line":253,"column":75}},"38":{"start":{"line":254,"column":4},"end":{"line":256,"column":5}},"39":{"start":{"line":255,"column":6},"end":{"line":255,"column":69}},"40":{"start":{"line":257,"column":4},"end":{"line":257,"column":78}},"41":{"start":{"line":266,"column":4},"end":{"line":266,"column":41}}},"fnMap":{"0":{"name":"(anonymous_0)","decl":{"start":{"line":19,"column":2},"end":{"line":19,"column":3}},"loc":{"start":{"line":19,"column":49},"end":{"line":21,"column":3}},"line":19},"1":{"name":"(anonymous_1)","decl":{"start":{"line":35,"column":2},"end":{"line":35,"column":3}},"loc":{"start":{"line":35,"column":33},"end":{"line":37,"column":3}},"line":35},"2":{"name":"(anonymous_2)","decl":{"start":{"line":47,"column":2},"end":{"line":47,"column":3}},"loc":{"start":{"line":47,"column":49},"end":{"line":49,"column":3}},"line":47},"3":{"name":"(anonymous_3)","decl":{"start":{"line":57,"column":2},"end":{"line":57,"column":3}},"loc":{"start":{"line":57,"column":27},"end":{"line":59,"column":3}},"line":57},"4":{"name":"(anonymous_4)","decl":{"start":{"line":70,"column":2},"end":{"line":70,"column":3}},"loc":{"start":{"line":70,"column":15},"end":{"line":72,"column":3}},"line":70},"5":{"name":"(anonymous_5)","decl":{"start":{"line":84,"column":2},"end":{"line":84,"column":3}},"loc":{"start":{"line":84,"column":20},"end":{"line":86,"column":3}},"line":84},"6":{"name":"(anonymous_6)","decl":{"start":{"line":99,"column":2},"end":{"line":99,"column":3}},"loc":{"start":{"line":99,"column":20},"end":{"line":101,"column":3}},"line":99},"7":{"name":"(anonymous_7)","decl":{"start":{"line":114,"column":2},"end":{"line":114,"column":3}},"loc":{"start":{"line":114,"column":37},"end":{"line":119,"column":3}},"line":114},"8":{"name":"(anonymous_8)","decl":{"start":{"line":134,"column":2},"end":{"line":134,"column":3}},"loc":{"start":{"line":134,"column":33},"end":{"line":139,"column":3}},"line":134},"9":{"name":"(anonymous_9)","decl":{"start":{"line":151,"column":2},"end":{"line":151,"column":3}},"loc":{"start":{"line":151,"column":14},"end":{"line":153,"column":3}},"line":151},"10":{"name":"(anonymous_10)","decl":{"start":{"line":166,"column":2},"end":{"line":166,"column":3}},"loc":{"start":{"line":166,"column":27},"end":{"line":173,"column":3}},"line":166},"11":{"name":"(anonymous_11)","decl":{"start":{"line":186,"column":2},"end":{"line":186,"column":3}},"loc":{"start":{"line":186,"column":21},"end":{"line":193,"column":3}},"line":186},"12":{"name":"(anonymous_12)","decl":{"start":{"line":205,"column":2},"end":{"line":205,"column":3}},"loc":{"start":{"line":205,"column":18},"end":{"line":211,"column":3}},"line":205},"13":{"name":"(anonymous_13)","decl":{"start":{"line":218,"column":2},"end":{"line":218,"column":3}},"loc":{"start":{"line":218,"column":12},"end":{"line":220,"column":3}},"line":218},"14":{"name":"(anonymous_14)","decl":{"start":{"line":227,"column":2},"end":{"line":227,"column":3}},"loc":{"start":{"line":227,"column":22},"end":{"line":243,"column":3}},"line":227},"15":{"name":"(anonymous_15)","decl":{"start":{"line":250,"column":2},"end":{"line":250,"column":3}},"loc":{"start":{"line":250,"column":27},"end":{"line":258,"column":3}},"line":250},"16":{"name":"(anonymous_16)","decl":{"start":{"line":265,"column":2},"end":{"line":265,"column":3}},"loc":{"start":{"line":265,"column":16},"end":{"line":267,"column":3}},"line":265}},"branchMap":{"0":{"loc":{"start":{"line":47,"column":24},"end":{"line":47,"column":47}},"type":"default-arg","locations":[{"start":{"line":47,"column":45},"end":{"line":47,"column":47}}],"line":47},"1":{"loc":{"start":{"line":166,"column":11},"end":{"line":166,"column":21}},"type":"default-arg","locations":[{"start":{"line":166,"column":19},"end":{"line":166,"column":21}}],"line":166},"2":{"loc":{"start":{"line":235,"column":6},"end":{"line":237,"column":7}},"type":"if","locations":[{"start":{"line":235,"column":6},"end":{"line":237,"column":7}},{"start":{"line":235,"column":6},"end":{"line":237,"column":7}}],"line":235},"3":{"loc":{"start":{"line":254,"column":4},"end":{"line":256,"column":5}},"type":"if","locations":[{"start":{"line":254,"column":4},"end":{"line":256,"column":5}},{"start":{"line":254,"column":4},"end":{"line":256,"column":5}}],"line":254},"4":{"loc":{"start":{"line":266,"column":17},"end":{"line":266,"column":40}},"type":"binary-expr","locations":[{"start":{"line":266,"column":17},"end":{"line":266,"column":27}},{"start":{"line":266,"column":31},"end":{"line":266,"column":40}}],"line":266}},"s":{"0":157,"1":0,"2":0,"3":0,"4":30,"5":1,"6":2,"7":2,"8":3,"9":5,"10":2,"11":2,"12":2,"13":2,"14":2,"15":2,"16":2,"17":2,"18":3,"19":3,"20":3,"21":3,"22":0,"23":0,"24":0,"25":0,"26":0,"27":0,"28":0,"29":0,"30":0,"31":0,"32":0,"33":0,"34":0,"35":0,"36":0,"37":0,"38":0,"39":0,"40":0,"41":111},"f":{"0":157,"1":0,"2":0,"3":0,"4":30,"5":1,"6":2,"7":2,"8":3,"9":5,"10":2,"11":2,"12":3,"13":0,"14":0,"15":0,"16":111},"b":{"0":[0],"1":[1],"2":[0,0],"3":[0,0],"4":[111,111]},"_coverageSchema":"1a1c01bbd47fc00a2c39e90264f33305004495a9","hash":"394ebfeffbab2d08dbd443915d349b1379484928"}
,"/home/august/Documents/Code/metasolutions/entrystore.js/src/Entry.js": {"path":"/home/august/Documents/Code/metasolutions/entrystore.js/src/Entry.js","statementMap":{"0":{"start":{"line":30,"column":4},"end":{"line":30,"column":28}},"1":{"start":{"line":31,"column":4},"end":{"line":31,"column":32}},"2":{"start":{"line":32,"column":4},"end":{"line":32,"column":34}},"3":{"start":{"line":39,"column":4},"end":{"line":39,"column":41}},"4":{"start":{"line":46,"column":4},"end":{"line":46,"column":27}},"5":{"start":{"line":55,"column":4},"end":{"line":55,"column":41}},"6":{"start":{"line":64,"column":4},"end":{"line":64,"column":35}},"7":{"start":{"line":72,"column":4},"end":{"line":72,"column":44}},"8":{"start":{"line":79,"column":4},"end":{"line":79,"column":25}},"9":{"start":{"line":88,"column":4},"end":{"line":90,"column":5}},"10":{"start":{"line":89,"column":6},"end":{"line":89,"column":35}},"11":{"start":{"line":91,"column":4},"end":{"line":91,"column":26}},"12":{"start":{"line":109,"column":4},"end":{"line":109,"column":27}},"13":{"start":{"line":110,"column":4},"end":{"line":110,"column":16}},"14":{"start":{"line":122,"column":15},"end":{"line":122,"column":35}},"15":{"start":{"line":123,"column":4},"end":{"line":150,"column":5}},"16":{"start":{"line":124,"column":6},"end":{"line":124,"column":117}},"17":{"start":{"line":125,"column":11},"end":{"line":150,"column":5}},"18":{"start":{"line":126,"column":6},"end":{"line":126,"column":118}},"19":{"start":{"line":127,"column":11},"end":{"line":150,"column":5}},"20":{"start":{"line":128,"column":6},"end":{"line":129,"column":116}},"21":{"start":{"line":130,"column":11},"end":{"line":150,"column":5}},"22":{"start":{"line":131,"column":6},"end":{"line":131,"column":176}},"23":{"start":{"line":133,"column":6},"end":{"line":149,"column":7}},"24":{"start":{"line":134,"column":24},"end":{"line":134,"column":132}},"25":{"start":{"line":135,"column":8},"end":{"line":135,"column":50}},"26":{"start":{"line":137,"column":20},"end":{"line":137,"column":61}},"27":{"start":{"line":138,"column":24},"end":{"line":138,"column":131}},"28":{"start":{"line":139,"column":8},"end":{"line":139,"column":50}},"29":{"start":{"line":140,"column":8},"end":{"line":148,"column":9}},"30":{"start":{"line":141,"column":10},"end":{"line":141,"column":24}},"31":{"start":{"line":142,"column":10},"end":{"line":142,"column":38}},"32":{"start":{"line":143,"column":10},"end":{"line":143,"column":31}},"33":{"start":{"line":147,"column":10},"end":{"line":147,"column":78}},"34":{"start":{"line":152,"column":4},"end":{"line":152,"column":33}},"35":{"start":{"line":165,"column":4},"end":{"line":165,"column":69}},"36":{"start":{"line":166,"column":4},"end":{"line":166,"column":16}},"37":{"start":{"line":180,"column":4},"end":{"line":180,"column":81}},"38":{"start":{"line":181,"column":4},"end":{"line":181,"column":16}},"39":{"start":{"line":195,"column":4},"end":{"line":195,"column":81}},"40":{"start":{"line":196,"column":4},"end":{"line":196,"column":16}},"41":{"start":{"line":208,"column":4},"end":{"line":210,"column":5}},"42":{"start":{"line":209,"column":6},"end":{"line":209,"column":49}},"43":{"start":{"line":212,"column":4},"end":{"line":212,"column":40}},"44":{"start":{"line":216,"column":4},"end":{"line":216,"column":34}},"45":{"start":{"line":228,"column":4},"end":{"line":230,"column":5}},"46":{"start":{"line":229,"column":6},"end":{"line":229,"column":43}},"47":{"start":{"line":232,"column":4},"end":{"line":232,"column":16}},"48":{"start":{"line":241,"column":15},"end":{"line":241,"column":35}},"49":{"start":{"line":242,"column":16},"end":{"line":242,"column":57}},"50":{"start":{"line":243,"column":20},"end":{"line":253,"column":8}},"51":{"start":{"line":246,"column":8},"end":{"line":246,"column":36}},"52":{"start":{"line":247,"column":8},"end":{"line":252,"column":11}},"53":{"start":{"line":247,"column":41},"end":{"line":247,"column":45}},"54":{"start":{"line":250,"column":10},"end":{"line":250,"column":69}},"55":{"start":{"line":251,"column":10},"end":{"line":251,"column":22}},"56":{"start":{"line":255,"column":4},"end":{"line":255,"column":67}},"57":{"start":{"line":263,"column":4},"end":{"line":265,"column":5}},"58":{"start":{"line":264,"column":6},"end":{"line":264,"column":44}},"59":{"start":{"line":266,"column":4},"end":{"line":266,"column":35}},"60":{"start":{"line":281,"column":4},"end":{"line":283,"column":5}},"61":{"start":{"line":282,"column":6},"end":{"line":282,"column":28}},"62":{"start":{"line":284,"column":15},"end":{"line":284,"column":35}},"63":{"start":{"line":286,"column":4},"end":{"line":294,"column":5}},"64":{"start":{"line":287,"column":6},"end":{"line":287,"column":48}},"65":{"start":{"line":289,"column":21},"end":{"line":289,"column":52}},"66":{"start":{"line":290,"column":6},"end":{"line":293,"column":9}},"67":{"start":{"line":291,"column":8},"end":{"line":291,"column":71}},"68":{"start":{"line":292,"column":8},"end":{"line":292,"column":30}},"69":{"start":{"line":295,"column":4},"end":{"line":295,"column":50}},"70":{"start":{"line":302,"column":4},"end":{"line":302,"column":26}},"71":{"start":{"line":312,"column":4},"end":{"line":312,"column":80}},"72":{"start":{"line":312,"column":61},"end":{"line":312,"column":78}},"73":{"start":{"line":320,"column":31},"end":{"line":320,"column":93}},"74":{"start":{"line":321,"column":4},"end":{"line":322,"column":70}},"75":{"start":{"line":322,"column":6},"end":{"line":322,"column":62}},"76":{"start":{"line":330,"column":32},"end":{"line":330,"column":95}},"77":{"start":{"line":331,"column":4},"end":{"line":332,"column":70}},"78":{"start":{"line":332,"column":6},"end":{"line":332,"column":62}},"79":{"start":{"line":340,"column":4},"end":{"line":340,"column":66}},"80":{"start":{"line":348,"column":4},"end":{"line":348,"column":64}},"81":{"start":{"line":356,"column":4},"end":{"line":356,"column":70}},"82":{"start":{"line":364,"column":4},"end":{"line":364,"column":67}},"83":{"start":{"line":372,"column":4},"end":{"line":372,"column":73}},"84":{"start":{"line":380,"column":4},"end":{"line":380,"column":64}},"85":{"start":{"line":388,"column":4},"end":{"line":388,"column":65}},"86":{"start":{"line":396,"column":4},"end":{"line":396,"column":65}},"87":{"start":{"line":404,"column":4},"end":{"line":404,"column":68}},"88":{"start":{"line":412,"column":4},"end":{"line":412,"column":74}},"89":{"start":{"line":420,"column":4},"end":{"line":420,"column":66}},"90":{"start":{"line":428,"column":4},"end":{"line":428,"column":64}},"91":{"start":{"line":436,"column":4},"end":{"line":436,"column":64}},"92":{"start":{"line":444,"column":4},"end":{"line":444,"column":63}},"93":{"start":{"line":452,"column":4},"end":{"line":452,"column":67}},"94":{"start":{"line":462,"column":4},"end":{"line":462,"column":65}},"95":{"start":{"line":473,"column":4},"end":{"line":473,"column":65}},"96":{"start":{"line":484,"column":17},"end":{"line":484,"column":50}},"97":{"start":{"line":485,"column":4},"end":{"line":485,"column":86}},"98":{"start":{"line":495,"column":4},"end":{"line":504,"column":5}},"99":{"start":{"line":498,"column":17},"end":{"line":498,"column":37}},"100":{"start":{"line":499,"column":26},"end":{"line":499,"column":47}},"101":{"start":{"line":500,"column":22},"end":{"line":500,"column":48}},"102":{"start":{"line":501,"column":24},"end":{"line":501,"column":52}},"103":{"start":{"line":502,"column":23},"end":{"line":502,"column":57}},"104":{"start":{"line":503,"column":6},"end":{"line":503,"column":87}},"105":{"start":{"line":506,"column":4},"end":{"line":506,"column":21}},"106":{"start":{"line":514,"column":4},"end":{"line":514,"column":82}},"107":{"start":{"line":522,"column":4},"end":{"line":522,"column":76}},"108":{"start":{"line":530,"column":4},"end":{"line":530,"column":44}},"109":{"start":{"line":538,"column":4},"end":{"line":539,"column":45}},"110":{"start":{"line":547,"column":4},"end":{"line":547,"column":74}},"111":{"start":{"line":555,"column":4},"end":{"line":556,"column":45}},"112":{"start":{"line":564,"column":4},"end":{"line":564,"column":74}},"113":{"start":{"line":578,"column":27},"end":{"line":578,"column":87}},"114":{"start":{"line":579,"column":14},"end":{"line":579,"column":42}},"115":{"start":{"line":580,"column":4},"end":{"line":582,"column":5}},"116":{"start":{"line":581,"column":6},"end":{"line":581,"column":105}},"117":{"start":{"line":581,"column":64},"end":{"line":581,"column":103}},"118":{"start":{"line":583,"column":15},"end":{"line":583,"column":47}},"119":{"start":{"line":584,"column":4},"end":{"line":586,"column":5}},"120":{"start":{"line":585,"column":6},"end":{"line":585,"column":23}},"121":{"start":{"line":587,"column":4},"end":{"line":587,"column":37}},"122":{"start":{"line":588,"column":4},"end":{"line":588,"column":84}},"123":{"start":{"line":588,"column":43},"end":{"line":588,"column":82}},"124":{"start":{"line":607,"column":26},"end":{"line":607,"column":52}},"125":{"start":{"line":608,"column":16},"end":{"line":608,"column":44}},"126":{"start":{"line":609,"column":15},"end":{"line":609,"column":47}},"127":{"start":{"line":610,"column":4},"end":{"line":612,"column":5}},"128":{"start":{"line":611,"column":6},"end":{"line":611,"column":23}},"129":{"start":{"line":613,"column":17},"end":{"line":613,"column":43}},"130":{"start":{"line":614,"column":4},"end":{"line":616,"column":5}},"131":{"start":{"line":615,"column":6},"end":{"line":615,"column":19}},"132":{"start":{"line":617,"column":4},"end":{"line":619,"column":5}},"133":{"start":{"line":618,"column":6},"end":{"line":618,"column":70}},"134":{"start":{"line":620,"column":4},"end":{"line":620,"column":16}},"135":{"start":{"line":630,"column":15},"end":{"line":630,"column":35}},"136":{"start":{"line":631,"column":16},"end":{"line":631,"column":71}},"137":{"start":{"line":632,"column":4},"end":{"line":632,"column":60}},"138":{"start":{"line":633,"column":4},"end":{"line":633,"column":32}},"139":{"start":{"line":646,"column":4},"end":{"line":646,"column":69}},"140":{"start":{"line":656,"column":4},"end":{"line":656,"column":61}},"141":{"start":{"line":668,"column":15},"end":{"line":668,"column":35}},"142":{"start":{"line":670,"column":4},"end":{"line":679,"column":5}},"143":{"start":{"line":671,"column":23},"end":{"line":671,"column":36}},"144":{"start":{"line":672,"column":6},"end":{"line":676,"column":9}},"145":{"start":{"line":673,"column":8},"end":{"line":673,"column":35}},"146":{"start":{"line":674,"column":8},"end":{"line":674,"column":44}},"147":{"start":{"line":675,"column":8},"end":{"line":675,"column":20}},"148":{"start":{"line":678,"column":6},"end":{"line":678,"column":32}},"149":{"start":{"line":680,"column":4},"end":{"line":680,"column":40}},"150":{"start":{"line":717,"column":4},"end":{"line":717,"column":90}}},"fnMap":{"0":{"name":"(anonymous_0)","decl":{"start":{"line":29,"column":2},"end":{"line":29,"column":3}},"loc":{"start":{"line":29,"column":34},"end":{"line":33,"column":3}},"line":29},"1":{"name":"(anonymous_1)","decl":{"start":{"line":38,"column":2},"end":{"line":38,"column":3}},"loc":{"start":{"line":38,"column":18},"end":{"line":40,"column":3}},"line":38},"2":{"name":"(anonymous_2)","decl":{"start":{"line":45,"column":2},"end":{"line":45,"column":3}},"loc":{"start":{"line":45,"column":17},"end":{"line":47,"column":3}},"line":45},"3":{"name":"(anonymous_3)","decl":{"start":{"line":54,"column":2},"end":{"line":54,"column":3}},"loc":{"start":{"line":54,"column":11},"end":{"line":56,"column":3}},"line":54},"4":{"name":"(anonymous_4)","decl":{"start":{"line":63,"column":2},"end":{"line":63,"column":3}},"loc":{"start":{"line":63,"column":10},"end":{"line":65,"column":3}},"line":63},"5":{"name":"(anonymous_5)","decl":{"start":{"line":71,"column":2},"end":{"line":71,"column":3}},"loc":{"start":{"line":71,"column":19},"end":{"line":73,"column":3}},"line":71},"6":{"name":"(anonymous_6)","decl":{"start":{"line":78,"column":2},"end":{"line":78,"column":3}},"loc":{"start":{"line":78,"column":15},"end":{"line":80,"column":3}},"line":78},"7":{"name":"(anonymous_7)","decl":{"start":{"line":87,"column":2},"end":{"line":87,"column":3}},"loc":{"start":{"line":87,"column":16},"end":{"line":92,"column":3}},"line":87},"8":{"name":"(anonymous_8)","decl":{"start":{"line":108,"column":2},"end":{"line":108,"column":3}},"loc":{"start":{"line":108,"column":21},"end":{"line":111,"column":3}},"line":108},"9":{"name":"(anonymous_9)","decl":{"start":{"line":121,"column":2},"end":{"line":121,"column":3}},"loc":{"start":{"line":121,"column":61},"end":{"line":153,"column":3}},"line":121},"10":{"name":"(anonymous_10)","decl":{"start":{"line":164,"column":2},"end":{"line":164,"column":3}},"loc":{"start":{"line":164,"column":25},"end":{"line":167,"column":3}},"line":164},"11":{"name":"(anonymous_11)","decl":{"start":{"line":179,"column":2},"end":{"line":179,"column":3}},"loc":{"start":{"line":179,"column":37},"end":{"line":182,"column":3}},"line":179},"12":{"name":"(anonymous_12)","decl":{"start":{"line":194,"column":2},"end":{"line":194,"column":3}},"loc":{"start":{"line":194,"column":37},"end":{"line":197,"column":3}},"line":194},"13":{"name":"(anonymous_13)","decl":{"start":{"line":207,"column":2},"end":{"line":207,"column":3}},"loc":{"start":{"line":207,"column":30},"end":{"line":213,"column":3}},"line":207},"14":{"name":"(anonymous_14)","decl":{"start":{"line":215,"column":2},"end":{"line":215,"column":3}},"loc":{"start":{"line":215,"column":24},"end":{"line":217,"column":3}},"line":215},"15":{"name":"(anonymous_15)","decl":{"start":{"line":227,"column":2},"end":{"line":227,"column":3}},"loc":{"start":{"line":227,"column":35},"end":{"line":233,"column":3}},"line":227},"16":{"name":"(anonymous_16)","decl":{"start":{"line":240,"column":2},"end":{"line":240,"column":3}},"loc":{"start":{"line":240,"column":33},"end":{"line":256,"column":3}},"line":240},"17":{"name":"(anonymous_17)","decl":{"start":{"line":245,"column":12},"end":{"line":245,"column":13}},"loc":{"start":{"line":245,"column":18},"end":{"line":253,"column":7}},"line":245},"18":{"name":"(anonymous_18)","decl":{"start":{"line":247,"column":35},"end":{"line":247,"column":36}},"loc":{"start":{"line":247,"column":41},"end":{"line":247,"column":45}},"line":247},"19":{"name":"(anonymous_19)","decl":{"start":{"line":247,"column":47},"end":{"line":247,"column":48}},"loc":{"start":{"line":247,"column":53},"end":{"line":252,"column":9}},"line":247},"20":{"name":"(anonymous_20)","decl":{"start":{"line":262,"column":2},"end":{"line":262,"column":3}},"loc":{"start":{"line":262,"column":25},"end":{"line":267,"column":3}},"line":262},"21":{"name":"(anonymous_21)","decl":{"start":{"line":280,"column":2},"end":{"line":280,"column":3}},"loc":{"start":{"line":280,"column":30},"end":{"line":296,"column":3}},"line":280},"22":{"name":"(anonymous_22)","decl":{"start":{"line":290,"column":69},"end":{"line":290,"column":70}},"loc":{"start":{"line":290,"column":79},"end":{"line":293,"column":7}},"line":290},"23":{"name":"(anonymous_23)","decl":{"start":{"line":301,"column":2},"end":{"line":301,"column":3}},"loc":{"start":{"line":301,"column":22},"end":{"line":303,"column":3}},"line":301},"24":{"name":"(anonymous_24)","decl":{"start":{"line":311,"column":2},"end":{"line":311,"column":3}},"loc":{"start":{"line":311,"column":21},"end":{"line":313,"column":3}},"line":311},"25":{"name":"(anonymous_25)","decl":{"start":{"line":312,"column":53},"end":{"line":312,"column":54}},"loc":{"start":{"line":312,"column":61},"end":{"line":312,"column":78}},"line":312},"26":{"name":"(anonymous_26)","decl":{"start":{"line":319,"column":2},"end":{"line":319,"column":3}},"loc":{"start":{"line":319,"column":19},"end":{"line":323,"column":3}},"line":319},"27":{"name":"(anonymous_27)","decl":{"start":{"line":321,"column":34},"end":{"line":321,"column":35}},"loc":{"start":{"line":322,"column":6},"end":{"line":322,"column":62}},"line":322},"28":{"name":"(anonymous_28)","decl":{"start":{"line":329,"column":2},"end":{"line":329,"column":3}},"loc":{"start":{"line":329,"column":20},"end":{"line":333,"column":3}},"line":329},"29":{"name":"(anonymous_29)","decl":{"start":{"line":331,"column":35},"end":{"line":331,"column":36}},"loc":{"start":{"line":332,"column":6},"end":{"line":332,"column":62}},"line":332},"30":{"name":"(anonymous_30)","decl":{"start":{"line":339,"column":2},"end":{"line":339,"column":3}},"loc":{"start":{"line":339,"column":16},"end":{"line":341,"column":3}},"line":339},"31":{"name":"(anonymous_31)","decl":{"start":{"line":347,"column":2},"end":{"line":347,"column":3}},"loc":{"start":{"line":347,"column":11},"end":{"line":349,"column":3}},"line":347},"32":{"name":"(anonymous_32)","decl":{"start":{"line":355,"column":2},"end":{"line":355,"column":3}},"loc":{"start":{"line":355,"column":17},"end":{"line":357,"column":3}},"line":355},"33":{"name":"(anonymous_33)","decl":{"start":{"line":363,"column":2},"end":{"line":363,"column":3}},"loc":{"start":{"line":363,"column":14},"end":{"line":365,"column":3}},"line":363},"34":{"name":"(anonymous_34)","decl":{"start":{"line":371,"column":2},"end":{"line":371,"column":3}},"loc":{"start":{"line":371,"column":20},"end":{"line":373,"column":3}},"line":371},"35":{"name":"(anonymous_35)","decl":{"start":{"line":379,"column":2},"end":{"line":379,"column":3}},"loc":{"start":{"line":379,"column":11},"end":{"line":381,"column":3}},"line":379},"36":{"name":"(anonymous_36)","decl":{"start":{"line":387,"column":2},"end":{"line":387,"column":3}},"loc":{"start":{"line":387,"column":12},"end":{"line":389,"column":3}},"line":387},"37":{"name":"(anonymous_37)","decl":{"start":{"line":395,"column":2},"end":{"line":395,"column":3}},"loc":{"start":{"line":395,"column":12},"end":{"line":397,"column":3}},"line":395},"38":{"name":"(anonymous_38)","decl":{"start":{"line":403,"column":2},"end":{"line":403,"column":3}},"loc":{"start":{"line":403,"column":15},"end":{"line":405,"column":3}},"line":403},"39":{"name":"(anonymous_39)","decl":{"start":{"line":411,"column":2},"end":{"line":411,"column":3}},"loc":{"start":{"line":411,"column":21},"end":{"line":413,"column":3}},"line":411},"40":{"name":"(anonymous_40)","decl":{"start":{"line":419,"column":2},"end":{"line":419,"column":3}},"loc":{"start":{"line":419,"column":13},"end":{"line":421,"column":3}},"line":419},"41":{"name":"(anonymous_41)","decl":{"start":{"line":427,"column":2},"end":{"line":427,"column":3}},"loc":{"start":{"line":427,"column":11},"end":{"line":429,"column":3}},"line":427},"42":{"name":"(anonymous_42)","decl":{"start":{"line":435,"column":2},"end":{"line":435,"column":3}},"loc":{"start":{"line":435,"column":11},"end":{"line":437,"column":3}},"line":435},"43":{"name":"(anonymous_43)","decl":{"start":{"line":443,"column":2},"end":{"line":443,"column":3}},"loc":{"start":{"line":443,"column":16},"end":{"line":445,"column":3}},"line":443},"44":{"name":"(anonymous_44)","decl":{"start":{"line":451,"column":2},"end":{"line":451,"column":3}},"loc":{"start":{"line":451,"column":20},"end":{"line":453,"column":3}},"line":451},"45":{"name":"(anonymous_45)","decl":{"start":{"line":461,"column":2},"end":{"line":461,"column":3}},"loc":{"start":{"line":461,"column":15},"end":{"line":463,"column":3}},"line":461},"46":{"name":"(anonymous_46)","decl":{"start":{"line":472,"column":2},"end":{"line":472,"column":3}},"loc":{"start":{"line":472,"column":12},"end":{"line":474,"column":3}},"line":472},"47":{"name":"(anonymous_47)","decl":{"start":{"line":483,"column":2},"end":{"line":483,"column":3}},"loc":{"start":{"line":483,"column":18},"end":{"line":486,"column":3}},"line":483},"48":{"name":"(anonymous_48)","decl":{"start":{"line":494,"column":2},"end":{"line":494,"column":3}},"loc":{"start":{"line":494,"column":19},"end":{"line":507,"column":3}},"line":494},"49":{"name":"(anonymous_49)","decl":{"start":{"line":513,"column":2},"end":{"line":513,"column":3}},"loc":{"start":{"line":513,"column":26},"end":{"line":515,"column":3}},"line":513},"50":{"name":"(anonymous_50)","decl":{"start":{"line":521,"column":2},"end":{"line":521,"column":3}},"loc":{"start":{"line":521,"column":20},"end":{"line":523,"column":3}},"line":521},"51":{"name":"(anonymous_51)","decl":{"start":{"line":529,"column":2},"end":{"line":529,"column":3}},"loc":{"start":{"line":529,"column":23},"end":{"line":531,"column":3}},"line":529},"52":{"name":"(anonymous_52)","decl":{"start":{"line":537,"column":2},"end":{"line":537,"column":3}},"loc":{"start":{"line":537,"column":20},"end":{"line":540,"column":3}},"line":537},"53":{"name":"(anonymous_53)","decl":{"start":{"line":546,"column":2},"end":{"line":546,"column":3}},"loc":{"start":{"line":546,"column":21},"end":{"line":548,"column":3}},"line":546},"54":{"name":"(anonymous_54)","decl":{"start":{"line":554,"column":2},"end":{"line":554,"column":3}},"loc":{"start":{"line":554,"column":20},"end":{"line":557,"column":3}},"line":554},"55":{"name":"(anonymous_55)","decl":{"start":{"line":563,"column":2},"end":{"line":563,"column":3}},"loc":{"start":{"line":563,"column":21},"end":{"line":565,"column":3}},"line":563},"56":{"name":"(anonymous_56)","decl":{"start":{"line":577,"column":2},"end":{"line":577,"column":3}},"loc":{"start":{"line":577,"column":13},"end":{"line":589,"column":3}},"line":577},"57":{"name":"(anonymous_57)","decl":{"start":{"line":581,"column":57},"end":{"line":581,"column":58}},"loc":{"start":{"line":581,"column":64},"end":{"line":581,"column":103}},"line":581},"58":{"name":"(anonymous_58)","decl":{"start":{"line":588,"column":36},"end":{"line":588,"column":37}},"loc":{"start":{"line":588,"column":43},"end":{"line":588,"column":82}},"line":588},"59":{"name":"(anonymous_59)","decl":{"start":{"line":606,"column":2},"end":{"line":606,"column":3}},"loc":{"start":{"line":606,"column":25},"end":{"line":621,"column":3}},"line":606},"60":{"name":"(anonymous_60)","decl":{"start":{"line":629,"column":2},"end":{"line":629,"column":3}},"loc":{"start":{"line":629,"column":31},"end":{"line":634,"column":3}},"line":629},"61":{"name":"(anonymous_61)","decl":{"start":{"line":645,"column":2},"end":{"line":645,"column":3}},"loc":{"start":{"line":645,"column":36},"end":{"line":647,"column":3}},"line":645},"62":{"name":"(anonymous_62)","decl":{"start":{"line":655,"column":2},"end":{"line":655,"column":3}},"loc":{"start":{"line":655,"column":16},"end":{"line":657,"column":3}},"line":655},"63":{"name":"(anonymous_63)","decl":{"start":{"line":667,"column":2},"end":{"line":667,"column":3}},"loc":{"start":{"line":667,"column":42},"end":{"line":681,"column":3}},"line":667},"64":{"name":"(anonymous_64)","decl":{"start":{"line":672,"column":67},"end":{"line":672,"column":68}},"loc":{"start":{"line":672,"column":77},"end":{"line":676,"column":7}},"line":672},"65":{"name":"(anonymous_65)","decl":{"start":{"line":716,"column":2},"end":{"line":716,"column":3}},"loc":{"start":{"line":716,"column":57},"end":{"line":718,"column":3}},"line":716}},"branchMap":{"0":{"loc":{"start":{"line":88,"column":4},"end":{"line":90,"column":5}},"type":"if","locations":[{"start":{"line":88,"column":4},"end":{"line":90,"column":5}},{"start":{"line":88,"column":4},"end":{"line":90,"column":5}}],"line":88},"1":{"loc":{"start":{"line":121,"column":23},"end":{"line":121,"column":59}},"type":"default-arg","locations":[{"start":{"line":121,"column":54},"end":{"line":121,"column":59}}],"line":121},"2":{"loc":{"start":{"line":123,"column":4},"end":{"line":150,"column":5}},"type":"if","locations":[{"start":{"line":123,"column":4},"end":{"line":150,"column":5}},{"start":{"line":123,"column":4},"end":{"line":150,"column":5}}],"line":123},"3":{"loc":{"start":{"line":125,"column":11},"end":{"line":150,"column":5}},"type":"if","locations":[{"start":{"line":125,"column":11},"end":{"line":150,"column":5}},{"start":{"line":125,"column":11},"end":{"line":150,"column":5}}],"line":125},"4":{"loc":{"start":{"line":127,"column":11},"end":{"line":150,"column":5}},"type":"if","locations":[{"start":{"line":127,"column":11},"end":{"line":150,"column":5}},{"start":{"line":127,"column":11},"end":{"line":150,"column":5}}],"line":127},"5":{"loc":{"start":{"line":130,"column":11},"end":{"line":150,"column":5}},"type":"if","locations":[{"start":{"line":130,"column":11},"end":{"line":150,"column":5}},{"start":{"line":130,"column":11},"end":{"line":150,"column":5}}],"line":130},"6":{"loc":{"start":{"line":133,"column":6},"end":{"line":149,"column":7}},"type":"if","locations":[{"start":{"line":133,"column":6},"end":{"line":149,"column":7}},{"start":{"line":133,"column":6},"end":{"line":149,"column":7}}],"line":133},"7":{"loc":{"start":{"line":208,"column":4},"end":{"line":210,"column":5}},"type":"if","locations":[{"start":{"line":208,"column":4},"end":{"line":210,"column":5}},{"start":{"line":208,"column":4},"end":{"line":210,"column":5}}],"line":208},"8":{"loc":{"start":{"line":228,"column":4},"end":{"line":230,"column":5}},"type":"if","locations":[{"start":{"line":228,"column":4},"end":{"line":230,"column":5}},{"start":{"line":228,"column":4},"end":{"line":230,"column":5}}],"line":228},"9":{"loc":{"start":{"line":263,"column":4},"end":{"line":265,"column":5}},"type":"if","locations":[{"start":{"line":263,"column":4},"end":{"line":265,"column":5}},{"start":{"line":263,"column":4},"end":{"line":265,"column":5}}],"line":263},"10":{"loc":{"start":{"line":280,"column":14},"end":{"line":280,"column":28}},"type":"default-arg","locations":[{"start":{"line":280,"column":23},"end":{"line":280,"column":28}}],"line":280},"11":{"loc":{"start":{"line":281,"column":4},"end":{"line":283,"column":5}},"type":"if","locations":[{"start":{"line":281,"column":4},"end":{"line":283,"column":5}},{"start":{"line":281,"column":4},"end":{"line":283,"column":5}}],"line":281},"12":{"loc":{"start":{"line":286,"column":4},"end":{"line":294,"column":5}},"type":"if","locations":[{"start":{"line":286,"column":4},"end":{"line":294,"column":5}},{"start":{"line":286,"column":4},"end":{"line":294,"column":5}}],"line":286},"13":{"loc":{"start":{"line":289,"column":21},"end":{"line":289,"column":52}},"type":"cond-expr","locations":[{"start":{"line":289,"column":39},"end":{"line":289,"column":45}},{"start":{"line":289,"column":48},"end":{"line":289,"column":52}}],"line":289},"14":{"loc":{"start":{"line":485,"column":11},"end":{"line":485,"column":85}},"type":"binary-expr","locations":[{"start":{"line":485,"column":11},"end":{"line":485,"column":28}},{"start":{"line":485,"column":32},"end":{"line":485,"column":85}}],"line":485},"15":{"loc":{"start":{"line":495,"column":4},"end":{"line":504,"column":5}},"type":"if","locations":[{"start":{"line":495,"column":4},"end":{"line":504,"column":5}},{"start":{"line":495,"column":4},"end":{"line":504,"column":5}}],"line":495},"16":{"loc":{"start":{"line":530,"column":11},"end":{"line":530,"column":43}},"type":"binary-expr","locations":[{"start":{"line":530,"column":11},"end":{"line":530,"column":34}},{"start":{"line":530,"column":38},"end":{"line":530,"column":43}}],"line":530},"17":{"loc":{"start":{"line":538,"column":11},"end":{"line":539,"column":44}},"type":"binary-expr","locations":[{"start":{"line":538,"column":11},"end":{"line":538,"column":34}},{"start":{"line":538,"column":38},"end":{"line":538,"column":63}},{"start":{"line":539,"column":9},"end":{"line":539,"column":35}},{"start":{"line":539,"column":39},"end":{"line":539,"column":44}}],"line":538},"18":{"loc":{"start":{"line":547,"column":11},"end":{"line":547,"column":73}},"type":"binary-expr","locations":[{"start":{"line":547,"column":11},"end":{"line":547,"column":34}},{"start":{"line":547,"column":38},"end":{"line":547,"column":64}},{"start":{"line":547,"column":68},"end":{"line":547,"column":73}}],"line":547},"19":{"loc":{"start":{"line":555,"column":11},"end":{"line":556,"column":44}},"type":"binary-expr","locations":[{"start":{"line":555,"column":11},"end":{"line":555,"column":34}},{"start":{"line":555,"column":38},"end":{"line":555,"column":63}},{"start":{"line":556,"column":9},"end":{"line":556,"column":35}},{"start":{"line":556,"column":39},"end":{"line":556,"column":44}}],"line":555},"20":{"loc":{"start":{"line":564,"column":11},"end":{"line":564,"column":73}},"type":"binary-expr","locations":[{"start":{"line":564,"column":11},"end":{"line":564,"column":34}},{"start":{"line":564,"column":38},"end":{"line":564,"column":64}},{"start":{"line":564,"column":68},"end":{"line":564,"column":73}}],"line":564},"21":{"loc":{"start":{"line":580,"column":4},"end":{"line":582,"column":5}},"type":"if","locations":[{"start":{"line":580,"column":4},"end":{"line":582,"column":5}},{"start":{"line":580,"column":4},"end":{"line":582,"column":5}}],"line":580},"22":{"loc":{"start":{"line":584,"column":4},"end":{"line":586,"column":5}},"type":"if","locations":[{"start":{"line":584,"column":4},"end":{"line":586,"column":5}},{"start":{"line":584,"column":4},"end":{"line":586,"column":5}}],"line":584},"23":{"loc":{"start":{"line":610,"column":4},"end":{"line":612,"column":5}},"type":"if","locations":[{"start":{"line":610,"column":4},"end":{"line":612,"column":5}},{"start":{"line":610,"column":4},"end":{"line":612,"column":5}}],"line":610},"24":{"loc":{"start":{"line":614,"column":4},"end":{"line":616,"column":5}},"type":"if","locations":[{"start":{"line":614,"column":4},"end":{"line":616,"column":5}},{"start":{"line":614,"column":4},"end":{"line":616,"column":5}}],"line":614},"25":{"loc":{"start":{"line":614,"column":8},"end":{"line":614,"column":65}},"type":"binary-expr","locations":[{"start":{"line":614,"column":8},"end":{"line":614,"column":31}},{"start":{"line":614,"column":35},"end":{"line":614,"column":65}}],"line":614},"26":{"loc":{"start":{"line":617,"column":4},"end":{"line":619,"column":5}},"type":"if","locations":[{"start":{"line":617,"column":4},"end":{"line":619,"column":5}},{"start":{"line":617,"column":4},"end":{"line":619,"column":5}}],"line":617},"27":{"loc":{"start":{"line":618,"column":13},"end":{"line":618,"column":69}},"type":"binary-expr","locations":[{"start":{"line":618,"column":13},"end":{"line":618,"column":35}},{"start":{"line":618,"column":39},"end":{"line":618,"column":69}}],"line":618},"28":{"loc":{"start":{"line":629,"column":12},"end":{"line":629,"column":29}},"type":"default-arg","locations":[{"start":{"line":629,"column":24},"end":{"line":629,"column":29}}],"line":629},"29":{"loc":{"start":{"line":631,"column":35},"end":{"line":631,"column":69}},"type":"cond-expr","locations":[{"start":{"line":631,"column":47},"end":{"line":631,"column":64}},{"start":{"line":631,"column":67},"end":{"line":631,"column":69}}],"line":631},"30":{"loc":{"start":{"line":645,"column":19},"end":{"line":645,"column":34}},"type":"default-arg","locations":[{"start":{"line":645,"column":30},"end":{"line":645,"column":34}}],"line":645},"31":{"loc":{"start":{"line":667,"column":10},"end":{"line":667,"column":25}},"type":"default-arg","locations":[{"start":{"line":667,"column":21},"end":{"line":667,"column":25}}],"line":667},"32":{"loc":{"start":{"line":667,"column":27},"end":{"line":667,"column":40}},"type":"default-arg","locations":[{"start":{"line":667,"column":35},"end":{"line":667,"column":40}}],"line":667},"33":{"loc":{"start":{"line":670,"column":4},"end":{"line":679,"column":5}},"type":"if","locations":[{"start":{"line":670,"column":4},"end":{"line":679,"column":5}},{"start":{"line":670,"column":4},"end":{"line":679,"column":5}}],"line":670},"34":{"loc":{"start":{"line":670,"column":8},"end":{"line":670,"column":57}},"type":"binary-expr","locations":[{"start":{"line":670,"column":8},"end":{"line":670,"column":22}},{"start":{"line":670,"column":26},"end":{"line":670,"column":57}}],"line":670},"35":{"loc":{"start":{"line":716,"column":13},"end":{"line":716,"column":26}},"type":"default-arg","locations":[{"start":{"line":716,"column":24},"end":{"line":716,"column":26}}],"line":716},"36":{"loc":{"start":{"line":716,"column":28},"end":{"line":716,"column":55}},"type":"default-arg","locations":[{"start":{"line":716,"column":49},"end":{"line":716,"column":55}}],"line":716}},"s":{"0":661,"1":661,"2":661,"3":932,"4":2243,"5":3104,"6":710,"7":1465,"8":760,"9":75,"10":61,"11":75,"12":2,"13":2,"14":4,"15":4,"16":0,"17":4,"18":0,"19":4,"20":0,"21":4,"22":0,"23":4,"24":0,"25":0,"26":4,"27":4,"28":4,"29":4,"30":4,"31":4,"32":4,"33":0,"34":4,"35":0,"36":0,"37":3,"38":3,"39":0,"40":0,"41":63,"42":60,"43":63,"44":0,"45":1,"46":1,"47":1,"48":1,"49":1,"50":1,"51":1,"52":1,"53":1,"54":0,"55":0,"56":1,"57":0,"58":0,"59":0,"60":748,"61":744,"62":4,"63":4,"64":3,"65":1,"66":1,"67":1,"68":1,"69":4,"70":0,"71":2,"72":1,"73":2,"74":2,"75":1,"76":0,"77":0,"78":0,"79":0,"80":22,"81":0,"82":2,"83":0,"84":3,"85":21,"86":1,"87":0,"88":0,"89":2,"90":0,"91":63,"92":66,"93":59,"94":0,"95":0,"96":0,"97":0,"98":0,"99":0,"100":0,"101":0,"102":0,"103":0,"104":0,"105":0,"106":0,"107":1,"108":0,"109":0,"110":0,"111":0,"112":4,"113":0,"114":0,"115":0,"116":0,"117":0,"118":0,"119":0,"120":0,"121":0,"122":0,"123":0,"124":0,"125":0,"126":0,"127":0,"128":0,"129":0,"130":0,"131":0,"132":0,"133":0,"134":0,"135":16,"136":16,"137":16,"138":12,"139":20,"140":7,"141":30,"142":30,"143":18,"144":18,"145":18,"146":18,"147":18,"148":12,"149":30,"150":2},"f":{"0":661,"1":932,"2":2243,"3":3104,"4":710,"5":1465,"6":760,"7":75,"8":2,"9":4,"10":0,"11":3,"12":0,"13":63,"14":0,"15":1,"16":1,"17":1,"18":1,"19":0,"20":0,"21":748,"22":1,"23":0,"24":2,"25":1,"26":2,"27":1,"28":0,"29":0,"30":0,"31":22,"32":0,"33":2,"34":0,"35":3,"36":21,"37":1,"38":0,"39":0,"40":2,"41":0,"42":63,"43":66,"44":59,"45":0,"46":0,"47":0,"48":0,"49":0,"50":1,"51":0,"52":0,"53":0,"54":0,"55":4,"56":0,"57":0,"58":0,"59":0,"60":16,"61":20,"62":7,"63":30,"64":18,"65":2},"b":{"0":[61,14],"1":[4],"2":[0,4],"3":[0,4],"4":[0,4],"5":[0,4],"6":[0,4],"7":[60,3],"8":[1,0],"9":[0,0],"10":[4],"11":[744,4],"12":[3,1],"13":[1,0],"14":[0,0],"15":[0,0],"16":[0,0],"17":[0,0,0,0],"18":[0,0,0],"19":[0,0,0,0],"20":[4,0,0],"21":[0,0],"22":[0,0],"23":[0,0],"24":[0,0],"25":[0,0],"26":[0,0],"27":[0,0],"28":[2],"29":[14,2],"30":[8],"31":[28],"32":[28],"33":[18,12],"34":[30,28],"35":[0],"36":[2]},"_coverageSchema":"1a1c01bbd47fc00a2c39e90264f33305004495a9","hash":"2946b7eb00ae50b2f52fb2ca61a605a6c7fc7f6c"}
,"/home/august/Documents/Code/metasolutions/entrystore.js/src/EntryInfo.js": {"path":"/home/august/Documents/Code/metasolutions/entrystore.js/src/EntryInfo.js","statementMap":{"0":{"start":{"line":12,"column":30},"end":{"line":22,"column":1}},"1":{"start":{"line":13,"column":16},"end":{"line":13,"column":73}},"2":{"start":{"line":14,"column":2},"end":{"line":19,"column":3}},"3":{"start":{"line":14,"column":15},"end":{"line":14,"column":16}},"4":{"start":{"line":15,"column":14},"end":{"line":15,"column":40}},"5":{"start":{"line":16,"column":4},"end":{"line":18,"column":5}},"6":{"start":{"line":17,"column":6},"end":{"line":17,"column":15}},"7":{"start":{"line":21,"column":2},"end":{"line":21,"column":23}},"8":{"start":{"line":37,"column":4},"end":{"line":37,"column":82}},"9":{"start":{"line":38,"column":4},"end":{"line":38,"column":39}},"10":{"start":{"line":39,"column":4},"end":{"line":39,"column":34}},"11":{"start":{"line":46,"column":4},"end":{"line":46,"column":23}},"12":{"start":{"line":53,"column":4},"end":{"line":53,"column":24}},"13":{"start":{"line":60,"column":4},"end":{"line":60,"column":23}},"14":{"start":{"line":71,"column":15},"end":{"line":71,"column":42}},"15":{"start":{"line":73,"column":4},"end":{"line":75,"column":5}},"16":{"start":{"line":74,"column":6},"end":{"line":74,"column":39}},"17":{"start":{"line":76,"column":14},"end":{"line":89,"column":8}},"18":{"start":{"line":79,"column":8},"end":{"line":87,"column":9}},"19":{"start":{"line":80,"column":10},"end":{"line":80,"column":45}},"20":{"start":{"line":81,"column":10},"end":{"line":86,"column":13}},"21":{"start":{"line":81,"column":50},"end":{"line":81,"column":54}},"22":{"start":{"line":84,"column":12},"end":{"line":84,"column":53}},"23":{"start":{"line":85,"column":12},"end":{"line":85,"column":24}},"24":{"start":{"line":88,"column":8},"end":{"line":88,"column":20}},"25":{"start":{"line":91,"column":4},"end":{"line":91,"column":48}},"26":{"start":{"line":98,"column":4},"end":{"line":98,"column":26}},"27":{"start":{"line":105,"column":4},"end":{"line":105,"column":46}},"28":{"start":{"line":118,"column":4},"end":{"line":118,"column":22}},"29":{"start":{"line":131,"column":4},"end":{"line":131,"column":26}},"30":{"start":{"line":138,"column":4},"end":{"line":138,"column":75}},"31":{"start":{"line":146,"column":4},"end":{"line":146,"column":78}},"32":{"start":{"line":153,"column":4},"end":{"line":153,"column":70}},"33":{"start":{"line":154,"column":4},"end":{"line":154,"column":92}},"34":{"start":{"line":161,"column":4},"end":{"line":161,"column":64}},"35":{"start":{"line":168,"column":4},"end":{"line":168,"column":70}},"36":{"start":{"line":175,"column":27},"end":{"line":175,"column":48}},"37":{"start":{"line":176,"column":4},"end":{"line":176,"column":62}},"38":{"start":{"line":177,"column":4},"end":{"line":177,"column":84}},"39":{"start":{"line":178,"column":4},"end":{"line":183,"column":5}},"40":{"start":{"line":179,"column":20},"end":{"line":179,"column":52}},"41":{"start":{"line":180,"column":6},"end":{"line":182,"column":7}},"42":{"start":{"line":180,"column":19},"end":{"line":180,"column":20}},"43":{"start":{"line":181,"column":8},"end":{"line":181,"column":33}},"44":{"start":{"line":191,"column":15},"end":{"line":191,"column":73}},"45":{"start":{"line":192,"column":4},"end":{"line":192,"column":44}},"46":{"start":{"line":205,"column":4},"end":{"line":205,"column":59}},"47":{"start":{"line":217,"column":4},"end":{"line":217,"column":56}},"48":{"start":{"line":240,"column":14},"end":{"line":245,"column":5}},"49":{"start":{"line":241,"column":6},"end":{"line":243,"column":7}},"50":{"start":{"line":242,"column":8},"end":{"line":242,"column":51}},"51":{"start":{"line":244,"column":6},"end":{"line":244,"column":29}},"52":{"start":{"line":246,"column":15},"end":{"line":246,"column":36}},"53":{"start":{"line":247,"column":15},"end":{"line":247,"column":36}},"54":{"start":{"line":248,"column":16},"end":{"line":254,"column":5}},"55":{"start":{"line":255,"column":4},"end":{"line":256,"column":86}},"56":{"start":{"line":257,"column":4},"end":{"line":257,"column":15}},"57":{"start":{"line":266,"column":4},"end":{"line":266,"column":41}},"58":{"start":{"line":280,"column":14},"end":{"line":280,"column":25}},"59":{"start":{"line":281,"column":14},"end":{"line":292,"column":5}},"60":{"start":{"line":282,"column":6},"end":{"line":282,"column":34}},"61":{"start":{"line":283,"column":6},"end":{"line":291,"column":9}},"62":{"start":{"line":284,"column":8},"end":{"line":290,"column":9}},"63":{"start":{"line":286,"column":10},"end":{"line":286,"column":70}},"64":{"start":{"line":289,"column":10},"end":{"line":289,"column":63}},"65":{"start":{"line":293,"column":17},"end":{"line":293,"column":26}},"66":{"start":{"line":294,"column":15},"end":{"line":294,"column":36}},"67":{"start":{"line":295,"column":15},"end":{"line":295,"column":36}},"68":{"start":{"line":296,"column":17},"end":{"line":296,"column":84}},"69":{"start":{"line":297,"column":4},"end":{"line":297,"column":57}},"70":{"start":{"line":298,"column":4},"end":{"line":298,"column":44}},"71":{"start":{"line":299,"column":4},"end":{"line":299,"column":46}},"72":{"start":{"line":300,"column":4},"end":{"line":300,"column":44}},"73":{"start":{"line":301,"column":4},"end":{"line":301,"column":46}},"74":{"start":{"line":312,"column":4},"end":{"line":312,"column":66}},"75":{"start":{"line":329,"column":17},"end":{"line":329,"column":19}},"76":{"start":{"line":330,"column":18},"end":{"line":330,"column":39}},"77":{"start":{"line":331,"column":18},"end":{"line":331,"column":61}},"78":{"start":{"line":333,"column":4},"end":{"line":335,"column":5}},"79":{"start":{"line":334,"column":6},"end":{"line":334,"column":18}},"80":{"start":{"line":336,"column":14},"end":{"line":336,"column":35}},"81":{"start":{"line":337,"column":15},"end":{"line":337,"column":31}},"82":{"start":{"line":338,"column":4},"end":{"line":346,"column":5}},"83":{"start":{"line":339,"column":6},"end":{"line":344,"column":9}},"84":{"start":{"line":345,"column":6},"end":{"line":345,"column":66}},"85":{"start":{"line":347,"column":4},"end":{"line":354,"column":7}},"86":{"start":{"line":348,"column":6},"end":{"line":352,"column":7}},"87":{"start":{"line":349,"column":8},"end":{"line":349,"column":18}},"88":{"start":{"line":350,"column":13},"end":{"line":352,"column":7}},"89":{"start":{"line":351,"column":8},"end":{"line":351,"column":17}},"90":{"start":{"line":353,"column":6},"end":{"line":353,"column":15}},"91":{"start":{"line":355,"column":4},"end":{"line":355,"column":16}},"92":{"start":{"line":364,"column":17},"end":{"line":364,"column":66}},"93":{"start":{"line":365,"column":4},"end":{"line":365,"column":27}},"94":{"start":{"line":373,"column":4},"end":{"line":373,"column":107}},"95":{"start":{"line":384,"column":4},"end":{"line":384,"column":99}},"96":{"start":{"line":385,"column":4},"end":{"line":390,"column":5}},"97":{"start":{"line":386,"column":6},"end":{"line":389,"column":9}},"98":{"start":{"line":397,"column":4},"end":{"line":397,"column":96}},"99":{"start":{"line":407,"column":4},"end":{"line":407,"column":88}},"100":{"start":{"line":408,"column":4},"end":{"line":410,"column":5}},"101":{"start":{"line":409,"column":6},"end":{"line":409,"column":89}},"102":{"start":{"line":417,"column":4},"end":{"line":417,"column":81}},"103":{"start":{"line":426,"column":4},"end":{"line":426,"column":73}},"104":{"start":{"line":427,"column":4},"end":{"line":429,"column":5}},"105":{"start":{"line":428,"column":6},"end":{"line":428,"column":73}},"106":{"start":{"line":436,"column":14},"end":{"line":436,"column":96}},"107":{"start":{"line":437,"column":4},"end":{"line":437,"column":30}},"108":{"start":{"line":445,"column":14},"end":{"line":445,"column":97}},"109":{"start":{"line":446,"column":4},"end":{"line":448,"column":5}},"110":{"start":{"line":447,"column":6},"end":{"line":447,"column":32}},"111":{"start":{"line":449,"column":4},"end":{"line":449,"column":34}},"112":{"start":{"line":456,"column":4},"end":{"line":456,"column":94}},"113":{"start":{"line":463,"column":19},"end":{"line":463,"column":103}},"114":{"start":{"line":464,"column":4},"end":{"line":466,"column":5}},"115":{"start":{"line":465,"column":6},"end":{"line":465,"column":34}},"116":{"start":{"line":467,"column":4},"end":{"line":467,"column":21}},"117":{"start":{"line":475,"column":4},"end":{"line":475,"column":117}},"118":{"start":{"line":475,"column":100},"end":{"line":475,"column":115}}},"fnMap":{"0":{"name":"(anonymous_0)","decl":{"start":{"line":12,"column":30},"end":{"line":12,"column":31}},"loc":{"start":{"line":12,"column":48},"end":{"line":22,"column":1}},"line":12},"1":{"name":"(anonymous_1)","decl":{"start":{"line":36,"column":2},"end":{"line":36,"column":3}},"loc":{"start":{"line":36,"column":43},"end":{"line":40,"column":3}},"line":36},"2":{"name":"(anonymous_2)","decl":{"start":{"line":45,"column":2},"end":{"line":45,"column":3}},"loc":{"start":{"line":45,"column":13},"end":{"line":47,"column":3}},"line":45},"3":{"name":"(anonymous_3)","decl":{"start":{"line":52,"column":2},"end":{"line":52,"column":3}},"loc":{"start":{"line":52,"column":18},"end":{"line":54,"column":3}},"line":52},"4":{"name":"(anonymous_4)","decl":{"start":{"line":59,"column":2},"end":{"line":59,"column":3}},"loc":{"start":{"line":59,"column":13},"end":{"line":61,"column":3}},"line":59},"5":{"name":"(anonymous_5)","decl":{"start":{"line":70,"column":2},"end":{"line":70,"column":3}},"loc":{"start":{"line":70,"column":47},"end":{"line":92,"column":3}},"line":70},"6":{"name":"(anonymous_6)","decl":{"start":{"line":78,"column":12},"end":{"line":78,"column":13}},"loc":{"start":{"line":78,"column":18},"end":{"line":89,"column":7}},"line":78},"7":{"name":"(anonymous_7)","decl":{"start":{"line":81,"column":44},"end":{"line":81,"column":45}},"loc":{"start":{"line":81,"column":50},"end":{"line":81,"column":54}},"line":81},"8":{"name":"(anonymous_8)","decl":{"start":{"line":81,"column":56},"end":{"line":81,"column":57}},"loc":{"start":{"line":81,"column":62},"end":{"line":86,"column":11}},"line":81},"9":{"name":"(anonymous_9)","decl":{"start":{"line":97,"column":2},"end":{"line":97,"column":3}},"loc":{"start":{"line":97,"column":16},"end":{"line":99,"column":3}},"line":97},"10":{"name":"(anonymous_10)","decl":{"start":{"line":104,"column":2},"end":{"line":104,"column":3}},"loc":{"start":{"line":104,"column":10},"end":{"line":106,"column":3}},"line":104},"11":{"name":"(anonymous_11)","decl":{"start":{"line":117,"column":2},"end":{"line":117,"column":3}},"loc":{"start":{"line":117,"column":12},"end":{"line":119,"column":3}},"line":117},"12":{"name":"(anonymous_12)","decl":{"start":{"line":130,"column":2},"end":{"line":130,"column":3}},"loc":{"start":{"line":130,"column":15},"end":{"line":132,"column":3}},"line":130},"13":{"name":"(anonymous_13)","decl":{"start":{"line":137,"column":2},"end":{"line":137,"column":3}},"loc":{"start":{"line":137,"column":19},"end":{"line":139,"column":3}},"line":137},"14":{"name":"(anonymous_14)","decl":{"start":{"line":144,"column":2},"end":{"line":144,"column":3}},"loc":{"start":{"line":144,"column":27},"end":{"line":147,"column":3}},"line":144},"15":{"name":"(anonymous_15)","decl":{"start":{"line":152,"column":2},"end":{"line":152,"column":3}},"loc":{"start":{"line":152,"column":30},"end":{"line":155,"column":3}},"line":152},"16":{"name":"(anonymous_16)","decl":{"start":{"line":160,"column":2},"end":{"line":160,"column":3}},"loc":{"start":{"line":160,"column":33},"end":{"line":162,"column":3}},"line":160},"17":{"name":"(anonymous_17)","decl":{"start":{"line":167,"column":2},"end":{"line":167,"column":3}},"loc":{"start":{"line":167,"column":19},"end":{"line":169,"column":3}},"line":167},"18":{"name":"(anonymous_18)","decl":{"start":{"line":174,"column":2},"end":{"line":174,"column":3}},"loc":{"start":{"line":174,"column":22},"end":{"line":184,"column":3}},"line":174},"19":{"name":"(anonymous_19)","decl":{"start":{"line":190,"column":2},"end":{"line":190,"column":3}},"loc":{"start":{"line":190,"column":17},"end":{"line":193,"column":3}},"line":190},"20":{"name":"(anonymous_20)","decl":{"start":{"line":204,"column":2},"end":{"line":204,"column":3}},"loc":{"start":{"line":204,"column":20},"end":{"line":206,"column":3}},"line":204},"21":{"name":"(anonymous_21)","decl":{"start":{"line":216,"column":2},"end":{"line":216,"column":3}},"loc":{"start":{"line":216,"column":17},"end":{"line":218,"column":3}},"line":216},"22":{"name":"(anonymous_22)","decl":{"start":{"line":239,"column":2},"end":{"line":239,"column":3}},"loc":{"start":{"line":239,"column":24},"end":{"line":258,"column":3}},"line":239},"23":{"name":"(anonymous_23)","decl":{"start":{"line":240,"column":14},"end":{"line":240,"column":15}},"loc":{"start":{"line":240,"column":24},"end":{"line":245,"column":5}},"line":240},"24":{"name":"(anonymous_24)","decl":{"start":{"line":265,"column":2},"end":{"line":265,"column":3}},"loc":{"start":{"line":265,"column":11},"end":{"line":267,"column":3}},"line":265},"25":{"name":"(anonymous_25)","decl":{"start":{"line":279,"column":2},"end":{"line":279,"column":3}},"loc":{"start":{"line":279,"column":14},"end":{"line":302,"column":3}},"line":279},"26":{"name":"(anonymous_26)","decl":{"start":{"line":281,"column":14},"end":{"line":281,"column":15}},"loc":{"start":{"line":281,"column":48},"end":{"line":292,"column":5}},"line":281},"27":{"name":"(anonymous_27)","decl":{"start":{"line":283,"column":33},"end":{"line":283,"column":34}},"loc":{"start":{"line":283,"column":48},"end":{"line":291,"column":7}},"line":283},"28":{"name":"(anonymous_28)","decl":{"start":{"line":310,"column":2},"end":{"line":310,"column":3}},"loc":{"start":{"line":310,"column":25},"end":{"line":313,"column":3}},"line":310},"29":{"name":"(anonymous_29)","decl":{"start":{"line":328,"column":2},"end":{"line":328,"column":3}},"loc":{"start":{"line":328,"column":25},"end":{"line":356,"column":3}},"line":328},"30":{"name":"(anonymous_30)","decl":{"start":{"line":347,"column":14},"end":{"line":347,"column":15}},"loc":{"start":{"line":347,"column":26},"end":{"line":354,"column":5}},"line":347},"31":{"name":"(anonymous_31)","decl":{"start":{"line":363,"column":2},"end":{"line":363,"column":3}},"loc":{"start":{"line":363,"column":46},"end":{"line":366,"column":3}},"line":363},"32":{"name":"(anonymous_32)","decl":{"start":{"line":372,"column":2},"end":{"line":372,"column":3}},"loc":{"start":{"line":372,"column":13},"end":{"line":374,"column":3}},"line":372},"33":{"name":"(anonymous_33)","decl":{"start":{"line":383,"column":2},"end":{"line":383,"column":3}},"loc":{"start":{"line":383,"column":18},"end":{"line":391,"column":3}},"line":383},"34":{"name":"(anonymous_34)","decl":{"start":{"line":396,"column":2},"end":{"line":396,"column":3}},"loc":{"start":{"line":396,"column":14},"end":{"line":398,"column":3}},"line":396},"35":{"name":"(anonymous_35)","decl":{"start":{"line":406,"column":2},"end":{"line":406,"column":3}},"loc":{"start":{"line":406,"column":20},"end":{"line":411,"column":3}},"line":406},"36":{"name":"(anonymous_36)","decl":{"start":{"line":416,"column":2},"end":{"line":416,"column":3}},"loc":{"start":{"line":416,"column":14},"end":{"line":418,"column":3}},"line":416},"37":{"name":"(anonymous_37)","decl":{"start":{"line":425,"column":2},"end":{"line":425,"column":3}},"loc":{"start":{"line":425,"column":20},"end":{"line":430,"column":3}},"line":425},"38":{"name":"(anonymous_38)","decl":{"start":{"line":435,"column":2},"end":{"line":435,"column":3}},"loc":{"start":{"line":435,"column":20},"end":{"line":438,"column":3}},"line":435},"39":{"name":"(anonymous_39)","decl":{"start":{"line":444,"column":2},"end":{"line":444,"column":3}},"loc":{"start":{"line":444,"column":24},"end":{"line":450,"column":3}},"line":444},"40":{"name":"(anonymous_40)","decl":{"start":{"line":455,"column":2},"end":{"line":455,"column":3}},"loc":{"start":{"line":455,"column":15},"end":{"line":457,"column":3}},"line":455},"41":{"name":"(anonymous_41)","decl":{"start":{"line":462,"column":2},"end":{"line":462,"column":3}},"loc":{"start":{"line":462,"column":12},"end":{"line":468,"column":3}},"line":462},"42":{"name":"(anonymous_42)","decl":{"start":{"line":474,"column":2},"end":{"line":474,"column":3}},"loc":{"start":{"line":474,"column":20},"end":{"line":476,"column":3}},"line":474},"43":{"name":"(anonymous_43)","decl":{"start":{"line":475,"column":92},"end":{"line":475,"column":93}},"loc":{"start":{"line":475,"column":100},"end":{"line":475,"column":115}},"line":475}},"branchMap":{"0":{"loc":{"start":{"line":16,"column":4},"end":{"line":18,"column":5}},"type":"if","locations":[{"start":{"line":16,"column":4},"end":{"line":18,"column":5}},{"start":{"line":16,"column":4},"end":{"line":18,"column":5}}],"line":16},"1":{"loc":{"start":{"line":37,"column":21},"end":{"line":37,"column":81}},"type":"binary-expr","locations":[{"start":{"line":37,"column":21},"end":{"line":37,"column":29}},{"start":{"line":37,"column":33},"end":{"line":37,"column":81}}],"line":37},"2":{"loc":{"start":{"line":38,"column":18},"end":{"line":38,"column":38}},"type":"binary-expr","locations":[{"start":{"line":38,"column":18},"end":{"line":38,"column":23}},{"start":{"line":38,"column":27},"end":{"line":38,"column":38}}],"line":38},"3":{"loc":{"start":{"line":70,"column":9},"end":{"line":70,"column":45}},"type":"default-arg","locations":[{"start":{"line":70,"column":40},"end":{"line":70,"column":45}}],"line":70},"4":{"loc":{"start":{"line":73,"column":4},"end":{"line":75,"column":5}},"type":"if","locations":[{"start":{"line":73,"column":4},"end":{"line":75,"column":5}},{"start":{"line":73,"column":4},"end":{"line":75,"column":5}}],"line":73},"5":{"loc":{"start":{"line":79,"column":8},"end":{"line":87,"column":9}},"type":"if","locations":[{"start":{"line":79,"column":8},"end":{"line":87,"column":9}},{"start":{"line":79,"column":8},"end":{"line":87,"column":9}}],"line":79},"6":{"loc":{"start":{"line":178,"column":4},"end":{"line":183,"column":5}},"type":"if","locations":[{"start":{"line":178,"column":4},"end":{"line":183,"column":5}},{"start":{"line":178,"column":4},"end":{"line":183,"column":5}}],"line":178},"7":{"loc":{"start":{"line":192,"column":27},"end":{"line":192,"column":42}},"type":"binary-expr","locations":[{"start":{"line":192,"column":27},"end":{"line":192,"column":29}},{"start":{"line":192,"column":33},"end":{"line":192,"column":42
[...]
nd":{"line":62,"column":2}},"3":{"start":{"line":26,"column":20},"end":{"line":28,"column":3}},"4":{"start":{"line":27,"column":4},"end":{"line":27,"column":16}},"5":{"start":{"line":29,"column":2},"end":{"line":61,"column":3}},"6":{"start":{"line":30,"column":20},"end":{"line":30,"column":22}},"7":{"start":{"line":31,"column":4},"end":{"line":31,"column":24}},"8":{"start":{"line":32,"column":4},"end":{"line":39,"column":6}},"9":{"start":{"line":33,"column":6},"end":{"line":33,"column":27}},"10":{"start":{"line":34,"column":6},"end":{"line":36,"column":7}},"11":{"start":{"line":35,"column":8},"end":{"line":35,"column":80}},"12":{"start":{"line":37,"column":6},"end":{"line":37,"column":23}},"13":{"start":{"line":38,"column":6},"end":{"line":38,"column":23}},"14":{"start":{"line":40,"column":4},"end":{"line":44,"column":5}},"15":{"start":{"line":41,"column":6},"end":{"line":41,"column":23}},"16":{"start":{"line":43,"column":6},"end":{"line":43,"column":71}},"17":{"start":{"line":45,"column":9},"end":{"line":61,"column":3}},"18":{"start":{"line":46,"column":4},"end":{"line":46,"column":29}},"19":{"start":{"line":48,"column":22},"end":{"line":51,"column":5}},"20":{"start":{"line":49,"column":6},"end":{"line":49,"column":30}},"21":{"start":{"line":50,"column":6},"end":{"line":50,"column":15}},"22":{"start":{"line":52,"column":4},"end":{"line":59,"column":6}},"23":{"start":{"line":53,"column":6},"end":{"line":58,"column":7}},"24":{"start":{"line":54,"column":8},"end":{"line":54,"column":30}},"25":{"start":{"line":55,"column":8},"end":{"line":55,"column":79}},"26":{"start":{"line":57,"column":8},"end":{"line":57,"column":23}},"27":{"start":{"line":60,"column":4},"end":{"line":60,"column":13}},"28":{"start":{"line":71,"column":0},"end":{"line":79,"column":2}},"29":{"start":{"line":72,"column":2},"end":{"line":74,"column":3}},"30":{"start":{"line":73,"column":4},"end":{"line":73,"column":17}},"31":{"start":{"line":75,"column":2},"end":{"line":77,"column":3}},"32":{"start":{"line":76,"column":4},"end":{"line":76,"column":33}},"33":{"start":{"line":78,"column":2},"end":{"line":78,"column":32}},"34":{"start":{"line":90,"column":0},"end":{"line":90,"column":88}},"35":{"start":{"line":90,"column":33},"end":{"line":90,"column":87}},"36":{"start":{"line":90,"column":56},"end":{"line":90,"column":86}}},"fnMap":{"0":{"name":"(anonymous_0)","decl":{"start":{"line":23,"column":22},"end":{"line":23,"column":23}},"loc":{"start":{"line":23,"column":39},"end":{"line":62,"column":2}},"line":23},"1":{"name":"(anonymous_1)","decl":{"start":{"line":23,"column":51},"end":{"line":23,"column":52}},"loc":{"start":{"line":23,"column":72},"end":{"line":62,"column":1}},"line":23},"2":{"name":"(anonymous_2)","decl":{"start":{"line":26,"column":20},"end":{"line":26,"column":21}},"loc":{"start":{"line":26,"column":29},"end":{"line":28,"column":3}},"line":26},"3":{"name":"(anonymous_3)","decl":{"start":{"line":32,"column":13},"end":{"line":32,"column":14}},"loc":{"start":{"line":32,"column":25},"end":{"line":39,"column":5}},"line":32},"4":{"name":"(anonymous_4)","decl":{"start":{"line":48,"column":22},"end":{"line":48,"column":23}},"loc":{"start":{"line":48,"column":34},"end":{"line":51,"column":5}},"line":48},"5":{"name":"(anonymous_5)","decl":{"start":{"line":52,"column":13},"end":{"line":52,"column":14}},"loc":{"start":{"line":52,"column":19},"end":{"line":59,"column":5}},"line":52},"6":{"name":"(anonymous_6)","decl":{"start":{"line":71,"column":24},"end":{"line":71,"column":25}},"loc":{"start":{"line":71,"column":35},"end":{"line":79,"column":1}},"line":71},"7":{"name":"(anonymous_7)","decl":{"start":{"line":90,"column":20},"end":{"line":90,"column":21}},"loc":{"start":{"line":90,"column":33},"end":{"line":90,"column":87}},"line":90},"8":{"name":"(anonymous_8)","decl":{"start":{"line":90,"column":45},"end":{"line":90,"column":46}},"loc":{"start":{"line":90,"column":56},"end":{"line":90,"column":86}},"line":90}},"branchMap":{"0":{"loc":{"start":{"line":29,"column":2},"end":{"line":61,"column":3}},"type":"if","locations":[{"start":{"line":29,"column":2},"end":{"line":61,"column":3}},{"start":{"line":29,"column":2},"end":{"line":61,"column":3}}],"line":29},"1":{"loc":{"start":{"line":34,"column":6},"end":{"line":36,"column":7}},"type":"if","locations":[{"start":{"line":34,"column":6},"end":{"line":36,"column":7}},{"start":{"line":34,"column":6},"end":{"line":36,"column":7}}],"line":34},"2":{"loc":{"start":{"line":40,"column":4},"end":{"line":44,"column":5}},"type":"if","locations":[{"start":{"line":40,"column":4},"end":{"line":44,"column":5}},{"start":{"line":40,"column":4},"end":{"line":44,"column":5}}],"line":40},"3":{"loc":{"start":{"line":45,"column":9},"end":{"line":61,"column":3}},"type":"if","locations":[{"start":{"line":45,"column":9},"end":{"line":61,"column":3}},{"start":{"line":45,"column":9},"end":{"line":61,"column":3}}],"line":45},"4":{"loc":{"start":{"line":53,"column":6},"end":{"line":58,"column":7}},"type":"if","locations":[{"start":{"line":53,"column":6},"end":{"line":58,"column":7}},{"start":{"line":53,"column":6},"end":{"line":58,"column":7}}],"line":53},"5":{"loc":{"start":{"line":72,"column":2},"end":{"line":74,"column":3}},"type":"if","locations":[{"start":{"line":72,"column":2},"end":{"line":74,"column":3}},{"start":{"line":72,"column":2},"end":{"line":74,"column":3}}],"line":72},"6":{"loc":{"start":{"line":72,"column":6},"end":{"line":72,"column":85}},"type":"binary-expr","locations":[{"start":{"line":72,"column":6},"end":{"line":72,"column":31}},{"start":{"line":72,"column":35},"end":{"line":72,"column":49}},{"start":{"line":72,"column":53},"end":{"line":72,"column":85}}],"line":72},"7":{"loc":{"start":{"line":75,"column":2},"end":{"line":77,"column":3}},"type":"if","locations":[{"start":{"line":75,"column":2},"end":{"line":77,"column":3}},{"start":{"line":75,"column":2},"end":{"line":77,"column":3}}],"line":75}},"s":{"0":0,"1":0,"2":0,"3":0,"4":0,"5":0,"6":0,"7":0,"8":0,"9":0,"10":0,"11":0,"12":0,"13":0,"14":0,"15":0,"16":0,"17":0,"18":0,"19":0,"20":0,"21":0,"22":0,"23":0,"24":0,"25":0,"26":0,"27":0,"28":0,"29":0,"30":0,"31":0,"32":0,"33":0,"34":0,"35":0,"36":0},"f":{"0":0,"1":0,"2":0,"3":0,"4":0,"5":0,"6":0,"7":0,"8":0},"b":{"0":[0,0],"1":[0,0],"2":[0,0],"3":[0,0],"4":[0,0],"5":[0,0],"6":[0,0,0],"7":[0,0]}}
,"/home/august/Documents/Code/metasolutions/entrystore.js/src/terms.js": {"path":"/home/august/Documents/Code/metasolutions/entrystore.js/src/terms.js","statementMap":{"0":{"start":{"line":4,"column":12},"end":{"line":10,"column":1}},"1":{"start":{"line":5,"column":15},"end":{"line":5,"column":17}},"2":{"start":{"line":6,"column":2},"end":{"line":8,"column":5}},"3":{"start":{"line":7,"column":4},"end":{"line":7,"column":25}},"4":{"start":{"line":9,"column":2},"end":{"line":9,"column":14}},"5":{"start":{"line":13,"column":11},"end":{"line":13,"column":41}},"6":{"start":{"line":14,"column":14},"end":{"line":14,"column":59}},"7":{"start":{"line":15,"column":14},"end":{"line":15,"column":49}},"8":{"start":{"line":16,"column":0},"end":{"line":16,"column":53}},"9":{"start":{"line":17,"column":0},"end":{"line":17,"column":28}},"10":{"start":{"line":18,"column":0},"end":{"line":18,"column":73}},"11":{"start":{"line":20,"column":14},"end":{"line":63,"column":1}},"12":{"start":{"line":66,"column":11},"end":{"line":66,"column":13}},"13":{"start":{"line":67,"column":0},"end":{"line":67,"column":34}},"14":{"start":{"line":68,"column":0},"end":{"line":68,"column":32}},"15":{"start":{"line":69,"column":0},"end":{"line":69,"column":44}},"16":{"start":{"line":70,"column":0},"end":{"line":70,"column":36}},"17":{"start":{"line":71,"column":0},"end":{"line":71,"column":28}},"18":{"start":{"line":72,"column":0},"end":{"line":72,"column":21}},"19":{"start":{"line":73,"column":0},"end":{"line":73,"column":29}},"20":{"start":{"line":76,"column":11},"end":{"line":76,"column":13}},"21":{"start":{"line":77,"column":0},"end":{"line":77,"column":32}},"22":{"start":{"line":78,"column":0},"end":{"line":78,"column":38}},"23":{"start":{"line":79,"column":0},"end":{"line":79,"column":50}},"24":{"start":{"line":80,"column":0},"end":{"line":80,"column":32}},"25":{"start":{"line":81,"column":0},"end":{"line":81,"column":34}},"26":{"start":{"line":82,"column":0},"end":{"line":82,"column":32}},"27":{"start":{"line":83,"column":0},"end":{"line":83,"column":44}},"28":{"start":{"line":84,"column":0},"end":{"line":84,"column":34}},"29":{"start":{"line":85,"column":0},"end":{"line":85,"column":40}},"30":{"start":{"line":86,"column":0},"end":{"line":86,"column":52}},"31":{"start":{"line":87,"column":0},"end":{"line":87,"column":36}},"32":{"start":{"line":88,"column":0},"end":{"line":88,"column":27}},"33":{"start":{"line":89,"column":0},"end":{"line":89,"column":21}},"34":{"start":{"line":90,"column":0},"end":{"line":90,"column":29}},"35":{"start":{"line":93,"column":11},"end":{"line":93,"column":13}},"36":{"start":{"line":94,"column":0},"end":{"line":94,"column":62}},"37":{"start":{"line":95,"column":0},"end":{"line":95,"column":82}},"38":{"start":{"line":96,"column":0},"end":{"line":96,"column":50}},"39":{"start":{"line":97,"column":0},"end":{"line":97,"column":38}},"40":{"start":{"line":98,"column":0},"end":{"line":98,"column":42}},"41":{"start":{"line":99,"column":0},"end":{"line":99,"column":24}},"42":{"start":{"line":100,"column":0},"end":{"line":100,"column":32}},"43":{"start":{"line":103,"column":17},"end":{"line":106,"column":1}},"44":{"start":{"line":107,"column":0},"end":{"line":107,"column":31}}},"fnMap":{"0":{"name":"(anonymous_0)","decl":{"start":{"line":4,"column":12},"end":{"line":4,"column":13}},"loc":{"start":{"line":4,"column":21},"end":{"line":10,"column":1}},"line":4},"1":{"name":"(anonymous_1)","decl":{"start":{"line":6,"column":27},"end":{"line":6,"column":28}},"loc":{"start":{"line":6,"column":36},"end":{"line":8,"column":3}},"line":6}},"branchMap":{},"s":{"0":11,"1":33,"2":33,"3":242,"4":33,"5":11,"6":11,"7":11,"8":11,"9":11,"10":11,"11":11,"12":11,"13":11,"14":11,"15":11,"16":11,"17":11,"18":11,"19":11,"20":11,"21":11,"22":11,"23":11,"24":11,"25":11,"26":11,"27":11,"28":11,"29":11,"30":11,"31":11,"32":11,"33":11,"34":11,"35":11,"36":11,"37":11,"38":11,"39":11,"40":11,"41":11,"42":11,"43":11,"44":11},"f":{"0":33,"1":242},"b":{},"_coverageSchema":"1a1c01bbd47fc00a2c39e90264f33305004495a9","hash":"dff968b055efa71a00f4cfd8982567841bf97325"}
,"/home/august/Documents/Code/metasolutions/entrystore.js/src/types.js": {"path":"/home/august/Documents/Code/metasolutions/entrystore.js/src/types.js","statementMap":{"0":{"start":{"line":7,"column":14},"end":{"line":150,"column":1}}},"fnMap":{},"branchMap":{},"s":{"0":11},"f":{},"b":{},"_coverageSchema":"1a1c01bbd47fc00a2c39e90264f33305004495a9","hash":"093bc4a56d8162e2057280c8b4c8ee21be3c6be9"}
,"/home/august/Documents/Code/metasolutions/entrystore.js/src/utils.js": {"path":"/home/august/Documents/Code/metasolutions/entrystore.js/src/utils.js","statementMap":{"0":{"start":{"line":2,"column":14},"end":{"line":2,"column":16}},"1":{"start":{"line":4,"column":0},"end":{"line":18,"column":2}},"2":{"start":{"line":5,"column":13},"end":{"line":5,"column":38}},"3":{"start":{"line":6,"column":15},"end":{"line":6,"column":53}},"4":{"start":{"line":7,"column":27},"end":{"line":7,"column":29}},"5":{"start":{"line":8,"column":2},"end":{"line":16,"column":5}},"6":{"start":{"line":9,"column":4},"end":{"line":15,"column":5}},"7":{"start":{"line":10,"column":18},"end":{"line":10,"column":33}},"8":{"start":{"line":11,"column":6},"end":{"line":14,"column":7}},"9":{"start":{"line":12,"column":20},"end":{"line":12,"column":76}},"10":{"start":{"line":13,"column":8},"end":{"line":13,"column":35}},"11":{"start":{"line":17,"column":2},"end":{"line":17,"column":26}},"12":{"start":{"line":20,"column":0},"end":{"line":23,"column":2}},"13":{"start":{"line":21,"column":13},"end":{"line":21,"column":38}},"14":{"start":{"line":22,"column":2},"end":{"line":22,"column":90}},"15":{"start":{"line":22,"column":71},"end":{"line":22,"column":87}},"16":{"start":{"line":25,"column":0},"end":{"line":50,"column":2}},"17":{"start":{"line":26,"column":13},"end":{"line":26,"column":34}},"18":{"start":{"line":27,"column":16},"end":{"line":27,"column":29}},"19":{"start":{"line":28,"column":19},"end":{"line":28,"column":51}},"20":{"start":{"line":29,"column":24},"end":{"line":33,"column":4}},"21":{"start":{"line":30,"column":17},"end":{"line":30,"column":34}},"22":{"start":{"line":31,"column":17},"end":{"line":31,"column":75}},"23":{"start":{"line":32,"column":4},"end":{"line":32,"column":29}},"24":{"start":{"line":34,"column":2},"end":{"line":49,"column":6}},"25":{"start":{"line":34,"column":32},"end":{"line":49,"column":4}},"26":{"start":{"line":35,"column":21},"end":{"line":39,"column":6}},"27":{"start":{"line":36,"column":17},"end":{"line":36,"column":39}},"28":{"start":{"line":37,"column":6},"end":{"line":37,"column":22}},"29":{"start":{"line":38,"column":6},"end":{"line":38,"column":39}},"30":{"start":{"line":40,"column":17},"end":{"line":40,"column":51}},"31":{"start":{"line":41,"column":4},"end":{"line":47,"column":7}},"32":{"start":{"line":42,"column":16},"end":{"line":42,"column":30}},"33":{"start":{"line":43,"column":6},"end":{"line":46,"column":7}},"34":{"start":{"line":44,"column":8},"end":{"line":44,"column":29}},"35":{"start":{"line":45,"column":8},"end":{"line":45,"column":35}},"36":{"start":{"line":48,"column":4},"end":{"line":48,"column":33}},"37":{"start":{"line":52,"column":0},"end":{"line":58,"column":2}},"38":{"start":{"line":53,"column":2},"end":{"line":53,"column":94}},"39":{"start":{"line":54,"column":2},"end":{"line":57,"column":5}},"40":{"start":{"line":55,"column":4},"end":{"line":55,"column":31}},"41":{"start":{"line":56,"column":4},"end":{"line":56,"column":29}},"42":{"start":{"line":60,"column":0},"end":{"line":66,"column":2}},"43":{"start":{"line":61,"column":2},"end":{"line":61,"column":121}},"44":{"start":{"line":62,"column":2},"end":{"line":65,"column":5}},"45":{"start":{"line":63,"column":4},"end":{"line":63,"column":31}},"46":{"start":{"line":64,"column":4},"end":{"line":64,"column":29}},"47":{"start":{"line":70,"column":18},"end":{"line":70,"column":95}},"48":{"start":{"line":70,"column":24},"end":{"line":70,"column":95}},"49":{"start":{"line":71,"column":0},"end":{"line":71,"column":28}},"50":{"start":{"line":72,"column":15},"end":{"line":72,"column":91}},"51":{"start":{"line":72,"column":21},"end":{"line":72,"column":91}},"52":{"start":{"line":73,"column":0},"end":{"line":73,"column":22}},"53":{"start":{"line":74,"column":13},"end":{"line":74,"column":78}},"54":{"start":{"line":74,"column":19},"end":{"line":74,"column":78}},"55":{"start":{"line":75,"column":0},"end":{"line":75,"column":18}}},"fnMap":{"0":{"name":"(anonymous_0)","decl":{"start":{"line":4,"column":30},"end":{"line":4,"column":31}},"loc":{"start":{"line":4,"column":45},"end":{"line":18,"column":1}},"line":4},"1":{"name":"(anonymous_1)","decl":{"start":{"line":8,"column":41},"end":{"line":8,"column":42}},"loc":{"start":{"line":8,"column":51},"end":{"line":16,"column":3}},"line":8},"2":{"name":"(anonymous_2)","decl":{"start":{"line":20,"column":28},"end":{"line":20,"column":29}},"loc":{"start":{"line":20,"column":43},"end":{"line":23,"column":1}},"line":20},"3":{"name":"(anonymous_3)","decl":{"start":{"line":22,"column":64},"end":{"line":22,"column":65}},"loc":{"start":{"line":22,"column":71},"end":{"line":22,"column":87}},"line":22},"4":{"name":"(anonymous_4)","decl":{"start":{"line":25,"column":15},"end":{"line":25,"column":16}},"loc":{"start":{"line":25,"column":26},"end":{"line":50,"column":1}},"line":25},"5":{"name":"(anonymous_5)","decl":{"start":{"line":29,"column":37},"end":{"line":29,"column":38}},"loc":{"start":{"line":29,"column":47},"end":{"line":33,"column":3}},"line":29},"6":{"name":"(anonymous_6)","decl":{"start":{"line":34,"column":26},"end":{"line":34,"column":27}},"loc":{"start":{"line":34,"column":32},"end":{"line":49,"column":4}},"line":34},"7":{"name":"(anonymous_7)","decl":{"start":{"line":34,"column":64},"end":{"line":34,"column":65}},"loc":{"start":{"line":34,"column":73},"end":{"line":49,"column":3}},"line":34},"8":{"name":"(anonymous_8)","decl":{"start":{"line":35,"column":34},"end":{"line":35,"column":35}},"loc":{"start":{"line":35,"column":49},"end":{"line":39,"column":5}},"line":35},"9":{"name":"(anonymous_9)","decl":{"start":{"line":41,"column":17},"end":{"line":41,"column":18}},"loc":{"start":{"line":41,"column":26},"end":{"line":47,"column":5}},"line":41},"10":{"name":"(anonymous_10)","decl":{"start":{"line":52,"column":20},"end":{"line":52,"column":21}},"loc":{"start":{"line":52,"column":54},"end":{"line":58,"column":1}},"line":52},"11":{"name":"(anonymous_11)","decl":{"start":{"line":54,"column":41},"end":{"line":54,"column":42}},"loc":{"start":{"line":54,"column":47},"end":{"line":57,"column":3}},"line":54},"12":{"name":"(anonymous_12)","decl":{"start":{"line":60,"column":23},"end":{"line":60,"column":24}},"loc":{"start":{"line":60,"column":57},"end":{"line":66,"column":1}},"line":60},"13":{"name":"(anonymous_13)","decl":{"start":{"line":62,"column":41},"end":{"line":62,"column":42}},"loc":{"start":{"line":62,"column":47},"end":{"line":65,"column":3}},"line":62},"14":{"name":"(anonymous_14)","decl":{"start":{"line":70,"column":18},"end":{"line":70,"column":19}},"loc":{"start":{"line":70,"column":24},"end":{"line":70,"column":95}},"line":70},"15":{"name":"(anonymous_15)","decl":{"start":{"line":72,"column":15},"end":{"line":72,"column":16}},"loc":{"start":{"line":72,"column":21},"end":{"line":72,"column":91}},"line":72},"16":{"name":"(anonymous_16)","decl":{"start":{"line":74,"column":13},"end":{"line":74,"column":14}},"loc":{"start":{"line":74,"column":19},"end":{"line":74,"column":78}},"line":74}},"branchMap":{"0":{"loc":{"start":{"line":9,"column":4},"end":{"line":15,"column":5}},"type":"if","locations":[{"start":{"line":9,"column":4},"end":{"line":15,"column":5}},{"start":{"line":9,"column":4},"end":{"line":15,"column":5}}],"line":9},"1":{"loc":{"start":{"line":11,"column":6},"end":{"line":14,"column":7}},"type":"if","locations":[{"start":{"line":11,"column":6},"end":{"line":14,"column":7}},{"start":{"line":11,"column":6},"end":{"line":14,"column":7}}],"line":11},"2":{"loc":{"start":{"line":43,"column":6},"end":{"line":46,"column":7}},"type":"if","locations":[{"start":{"line":43,"column":6},"end":{"line":46,"column":7}},{"start":{"line":43,"column":6},"end":{"line":46,"column":7}}],"line":43},"3":{"loc":{"start":{"line":70,"column":24},"end":{"line":70,"column":95}},"type":"binary-expr","locations":[{"start":{"line":70,"column":24},"end":{"line":70,"column":53}},{"start":{"line":70,"column":57},"end":{"line":70,"column":95}}],"line":70},"4":{"loc":{"start":{"line":72,"column":21},"end":{"line":72,"column":91}},"type":"binary-expr","locations":[{"start":{"line":72,"column":21},"end":{"line":72,"column":50}},{"start":{"line":72,"column":54},"end":{"line":72,"column":91}}],"line":72},"5":{"loc":{"start":{"line":74,"column":19},"end":{"line":74,"column":78}},"type":"binary-expr","locations":[{"start":{"line":74,"column":19},"end":{"line":74,"column":25}},{"start":{"line":74,"column":29},"end":{"line":74,"column":78}}],"line":74}},"s":{"0":11,"1":11,"2":0,"3":0,"4":0,"5":0,"6":0,"7":0,"8":0,"9":0,"10":0,"11":0,"12":11,"13":0,"14":0,"15":0,"16":11,"17":0,"18":0,"19":0,"20":0,"21":0,"22":0,"23":0,"24":0,"25":0,"26":0,"27":0,"28":0,"29":0,"30":0,"31":0,"32":0,"33":0,"34":0,"35":0,"36":0,"37":11,"38":0,"39":0,"40":0,"41":0,"42":11,"43":0,"44":0,"45":0,"46":0,"47":11,"48":354,"49":11,"50":11,"51":0,"52":11,"53":11,"54":0,"55":11},"f":{"0":0,"1":0,"2":0,"3":0,"4":0,"5":0,"6":0,"7":0,"8":0,"9":0,"10":0,"11":0,"12":0,"13":0,"14":354,"15":0,"16":0},"b":{"0":[0,0],"1":[0,0],"2":[0,0],"3":[354,0],"4":[0,0],"5":[0,0]},"_coverageSchema":"1a1c01bbd47fc00a2c39e90264f33305004495a9","hash":"f4c054404afe355ec1d9abd6d7cc26ea3ede89ca"}
}
