TN:
SF:src/Auth.js
FN:10,(anonymous_0)
FN:26,(anonymous_1)
FN:27,(anonymous_2)
FN:34,(anonymous_3)
FN:46,(anonymous_4)
FN:60,(anonymous_5)
FN:74,(anonymous_6)
FN:96,(anonymous_7)
FN:125,(anonymous_8)
FNF:9
FNH:9
FNDA:14,(anonymous_0)
FNDA:47,(anonymous_1)
FNDA:2,(anonymous_2)
FNDA:2,(anonymous_3)
FNDA:2,(anonymous_4)
FNDA:9,(anonymous_5)
FNDA:4,(anonymous_6)
FNDA:24,(anonymous_7)
FNDA:30,(anonymous_8)
DA:11,14
DA:12,14
DA:18,14
DA:27,47
DA:35,2
DA:36,2
DA:37,2
DA:39,2
DA:47,2
DA:48,2
DA:61,9
DA:62,9
DA:65,0
DA:68,0
DA:75,4
DA:76,1
DA:79,3
DA:80,3
DA:84,3
DA:97,24
DA:98,1
DA:100,23
DA:107,23
DA:108,22
DA:109,0
DA:111,22
DA:113,22
DA:114,22
DA:116,22
DA:118,22
DA:126,30
DA:127,5
DA:131,25
DA:136,25
DA:137,25
DA:139,25
DA:140,25
DA:142,25
LF:38
LH:35
BRDA:35,0,0,2
BRDA:35,0,1,0
BRDA:47,1,0,2
BRDA:47,1,1,0
BRDA:60,2,0,6
BRDA:61,3,0,9
BRDA:61,3,1,0
BRDA:61,4,0,9
BRDA:61,4,1,9
BRDA:74,5,0,4
BRDA:75,6,0,1
BRDA:75,6,1,3
BRDA:75,7,0,4
BRDA:75,7,1,1
BRDA:97,8,0,1
BRDA:97,8,1,23
BRDA:97,9,0,24
BRDA:97,9,1,22
BRDA:108,10,0,0
BRDA:108,10,1,22
BRDA:108,11,0,22
BRDA:108,11,1,22
BRDA:126,12,0,5
BRDA:126,12,1,25
BRDA:126,13,0,30
BRDA:126,13,1,19
BRF:26
BRH:22
end_of_record
TN:
SF:src/Cache.js
FN:9,(anonymous_0)
FN:46,(anonymous_1)
FN:74,(anonymous_2)
FN:97,(anonymous_3)
FN:116,(anonymous_4)
FN:117,(anonymous_5)
FN:128,(anonymous_6)
FN:141,(anonymous_7)
FN:151,(anonymous_8)
FN:161,(anonymous_9)
FN:170,(anonymous_10)
FN:180,(anonymous_11)
FN:192,(anonymous_12)
FN:203,(anonymous_13)
FN:219,(anonymous_14)
FN:220,(anonymous_15)
FN:229,(anonymous_16)
FN:230,(anonymous_17)
FN:242,(anonymous_18)
FNF:19
FNH:15
FNDA:17,(anonymous_0)
FNDA:751,(anonymous_1)
FNDA:12,(anonymous_2)
FNDA:1002,(anonymous_3)
FNDA:0,(anonymous_4)
FNDA:0,(anonymous_5)
FNDA:832,(anonymous_6)
FNDA:5,(anonymous_7)
FNDA:91,(anonymous_8)
FNDA:76,(anonymous_9)
FNDA:75,(anonymous_10)
FNDA:35,(anonymous_11)
FNDA:1,(anonymous_12)
FNDA:0,(anonymous_13)
FNDA:146,(anonymous_14)
FNDA:1,(anonymous_15)
FNDA:48,(anonymous_16)
FNDA:982,(anonymous_17)
FNDA:0,(anonymous_18)
DA:14,17
DA:20,17
DA:26,17
DA:32,17
DA:34,17
DA:36,17
DA:47,751
DA:48,751
DA:50,751
DA:52,751
DA:53,751
DA:55,751
DA:56,636
DA:59,751
DA:61,751
DA:65,751
DA:66,98
DA:75,12
DA:76,12
DA:78,12
DA:79,12
DA:81,12
DA:82,12
DA:83,12
DA:84,12
DA:98,1002
DA:99,1002
DA:100,1002
DA:101,0
DA:103,1002
DA:104,1002
DA:105,0
DA:117,0
DA:118,0
DA:129,832
DA:142,5
DA:152,91
DA:162,76
DA:171,75
DA:181,35
DA:182,35
DA:183,35
DA:184,0
DA:186,35
DA:193,1
DA:194,0
DA:195,0
DA:197,1
DA:204,0
DA:205,0
DA:220,146
DA:221,1
DA:230,48
DA:232,982
DA:234,48
DA:243,0
DA:244,0
DA:245,0
LF:58
LH:46
BRDA:53,0,0,216
BRDA:53,0,1,535
BRDA:55,1,0,636
BRDA:55,1,1,115
BRDA:65,2,0,98
BRDA:65,2,1,653
BRDA:65,3,0,751
BRDA:65,3,1,116
BRDA:81,4,0,12
BRDA:81,4,1,0
BRDA:83,5,0,12
BRDA:83,5,1,0
BRDA:100,6,0,0
BRDA:100,6,1,1002
BRDA:104,7,0,0
BRDA:104,7,1,1002
BRDA:183,8,0,0
BRDA:183,8,1,35
BRDA:193,9,0,0
BRDA:193,9,1,1
BRDA:204,10,0,0
BRDA:204,10,1,0
BRF:22
BRH:14
end_of_record
TN:
SF:src/Context.js
FN:19,(anonymous_0)
FN:35,(anonymous_1)
FN:47,(anonymous_2)
FN:57,(anonymous_3)
FN:70,(anonymous_4)
FN:84,(anonymous_5)
FN:99,(anonymous_6)
FN:114,(anonymous_7)
FN:134,(anonymous_8)
FN:151,(anonymous_9)
FN:166,(anonymous_10)
FN:186,(anonymous_11)
FN:205,(anonymous_12)
FN:218,(anonymous_13)
FN:227,(anonymous_14)
FN:250,(anonymous_15)
FN:265,(anonymous_16)
FNF:17
FNH:11
FNDA:207,(anonymous_0)
FNDA:0,(anonymous_1)
FNDA:0,(anonymous_2)
FNDA:0,(anonymous_3)
FNDA:30,(anonymous_4)
FNDA:1,(anonymous_5)
FNDA:2,(anonymous_6)
FNDA:2,(anonymous_7)
FNDA:3,(anonymous_8)
FNDA:5,(anonymous_9)
FNDA:2,(anonymous_10)
FNDA:2,(anonymous_11)
FNDA:3,(anonymous_12)
FNDA:0,(anonymous_13)
FNDA:0,(anonymous_14)
FNDA:0,(anonymous_15)
FNDA:111,(anonymous_16)
DA:20,207
DA:36,0
DA:48,0
DA:58,0
DA:71,30
DA:85,1
DA:100,2
DA:115,2
DA:135,3
DA:152,5
DA:167,2
DA:168,2
DA:169,2
DA:172,2
DA:187,2
DA:188,2
DA:189,2
DA:192,2
DA:206,3
DA:207,3
DA:208,3
DA:210,3
DA:219,0
DA:228,0
DA:229,0
DA:230,0
DA:231,0
DA:232,0
DA:233,0
DA:234,0
DA:235,0
DA:236,0
DA:238,0
DA:240,0
DA:241,0
DA:251,0
DA:252,0
DA:253,0
DA:254,0
DA:255,0
DA:257,0
DA:266,111
LF:42
LH:20
BRDA:47,0,0,0
BRDA:166,1,0,1
BRDA:235,2,0,0
BRDA:235,2,1,0
BRDA:254,3,0,0
BRDA:254,3,1,0
BRDA:266,4,0,111
BRDA:266,4,1,111
BRF:8
BRH:3
end_of_record
TN:
SF:src/Entry.js
FN:29,(anonymous_0)
FN:38,(anonymous_1)
FN:45,(anonymous_2)
FN:54,(anonymous_3)
FN:63,(anonymous_4)
FN:71,(anonymous_5)
FN:78,(anonymous_6)
FN:87,(anonymous_7)
FN:108,(anonymous_8)
FN:121,(anonymous_9)
FN:164,(anonymous_10)
FN:179,(anonymous_11)
FN:194,(anonymous_12)
FN:207,(anonymous_13)
FN:215,(anonymous_14)
FN:227,(anonymous_15)
FN:240,(anonymous_16)
FN:245,(anonymous_17)
FN:247,(anonymous_18)
FN:247,(anonymous_19)
FN:262,(anonymous_20)
FN:280,(anonymous_21)
FN:290,(anonymous_22)
FN:301,(anonymous_23)
FN:311,(anonymous_24)
FN:312,(anonymous_25)
FN:319,(anonymous_26)
FN:321,(anonymous_27)
FN:329,(anonymous_28)
FN:331,(anonymous_29)
FN:339,(anonymous_30)
FN:347,(anonymous_31)
FN:355,(anonymous_32)
FN:363,(anonymous_33)
FN:371,(anonymous_34)
FN:379,(anonymous_35)
FN:387,(anonymous_36)
FN:395,(anonymous_37)
FN:403,(anonymous_38)
FN:411,(anonymous_39)
FN:419,(anonymous_40)
FN:427,(anonymous_41)
FN:435,(anonymous_42)
FN:443,(anonymous_43)
FN:451,(anonymous_44)
FN:461,(anonymous_45)
FN:472,(anonymous_46)
FN:483,(anonymous_47)
FN:494,(anonymous_48)
FN:513,(anonymous_49)
FN:521,(anonymous_50)
FN:529,(anonymous_51)
FN:537,(anonymous_52)
FN:546,(anonymous_53)
FN:554,(anonymous_54)
FN:563,(anonymous_55)
FN:577,(anonymous_56)
FN:581,(anonymous_57)
FN:588,(anonymous_58)
FN:606,(anonymous_59)
FN:629,(anonymous_60)
FN:645,(anonymous_61)
FN:655,(anonymous_62)
FN:667,(anonymous_63)
FN:672,(anonymous_64)
FN:716,(anonymous_65)
FNF:66
FNH:39
FNDA:696,(anonymous_0)
FNDA:962,(anonymous_1)
FNDA:2296,(anonymous_2)
FNDA:3202,(anonymous_3)
FNDA:744,(anonymous_4)
FNDA:1532,(anonymous_5)
FNDA:794,(anonymous_6)
FNDA:75,(anonymous_7)
FNDA:2,(anonymous_8)
FNDA:4,(anonymous_9)
FNDA:0,(anonymous_10)
FNDA:3,(anonymous_11)
FNDA:0,(anonymous_12)
FNDA:63,(anonymous_13)
FNDA:0,(anonymous_14)
FNDA:1,(anonymous_15)
FNDA:1,(anonymous_16)
FNDA:1,(anonymous_17)
FNDA:1,(anonymous_18)
FNDA:0,(anonymous_19)
FNDA:0,(anonymous_20)
FNDA:782,(anonymous_21)
FNDA:1,(anonymous_22)
FNDA:0,(anonymous_23)
FNDA:2,(anonymous_24)
FNDA:1,(anonymous_25)
FNDA:2,(anonymous_26)
FNDA:1,(anonymous_27)
FNDA:0,(anonymous_28)
FNDA:0,(anonymous_29)
FNDA:0,(anonymous_30)
FNDA:23,(anonymous_31)
FNDA:0,(anonymous_32)
FNDA:2,(anonymous_33)
FNDA:0,(anonymous_34)
FNDA:3,(anonymous_35)
FNDA:21,(anonymous_36)
FNDA:1,(anonymous_37)
FNDA:0,(anonymous_38)
FNDA:0,(anonymous_39)
FNDA:2,(anonymous_40)
FNDA:0,(anonymous_41)
FNDA:63,(anonymous_42)
FNDA:66,(anonymous_43)
FNDA:59,(anonymous_44)
FNDA:0,(anonymous_45)
FNDA:0,(anonymous_46)
FNDA:0,(anonymous_47)
FNDA:0,(anonymous_48)
FNDA:0,(anonymous_49)
FNDA:1,(anonymous_50)
FNDA:0,(anonymous_51)
FNDA:0,(anonymous_52)
FNDA:0,(anonymous_53)
FNDA:0,(anonymous_54)
FNDA:4,(anonymous_55)
FNDA:0,(anonymous_56)
FNDA:0,(anonymous_57)
FNDA:0,(anonymous_58)
FNDA:0,(anonymous_59)
FNDA:12,(anonymous_60)
FNDA:20,(anonymous_61)
FNDA:7,(anonymous_62)
FNDA:30,(anonymous_63)
FNDA:18,(anonymous_64)
FNDA:2,(anonymous_65)
DA:30,696
DA:31,696
DA:32,696
DA:39,962
DA:46,2296
DA:55,3202
DA:64,744
DA:72,1532
DA:79,794
DA:88,75
DA:89,61
DA:91,75
DA:109,2
DA:110,2
DA:122,4
DA:123,4
DA:124,0
DA:125,4
DA:126,0
DA:127,4
DA:128,0
DA:130,4
DA:131,0
DA:133,4
DA:134,0
DA:135,0
DA:137,4
DA:138,4
DA:139,4
DA:140,4
DA:141,4
DA:142,4
DA:143,4
DA:147,0
DA:152,4
DA:165,0
DA:166,0
DA:180,3
DA:181,3
DA:195,0
DA:196,0
DA:208,63
DA:209,60
DA:212,63
DA:216,0
DA:228,1
DA:229,1
DA:232,1
DA:241,1
DA:242,1
DA:243,1
DA:246,1
DA:247,1
DA:250,0
DA:251,0
DA:255,1
DA:263,0
DA:264,0
DA:266,0
DA:281,782
DA:282,778
DA:284,4
DA:286,4
DA:287,3
DA:289,1
DA:290,1
DA:291,1
DA:292,1
DA:295,4
DA:302,0
DA:312,2
DA:320,2
DA:321,2
DA:322,1
DA:330,0
DA:331,0
DA:332,0
DA:340,0
DA:348,23
DA:356,0
DA:364,2
DA:372,0
DA:380,3
DA:388,21
DA:396,1
DA:404,0
DA:412,0
DA:420,2
DA:428,0
DA:436,63
DA:444,66
DA:452,59
DA:462,0
DA:473,0
DA:484,0
DA:485,0
DA:495,0
DA:498,0
DA:499,0
DA:500,0
DA:501,0
DA:502,0
DA:503,0
DA:506,0
DA:514,0
DA:522,1
DA:530,0
DA:538,0
DA:547,0
DA:555,0
DA:564,4
DA:578,0
DA:579,0
DA:580,0
DA:581,0
DA:583,0
DA:584,0
DA:585,0
DA:587,0
DA:588,0
DA:607,0
DA:608,0
DA:609,0
DA:610,0
DA:611,0
DA:613,0
DA:614,0
DA:615,0
DA:617,0
DA:618,0
DA:620,0
DA:630,12
DA:631,12
DA:632,12
DA:633,12
DA:646,20
DA:656,7
DA:668,30
DA:670,30
DA:671,18
DA:672,18
DA:673,18
DA:674,18
DA:675,18
DA:678,12
DA:680,30
DA:717,2
LF:147
LH:83
BRDA:88,0,0,61
BRDA:88,0,1,14
BRDA:121,1,0,4
BRDA:123,2,0,0
BRDA:123,2,1,4
BRDA:125,3,0,0
BRDA:125,3,1,4
BRDA:127,4,0,0
BRDA:127,4,1,4
BRDA:130,5,0,0
BRDA:130,5,1,4
BRDA:133,6,0,0
BRDA:133,6,1,4
BRDA:208,7,0,60
BRDA:208,7,1,3
BRDA:228,8,0,1
BRDA:228,8,1,0
BRDA:263,9,0,0
BRDA:263,9,1,0
BRDA:280,10,0,4
BRDA:281,11,0,778
BRDA:281,11,1,4
BRDA:286,12,0,3
BRDA:286,12,1,1
BRDA:289,13,0,1
BRDA:289,13,1,0
BRDA:485,14,0,0
BRDA:485,14,1,0
BRDA:495,15,0,0
BRDA:495,15,1,0
BRDA:530,16,0,0
BRDA:530,16,1,0
BRDA:538,17,0,0
BRDA:538,17,1,0
BRDA:538,17,2,0
BRDA:538,17,3,0
BRDA:547,18,0,0
BRDA:547,18,1,0
BRDA:547,18,2,0
BRDA:555,19,0,0
BRDA:555,19,1,0
BRDA:555,19,2,0
BRDA:555,19,3,0
BRDA:564,20,0,4
BRDA:564,20,1,0
BRDA:564,20,2,0
BRDA:580,21,0,0
BRDA:580,21,1,0
BRDA:584,22,0,0
BRDA:584,22,1,0
BRDA:610,23,0,0
BRDA:610,23,1,0
BRDA:614,24,0,0
BRDA:614,24,1,0
BRDA:614,25,0,0
BRDA:614,25,1,0
BRDA:617,26,0,0
BRDA:617,26,1,0
BRDA:618,27,0,0
BRDA:618,27,1,0
BRDA:629,28,0,2
BRDA:631,29,0,10
BRDA:631,29,1,2
BRDA:645,30,0,8
BRDA:667,31,0,28
BRDA:667,32,0,28
BRDA:670,33,0,18
BRDA:670,33,1,12
BRDA:670,34,0,30
BRDA:670,34,1,28
BRDA:716,35,0,0
BRDA:716,36,0,2
BRF:72
BRH:29
end_of_record
TN:
SF:src/EntryInfo.js
FN:12,(anonymous_0)
FN:36,(anonymous_1)
FN:45,(anonymous_2)
FN:52,(anonymous_3)
FN:59,(anonymous_4)
FN:70,(anonymous_5)
FN:78,(anonymous_6)
FN:81,(anonymous_7)
FN:81,(anonymous_8)
FN:97,(anonymous_9)
FN:104,(anonymous_10)
FN:117,(anonymous_11)
FN:130,(anonymous_12)
FN:137,(anonymous_13)
FN:144,(anonymous_14)
FN:152,(anonymous_15)
FN:160,(anonymous_16)
FN:167,(anonymous_17)
FN:174,(anonymous_18)
FN:190,(anonymous_19)
FN:204,(anonymous_20)
FN:216,(anonymous_21)
FN:239,(anonymous_22)
FN:240,(anonymous_23)
FN:265,(anonymous_24)
FN:279,(anonymous_25)
FN:281,(anonymous_26)
FN:283,(anonymous_27)
FN:310,(anonymous_28)
FN:328,(anonymous_29)
FN:347,(anonymous_30)
FN:363,(anonymous_31)
FN:372,(anonymous_32)
FN:383,(anonymous_33)
FN:396,(anonymous_34)
FN:406,(anonymous_35)
FN:416,(anonymous_36)
FN:425,(anonymous_37)
FN:435,(anonymous_38)
FN:444,(anonymous_39)
FN:455,(anonymous_40)
FN:462,(anonymous_41)
FN:474,(anonymous_42)
FN:475,(anonymous_43)
FNF:44
FNH:34
FNDA:1471,(anonymous_0)
FNDA:696,(anonymous_1)
FNDA:0,(anonymous_2)
FNDA:98,(anonymous_3)
FNDA:94,(anonymous_4)
FNDA:3,(anonymous_5)
FNDA:3,(anonymous_6)
FNDA:3,(anonymous_7)
FNDA:0,(anonymous_8)
FNDA:3230,(anonymous_9)
FNDA:744,(anonymous_10)
FNDA:0,(anonymous_11)
FNDA:0,(anonymous_12)
FNDA:15,(anonymous_13)
FNDA:9,(anonymous_14)
FNDA:7,(anonymous_15)
FNDA:1,(anonymous_16)
FNDA:2863,(anonymous_17)
FNDA:9,(anonymous_18)
FNDA:953,(anonymous_19)
FNDA:699,(anonymous_20)
FNDA:772,(anonymous_21)
FNDA:4,(anonymous_22)
FNDA:3,(anonymous_23)
FNDA:3,(anonymous_24)
FNDA:3,(anonymous_25)
FNDA:15,(anonymous_26)
FNDA:4,(anonymous_27)
FNDA:0,(anonymous_28)
FNDA:2,(anonymous_29)
FNDA:1,(anonymous_30)
FNDA:2,(anonymous_31)
FNDA:0,(anonymous_32)
FNDA:0,(anonymous_33)
FNDA:5,(anonymous_34)
FNDA:0,(anonymous_35)
FNDA:0,(anonymous_36)
FNDA:0,(anonymous_37)
FNDA:1,(anonymous_38)
FNDA:7,(anonymous_39)
FNDA:1,(anonymous_40)
FNDA:1,(anonymous_41)
FNDA:1,(anonymous_42)
FNDA:1,(anonymous_43)
DA:12,11
DA:13,1471
DA:14,1471
DA:15,1240
DA:16,1240
DA:17,659
DA:21,812
DA:37,696
DA:38,696
DA:39,696
DA:46,0
DA:53,98
DA:60,94
DA:71,3
DA:73,3
DA:74,0
DA:76,3
DA:79,3
DA:80,3
DA:81,3
DA:84,0
DA:85,0
DA:88,0
DA:91,3
DA:98,3230
DA:105,744
DA:118,0
DA:131,0
DA:138,15
DA:146,9
DA:153,7
DA:154,7
DA:161,1
DA:168,2863
DA:175,9
DA:176,9
DA:177,9
DA:178,9
DA:179,9
DA:180,9
DA:181,0
DA:191,953
DA:192,953
DA:205,699
DA:217,772
DA:240,4
DA:241,3
DA:242,0
DA:244,3
DA:246,4
DA:247,4
DA:248,4
DA:255,4
DA:257,4
DA:266,3
DA:280,3
DA:281,3
DA:282,15
DA:283,15
DA:284,4
DA:286,4
DA:289,0
DA:293,3
DA:294,3
DA:295,3
DA:296,3
DA:297,3
DA:298,3
DA:299,3
DA:300,3
DA:301,3
DA:312,0
DA:329,2
DA:330,2
DA:331,2
DA:333,2
DA:334,0
DA:336,2
DA:337,2
DA:338,2
DA:339,3
DA:345,3
DA:347,2
DA:348,1
DA:349,0
DA:350,1
DA:351,1
DA:353,0
DA:355,2
DA:364,2
DA:365,1
DA:373,0
DA:384,0
DA:385,0
DA:386,0
DA:397,5
DA:407,0
DA:408,0
DA:409,0
DA:417,0
DA:426,0
DA:427,0
DA:428,0
DA:436,1
DA:437,1
DA:445,7
DA:446,7
DA:447,7
DA:449,0
DA:456,1
DA:463,1
DA:464,1
DA:465,1
DA:467,0
DA:475,1
LF:115
LH:88
BRDA:16,0,0,659
BRDA:16,0,1,581
BRDA:37,1,0,696
BRDA:37,1,1,0
BRDA:38,2,0,696
BRDA:38,2,1,63
BRDA:70,3,0,3
BRDA:73,4,0,0
BRDA:73,4,1,3
BRDA:79,5,0,3
BRDA:79,5,1,0
BRDA:178,6,0,9
BRDA:178,6,1,0
BRDA:192,7,0,953
BRDA:192,7,1,857
BRDA:239,8,0,4
BRDA:241,9,0,0
BRDA:241,9,1,3
BRDA:255,10,0,4
BRDA:255,10,1,1
BRDA:255,10,2,1
BRDA:255,10,3,1
BRDA:255,10,4,1
BRDA:283,11,0,15
BRDA:283,11,1,11
BRDA:284,12,0,4
BRDA:284,12,1,0
BRDA:284,13,0,4
BRDA:284,13,1,4
BRDA:293,14,0,3
BRDA:293,14,1,0
BRDA:333,15,0,0
BRDA:333,15,1,2
BRDA:348,16,0,0
BRDA:348,16,1,1
BRDA:350,17,0,1
BRDA:350,17,1,0
BRDA:385,18,0,0
BRDA:385,18,1,0
BRDA:385,19,0,0
BRDA:385,19,1,0
BRDA:408,20,0,0
BRDA:408,20,1,0
BRDA:408,21,0,0
BRDA:408,21,1,0
BRDA:427,22,0,0
BRDA:427,22,1,0
BRDA:427,23,0,0
BRDA:427,23,1,0
BRDA:427,23,2,0
BRDA:446,24,0,7
BRDA:446,24,1,0
BRDA:464,25,0,1
BRDA:464,25,1,0
BRF:54
BRH:29
end_of_record
TN:
SF:src/EntryStore.js
FN:27,(anonymous_0)
FN:91,(anonymous_1)
FN:103,(anonymous_2)
FN:115,(anonymous_3)
FN:129,(anonymous_4)
FN:142,(anonymous_5)
FN:150,(anonymous_6)
FN:161,(anonymous_7)
FN:173,(anonymous_8)
FN:243,(anonymous_9)
FN:255,(anonymous_10)
FN:258,(anonymous_11)
FN:279,(anonymous_12)
FN:283,(anonymous_13)
FN:285,(anonymous_14)
FN:305,(anonymous_15)
FN:306,(anonymous_16)
FN:322,(anonymous_17)
FN:351,(anonymous_18)
FN:362,(anonymous_19)
FN:370,(anonymous_20)
FN:379,(anonymous_21)
FN:405,(anonymous_22)
FN:435,(anonymous_23)
FN:453,(anonymous_24)
FN:470,(anonymous_25)
FN:495,(anonymous_26)
FN:515,(anonymous_27)
FN:528,(anonymous_28)
FN:551,(anonymous_29)
FN:563,(anonymous_30)
FN:596,(anonymous_31)
FN:603,(anonymous_32)
FN:613,(anonymous_33)
FN:623,(anonymous_34)
FN:636,(anonymous_35)
FN:648,(anonymous_36)
FN:657,(anonymous_37)
FN:667,(anonymous_38)
FN:677,(anonymous_39)
FN:686,(anonymous_40)
FN:696,(anonymous_41)
FN:706,(anonymous_42)
FN:715,(anonymous_43)
FN:725,(anonymous_44)
FNF:45
FNH:25
FNDA:14,(anonymous_0)
FNDA:1,(anonymous_1)
FNDA:1,(anonymous_2)
FNDA:437,(anonymous_3)
FNDA:37,(anonymous_4)
FNDA:0,(anonymous_5)
FNDA:2,(anonymous_6)
FNDA:0,(anonymous_7)
FNDA:0,(anonymous_8)
FNDA:88,(anonymous_9)
FNDA:85,(anonymous_10)
FNDA:0,(anonymous_11)
FNDA:72,(anonymous_12)
FNDA:0,(anonymous_13)
FNDA:72,(anonymous_14)
FNDA:0,(anonymous_15)
FNDA:0,(anonymous_16)
FNDA:0,(anonymous_17)
FNDA:7,(anonymous_18)
FNDA:0,(anonymous_19)
FNDA:1,(anonymous_20)
FNDA:1,(anonymous_21)
FNDA:61,(anonymous_22)
FNDA:11,(anonymous_23)
FNDA:0,(anonymous_24)
FNDA:1,(anonymous_25)
FNDA:1,(anonymous_26)
FNDA:0,(anonymous_27)
FNDA:0,(anonymous_28)
FNDA:0,(anonymous_29)
FNDA:0,(anonymous_30)
FNDA:16,(anonymous_31)
FNDA:0,(anonymous_32)
FNDA:0,(anonymous_33)
FNDA:11,(anonymous_34)
FNDA:3,(anonymous_35)
FNDA:4,(anonymous_36)
FNDA:1317,(anonymous_37)
FNDA:0,(anonymous_38)
FNDA:0,(anonymous_39)
FNDA:0,(anonymous_40)
FNDA:890,(anonymous_41)
FNDA:300,(anonymous_42)
FNDA:764,(anonymous_43)
FNDA:0,(anonymous_44)
DA:28,14
DA:29,0
DA:31,14
DA:32,14
DA:33,0
DA:37,14
DA:38,14
DA:39,14
DA:40,0
DA:42,14
DA:43,14
DA:92,1
DA:93,0
DA:95,1
DA:104,1
DA:105,1
DA:116,437
DA:117,21
DA:118,1
DA:122,437
DA:130,37
DA:143,0
DA:151,2
DA:162,0
DA:163,0
DA:165,0
DA:174,0
DA:244,88
DA:245,88
DA:246,88
DA:247,88
DA:248,88
DA:249,8
DA:251,88
DA:252,2
DA:255,86
DA:256,85
DA:258,0
DA:260,85
DA:262,86
DA:263,13
DA:264,3
DA:265,3
DA:266,3
DA:270,13
DA:273,73
DA:274,73
DA:275,1
DA:277,72
DA:278,72
DA:279,72
DA:281,72
DA:282,72
DA:284,0
DA:286,72
DA:288,72
DA:289,72
DA:306,0
DA:307,0
DA:308,0
DA:309,0
DA:311,0
DA:312,0
DA:314,0
DA:315,0
DA:316,0
DA:318,0
DA:321,0
DA:323,0
DA:324,0
DA:352,7
DA:363,0
DA:371,1
DA:380,1
DA:406,61
DA:407,61
DA:409,61
DA:410,61
DA:412,0
DA:413,0
DA:417,61
DA:418,61
DA:419,10
DA:420,10
DA:421,10
DA:424,61
DA:436,11
DA:437,11
DA:438,11
DA:439,0
DA:440,0
DA:441,0
DA:442,0
DA:444,11
DA:454,0
DA:455,0
DA:456,0
DA:458,0
DA:459,0
DA:471,1
DA:472,1
DA:473,1
DA:474,1
DA:475,1
DA:476,1
DA:478,1
DA:479,0
DA:481,1
DA:482,0
DA:484,1
DA:485,1
DA:496,1
DA:497,1
DA:498,1
DA:499,0
DA:500,0
DA:501,0
DA:502,0
DA:504,1
DA:516,0
DA:517,0
DA:529,0
DA:530,0
DA:553,0
DA:554,0
DA:556,0
DA:557,0
DA:562,0
DA:564,0
DA:565,0
DA:566,0
DA:567,0
DA:568,0
DA:569,0
DA:570,0
DA:571,0
DA:574,0
DA:576,0
DA:580,0
DA:597,16
DA:604,0
DA:614,0
DA:624,11
DA:637,3
DA:649,4
DA:658,1317
DA:668,0
DA:678,0
DA:687,0
DA:688,0
DA:697,890
DA:707,300
DA:716,764
DA:726,0
DA:727,0
LF:155
LH:85
BRDA:28,0,0,0
BRDA:28,0,1,14
BRDA:28,1,0,14
BRDA:28,1,1,0
BRDA:32,2,0,0
BRDA:32,2,1,14
BRDA:39,3,0,0
BRDA:39,3,1,14
BRDA:92,4,0,0
BRDA:92,4,1,1
BRDA:104,5,0,1
BRDA:104,5,1,0
BRDA:116,6,0,21
BRDA:116,6,1,416
BRDA:162,7,0,0
BRDA:162,7,1,0
BRDA:243,8,0,67
BRDA:244,9,0,88
BRDA:244,9,1,0
BRDA:247,10,0,88
BRDA:247,10,1,0
BRDA:248,11,0,8
BRDA:248,11,1,80
BRDA:251,12,0,2
BRDA:251,12,1,86
BRDA:256,13,0,0
BRDA:256,13,1,85
BRDA:256,14,0,85
BRDA:256,14,1,85
BRDA:256,14,2,0
BRDA:262,15,0,13
BRDA:262,15,1,73
BRDA:262,16,0,86
BRDA:262,16,1,18
BRDA:263,17,0,3
BRDA:263,17,1,10
BRDA:263,18,0,13
BRDA:263,18,1,10
BRDA:263,18,2,3
BRDA:274,19,0,1
BRDA:274,19,1,72
BRDA:308,20,0,0
BRDA:308,20,1,0
BRDA:311,21,0,0
BRDA:311,21,1,0
BRDA:314,22,0,0
BRDA:314,22,1,0
BRDA:315,23,0,0
BRDA:315,23,1,0
BRDA:418,24,0,10
BRDA:418,24,1,51
BRDA:420,25,0,10
BRDA:420,25,1,0
BRDA:420,26,0,10
BRDA:420,26,1,10
BRDA:438,27,0,0
BRDA:438,27,1,11
BRDA:455,28,0,0
BRDA:455,28,1,0
BRDA:475,29,0,1
BRDA:475,29,1,0
BRDA:478,30,0,0
BRDA:478,30,1,1
BRDA:481,31,0,0
BRDA:481,31,1,1
BRDA:498,32,0,0
BRDA:498,32,1,1
BRDA:553,33,0,0
BRDA:553,33,1,0
BRDA:556,34,0,0
BRDA:556,34,1,0
BRDA:556,35,0,0
BRDA:556,35,1,0
BRDA:565,36,0,0
BRDA:565,36,1,0
BRDA:568,37,0,0
BRDA:568,37,1,0
BRF:77
BRH:39
end_of_record
TN:
SF:src/EntryStoreUtil.js
FN:1,(anonymous_0)
FN:13,(anonymous_1)
FN:15,(anonymous_2)
FN:16,(anonymous_3)
FN:31,(anonymous_4)
FN:42,(anonymous_5)
FN:49,(anonymous_6)
FN:62,(anonymous_7)
FN:96,(anonymous_8)
FN:121,(anonymous_9)
FN:123,(anonymous_10)
FN:152,(anonymous_11)
FN:172,(anonymous_12)
FN:200,(anonymous_13)
FN:226,(anonymous_14)
FN:232,(anonymous_15)
FN:245,(anonymous_16)
FN:264,(anonymous_17)
FN:270,(anonymous_18)
FN:273,(anonymous_19)
FN:280,(anonymous_20)
FN:282,(anonymous_21)
FN:298,(anonymous_22)
FN:301,(anonymous_23)
FN:302,(anonymous_24)
FN:314,(anonymous_25)
FN:323,(anonymous_26)
FN:325,(anonymous_27)
FN:336,(anonymous_28)
FN:336,(anonymous_29)
FNF:30
FNH:16
FNDA:7,(anonymous_0)
FNDA:0,(anonymous_1)
FNDA:1,(anonymous_2)
FNDA:4,(anonymous_3)
FNDA:2,(anonymous_4)
FNDA:0,(anonymous_5)
FNDA:0,(anonymous_6)
FNDA:0,(anonymous_7)
FNDA:0,(anonymous_8)
FNDA:1,(anonymous_9)
FNDA:0,(anonymous_10)
FNDA:0,(anonymous_11)
FNDA:0,(anonymous_12)
FNDA:1,(anonymous_13)
FNDA:0,(anonymous_14)
FNDA:0,(anonymous_15)
FNDA:0,(anonymous_16)
FNDA:2,(anonymous_17)
FNDA:5,(anonymous_18)
FNDA:1,(anonymous_19)
FNDA:0,(anonymous_20)
FNDA:0,(anonymous_21)
FNDA:2,(anonymous_22)
FNDA:4,(anonymous_23)
FNDA:4,(anonymous_24)
FNDA:3,(anonymous_25)
FNDA:1,(anonymous_26)
FNDA:0,(anonymous_27)
FNDA:1,(anonymous_28)
FNDA:4,(anonymous_29)
DA:1,2
DA:2,7
DA:3,0
DA:4,7
DA:5,5
DA:6,0
DA:8,5
DA:13,2
DA:15,2
DA:16,2
DA:17,4
DA:18,4
DA:19,3
DA:32,2
DA:33,2
DA:34,2
DA:43,0
DA:50,0
DA:63,0
DA:65,0
DA:66,0
DA:67,0
DA:68,0
DA:69,0
DA:71,0
DA:72,0
DA:75,0
DA:76,0
DA:79,0
DA:80,0
DA:81,0
DA:83,0
DA:84,0
DA:86,0
DA:87,0
DA:88,0
DA:89,0
DA:91,0
DA:93,0
DA:97,0
DA:98,0
DA:99,0
DA:100,0
DA:102,0
DA:105,0
DA:122,1
DA:123,0
DA:153,0
DA:154,0
DA:155,0
DA:157,0
DA:173,0
DA:174,0
DA:175,0
DA:177,0
DA:178,0
DA:180,0
DA:181,0
DA:182,0
DA:184,0
DA:201,1
DA:202,1
DA:203,0
DA:205,1
DA:206,0
DA:208,1
DA:209,1
DA:210,1
DA:212,0
DA:227,0
DA:228,0
DA:229,0
DA:230,0
DA:232,0
DA:233,0
DA:234,0
DA:235,0
DA:236,0
DA:238,0
DA:240,0
DA:242,0
DA:245,0
DA:246,0
DA:247,0
DA:250,0
DA:265,2
DA:266,2
DA:267,2
DA:268,2
DA:269,2
DA:270,2
DA:271,5
DA:272,5
DA:273,4
DA:275,5
DA:276,1
DA:278,4
DA:279,4
DA:280,0
DA:281,0
DA:283,0
DA:284,0
DA:288,4
DA:293,2
DA:294,2
DA:295,2
DA:296,2
DA:298,2
DA:299,2
DA:300,2
DA:301,2
DA:302,4
DA:303,4
DA:304,4
DA:306,4
DA:307,4
DA:309,2
DA:310,2
DA:311,2
DA:312,0
DA:314,2
DA:315,3
DA:316,3
DA:317,3
DA:318,3
DA:319,3
DA:320,3
DA:322,3
DA:324,1
DA:325,0
DA:326,0
DA:327,0
DA:329,0
DA:330,0
DA:335,2
DA:336,4
LF:136
LH:62
BRDA:2,0,0,0
BRDA:2,0,1,7
BRDA:2,1,0,7
BRDA:2,1,1,5
BRDA:4,2,0,5
BRDA:4,2,1,2
BRDA:4,3,0,7
BRDA:4,3,1,5
BRDA:5,4,0,0
BRDA:5,4,1,5
BRDA:18,5,0,3
BRDA:18,5,1,1
BRDA:65,6,0,0
BRDA:65,6,1,0
BRDA:66,7,0,0
BRDA:66,7,1,0
BRDA:68,8,0,0
BRDA:68,8,1,0
BRDA:71,9,0,0
BRDA:71,9,1,0
BRDA:80,10,0,0
BRDA:80,10,1,0
BRDA:83,11,0,0
BRDA:83,11,1,0
BRDA:88,12,0,0
BRDA:88,12,1,0
BRDA:97,13,0,0
BRDA:97,13,1,0
BRDA:99,14,0,0
BRDA:99,14,1,0
BRDA:99,15,0,0
BRDA:99,15,1,0
BRDA:154,16,0,0
BRDA:154,16,1,0
BRDA:174,17,0,0
BRDA:174,17,1,0
BRDA:177,18,0,0
BRDA:177,18,1,0
BRDA:181,19,0,0
BRDA:181,19,1,0
BRDA:202,20,0,0
BRDA:202,20,1,1
BRDA:205,21,0,0
BRDA:205,21,1,1
BRDA:209,22,0,1
BRDA:209,22,1,0
BRDA:212,23,0,0
BRDA:212,23,1,0
BRDA:233,24,0,0
BRDA:233,24,1,0
BRDA:264,25,0,1
BRDA:272,26,0,4
BRDA:272,26,1,1
BRDA:275,27,0,1
BRDA:275,27,1,4
BRDA:279,28,0,0
BRDA:279,28,1,4
BRDA:279,29,0,4
BRDA:279,29,1,1
BRDA:283,30,0,0
BRDA:283,30,1,0
BRDA:311,31,0,0
BRDA:311,31,1,2
BRDA:316,32,0,3
BRDA:316,32,1,0
BRDA:324,33,0,0
BRDA:324,33,1,1
BRDA:329,34,0,0
BRDA:329,34,1,0
BRDA:336,35,0,4
BRDA:336,35,1,0
BRF:71
BRH:25
end_of_record
TN:
SF:src/File.js
FN:13,(anonymous_0)
FN:35,(anonymous_1)
FN:48,(anonymous_2)
FN:61,(anonymous_3)
FN:72,(anonymous_4)
FN:82,(anonymous_5)
FN:94,(anonymous_6)
FN:121,(anonymous_7)
FN:131,(anonymous_8)
FN:140,(anonymous_9)
FN:149,(anonymous_10)
FNF:11
FNH:11
FNDA:79,(anonymous_0)
FNDA:1,(anonymous_1)
FNDA:1,(anonymous_2)
FNDA:3,(anonymous_3)
FNDA:1,(anonymous_4)
FNDA:1,(anonymous_5)
FNDA:1,(anonymous_6)
FNDA:1,(anonymous_7)
FNDA:1,(anonymous_8)
FNDA:1,(anonymous_9)
FNDA:1,(anonymous_10)
DA:14,79
DA:38,1
DA:39,0
DA:40,0
DA:43,0
DA:45,1
DA:47,1
DA:48,1
DA:49,1
DA:50,1
DA:62,3
DA:63,3
DA:73,1
DA:83,1
DA:95,1
DA:96,1
DA:98,1
DA:99,1
DA:101,1
DA:103,0
DA:105,0
DA:107,0
DA:110,0
DA:111,0
DA:113,1
DA:122,1
DA:123,1
DA:124,1
DA:132,1
DA:133,1
DA:141,1
DA:142,1
DA:150,1
DA:151,1
LF:34
LH:26
BRDA:38,0,0,0
BRDA:38,0,1,1
BRDA:38,1,0,1
BRDA:38,1,1,0
BRDA:39,2,0,0
BRDA:39,2,1,0
BRDA:39,3,0,0
BRDA:39,3,1,0
BRDA:61,4,0,1
BRDA:96,5,0,0
BRDA:96,5,1,1
BRDA:98,6,0,1
BRDA:98,6,1,0
BRDA:98,7,0,1
BRDA:98,7,1,0
BRDA:110,8,0,0
BRDA:110,8,1,0
BRF:17
BRH:6
end_of_record
TN:
SF:src/Graph.js
FN:16,(anonymous_0)
FN:28,(anonymous_1)
FN:40,(anonymous_2)
FN:52,(anonymous_3)
FN:62,(anonymous_4)
FN:71,(anonymous_5)
FNF:6
FNH:6
FNDA:9,(anonymous_0)
FNDA:7,(anonymous_1)
FNDA:2,(anonymous_2)
FNDA:3,(anonymous_3)
FNDA:4,(anonymous_4)
FNDA:2,(anonymous_5)
DA:17,9
DA:18,9
DA:29,7
DA:41,2
DA:42,2
DA:53,3
DA:63,4
DA:72,2
LF:8
LH:8
BRDA:18,0,0,1
BRDA:18,0,1,8
BRDA:18,1,0,9
BRDA:18,1,1,9
BRDA:41,2,0,2
BRDA:41,2,1,0
BRF:6
BRH:5
end_of_record
TN:
SF:src/Group.js
FN:16,(anonymous_0)
FN:25,(anonymous_1)
FN:35,(anonymous_2)
FN:40,(anonymous_3)
FN:46,(anonymous_4)
FN:57,(anonymous_5)
FN:79,(anonymous_6)
FN:99,(anonymous_7)
FNF:8
FNH:2
FNDA:3,(anonymous_0)
FNDA:0,(anonymous_1)
FNDA:0,(anonymous_2)
FNDA:0,(anonymous_3)
FNDA:0,(anonymous_4)
FNDA:0,(anonymous_5)
FNDA:0,(anonymous_6)
FNDA:1,(anonymous_7)
DA:17,3
DA:26,0
DA:36,0
DA:37,0
DA:38,0
DA:41,0
DA:42,0
DA:43,0
DA:45,0
DA:47,0
DA:48,0
DA:58,0
DA:59,0
DA:60,0
DA:62,0
DA:63,0
DA:65,0
DA:80,0
DA:81,0
DA:82,0
DA:83,0
DA:84,0
DA:85,0
DA:86,0
DA:87,0
DA:89,0
DA:100,1
DA:101,1
LF:28
LH:3
BRDA:42,0,0,0
BRDA:42,0,1,0
BRDA:62,1,0,0
BRDA:62,1,1,0
BRDA:86,2,0,0
BRDA:86,2,1,0
BRF:6
BRH:0
end_of_record
TN:
SF:src/List.js
FN:18,(anonymous_0)
FN:35,(anonymous_1)
FN:45,(anonymous_2)
FN:56,(anonymous_3)
FN:69,(anonymous_4)
FN:86,(anonymous_5)
FN:93,(anonymous_6)
FN:95,(anonymous_7)
FN:101,(anonymous_8)
FN:112,(anonymous_9)
FN:131,(anonymous_10)
FN:133,(anonymous_11)
FN:147,(anonymous_12)
FN:164,(anonymous_13)
FN:174,(anonymous_14)
FN:187,(anonymous_15)
FN:191,(anonymous_16)
FN:201,(anonymous_17)
FN:204,(anonymous_18)
FN:206,(anonymous_19)
FN:218,(anonymous_20)
FN:224,(anonymous_21)
FN:235,(anonymous_22)
FN:272,(anonymous_23)
FN:281,(anonymous_24)
FN:292,(anonymous_25)
FN:298,(anonymous_26)
FNF:27
FNH:24
FNDA:8,(anonymous_0)
FNDA:3,(anonymous_1)
FNDA:11,(anonymous_2)
FNDA:3,(anonymous_3)
FNDA:179,(anonymous_4)
FNDA:4,(anonymous_5)
FNDA:160,(anonymous_6)
FNDA:319,(anonymous_7)
FNDA:477,(anonymous_8)
FNDA:160,(anonymous_9)
FNDA:0,(anonymous_10)
FNDA:0,(anonymous_11)
FNDA:1,(anonymous_12)
FNDA:1,(anonymous_13)
FNDA:12,(anonymous_14)
FNDA:2,(anonymous_15)
FNDA:1,(anonymous_16)
FNDA:2,(anonymous_17)
FNDA:2,(anonymous_18)
FNDA:2,(anonymous_19)
FNDA:0,(anonymous_20)
FNDA:3,(anonymous_21)
FNDA:184,(anonymous_22)
FNDA:5,(anonymous_23)
FNDA:5,(anonymous_24)
FNDA:184,(anonymous_25)
FNDA:626,(anonymous_26)
DA:19,8
DA:20,8
DA:26,8
DA:36,3
DA:37,3
DA:46,11
DA:57,3
DA:58,3
DA:59,3
DA:70,179
DA:71,179
DA:72,1
DA:74,178
DA:87,4
DA:88,4
DA:91,4
DA:93,4
DA:94,160
DA:95,160
DA:96,319
DA:97,2
DA:99,317
DA:101,160
DA:102,477
DA:103,158
DA:105,319
DA:106,319
DA:107,319
DA:108,0
DA:110,319
DA:112,160
DA:113,160
DA:114,157
DA:115,157
DA:117,3
DA:121,4
DA:132,0
DA:133,0
DA:135,0
DA:148,1
DA:149,1
DA:150,1
DA:151,1
DA:152,1
DA:165,1
DA:166,1
DA:167,1
DA:168,1
DA:175,12
DA:176,12
DA:177,12
DA:188,2
DA:189,1
DA:191,1
DA:202,2
DA:205,2
DA:206,2
DA:207,2
DA:208,2
DA:219,0
DA:225,3
DA:236,184
DA:237,21
DA:239,163
DA:240,163
DA:242,163
DA:243,163
DA:245,163
DA:246,172
DA:247,172
DA:248,15
DA:249,15
DA:250,15
DA:252,0
DA:253,0
DA:256,157
DA:257,157
DA:260,163
DA:261,157
DA:263,6
DA:273,5
DA:274,5
DA:275,5
DA:281,5
DA:293,184
DA:294,184
DA:295,641
DA:297,184
DA:298,626
LF:89
LH:82
BRDA:46,0,0,11
BRDA:46,0,1,11
BRDA:69,1,0,8
BRDA:71,2,0,1
BRDA:71,2,1,178
BRDA:96,3,0,2
BRDA:96,3,1,317
BRDA:102,4,0,158
BRDA:102,4,1,319
BRDA:107,5,0,0
BRDA:107,5,1,319
BRDA:107,6,0,319
BRDA:107,6,1,6
BRDA:113,7,0,157
BRDA:113,7,1,3
BRDA:113,8,0,160
BRDA:113,8,1,158
BRDA:188,9,0,1
BRDA:188,9,1,1
BRDA:210,10,0,2
BRDA:210,10,1,0
BRDA:219,11,0,0
BRDA:219,11,1,0
BRDA:235,12,0,0
BRDA:235,13,0,179
BRDA:236,14,0,21
BRDA:236,14,1,163
BRDA:245,15,0,178
BRDA:245,15,1,178
BRDA:247,16,0,15
BRDA:247,16,1,157
BRDA:249,17,0,15
BRDA:249,17,1,0
BRDA:249,18,0,15
BRDA:249,18,1,0
BRDA:249,18,2,0
BRDA:260,19,0,157
BRDA:260,19,1,6
BRDA:272,20,0,0
BRDA:293,21,0,184
BRDA:293,21,1,27
BRDA:297,22,0,184
BRDA:297,22,1,7
BRDA:298,23,0,184
BRDA:298,23,1,173
BRF:45
BRH:36
end_of_record
TN:
SF:src/Pipeline.js
FN:17,(anonymous_0)
FN:32,(anonymous_1)
FN:41,(anonymous_2)
FN:67,(anonymous_3)
FN:80,(anonymous_4)
FN:96,(anonymous_5)
FN:100,(anonymous_6)
FN:114,(anonymous_7)
FN:117,(anonymous_8)
FN:128,(anonymous_9)
FN:134,(anonymous_10)
FN:145,(anonymous_11)
FN:148,(anonymous_12)
FN:162,(anonymous_13)
FN:164,(anonymous_14)
FN:166,(anonymous_15)
FN:180,(anonymous_16)
FN:183,(anonymous_17)
FN:201,(anonymous_18)
FN:221,(anonymous_19)
FN:234,(anonymous_20)
FN:248,(anonymous_21)
FN:266,(anonymous_22)
FN:278,(anonymous_23)
FN:288,(anonymous_24)
FN:300,(anonymous_25)
FN:303,(anonymous_26)
FN:320,(anonymous_27)
FN:324,(anonymous_28)
FN:326,(anonymous_29)
FN:338,(anonymous_30)
FN:340,(anonymous_31)
FN:345,(anonymous_32)
FN:358,(anonymous_33)
FN:377,(anonymous_34)
FN:404,(anonymous_35)
FN:416,(anonymous_36)
FN:416,(anonymous_37)
FNF:38
FNH:19
FNDA:5,(anonymous_0)
FNDA:0,(anonymous_1)
FNDA:0,(anonymous_2)
FNDA:0,(anonymous_3)
FNDA:0,(anonymous_4)
FNDA:3,(anonymous_5)
FNDA:7,(anonymous_6)
FNDA:3,(anonymous_7)
FNDA:3,(anonymous_8)
FNDA:7,(anonymous_9)
FNDA:19,(anonymous_10)
FNDA:4,(anonymous_11)
FNDA:11,(anonymous_12)
FNDA:4,(anonymous_13)
FNDA:2,(anonymous_14)
FNDA:0,(anonymous_15)
FNDA:0,(anonymous_16)
FNDA:0,(anonymous_17)
FNDA:2,(anonymous_18)
FNDA:0,(anonymous_19)
FNDA:0,(anonymous_20)
FNDA:0,(anonymous_21)
FNDA:2,(anonymous_22)
FNDA:2,(anonymous_23)
FNDA:2,(anonymous_24)
FNDA:1,(anonymous_25)
FNDA:1,(anonymous_26)
FNDA:0,(anonymous_27)
FNDA:0,(anonymous_28)
FNDA:0,(anonymous_29)
FNDA:2,(anonymous_30)
FNDA:0,(anonymous_31)
FNDA:2,(anonymous_32)
FNDA:0,(anonymous_33)
FNDA:0,(anonymous_34)
FNDA:0,(anonymous_35)
FNDA:0,(anonymous_36)
FNDA:0,(anonymous_37)
DA:18,5
DA:33,0
DA:42,0
DA:43,0
DA:45,0
DA:68,0
DA:69,0
DA:70,0
DA:72,0
DA:81,0
DA:82,0
DA:83,0
DA:97,3
DA:100,3
DA:101,7
DA:102,7
DA:103,7
DA:104,7
DA:105,7
DA:115,3
DA:117,3
DA:118,3
DA:119,3
DA:129,7
DA:130,7
DA:131,1
DA:134,6
DA:135,19
DA:146,4
DA:147,4
DA:148,4
DA:149,11
DA:150,11
DA:151,11
DA:155,4
DA:163,4
DA:164,4
DA:165,4
DA:166,4
DA:167,0
DA:168,0
DA:169,0
DA:171,4
DA:182,0
DA:183,0
DA:185,0
DA:186,0
DA:190,0
DA:202,2
DA:203,2
DA:205,2
DA:206,2
DA:207,2
DA:208,2
DA:209,2
DA:211,2
DA:222,0
DA:223,0
DA:224,0
DA:235,0
DA:236,0
DA:237,0
DA:249,0
DA:250,0
DA:251,0
DA:252,0
DA:253,0
DA:256,0
DA:267,2
DA:268,2
DA:279,2
DA:289,2
DA:290,2
DA:302,1
DA:303,1
DA:304,1
DA:306,1
DA:308,1
DA:309,1
DA:312,1
DA:321,0
DA:322,0
DA:323,0
DA:324,0
DA:325,0
DA:326,0
DA:329,0
DA:339,2
DA:340,2
DA:341,0
DA:342,0
DA:343,0
DA:345,2
DA:346,2
DA:347,2
DA:348,2
DA:359,0
DA:360,0
DA:361,0
DA:362,0
DA:363,0
DA:366,0
DA:378,0
DA:379,0
DA:380,0
DA:381,0
DA:383,0
DA:384,0
DA:385,0
DA:386,0
DA:387,0
DA:406,0
DA:407,0
DA:408,0
DA:409,0
DA:410,0
DA:412,0
DA:413,0
DA:415,0
DA:416,0
DA:417,0
DA:426,11
LF:122
LH:56
BRDA:43,0,0,0
BRDA:43,0,1,0
BRDA:43,1,0,0
BRDA:43,1,1,0
BRDA:69,2,0,0
BRDA:69,2,1,0
BRDA:82,3,0,0
BRDA:82,3,1,0
BRDA:104,4,0,7
BRDA:104,4,1,0
BRDA:130,5,0,1
BRDA:130,5,1,6
BRDA:150,6,0,11
BRDA:150,6,1,0
BRDA:185,7,0,0
BRDA:185,7,1,0
BRDA:203,8,0,0
BRDA:203,8,1,2
BRDA:250,9,0,0
BRDA:250,9,1,0
BRDA:252,10,0,0
BRDA:252,10,1,0
BRDA:308,11,0,1
BRDA:308,11,1,1
BRDA:320,12,0,0
BRDA:322,13,0,0
BRDA:322,13,1,0
BRDA:360,14,0,0
BRDA:360,14,1,0
BRDA:362,15,0,0
BRDA:362,15,1,0
BRDA:362,16,0,0
BRDA:362,16,1,0
BRDA:379,17,0,0
BRDA:379,17,1,0
BRDA:385,18,0,0
BRDA:385,18,1,0
BRDA:407,19,0,0
BRDA:407,19,1,0
BRDA:409,20,0,0
BRDA:409,20,1,0
BRF:41
BRH:7
end_of_record
TN:
SF:src/PrototypeEntry.js
FN:23,(anonymous_0)
FN:32,(anonymous_1)
FN:38,(anonymous_2)
FN:50,(anonymous_3)
FN:61,(anonymous_4)
FN:73,(anonymous_5)
FN:85,(anonymous_6)
FN:95,(anonymous_7)
FN:111,(anonymous_8)
FN:128,(anonymous_9)
FN:146,(anonymous_10)
FN:155,(anonymous_11)
FN:163,(anonymous_12)
FN:172,(anonymous_13)
FN:187,(anonymous_14)
FN:200,(anonymous_15)
FN:210,(anonymous_16)
FNF:17
FNH:15
FNDA:63,(anonymous_0)
FNDA:7,(anonymous_1)
FNDA:198,(anonymous_2)
FNDA:64,(anonymous_3)
FNDA:1,(anonymous_4)
FNDA:7,(anonymous_5)
FNDA:5,(anonymous_6)
FNDA:7,(anonymous_7)
FNDA:25,(anonymous_8)
FNDA:1,(anonymous_9)
FNDA:10,(anonymous_10)
FNDA:122,(anonymous_11)
FNDA:63,(anonymous_12)
FNDA:1,(anonymous_13)
FNDA:0,(anonymous_14)
FNDA:0,(anonymous_15)
FNDA:61,(anonymous_16)
DA:5,11
DA:24,63
DA:25,63
DA:26,63
DA:27,11
DA:29,52
DA:31,63
DA:32,63
DA:33,7
DA:34,7
DA:35,7
DA:38,198
DA:40,63
DA:41,63
DA:42,3
DA:51,64
DA:62,1
DA:63,1
DA:74,7
DA:75,7
DA:86,5
DA:87,5
DA:96,7
DA:97,7
DA:98,7
DA:103,7
DA:112,25
DA:113,25
DA:114,25
DA:115,25
DA:120,25
DA:129,1
DA:130,1
DA:131,1
DA:136,1
DA:147,10
DA:148,10
DA:156,122
DA:164,63
DA:173,1
DA:174,0
DA:176,1
DA:178,1
DA:188,0
DA:189,0
DA:191,0
DA:192,0
DA:201,0
DA:211,61
LF:49
LH:43
BRDA:23,0,0,60
BRDA:26,1,0,11
BRDA:26,1,1,52
BRDA:38,2,0,198
BRDA:38,2,1,170
BRDA:41,3,0,3
BRDA:41,3,1,60
BRDA:97,4,0,7
BRDA:97,4,1,0
BRDA:114,5,0,25
BRDA:114,5,1,0
BRDA:130,6,0,1
BRDA:130,6,1,0
BRDA:173,7,0,0
BRDA:173,7,1,1
BRDA:188,8,0,0
BRDA:188,8,1,0
BRF:17
BRH:11
end_of_record
TN:
SF:src/Resource.js
FN:21,(anonymous_0)
FN:32,(anonymous_1)
FN:52,(anonymous_2)
FN:61,(anonymous_3)
FN:70,(anonymous_4)
FN:79,(anonymous_5)
FN:83,(anonymous_6)
FN:87,(anonymous_7)
FNF:8
FNH:6
FNDA:313,(anonymous_0)
FNDA:1113,(anonymous_1)
FNDA:13,(anonymous_2)
FNDA:871,(anonymous_3)
FNDA:2,(anonymous_4)
FNDA:64,(anonymous_5)
FNDA:0,(anonymous_6)
FNDA:0,(anonymous_7)
DA:22,313
DA:23,313
DA:24,313
DA:33,1113
DA:53,13
DA:62,871
DA:71,2
DA:80,64
DA:84,0
DA:88,0
LF:10
LH:8
BRDA:52,0,0,11
BRF:1
BRH:1
end_of_record
TN:
SF:src/Rest.js
FN:14,(anonymous_0)
FN:29,(anonymous_1)
FN:39,(anonymous_2)
FN:57,(anonymous_3)
FN:65,(anonymous_4)
FN:84,(anonymous_5)
FN:93,(anonymous_6)
FN:103,(anonymous_7)
FN:113,(anonymous_8)
FN:127,(anonymous_9)
FN:152,(anonymous_10)
FN:183,(anonymous_11)
FN:197,(anonymous_12)
FN:209,(anonymous_13)
FN:226,(anonymous_14)
FN:251,(anonymous_15)
FN:265,(anonymous_16)
FN:266,(anonymous_17)
FN:273,(anonymous_18)
FN:288,(anonymous_19)
FN:318,(anonymous_20)
FN:334,(anonymous_21)
FN:346,(anonymous_22)
FN:357,(anonymous_23)
FN:380,(anonymous_24)
FN:382,(anonymous_25)
FN:389,(anonymous_26)
FN:392,(anonymous_27)
FN:398,(anonymous_28)
FNF:29
FNH:18
FNDA:0,(anonymous_0)
FNDA:0,(anonymous_1)
FNDA:14,(anonymous_2)
FNDA:0,(anonymous_3)
FNDA:0,(anonymous_4)
FNDA:0,(anonymous_5)
FNDA:0,(anonymous_6)
FNDA:48,(anonymous_7)
FNDA:50,(anonymous_8)
FNDA:69,(anonymous_9)
FNDA:292,(anonymous_10)
FNDA:0,(anonymous_11)
FNDA:0,(anonymous_12)
FNDA:0,(anonymous_13)
FNDA:874,(anonymous_14)
FNDA:84,(anonymous_15)
FNDA:0,(anonymous_16)
FNDA:0,(anonymous_17)
FNDA:229,(anonymous_18)
FNDA:61,(anonymous_19)
FNDA:19,(anonymous_20)
FNDA:62,(anonymous_21)
FNDA:12,(anonymous_22)
FNDA:24,(anonymous_23)
FNDA:1,(anonymous_24)
FNDA:1,(anonymous_25)
FNDA:3,(anonymous_26)
FNDA:1,(anonymous_27)
FNDA:1,(anonymous_28)
DA:14,11
DA:15,0
DA:16,0
DA:17,0
DA:18,0
DA:20,0
DA:29,11
DA:40,14
DA:41,14
DA:42,14
DA:47,14
DA:49,14
DA:57,0
DA:58,0
DA:59,0
DA:62,0
DA:63,0
DA:65,0
DA:67,0
DA:68,0
DA:72,0
DA:85,0
DA:94,0
DA:104,48
DA:105,48
DA:107,48
DA:108,25
DA:113,50
DA:115,25
DA:118,23
DA:124,23
DA:125,0
DA:127,69
DA:128,23
DA:129,22
DA:131,22
DA:132,22
DA:133,22
DA:134,22
DA:138,22
DA:153,292
DA:154,292
DA:155,292
DA:156,292
DA:158,292
DA:159,292
DA:160,292
DA:161,5
DA:163,1
DA:167,1
DA:168,1
DA:169,1
DA:172,2
DA:173,2
DA:174,2
DA:176,1
DA:178,5
DA:182,292
DA:183,0
DA:184,0
DA:185,0
DA:186,0
DA:189,0
DA:198,0
DA:202,292
DA:208,292
DA:209,1
DA:210,0
DA:211,0
DA:213,0
DA:214,0
DA:219,0
DA:220,0
DA:222,0
DA:226,874
DA:228,292
DA:229,290
DA:230,290
DA:232,3
DA:235,287
DA:237,0
DA:252,84
DA:253,84
DA:254,0
DA:256,84
DA:257,23
DA:260,84
DA:262,84
DA:263,58
DA:265,0
DA:266,0
DA:270,84
DA:273,229
DA:275,84
DA:289,61
DA:291,61
DA:294,61
DA:295,0
DA:296,0
DA:297,0
DA:299,0
DA:301,0
DA:304,61
DA:319,19
DA:320,19
DA:321,5
DA:323,19
DA:324,3
DA:325,16
DA:326,0
DA:329,19
DA:334,62
DA:336,19
DA:347,12
DA:348,12
DA:349,12
DA:350,0
DA:353,12
DA:357,24
DA:359,12
DA:381,1
DA:382,1
DA:383,1
DA:385,1
DA:386,1
DA:387,1
DA:389,3
DA:391,1
DA:392,1
DA:393,1
DA:394,0
DA:395,0
DA:398,1
DA:399,1
DA:400,1
DA:405,0
LF:136
LH:92
BRDA:20,0,0,0
BRDA:20,0,1,0
BRDA:20,0,2,0
BRDA:20,0,3,0
BRDA:49,1,0,0
BRDA:49,1,1,14
BRDA:57,2,0,0
BRDA:58,3,0,0
BRDA:58,3,1,0
BRDA:67,4,0,0
BRDA:67,4,1,0
BRDA:104,5,0,27
BRDA:104,6,0,23
BRDA:107,7,0,25
BRDA:107,7,1,23
BRDA:124,8,0,0
BRDA:124,8,1,23
BRDA:132,9,0,22
BRDA:132,9,1,0
BRDA:152,10,0,265
BRDA:152,11,0,269
BRDA:160,12,0,5
BRDA:160,12,1,287
BRDA:161,13,0,1
BRDA:161,13,1,0
BRDA:161,13,2,0
BRDA:161,13,3,1
BRDA:161,13,4,1
BRDA:161,13,5,2
BRDA:161,13,6,1
BRDA:182,14,0,0
BRDA:182,14,1,292
BRDA:182,15,0,292
BRDA:182,15,1,0
BRDA:182,15,2,0
BRDA:182,15,3,0
BRDA:185,16,0,0
BRDA:185,16,1,0
BRDA:186,17,0,0
BRDA:186,17,1,0
BRDA:208,18,0,1
BRDA:208,18,1,291
BRDA:210,19,0,0
BRDA:210,19,1,0
BRDA:213,20,0,0
BRDA:213,20,1,0
BRDA:229,21,0,290
BRDA:229,21,1,0
BRDA:230,22,0,3
BRDA:230,22,1,287
BRDA:230,23,0,290
BRDA:230,23,1,288
BRDA:232,24,0,3
BRDA:232,24,1,0
BRDA:233,25,0,0
BRDA:233,25,1,0
BRDA:253,26,0,0
BRDA:253,26,1,84
BRDA:256,27,0,23
BRDA:256,27,1,61
BRDA:262,28,0,58
BRDA:262,28,1,26
BRDA:294,29,0,0
BRDA:294,29,1,61
BRDA:294,30,0,61
BRDA:294,30,1,0
BRDA:296,31,0,0
BRDA:296,31,1,0
BRDA:320,32,0,5
BRDA:320,32,1,14
BRDA:323,33,0,3
BRDA:323,33,1,16
BRDA:325,34,0,0
BRDA:325,34,1,16
BRDA:349,35,0,0
BRDA:349,35,1,12
BRDA:381,36,0,1
BRDA:381,36,1,0
BRDA:381,37,0,1
BRDA:381,37,1,1
BRDA:381,37,2,1
BRDA:386,38,0,1
BRDA:386,38,1,0
BRDA:393,39,0,0
BRDA:393,39,1,1
BRDA:399,40,0,0
BRDA:399,40,1,1
BRF:87
BRH:46
end_of_record
TN:
SF:src/SearchList.js
FN:16,(anonymous_0)
FN:27,(anonymous_1)
FN:31,(anonymous_2)
FN:35,(anonymous_3)
FN:70,(anonymous_4)
FN:74,(anonymous_5)
FN:80,(anonymous_6)
FN:102,(anonymous_7)
FN:129,(anonymous_8)
FN:161,(anonymous_9)
FN:165,(anonymous_10)
FNF:11
FNH:5
FNDA:16,(anonymous_0)
FNDA:0,(anonymous_1)
FNDA:0,(anonymous_2)
FNDA:334,(anonymous_3)
FNDA:0,(anonymous_4)
FNDA:172,(anonymous_5)
FNDA:0,(anonymous_6)
FNDA:0,(anonymous_7)
FNDA:0,(anonymous_8)
FNDA:173,(anonymous_9)
FNDA:172,(anonymous_10)
DA:17,16
DA:18,16
DA:19,16
DA:20,16
DA:28,0
DA:32,0
DA:36,334
DA:71,0
DA:75,172
DA:76,172
DA:78,0
DA:79,0
DA:80,0
DA:81,0
DA:82,0
DA:84,0
DA:85,0
DA:86,0
DA:87,0
DA:103,0
DA:104,0
DA:107,0
DA:109,0
DA:110,0
DA:112,0
DA:115,0
DA:117,0
DA:130,0
DA:131,0
DA:133,0
DA:135,0
DA:136,0
DA:137,0
DA:138,0
DA:140,0
DA:141,0
DA:145,0
DA:146,0
DA:147,0
DA:150,0
DA:152,0
DA:162,173
DA:163,173
DA:164,173
DA:166,172
DA:167,172
DA:177,11
DA:187,11
DA:197,11
DA:205,11
DA:206,11
DA:207,11
LF:52
LH:18
BRDA:19,0,0,16
BRDA:19,0,1,16
BRDA:36,1,0,334
BRDA:36,1,1,15
BRDA:75,2,0,172
BRDA:75,2,1,0
BRDA:75,3,0,172
BRDA:75,3,1,172
BRDA:81,4,0,0
BRDA:81,4,1,0
BRDA:81,5,0,0
BRDA:81,5,1,0
BRDA:84,6,0,0
BRDA:84,6,1,0
BRDA:86,7,0,0
BRDA:86,7,1,0
BRDA:102,8,0,0
BRDA:103,9,0,0
BRDA:103,9,1,0
BRDA:103,10,0,0
BRDA:103,10,1,0
BRDA:109,11,0,0
BRDA:109,11,1,0
BRDA:130,12,0,0
BRDA:130,12,1,0
BRDA:130,13,0,0
BRDA:130,13,1,0
BRDA:130,13,2,0
BRDA:135,14,0,0
BRDA:135,14,1,0
BRDA:135,15,0,0
BRDA:135,15,1,0
BRDA:146,16,0,0
BRDA:146,16,1,0
BRDA:161,17,0,0
BRF:35
BRH:7
end_of_record
TN:
SF:src/SolrQuery.js
FN:5,(anonymous_0)
FN:7,(anonymous_1)
FN:10,(anonymous_2)
FN:16,(anonymous_3)
FN:18,(anonymous_4)
FN:19,(anonymous_5)
FN:31,(anonymous_6)
FN:40,(anonymous_7)
FN:42,(anonymous_8)
FN:45,(anonymous_9)
FN:53,(anonymous_10)
FN:58,(anonymous_11)
FN:59,(anonymous_12)
FN:67,(anonymous_13)
FN:69,(anonymous_14)
FN:71,(anonymous_15)
FN:84,(anonymous_16)
FN:146,(anonymous_17)
FN:184,(anonymous_18)
FN:201,(anonymous_19)
FN:212,(anonymous_20)
FN:223,(anonymous_21)
FN:235,(anonymous_22)
FN:247,(anonymous_23)
FN:259,(anonymous_24)
FN:270,(anonymous_25)
FN:281,(anonymous_26)
FN:292,(anonymous_27)
FN:303,(anonymous_28)
FN:314,(anonymous_29)
FN:325,(anonymous_30)
FN:336,(anonymous_31)
FN:348,(anonymous_32)
FN:350,(anonymous_33)
FN:362,(anonymous_34)
FN:373,(anonymous_35)
FN:384,(anonymous_36)
FN:396,(anonymous_37)
FN:408,(anonymous_38)
FN:420,(anonymous_39)
FN:433,(anonymous_40)
FN:445,(anonymous_41)
FN:457,(anonymous_42)
FN:469,(anonymous_43)
FN:481,(anonymous_44)
FN:492,(anonymous_45)
FN:503,(anonymous_46)
FN:514,(anonymous_47)
FN:525,(anonymous_48)
FN:536,(anonymous_49)
FN:547,(anonymous_50)
FN:561,(anonymous_51)
FN:562,(anonymous_52)
FN:575,(anonymous_53)
FN:606,(anonymous_54)
FN:629,(anonymous_55)
FN:638,(anonymous_56)
FN:648,(anonymous_57)
FN:664,(anonymous_58)
FN:699,(anonymous_59)
FN:720,(anonymous_60)
FN:735,(anonymous_61)
FN:757,(anonymous_62)
FN:770,(anonymous_63)
FN:776,(anonymous_64)
FN:790,(anonymous_65)
FN:800,(anonymous_66)
FN:815,(anonymous_67)
FN:826,(anonymous_68)
FN:838,(anonymous_69)
FN:859,(anonymous_70)
FN:870,(anonymous_71)
FN:881,(anonymous_72)
FN:900,(anonymous_73)
FN:916,(anonymous_74)
FN:927,(anonymous_75)
FN:936,(anonymous_76)
FN:943,(anonymous_77)
FN:953,(anonymous_78)
FN:970,(anonymous_79)
FN:976,(anonymous_80)
FN:985,(anonymous_81)
FN:991,(anonymous_82)
FN:1000,(anonymous_83)
FN:1011,(anonymous_84)
FN:1024,(anonymous_85)
FN:1027,(anonymous_86)
FN:1052,(anonymous_87)
FN:1061,(anonymous_88)
FNF:89
FNH:27
FNDA:178,(anonymous_0)
FNDA:2,(anonymous_1)
FNDA:178,(anonymous_2)
FNDA:174,(anonymous_3)
FNDA:174,(anonymous_4)
FNDA:174,(anonymous_5)
FNDA:178,(anonymous_6)
FNDA:4,(anonymous_7)
FNDA:4,(anonymous_8)
FNDA:0,(anonymous_9)
FNDA:0,(anonymous_10)
FNDA:0,(anonymous_11)
FNDA:0,(anonymous_12)
FNDA:0,(anonymous_13)
FNDA:0,(anonymous_14)
FNDA:0,(anonymous_15)
FNDA:0,(anonymous_16)
FNDA:16,(anonymous_17)
FNDA:16,(anonymous_18)
FNDA:2,(anonymous_19)
FNDA:0,(anonymous_20)
FNDA:1,(anonymous_21)
FNDA:0,(anonymous_22)
FNDA:0,(anonymous_23)
FNDA:0,(anonymous_24)
FNDA:0,(anonymous_25)
FNDA:0,(anonymous_26)
FNDA:0,(anonymous_27)
FNDA:0,(anonymous_28)
FNDA:0,(anonymous_29)
FNDA:2,(anonymous_30)
FNDA:0,(anonymous_31)
FNDA:0,(anonymous_32)
FNDA:0,(anonymous_33)
FNDA:0,(anonymous_34)
FNDA:0,(anonymous_35)
FNDA:0,(anonymous_36)
FNDA:0,(anonymous_37)
FNDA:0,(anonymous_38)
FNDA:0,(anonymous_39)
FNDA:0,(anonymous_40)
FNDA:1,(anonymous_41)
FNDA:9,(anonymous_42)
FNDA:0,(anonymous_43)
FNDA:0,(anonymous_44)
FNDA:0,(anonymous_45)
FNDA:0,(anonymous_46)
FNDA:0,(anonymous_47)
FNDA:0,(anonymous_48)
FNDA:0,(anonymous_49)
FNDA:0,(anonymous_50)
FNDA:2,(anonymous_51)
FNDA:2,(anonymous_52)
FNDA:0,(anonymous_53)
FNDA:0,(anonymous_54)
FNDA:0,(anonymous_55)
FNDA:0,(anonymous_56)
FNDA:0,(anonymous_57)
FNDA:2,(anonymous_58)
FNDA:0,(anonymous_59)
FNDA:0,(anonymous_60)
FNDA:0,(anonymous_61)
FNDA:0,(anonymous_62)
FNDA:0,(anonymous_63)
FNDA:0,(anonymous_64)
FNDA:3,(anonymous_65)
FNDA:334,(anonymous_66)
FNDA:0,(anonymous_67)
FNDA:173,(anonymous_68)
FNDA:0,(anonymous_69)
FNDA:0,(anonymous_70)
FNDA:0,(anonymous_71)
FNDA:0,(anonymous_72)
FNDA:0,(anonymous_73)
FNDA:0,(anonymous_74)
FNDA:16,(anonymous_75)
FNDA:173,(anonymous_76)
FNDA:173,(anonymous_77)
FNDA:6,(anonymous_78)
FNDA:0,(anonymous_79)
FNDA:0,(anonymous_80)
FNDA:0,(anonymous_81)
FNDA:0,(anonymous_82)
FNDA:2,(anonymous_83)
FNDA:0,(anonymous_84)
FNDA:0,(anonymous_85)
FNDA:0,(anonymous_86)
FNDA:0,(anonymous_87)
FNDA:0,(anonymous_88)
DA:5,178
DA:7,11
DA:8,11
DA:9,11
DA:10,178
DA:16,174
DA:18,174
DA:19,174
DA:31,11
DA:32,178
DA:33,178
DA:34,178
DA:35,0
DA:36,0
DA:37,0
DA:39,178
DA:40,4
DA:42,4
DA:43,174
DA:44,0
DA:45,0
DA:46,174
DA:47,174
DA:48,174
DA:50,0
DA:53,0
DA:55,178
DA:58,11
DA:59,11
DA:67,11
DA:68,0
DA:69,0
DA:70,0
DA:71,0
DA:72,0
DA:74,0
DA:75,0
DA:77,0
DA:78,0
DA:80,0
DA:81,0
DA:82,0
DA:83,0
DA:84,0
DA:85,0
DA:87,0
DA:88,0
DA:90,0
DA:92,0
DA:97,0
DA:98,0
DA:100,0
DA:147,16
DA:148,16
DA:149,16
DA:154,16
DA:159,16
DA:165,16
DA:171,16
DA:172,16
DA:173,16
DA:185,16
DA:186,16
DA:187,0
DA:189,16
DA:202,2
DA:213,0
DA:224,1
DA:236,0
DA:248,0
DA:260,0
DA:271,0
DA:282,0
DA:293,0
DA:304,0
DA:315,0
DA:326,2
DA:337,0
DA:349,0
DA:350,0
DA:352,0
DA:363,0
DA:374,0
DA:385,0
DA:397,0
DA:409,0
DA:421,0
DA:434,0
DA:446,1
DA:458,9
DA:470,0
DA:482,0
DA:493,0
DA:504,0
DA:515,0
DA:526,0
DA:537,0
DA:548,0
DA:562,2
DA:563,2
DA:564,0
DA:565,2
DA:566,1
DA:567,0
DA:569,1
DA:571,1
DA:574,2
DA:575,0
DA:576,0
DA:577,0
DA:580,2
DA:581,2
DA:582,1
DA:586,1
DA:607,0
DA:608,0
DA:630,0
DA:631,0
DA:649,0
DA:650,0
DA:665,2
DA:667,2
DA:669,0
DA:670,0
DA:672,0
DA:673,0
DA:676,2
DA:678,2
DA:685,2
DA:700,0
DA:701,0
DA:708,0
DA:721,0
DA:736,0
DA:737,0
DA:744,0
DA:758,0
DA:771,0
DA:773,0
DA:776,0
DA:781,0
DA:791,3
DA:792,3
DA:801,334
DA:816,0
DA:817,0
DA:827,173
DA:828,173
DA:839,0
DA:840,0
DA:841,0
DA:842,0
DA:843,0
DA:844,0
DA:846,0
DA:849,0
DA:850,0
DA:860,0
DA:861,0
DA:871,0
DA:872,0
DA:882,0
DA:883,0
DA:901,0
DA:902,0
DA:917,0
DA:918,0
DA:928,16
DA:937,173
DA:938,173
DA:939,0
DA:943,173
DA:944,173
DA:945,173
DA:946,170
DA:947,0
DA:949,170
DA:951,3
DA:952,3
DA:953,3
DA:954,6
DA:955,6
DA:958,3
DA:959,0
DA:960,3
DA:961,0
DA:963,3
DA:968,173
DA:969,0
DA:970,0
DA:971,0
DA:972,0
DA:973,0
DA:974,0
DA:975,0
DA:976,0
DA:977,0
DA:981,0
DA:983,173
DA:984,0
DA:985,0
DA:986,0
DA:987,0
DA:988,0
DA:989,0
DA:990,0
DA:991,0
DA:992,0
DA:996,0
DA:997,0
DA:1000,173
DA:1001,2
DA:1002,2
DA:1003,2
DA:1004,2
DA:1005,0
DA:1007,2
DA:1009,0
DA:1010,0
DA:1011,0
DA:1012,0
DA:1014,0
DA:1015,0
DA:1016,0
DA:1017,0
DA:1019,0
DA:1024,173
DA:1025,0
DA:1027,173
DA:1028,0
DA:1031,173
DA:1032,173
DA:1033,160
DA:1035,173
DA:1036,157
DA:1038,173
DA:1039,0
DA:1041,173
DA:1042,0
DA:1044,173
DA:1053,0
DA:1062,0
LF:242
LH:95
BRDA:10,0,0,178
BRDA:10,0,1,176
BRDA:10,0,2,176
BRDA:10,0,3,2
BRDA:10,0,4,174
BRDA:10,0,5,0
BRDA:16,1,0,174
BRDA:16,1,1,174
BRDA:18,2,0,174
BRDA:18,2,1,174
BRDA:18,2,2,174
BRDA:34,3,0,0
BRDA:34,3,1,178
BRDA:39,4,0,4
BRDA:39,4,1,174
BRDA:39,5,0,178
BRDA:39,5,1,4
BRDA:40,6,0,4
BRDA:40,6,1,0
BRDA:42,7,0,0
BRDA:42,7,1,4
BRDA:42,8,0,4
BRDA:42,8,1,0
BRDA:43,9,0,0
BRDA:43,9,1,174
BRDA:43,10,0,174
BRDA:43,10,1,174
BRDA:44,11,0,0
BRDA:44,11,1,0
BRDA:46,12,0,174
BRDA:46,12,1,0
BRDA:47,13,0,174
BRDA:47,13,1,0
BRDA:55,14,0,178
BRDA:55,14,1,0
BRDA:58,15,0,0
BRDA:58,15,1,0
BRDA:58,16,0,0
BRDA:58,16,1,0
BRDA:59,17,0,0
BRDA:59,17,1,0
BRDA:59,18,0,0
BRDA:59,18,1,0
BRDA:71,19,0,0
BRDA:71,19,1,0
BRDA:72,20,0,0
BRDA:72,20,1,0
BRDA:72,20,2,0
BRDA:80,21,0,0
BRDA:80,21,1,0
BRDA:82,22,0,0
BRDA:82,22,1,0
BRDA:87,23,0,0
BRDA:87,23,1,0
BRDA:92,24,0,0
BRDA:92,24,1,0
BRDA:97,25,0,0
BRDA:97,25,1,0
BRDA:98,26,0,0
BRDA:98,26,1,0
BRDA:100,27,0,0
BRDA:100,27,1,0
BRDA:184,28,0,0
BRDA:186,29,0,0
BRDA:186,29,1,16
BRDA:201,30,0,2
BRDA:212,31,0,0
BRDA:223,32,0,1
BRDA:235,33,0,0
BRDA:247,34,0,0
BRDA:259,35,0,0
BRDA:270,36,0,0
BRDA:281,37,0,0
BRDA:292,38,0,0
BRDA:303,39,0,0
BRDA:314,40,0,0
BRDA:325,41,0,2
BRDA:336,42,0,0
BRDA:348,43,0,0
BRDA:349,44,0,0
BRDA:349,44,1,0
BRDA:362,45,0,0
BRDA:373,46,0,0
BRDA:384,47,0,0
BRDA:396,48,0,0
BRDA:408,49,0,0
BRDA:420,50,0,0
BRDA:433,51,0,0
BRDA:445,52,0,1
BRDA:457,53,0,9
BRDA:469,54,0,0
BRDA:481,55,0,0
BRDA:482,56,0,0
BRDA:482,56,1,0
BRDA:492,57,0,0
BRDA:503,58,0,0
BRDA:514,59,0,0
BRDA:525,60,0,0
BRDA:536,61,0,0
BRDA:547,62,0,0
BRDA:561,63,0,2
BRDA:563,64,0,0
BRDA:563,64,1,2
BRDA:563,65,0,2
BRDA:563,65,1,1
BRDA:565,66,0,1
BRDA:565,66,1,1
BRDA:565,67,0,2
BRDA:565,67,1,1
BRDA:566,68,0,0
BRDA:566,68,1,1
BRDA:574,69,0,0
BRDA:574,69,1,2
BRDA:576,70,0,0
BRDA:576,70,1,0
BRDA:581,71,0,1
BRDA:581,71,1,1
BRDA:664,72,0,2
BRDA:664,73,0,2
BRDA:667,74,0,0
BRDA:667,74,1,0
BRDA:667,74,2,2
BRDA:667,74,3,2
BRDA:678,75,0,0
BRDA:678,75,1,2
BRDA:699,76,0,0
BRDA:701,77,0,0
BRDA:701,77,1,0
BRDA:720,78,0,0
BRDA:735,79,0,0
BRDA:737,80,0,0
BRDA:737,80,1,0
BRDA:757,81,0,0
BRDA:770,82,0,0
BRDA:773,83,0,0
BRDA:773,83,1,0
BRDA:776,84,0,0
BRDA:776,84,1,0
BRDA:838,85,0,0
BRDA:839,86,0,0
BRDA:839,86,1,0
BRDA:840,87,0,0
BRDA:840,87,1,0
BRDA:841,88,0,0
BRDA:841,88,1,0
BRDA:843,89,0,0
BRDA:843,89,1,0
BRDA:859,90,0,0
BRDA:860,91,0,0
BRDA:860,91,1,0
BRDA:870,92,0,0
BRDA:871,93,0,0
BRDA:871,93,1,0
BRDA:881,94,0,0
BRDA:882,95,0,0
BRDA:882,95,1,0
BRDA:938,96,0,0
BRDA:938,96,1,173
BRDA:945,97,0,170
BRDA:945,97,1,3
BRDA:945,98,0,173
BRDA:945,98,1,170
BRDA:946,99,0,0
BRDA:946,99,1,170
BRDA:946,100,0,170
BRDA:946,100,1,170
BRDA:951,101,0,3
BRDA:951,101,1,0
BRDA:951,102,0,3
BRDA:951,102,1,3
BRDA:954,103,0,6
BRDA:954,103,1,0
BRDA:958,104,0,0
BRDA:958,104,1,3
BRDA:958,105,0,3
BRDA:958,105,1,3
BRDA:960,106,0,0
BRDA:960,106,1,3
BRDA:968,107,0,0
BRDA:968,107,1,173
BRDA:973,108,0,0
BRDA:973,108,1,0
BRDA:975,109,0,0
BRDA:975,109,1,0
BRDA:975,110,0,0
BRDA:975,110,1,0
BRDA:983,111,0,0
BRDA:983,111,1,173
BRDA:983,112,0,173
BRDA:983,112,1,173
BRDA:988,113,0,0
BRDA:988,113,1,0
BRDA:990,114,0,0
BRDA:990,114,1,0
BRDA:990,115,0,0
BRDA:990,115,1,0
BRDA:996,116,0,0
BRDA:996,116,1,0
BRDA:1003,117,0,2
BRDA:1003,117,1,0
BRDA:1004,118,0,0
BRDA:1004,118,1,2
BRDA:1004,119,0,2
BRDA:1004,119,1,2
BRDA:1009,120,0,0
BRDA:1009,120,1,0
BRDA:1009,121,0,0
BRDA:1009,121,1,0
BRDA:1014,122,0,0
BRDA:1014,122,1,0
BRDA:1014,123,0,0
BRDA:1014,123,1,0
BRDA:1016,124,0,0
BRDA:1016,124,1,0
BRDA:1032,125,0,160
BRDA:1032,125,1,13
BRDA:1035,126,0,157
BRDA:1035,126,1,16
BRDA:1038,127,0,0
BRDA:1038,127,1,173
BRDA:1039,128,0,0
BRDA:1039,128,1,0
BRDA:1041,129,0,0
BRDA:1041,129,1,173
BRDA:1044,130,0,0
BRDA:1044,130,1,173
BRF:226
BRH:78
end_of_record
TN:
SF:src/String.js
FN:15,(anonymous_0)
FN:23,(anonymous_1)
FN:36,(anonymous_2)
FN:47,(anonymous_3)
FN:51,(anonymous_4)
FNF:5
FNH:5
FNDA:4,(anonymous_0)
FNDA:4,(anonymous_1)
FNDA:2,(anonymous_2)
FNDA:2,(anonymous_3)
FNDA:2,(anonymous_4)
DA:16,4
DA:17,4
DA:24,4
DA:37,2
DA:38,2
DA:48,2
DA:52,2
LF:7
LH:7
BRDA:37,0,0,2
BRDA:37,0,1,1
BRF:2
BRH:2
end_of_record
TN:
SF:src/User.js
FN:16,(anonymous_0)
FN:26,(anonymous_1)
FN:36,(anonymous_2)
FN:40,(anonymous_3)
FN:46,(anonymous_4)
FN:56,(anonymous_5)
FN:65,(anonymous_6)
FN:69,(anonymous_7)
FN:69,(anonymous_8)
FN:81,(anonymous_9)
FN:91,(anonymous_10)
FN:100,(anonymous_11)
FN:108,(anonymous_12)
FN:114,(anonymous_13)
FN:125,(anonymous_14)
FN:135,(anonymous_15)
FN:140,(anonymous_16)
FN:140,(anonymous_17)
FN:151,(anonymous_18)
FN:161,(anonymous_19)
FN:166,(anonymous_20)
FN:166,(anonymous_21)
FN:176,(anonymous_22)
FNF:23
FNH:3
FNDA:6,(anonymous_0)
FNDA:3,(anonymous_1)
FNDA:0,(anonymous_2)
FNDA:0,(anonymous_3)
FNDA:0,(anonymous_4)
FNDA:0,(anonymous_5)
FNDA:0,(anonymous_6)
FNDA:0,(anonymous_7)
FNDA:0,(anonymous_8)
FNDA:0,(anonymous_9)
FNDA:0,(anonymous_10)
FNDA:0,(anonymous_11)
FNDA:0,(anonymous_12)
FNDA:0,(anonymous_13)
FNDA:0,(anonymous_14)
FNDA:0,(anonymous_15)
FNDA:0,(anonymous_16)
FNDA:0,(anonymous_17)
FNDA:0,(anonymous_18)
FNDA:0,(anonymous_19)
FNDA:0,(anonymous_20)
FNDA:0,(anonymous_21)
FNDA:1,(anonymous_22)
DA:17,6
DA:18,6
DA:27,3
DA:37,0
DA:38,0
DA:39,0
DA:41,0
DA:42,0
DA:43,0
DA:45,0
DA:47,0
DA:48,0
DA:57,0
DA:66,0
DA:67,0
DA:68,0
DA:69,0
DA:70,0
DA:71,0
DA:82,0
DA:92,0
DA:101,0
DA:102,0
DA:104,0
DA:105,0
DA:106,0
DA:109,0
DA:110,0
DA:111,0
DA:113,0
DA:115,0
DA:116,0
DA:126,0
DA:136,0
DA:137,0
DA:138,0
DA:140,0
DA:141,0
DA:142,0
DA:152,0
DA:162,0
DA:163,0
DA:164,0
DA:166,0
DA:167,0
DA:168,0
DA:177,1
LF:47
LH:4
BRDA:42,0,0,0
BRDA:42,0,1,0
BRDA:101,1,0,0
BRDA:101,1,1,0
BRDA:110,2,0,0
BRDA:110,2,1,0
BRDA:152,3,0,0
BRDA:152,3,1,0
BRF:8
BRH:0
end_of_record
TN:
SF:src/config.js
FNF:0
FNH:0
LF:0
LH:0
BRF:0
BRH:0
end_of_record
TN:
SF:src/factory.js
FN:40,(anonymous_0)
FN:58,(anonymous_1)
FN:72,(anonymous_2)
FN:100,(anonymous_3)
FN:125,(anonymous_4)
FN:168,(anonymous_5)
FN:185,(anonymous_6)
FN:214,(anonymous_7)
FN:233,(anonymous_8)
FN:258,(anonymous_9)
FN:286,(anonymous_10)
FN:299,(anonymous_11)
FN:308,(anonymous_12)
FN:315,(anonymous_13)
FN:326,(anonymous_14)
FN:331,(anonymous_15)
FN:339,(anonymous_16)
FN:361,(anonymous_17)
FN:381,(anonymous_18)
FN:393,(anonymous_19)
FN:401,(anonymous_20)
FN:413,(anonymous_21)
FN:422,(anonymous_22)
FN:432,(anonymous_23)
FN:445,(anonymous_24)
FN:454,(anonymous_25)
FN:482,(anonymous_26)
FN:520,(anonymous_27)
FN:554,(anonymous_28)
FN:567,(anonymous_29)
FN:580,(anonymous_30)
FN:586,(anonymous_31)
FN:593,(anonymous_32)
FN:599,(anonymous_33)
FN:605,(anonymous_34)
FNF:35
FNH:23
FNDA:744,(anonymous_0)
FNDA:731,(anonymous_1)
FNDA:724,(anonymous_2)
FNDA:732,(anonymous_3)
FNDA:0,(anonymous_4)
FNDA:15,(anonymous_5)
FNDA:731,(anonymous_6)
FNDA:20,(anonymous_7)
FNDA:0,(anonymous_8)
FNDA:713,(anonymous_9)
FNDA:18,(anonymous_10)
FNDA:0,(anonymous_11)
FNDA:172,(anonymous_12)
FNDA:626,(anonymous_13)
FNDA:1,(anonymous_14)
FNDA:0,(anonymous_15)
FNDA:827,(anonymous_16)
FNDA:19,(anonymous_17)
FNDA:4,(anonymous_18)
FNDA:11,(anonymous_19)
FNDA:15,(anonymous_20)
FNDA:0,(anonymous_21)
FNDA:3,(anonymous_22)
FNDA:4,(anonymous_23)
FNDA:0,(anonymous_24)
FNDA:90,(anonymous_25)
FNDA:61,(anonymous_26)
FNDA:61,(anonymous_27)
FNDA:0,(anonymous_28)
FNDA:0,(anonymous_29)
FNDA:0,(anonymous_30)
FNDA:0,(anonymous_31)
FNDA:0,(anonymous_32)
FNDA:26,(anonymous_33)
FNDA:0,(anonymous_34)
DA:31,11
DA:32,11
DA:40,11
DA:41,744
DA:42,744
DA:44,744
DA:45,744
DA:46,744
DA:47,200
DA:49,200
DA:51,744
DA:58,11
DA:59,731
DA:60,731
DA:61,731
DA:62,733
DA:64,731
DA:72,11
DA:73,724
DA:75,724
DA:76,236
DA:77,5
DA:78,5
DA:79,5
DA:81,0
DA:84,236
DA:85,5
DA:86,5
DA:87,0
DA:100,11
DA:101,732
DA:102,732
DA:103,732
DA:104,732
DA:105,732
DA:106,732
DA:107,732
DA:108,732
DA:110,635
DA:113,111
DA:115,111
DA:116,111
DA:119,8
DA:120,3
DA:122,5
DA:124,8
DA:125,6
DA:126,0
DA:128,8
DA:130,429
DA:131,5
DA:133,429
DA:135,3
DA:136,2
DA:138,3
DA:140,2
DA:141,2
DA:143,2
DA:145,2
DA:146,2
DA:148,2
DA:151,79
DA:152,79
DA:155,635
DA:156,635
DA:157,635
DA:160,97
DA:161,89
DA:162,89
DA:165,8
DA:166,8
DA:167,6
DA:168,6
DA:169,15
DA:173,2
DA:185,11
DA:186,731
DA:187,731
DA:188,731
DA:189,731
DA:190,731
DA:191,731
DA:194,731
DA:195,432
DA:197,432
DA:201,731
DA:202,0
DA:203,0
DA:205,731
DA:214,11
DA:215,20
DA:216,20
DA:217,20
DA:218,20
DA:219,20
DA:220,20
DA:221,7
DA:222,7
DA:224,20
DA:233,11
DA:234,0
DA:235,0
DA:236,0
DA:238,0
DA:239,0
DA:240,0
DA:241,0
DA:242,0
DA:243,0
DA:244,0
DA:248,0
DA:258,11
DA:259,713
DA:260,713
DA:261,713
DA:262,80
DA:265,633
DA:266,633
DA:267,633
DA:269,713
DA:270,713
DA:271,713
DA:272,713
DA:279,11
DA:286,11
DA:287,18
DA:288,18
DA:289,18
DA:290,18
DA:299,11
DA:308,11
DA:311,172
DA:313,172
DA:314,172
DA:315,626
DA:317,172
DA:318,172
DA:326,11
DA:331,11
DA:339,11
DA:340,827
DA:341,827
DA:342,19
DA:344,827
DA:345,827
DA:346,827
DA:347,0
DA:348,0
DA:349,0
DA:350,0
DA:352,0
DA:361,11
DA:362,19
DA:363,19
DA:364,19
DA:366,19
DA:367,19
DA:368,19
DA:369,0
DA:370,0
DA:372,0
DA:381,11
DA:382,4
DA:383,4
DA:393,11
DA:401,11
DA:402,15
DA:403,15
DA:413,11
DA:414,0
DA:422,11
DA:423,3
DA:432,11
DA:433,4
DA:434,0
DA:436,4
DA:445,11
DA:446,0
DA:454,11
DA:455,90
DA:456,90
DA:457,90
DA:458,5
DA:460,85
DA:462,90
DA:463,90
DA:464,90
DA:465,90
DA:466,90
DA:467,90
DA:468,90
DA:469,90
DA:470,90
DA:473,90
DA:482,11
DA:483,61
DA:484,61
DA:485,61
DA:486,61
DA:487,2
DA:489,61
DA:490,2
DA:492,61
DA:493,5
DA:494,5
DA:496,61
DA:497,7
DA:500,61
DA:502,1
DA:504,61
DA:505,24
DA:508,61
DA:509,10
DA:512,61
DA:520,11
DA:521,61
DA:522,61
DA:523,61
DA:524,61
DA:525,2
DA:526,2
DA:528,61
DA:529,61
DA:530,7
DA:531,7
DA:533,61
DA:534,61
DA:535,33
DA:536,33
DA:538,61
DA:539,61
DA:540,1
DA:541,1
DA:543,61
DA:554,11
DA:555,0
DA:556,0
DA:557,0
DA:567,11
DA:568,0
DA:569,0
DA:570,0
DA:572,0
DA:580,11
DA:581,0
DA:586,11
DA:587,0
DA:593,11
DA:599,26
DA:605,11
DA:606,0
LF:251
LH:214
BRDA:46,0,0,200
BRDA:46,0,1,544
BRDA:60,1,0,731
BRDA:60,1,1,0
BRDA:75,2,0,236
BRDA:75,2,1,488
BRDA:76,3,0,5
BRDA:76,3,1,231
BRDA:76,4,0,236
BRDA:76,4,1,16
BRDA:77,5,0,5
BRDA:77,5,1,0
BRDA:78,6,0,5
BRDA:78,6,1,0
BRDA:84,7,0,5
BRDA:84,7,1,231
BRDA:85,8,0,5
BRDA:85,8,1,0
BRDA:86,9,0,0
BRDA:86,9,1,5
BRDA:86,10,0,5
BRDA:86,10,1,5
BRDA:101,11,0,732
BRDA:101,11,1,0
BRDA:108,12,0,635
BRDA:108,12,1,97
BRDA:108,13,0,732
BRDA:108,13,1,697
BRDA:108,13,2,637
BRDA:110,14,0,111
BRDA:110,14,1,5
BRDA:110,14,2,8
BRDA:110,14,3,429
BRDA:110,14,4,3
BRDA:110,14,5,2
BRDA:110,14,6,2
BRDA:110,14,7,0
BRDA:110,14,8,79
BRDA:110,14,9,1
BRDA:119,15,0,3
BRDA:119,15,1,5
BRDA:124,16,0,6
BRDA:124,16,1,2
BRDA:124,17,0,8
BRDA:124,17,1,6
BRDA:130,18,0,5
BRDA:130,18,1,424
BRDA:130,19,0,429
BRDA:130,19,1,429
BRDA:131,20,0,5
BRDA:131,20,1,0
BRDA:135,21,0,2
BRDA:135,21,1,1
BRDA:135,22,0,3
BRDA:135,22,1,2
BRDA:136,23,0,2
BRDA:136,23,1,1
BRDA:140,24,0,2
BRDA:140,24,1,0
BRDA:140,25,0,2
BRDA:140,25,1,2
BRDA:141,26,0,2
BRDA:141,26,1,0
BRDA:145,27,0,2
BRDA:145,27,1,0
BRDA:145,28,0,2
BRDA:145,28,1,2
BRDA:146,29,0,2
BRDA:146,29,1,0
BRDA:160,30,0,89
BRDA:160,30,1,8
BRDA:160,31,0,97
BRDA:160,31,1,35
BRDA:165,32,0,8
BRDA:165,32,1,0
BRDA:166,33,0,6
BRDA:166,33,1,2
BRDA:166,34,0,8
BRDA:166,34,1,2
BRDA:167,35,0,6
BRDA:167,35,1,0
BRDA:167,36,0,6
BRDA:167,36,1,6
BRDA:186,37,0,726
BRDA:186,37,1,5
BRDA:187,38,0,7
BRDA:187,38,1,724
BRDA:188,39,0,0
BRDA:188,39,1,731
BRDA:189,40,0,0
BRDA:189,40,1,731
BRDA:190,41,0,731
BRDA:190,41,1,0
BRDA:194,42,0,432
BRDA:194,42,1,299
BRDA:194,43,0,731
BRDA:194,43,1,304
BRDA:194,43,2,304
BRDA:194,43,3,24
BRDA:197,44,0,432
BRDA:197,44,1,5
BRDA:197,44,2,5
BRDA:201,45,0,0
BRDA:201,45,1,731
BRDA:201,46,0,731
BRDA:201,46,1,731
BRDA:201,46,2,24
BRDA:203,47,0,0
BRDA:203,47,1,0
BRDA:220,48,0,7
BRDA:220,48,1,13
BRDA:236,49,0,0
BRDA:236,49,1,0
BRDA:261,50,0,80
BRDA:261,50,1,633
BRDA:311,51,0,172
BRDA:311,51,1,172
BRDA:313,52,0,172
BRDA:313,52,1,172
BRDA:341,53,0,19
BRDA:341,53,1,808
BRDA:345,54,0,827
BRDA:345,54,1,0
BRDA:347,55,0,0
BRDA:347,55,1,0
BRDA:349,56,0,0
BRDA:349,56,1,0
BRDA:363,57,0,19
BRDA:363,57,1,0
BRDA:367,58,0,19
BRDA:367,58,1,0
BRDA:369,59,0,0
BRDA:369,59,1,0
BRDA:369,60,0,0
BRDA:369,60,1,0
BRDA:433,61,0,0
BRDA:433,61,1,4
BRDA:455,62,0,90
BRDA:455,62,1,18
BRDA:457,63,0,5
BRDA:457,63,1,85
BRDA:457,64,0,90
BRDA:457,64,1,85
BRDA:462,65,0,90
BRDA:462,65,1,0
BRDA:462,66,0,90
BRDA:462,66,1,5
BRDA:463,67,0,90
BRDA:463,67,1,0
BRDA:467,68,0,90
BRDA:467,68,1,0
BRDA:468,69,0,0
BRDA:468,69,1,90
BRDA:469,70,0,0
BRDA:469,70,1,90
BRDA:470,71,0,0
BRDA:470,71,1,90
BRDA:484,72,0,61
BRDA:484,72,1,0
BRDA:486,73,0,2
BRDA:486,73,1,59
BRDA:489,74,0,2
BRDA:489,74,1,59
BRDA:492,75,0,5
BRDA:492,75,1,56
BRDA:492,76,0,61
BRDA:492,76,1,58
BRDA:496,77,0,7
BRDA:496,77,1,54
BRDA:500,78,0,1
BRDA:500,78,1,60
BRDA:504,79,0,24
BRDA:504,79,1,37
BRDA:508,80,0,10
BRDA:508,80,1,51
BRDA:524,81,0,2
BRDA:524,81,1,59
BRDA:524,82,0,61
BRDA:524,82,1,61
BRDA:529,83,0,7
BRDA:529,83,1,54
BRDA:529,84,0,61
BRDA:529,84,1,7
BRDA:534,85,0,33
BRDA:534,85,1,28
BRDA:534,86,0,61
BRDA:534,86,1,61
BRDA:539,87,0,1
BRDA:539,87,1,60
BRDA:539,88,0,61
BRDA:539,88,1,61
BRDA:543,89,0,26
BRDA:543,89,1,35
BRDA:569,90,0,0
BRDA:569,90,1,0
BRDA:581,91,0,0
BRDA:581,91,1,0
BRF:197
BRH:152
end_of_record
TN:
SF:src/html.js
FN:18,(anonymous_0)
FN:35,(anonymous_1)
FN:53,(anonymous_2)
FN:73,(anonymous_3)
FN:86,(anonymous_4)
FNF:5
FNH:0
FNDA:0,(anonymous_0)
FNDA:0,(anonymous_1)
FNDA:0,(anonymous_2)
FNDA:0,(anonymous_3)
FNDA:0,(anonymous_4)
DA:9,0
DA:18,0
DA:19,0
DA:20,0
DA:21,0
DA:22,0
DA:23,0
DA:24,0
DA:31,0
DA:34,0
DA:35,0
DA:36,0
DA:37,0
DA:38,0
DA:39,0
DA:41,0
DA:43,0
DA:53,0
DA:54,0
DA:55,0
DA:56,0
DA:57,0
DA:58,0
DA:59,0
DA:65,0
DA:73,0
DA:74,0
DA:86,0
DA:87,0
DA:92,0
DA:93,0
DA:94,0
DA:96,0
DA:97,0
DA:98,0
DA:100,0
DA:101,0
LF:37
LH:0
BRDA:25,0,0,0
BRDA:25,0,1,0
BRDA:28,1,0,0
BRDA:28,1,1,0
BRDA:36,2,0,0
BRDA:36,2,1,0
BRDA:60,3,0,0
BRDA:60,3,1,0
BRDA:62,4,0,0
BRDA:62,4,1,0
BRDA:93,5,0,0
BRDA:93,5,1,0
BRDA:93,6,0,0
BRDA:93,6,1,0
BRDA:97,7,0,0
BRDA:97,7,1,0
BRDA:97,8,0,0
BRDA:97,8,1,0
BRF:18
BRH:0
end_of_record
TN:
SF:src/index.js
FNF:0
FNH:0
LF:0
LH:0
BRF:0
BRH:0
end_of_record
TN:
SF:src/promiseUtil.js
FN:23,(anonymous_0)
FN:23,(anonymous_1)
FN:26,(anonymous_2)
FN:32,(anonymous_3)
FN:48,(anonymous_4)
FN:52,(anonymous_5)
FN:71,(anonymous_6)
FN:90,(anonymous_7)
FN:90,(anonymous_8)
FNF:9
FNH:0
FNDA:0,(anonymous_0)
FNDA:0,(anonymous_1)
FNDA:0,(anonymous_2)
FNDA:0,(anonymous_3)
FNDA:0,(anonymous_4)
FNDA:0,(anonymous_5)
FNDA:0,(anonymous_6)
FNDA:0,(anonymous_7)
FNDA:0,(anonymous_8)
DA:7,0
DA:23,0
DA:26,0
DA:27,0
DA:29,0
DA:30,0
DA:31,0
DA:32,0
DA:33,0
DA:34,0
DA:35,0
DA:37,0
DA:38,0
DA:40,0
DA:41,0
DA:43,0
DA:45,0
DA:46,0
DA:48,0
DA:49,0
DA:50,0
DA:52,0
DA:53,0
DA:54,0
DA:55,0
DA:57,0
DA:60,0
DA:71,0
DA:72,0
DA:73,0
DA:75,0
DA:76,0
DA:78,0
DA:90,0
LF:34
LH:0
BRDA:29,0,0,0
BRDA:29,0,1,0
BRDA:34,1,0,0
BRDA:34,1,1,0
BRDA:40,2,0,0
BRDA:40,2,1,0
BRDA:45,3,0,0
BRDA:45,3,1,0
BRDA:53,4,0,0
BRDA:53,4,1,0
BRDA:72,5,0,0
BRDA:72,5,1,0
BRDA:72,6,0,0
BRDA:72,6,1,0
BRDA:72,6,2,0
BRDA:75,7,0,0
BRDA:75,7,1,0
BRF:17
BRH:0
end_of_record
TN:
SF:src/terms.js
FN:4,(anonymous_0)
FN:6,(anonymous_1)
FNF:2
FNH:2
FNDA:33,(anonymous_0)
FNDA:242,(anonymous_1)
DA:4,11
DA:5,33
DA:6,33
DA:7,242
DA:9,33
DA:13,11
DA:14,11
DA:15,11
DA:16,11
DA:17,11
DA:18,11
DA:20,11
DA:66,11
DA:67,11
DA:68,11
DA:69,11
DA:70,11
DA:71,11
DA:72,11
DA:73,11
DA:76,11
DA:77,11
DA:78,11
DA:79,11
DA:80,11
DA:81,11
DA:82,11
DA:83,11
DA:84,11
DA:85,11
DA:86,11
DA:87,11
DA:88,11
DA:89,11
DA:90,11
DA:93,11
DA:94,11
DA:95,11
DA:96,11
DA:97,11
DA:98,11
DA:99,11
DA:100,11
DA:103,11
DA:107,11
LF:45
LH:45
BRF:0
BRH:0
end_of_record
TN:
SF:src/types.js
FNF:0
FNH:0
DA:7,11
LF:1
LH:1
BRF:0
BRH:0
end_of_record
TN:
SF:src/utils.js
FN:4,(anonymous_0)
FN:8,(anonymous_1)
FN:20,(anonymous_2)
FN:22,(anonymous_3)
FN:25,(anonymous_4)
FN:29,(anonymous_5)
FN:34,(anonymous_6)
FN:34,(anonymous_7)
FN:35,(anonymous_8)
FN:41,(anonymous_9)
FN:52,(anonymous_10)
FN:54,(anonymous_11)
FN:60,(anonymous_12)
FN:62,(anonymous_13)
FN:70,(anonymous_14)
FN:72,(anonymous_15)
FN:74,(anonymous_16)
FNF:17
FNH:1
FNDA:0,(anonymous_0)
FNDA:0,(anonymous_1)
FNDA:0,(anonymous_2)
FNDA:0,(anonymous_3)
FNDA:0,(anonymous_4)
FNDA:0,(anonymous_5)
FNDA:0,(anonymous_6)
FNDA:0,(anonymous_7)
FNDA:0,(anonymous_8)
FNDA:0,(anonymous_9)
FNDA:0,(anonymous_10)
FNDA:0,(anonymous_11)
FNDA:0,(anonymous_12)
FNDA:0,(anonymous_13)
FNDA:348,(anonymous_14)
FNDA:0,(anonymous_15)
FNDA:0,(anonymous_16)
DA:2,11
DA:4,11
DA:5,0
DA:6,0
DA:7,0
DA:8,0
DA:9,0
DA:10,0
DA:11,0
DA:12,0
DA:13,0
DA:17,0
DA:20,11
DA:21,0
DA:22,0
DA:25,11
DA:26,0
DA:27,0
DA:28,0
DA:29,0
DA:30,0
DA:31,0
DA:32,0
DA:34,0
DA:35,0
DA:36,0
DA:37,0
DA:38,0
DA:40,0
DA:41,0
DA:42,0
DA:43,0
DA:44,0
DA:45,0
DA:48,0
DA:52,11
DA:53,0
DA:54,0
DA:55,0
DA:56,0
DA:60,11
DA:61,0
DA:62,0
DA:63,0
DA:64,0
DA:70,348
DA:71,11
DA:72,11
DA:73,11
DA:74,11
DA:75,11
LF:51
LH:12
BRDA:9,0,0,0
BRDA:9,0,1,0
BRDA:11,1,0,0
BRDA:11,1,1,0
BRDA:43,2,0,0
BRDA:43,2,1,0
BRDA:70,3,0,348
BRDA:70,3,1,0
BRDA:72,4,0,0
BRDA:72,4,1,0
BRDA:74,5,0,0
BRDA:74,5,1,0
BRF:12
BRH:1
end_of_record
