TN:
SF:src/Auth.js
FN:10,(anonymous_0)
FN:26,(anonymous_1)
FN:27,(anonymous_2)
FN:34,(anonymous_3)
FN:46,(anonymous_4)
FN:60,(anonymous_5)
FN:74,(anonymous_6)
FN:96,(anonymous_7)
FN:125,(anonymous_8)
FNF:9
FNH:9
FNDA:13,(anonymous_0)
FNDA:47,(anonymous_1)
FNDA:2,(anonymous_2)
FNDA:2,(anonymous_3)
FNDA:2,(anonymous_4)
FNDA:9,(anonymous_5)
FNDA:4,(anonymous_6)
FNDA:23,(anonymous_7)
FNDA:30,(anonymous_8)
DA:11,13
DA:12,13
DA:18,13
DA:27,47
DA:35,2
DA:36,2
DA:37,2
DA:39,2
DA:47,2
DA:48,2
DA:61,9
DA:62,9
DA:65,0
DA:68,0
DA:75,4
DA:76,1
DA:79,3
DA:80,3
DA:84,3
DA:97,23
DA:98,1
DA:100,22
DA:107,22
DA:108,22
DA:109,0
DA:111,22
DA:113,22
DA:114,22
DA:116,22
DA:118,22
DA:126,30
DA:127,5
DA:131,25
DA:136,25
DA:137,25
DA:139,25
DA:140,25
DA:142,25
LF:38
LH:35
BRDA:35,0,0,2
BRDA:35,0,1,0
BRDA:47,1,0,2
BRDA:47,1,1,0
BRDA:60,2,0,6
BRDA:61,3,0,9
BRDA:61,3,1,0
BRDA:61,4,0,9
BRDA:61,4,1,9
BRDA:74,5,0,4
BRDA:75,6,0,1
BRDA:75,6,1,3
BRDA:75,7,0,4
BRDA:75,7,1,1
BRDA:97,8,0,1
BRDA:97,8,1,22
BRDA:97,9,0,23
BRDA:97,9,1,22
BRDA:108,10,0,0
BRDA:108,10,1,22
BRDA:108,11,0,22
BRDA:108,11,1,22
BRDA:126,12,0,5
BRDA:126,12,1,25
BRDA:126,13,0,30
BRDA:126,13,1,19
BRF:26
BRH:22
end_of_record
TN:
SF:src/Cache.js
FN:9,(anonymous_0)
FN:46,(anonymous_1)
FN:74,(anonymous_2)
FN:97,(anonymous_3)
FN:116,(anonymous_4)
FN:117,(anonymous_5)
FN:128,(anonymous_6)
FN:141,(anonymous_7)
FN:151,(anonymous_8)
FN:161,(anonymous_9)
FN:170,(anonymous_10)
FN:180,(anonymous_11)
FN:192,(anonymous_12)
FN:203,(anonymous_13)
FN:219,(anonymous_14)
FN:220,(anonymous_15)
FN:229,(anonymous_16)
FN:230,(anonymous_17)
FN:242,(anonymous_18)
FNF:19
FNH:15
FNDA:17,(anonymous_0)
FNDA:742,(anonymous_1)
FNDA:12,(anonymous_2)
FNDA:1003,(anonymous_3)
FNDA:0,(anonymous_4)
FNDA:0,(anonymous_5)
FNDA:823,(anonymous_6)
FNDA:5,(anonymous_7)
FNDA:92,(anonymous_8)
FNDA:77,(anonymous_9)
FNDA:77,(anonymous_10)
FNDA:35,(anonymous_11)
FNDA:2,(anonymous_12)
FNDA:0,(anonymous_13)
FNDA:148,(anonymous_14)
FNDA:2,(anonymous_15)
FNDA:49,(anonymous_16)
FNDA:983,(anonymous_17)
FNDA:0,(anonymous_18)
DA:14,17
DA:20,17
DA:26,17
DA:32,17
DA:34,17
DA:36,17
DA:47,742
DA:48,742
DA:50,742
DA:52,742
DA:53,742
DA:55,742
DA:56,626
DA:59,742
DA:61,742
DA:65,742
DA:66,99
DA:75,12
DA:76,12
DA:78,12
DA:79,12
DA:81,12
DA:82,12
DA:83,12
DA:84,12
DA:98,1003
DA:99,1003
DA:100,1003
DA:101,0
DA:103,1003
DA:104,1003
DA:105,0
DA:117,0
DA:118,0
DA:129,823
DA:142,5
DA:152,92
DA:162,77
DA:171,77
DA:181,35
DA:182,35
DA:183,35
DA:184,0
DA:186,35
DA:193,2
DA:194,0
DA:195,0
DA:197,2
DA:204,0
DA:205,0
DA:220,148
DA:221,2
DA:230,49
DA:232,983
DA:234,49
DA:243,0
DA:244,0
DA:245,0
LF:58
LH:46
BRDA:53,0,0,218
BRDA:53,0,1,524
BRDA:55,1,0,626
BRDA:55,1,1,116
BRDA:65,2,0,99
BRDA:65,2,1,643
BRDA:65,3,0,742
BRDA:65,3,1,117
BRDA:81,4,0,12
BRDA:81,4,1,0
BRDA:83,5,0,12
BRDA:83,5,1,0
BRDA:100,6,0,0
BRDA:100,6,1,1003
BRDA:104,7,0,0
BRDA:104,7,1,1003
BRDA:183,8,0,0
BRDA:183,8,1,35
BRDA:193,9,0,0
BRDA:193,9,1,2
BRDA:204,10,0,0
BRDA:204,10,1,0
BRF:22
BRH:14
end_of_record
TN:
SF:src/Context.js
FN:19,(anonymous_0)
FN:35,(anonymous_1)
FN:47,(anonymous_2)
FN:57,(anonymous_3)
FN:70,(anonymous_4)
FN:84,(anonymous_5)
FN:99,(anonymous_6)
FN:114,(anonymous_7)
FN:134,(anonymous_8)
FN:151,(anonymous_9)
FN:166,(anonymous_10)
FN:186,(anonymous_11)
FN:205,(anonymous_12)
FN:218,(anonymous_13)
FN:227,(anonymous_14)
FN:250,(anonymous_15)
FN:265,(anonymous_16)
FNF:17
FNH:11
FNDA:207,(anonymous_0)
FNDA:0,(anonymous_1)
FNDA:0,(anonymous_2)
FNDA:0,(anonymous_3)
FNDA:30,(anonymous_4)
FNDA:1,(anonymous_5)
FNDA:3,(anonymous_6)
FNDA:2,(anonymous_7)
FNDA:3,(anonymous_8)
FNDA:5,(anonymous_9)
FNDA:2,(anonymous_10)
FNDA:2,(anonymous_11)
FNDA:3,(anonymous_12)
FNDA:0,(anonymous_13)
FNDA:0,(anonymous_14)
FNDA:0,(anonymous_15)
FNDA:111,(anonymous_16)
DA:20,207
DA:36,0
DA:48,0
DA:58,0
DA:71,30
DA:85,1
DA:100,3
DA:115,2
DA:135,3
DA:152,5
DA:167,2
DA:168,2
DA:169,2
DA:172,2
DA:187,2
DA:188,2
DA:189,2
DA:192,2
DA:206,3
DA:207,3
DA:208,3
DA:210,3
DA:219,0
DA:228,0
DA:229,0
DA:230,0
DA:231,0
DA:232,0
DA:233,0
DA:234,0
DA:235,0
DA:236,0
DA:238,0
DA:240,0
DA:241,0
DA:251,0
DA:252,0
DA:253,0
DA:254,0
DA:255,0
DA:257,0
DA:266,111
LF:42
LH:20
BRDA:47,0,0,0
BRDA:166,1,0,1
BRDA:235,2,0,0
BRDA:235,2,1,0
BRDA:254,3,0,0
BRDA:254,3,1,0
BRDA:266,4,0,111
BRDA:266,4,1,111
BRF:8
BRH:3
end_of_record
TN:
SF:src/Entry.js
FN:26,(anonymous_0)
FN:35,(anonymous_1)
FN:42,(anonymous_2)
FN:51,(anonymous_3)
FN:60,(anonymous_4)
FN:68,(anonymous_5)
FN:75,(anonymous_6)
FN:84,(anonymous_7)
FN:105,(anonymous_8)
FN:118,(anonymous_9)
FN:161,(anonymous_10)
FN:176,(anonymous_11)
FN:191,(anonymous_12)
FN:204,(anonymous_13)
FN:212,(anonymous_14)
FN:224,(anonymous_15)
FN:237,(anonymous_16)
FN:242,(anonymous_17)
FN:244,(anonymous_18)
FN:244,(anonymous_19)
FN:259,(anonymous_20)
FN:277,(anonymous_21)
FN:287,(anonymous_22)
FN:298,(anonymous_23)
FN:308,(anonymous_24)
FN:309,(anonymous_25)
FN:316,(anonymous_26)
FN:318,(anonymous_27)
FN:326,(anonymous_28)
FN:328,(anonymous_29)
FN:336,(anonymous_30)
FN:344,(anonymous_31)
FN:352,(anonymous_32)
FN:360,(anonymous_33)
FN:368,(anonymous_34)
FN:376,(anonymous_35)
FN:384,(anonymous_36)
FN:392,(anonymous_37)
FN:400,(anonymous_38)
FN:408,(anonymous_39)
FN:416,(anonymous_40)
FN:424,(anonymous_41)
FN:432,(anonymous_42)
FN:440,(anonymous_43)
FN:448,(anonymous_44)
FN:458,(anonymous_45)
FN:469,(anonymous_46)
FN:480,(anonymous_47)
FN:491,(anonymous_48)
FN:510,(anonymous_49)
FN:518,(anonymous_50)
FN:526,(anonymous_51)
FN:534,(anonymous_52)
FN:543,(anonymous_53)
FN:551,(anonymous_54)
FN:560,(anonymous_55)
FN:574,(anonymous_56)
FN:578,(anonymous_57)
FN:585,(anonymous_58)
FN:603,(anonymous_59)
FN:626,(anonymous_60)
FN:642,(anonymous_61)
FN:652,(anonymous_62)
FN:664,(anonymous_63)
FN:669,(anonymous_64)
FN:713,(anonymous_65)
FNF:66
FNH:39
FNDA:686,(anonymous_0)
FNDA:952,(anonymous_1)
FNDA:2270,(anonymous_2)
FNDA:3171,(anonymous_3)
FNDA:733,(anonymous_4)
FNDA:1515,(anonymous_5)
FNDA:785,(anonymous_6)
FNDA:76,(anonymous_7)
FNDA:2,(anonymous_8)
FNDA:4,(anonymous_9)
FNDA:0,(anonymous_10)
FNDA:3,(anonymous_11)
FNDA:0,(anonymous_12)
FNDA:64,(anonymous_13)
FNDA:0,(anonymous_14)
FNDA:1,(anonymous_15)
FNDA:1,(anonymous_16)
FNDA:1,(anonymous_17)
FNDA:1,(anonymous_18)
FNDA:0,(anonymous_19)
FNDA:0,(anonymous_20)
FNDA:772,(anonymous_21)
FNDA:1,(anonymous_22)
FNDA:0,(anonymous_23)
FNDA:2,(anonymous_24)
FNDA:1,(anonymous_25)
FNDA:2,(anonymous_26)
FNDA:1,(anonymous_27)
FNDA:0,(anonymous_28)
FNDA:0,(anonymous_29)
FNDA:0,(anonymous_30)
FNDA:23,(anonymous_31)
FNDA:0,(anonymous_32)
FNDA:2,(anonymous_33)
FNDA:0,(anonymous_34)
FNDA:3,(anonymous_35)
FNDA:21,(anonymous_36)
FNDA:1,(anonymous_37)
FNDA:0,(anonymous_38)
FNDA:0,(anonymous_39)
FNDA:2,(anonymous_40)
FNDA:0,(anonymous_41)
FNDA:65,(anonymous_42)
FNDA:67,(anonymous_43)
FNDA:60,(anonymous_44)
FNDA:0,(anonymous_45)
FNDA:0,(anonymous_46)
FNDA:0,(anonymous_47)
FNDA:0,(anonymous_48)
FNDA:0,(anonymous_49)
FNDA:1,(anonymous_50)
FNDA:0,(anonymous_51)
FNDA:0,(anonymous_52)
FNDA:0,(anonymous_53)
FNDA:0,(anonymous_54)
FNDA:4,(anonymous_55)
FNDA:0,(anonymous_56)
FNDA:0,(anonymous_57)
FNDA:0,(anonymous_58)
FNDA:0,(anonymous_59)
FNDA:12,(anonymous_60)
FNDA:20,(anonymous_61)
FNDA:7,(anonymous_62)
FNDA:30,(anonymous_63)
FNDA:18,(anonymous_64)
FNDA:2,(anonymous_65)
DA:27,686
DA:28,686
DA:29,686
DA:36,952
DA:43,2270
DA:52,3171
DA:61,733
DA:69,1515
DA:76,785
DA:85,76
DA:86,62
DA:88,76
DA:106,2
DA:107,2
DA:119,4
DA:120,4
DA:121,0
DA:122,4
DA:123,0
DA:124,4
DA:125,0
DA:127,4
DA:128,0
DA:130,4
DA:131,0
DA:132,0
DA:134,4
DA:135,4
DA:136,4
DA:137,4
DA:138,4
DA:139,4
DA:140,4
DA:144,0
DA:149,4
DA:162,0
DA:163,0
DA:177,3
DA:178,3
DA:192,0
DA:193,0
DA:205,64
DA:206,61
DA:209,64
DA:213,0
DA:225,1
DA:226,1
DA:229,1
DA:238,1
DA:239,1
DA:240,1
DA:243,1
DA:244,1
DA:247,0
DA:248,0
DA:252,1
DA:260,0
DA:261,0
DA:263,0
DA:278,772
DA:279,768
DA:281,4
DA:283,4
DA:284,3
DA:286,1
DA:287,1
DA:288,1
DA:289,1
DA:292,4
DA:299,0
DA:309,2
DA:317,2
DA:318,2
DA:319,1
DA:327,0
DA:328,0
DA:329,0
DA:337,0
DA:345,23
DA:353,0
DA:361,2
DA:369,0
DA:377,3
DA:385,21
DA:393,1
DA:401,0
DA:409,0
DA:417,2
DA:425,0
DA:433,65
DA:441,67
DA:449,60
DA:459,0
DA:470,0
DA:481,0
DA:482,0
DA:492,0
DA:495,0
DA:496,0
DA:497,0
DA:498,0
DA:499,0
DA:500,0
DA:503,0
DA:511,0
DA:519,1
DA:527,0
DA:535,0
DA:544,0
DA:552,0
DA:561,4
DA:575,0
DA:576,0
DA:577,0
DA:578,0
DA:580,0
DA:581,0
DA:582,0
DA:584,0
DA:585,0
DA:604,0
DA:605,0
DA:606,0
DA:607,0
DA:608,0
DA:610,0
DA:611,0
DA:612,0
DA:614,0
DA:615,0
DA:617,0
DA:627,12
DA:628,12
DA:629,12
DA:630,12
DA:643,20
DA:653,7
DA:665,30
DA:667,30
DA:668,18
DA:669,18
DA:670,18
DA:671,18
DA:672,18
DA:675,12
DA:677,30
DA:714,2
LF:147
LH:83
BRDA:85,0,0,62
BRDA:85,0,1,14
BRDA:118,1,0,4
BRDA:120,2,0,0
BRDA:120,2,1,4
BRDA:122,3,0,0
BRDA:122,3,1,4
BRDA:124,4,0,0
BRDA:124,4,1,4
BRDA:127,5,0,0
BRDA:127,5,1,4
BRDA:130,6,0,0
BRDA:130,6,1,4
BRDA:205,7,0,61
BRDA:205,7,1,3
BRDA:225,8,0,1
BRDA:225,8,1,0
BRDA:260,9,0,0
BRDA:260,9,1,0
BRDA:277,10,0,4
BRDA:278,11,0,768
BRDA:278,11,1,4
BRDA:283,12,0,3
BRDA:283,12,1,1
BRDA:286,13,0,1
BRDA:286,13,1,0
BRDA:482,14,0,0
BRDA:482,14,1,0
BRDA:492,15,0,0
BRDA:492,15,1,0
BRDA:527,16,0,0
BRDA:527,16,1,0
BRDA:535,17,0,0
BRDA:535,17,1,0
BRDA:535,17,2,0
BRDA:535,17,3,0
BRDA:544,18,0,0
BRDA:544,18,1,0
BRDA:544,18,2,0
BRDA:552,19,0,0
BRDA:552,19,1,0
BRDA:552,19,2,0
BRDA:552,19,3,0
BRDA:561,20,0,4
BRDA:561,20,1,0
BRDA:561,20,2,0
BRDA:577,21,0,0
BRDA:577,21,1,0
BRDA:581,22,0,0
BRDA:581,22,1,0
BRDA:607,23,0,0
BRDA:607,23,1,0
BRDA:611,24,0,0
BRDA:611,24,1,0
BRDA:611,25,0,0
BRDA:611,25,1,0
BRDA:614,26,0,0
BRDA:614,26,1,0
BRDA:615,27,0,0
BRDA:615,27,1,0
BRDA:626,28,0,2
BRDA:628,29,0,10
BRDA:628,29,1,2
BRDA:642,30,0,8
BRDA:664,31,0,28
BRDA:664,32,0,28
BRDA:667,33,0,18
BRDA:667,33,1,12
BRDA:667,34,0,30
BRDA:667,34,1,28
BRDA:713,35,0,0
BRDA:713,36,0,2
BRF:72
BRH:29
end_of_record
TN:
SF:src/EntryInfo.js
FN:12,(anonymous_0)
FN:36,(anonymous_1)
FN:45,(anonymous_2)
FN:52,(anonymous_3)
FN:59,(anonymous_4)
FN:70,(anonymous_5)
FN:78,(anonymous_6)
FN:81,(anonymous_7)
FN:81,(anonymous_8)
FN:97,(anonymous_9)
FN:104,(anonymous_10)
FN:117,(anonymous_11)
FN:130,(anonymous_12)
FN:137,(anonymous_13)
FN:144,(anonymous_14)
FN:152,(anonymous_15)
FN:160,(anonymous_16)
FN:167,(anonymous_17)
FN:174,(anonymous_18)
FN:190,(anonymous_19)
FN:204,(anonymous_20)
FN:216,(anonymous_21)
FN:239,(anonymous_22)
FN:240,(anonymous_23)
FN:265,(anonymous_24)
FN:279,(anonymous_25)
FN:281,(anonymous_26)
FN:283,(anonymous_27)
FN:310,(anonymous_28)
FN:328,(anonymous_29)
FN:347,(anonymous_30)
FN:363,(anonymous_31)
FN:372,(anonymous_32)
FN:383,(anonymous_33)
FN:396,(anonymous_34)
FN:406,(anonymous_35)
FN:416,(anonymous_36)
FN:425,(anonymous_37)
FN:435,(anonymous_38)
FN:444,(anonymous_39)
FN:455,(anonymous_40)
FN:462,(anonymous_41)
FN:474,(anonymous_42)
FN:475,(anonymous_43)
FNF:44
FNH:34
FNDA:1449,(anonymous_0)
FNDA:686,(anonymous_1)
FNDA:0,(anonymous_2)
FNDA:99,(anonymous_3)
FNDA:96,(anonymous_4)
FNDA:3,(anonymous_5)
FNDA:3,(anonymous_6)
FNDA:3,(anonymous_7)
FNDA:0,(anonymous_8)
FNDA:3200,(anonymous_9)
FNDA:733,(anonymous_10)
FNDA:0,(anonymous_11)
FNDA:0,(anonymous_12)
FNDA:15,(anonymous_13)
FNDA:9,(anonymous_14)
FNDA:7,(anonymous_15)
FNDA:1,(anonymous_16)
FNDA:2821,(anonymous_17)
FNDA:10,(anonymous_18)
FNDA:948,(anonymous_19)
FNDA:688,(anonymous_20)
FNDA:761,(anonymous_21)
FNDA:4,(anonymous_22)
FNDA:3,(anonymous_23)
FNDA:3,(anonymous_24)
FNDA:3,(anonymous_25)
FNDA:15,(anonymous_26)
FNDA:4,(anonymous_27)
FNDA:0,(anonymous_28)
FNDA:2,(anonymous_29)
FNDA:1,(anonymous_30)
FNDA:2,(anonymous_31)
FNDA:0,(anonymous_32)
FNDA:0,(anonymous_33)
FNDA:5,(anonymous_34)
FNDA:0,(anonymous_35)
FNDA:0,(anonymous_36)
FNDA:0,(anonymous_37)
FNDA:1,(anonymous_38)
FNDA:7,(anonymous_39)
FNDA:1,(anonymous_40)
FNDA:1,(anonymous_41)
FNDA:1,(anonymous_42)
FNDA:1,(anonymous_43)
DA:12,10
DA:13,1449
DA:14,1449
DA:15,1216
DA:16,1216
DA:17,647
DA:21,802
DA:37,686
DA:38,686
DA:39,686
DA:46,0
DA:53,99
DA:60,96
DA:71,3
DA:73,3
DA:74,0
DA:76,3
DA:79,3
DA:80,3
DA:81,3
DA:84,0
DA:85,0
DA:88,0
DA:91,3
DA:98,3200
DA:105,733
DA:118,0
DA:131,0
DA:138,15
DA:146,9
DA:153,7
DA:154,7
DA:161,1
DA:168,2821
DA:175,10
DA:176,10
DA:177,10
DA:178,10
DA:179,10
DA:180,10
DA:181,0
DA:191,948
DA:192,948
DA:205,688
DA:217,761
DA:240,4
DA:241,3
DA:242,0
DA:244,3
DA:246,4
DA:247,4
DA:248,4
DA:255,4
DA:257,4
DA:266,3
DA:280,3
DA:281,3
DA:282,15
DA:283,15
DA:284,4
DA:286,4
DA:289,0
DA:293,3
DA:294,3
DA:295,3
DA:296,3
DA:297,3
DA:298,3
DA:299,3
DA:300,3
DA:301,3
DA:312,0
DA:329,2
DA:330,2
DA:331,2
DA:333,2
DA:334,0
DA:336,2
DA:337,2
DA:338,2
DA:339,3
DA:345,3
DA:347,2
DA:348,1
DA:349,0
DA:350,1
DA:351,1
DA:353,0
DA:355,2
DA:364,2
DA:365,1
DA:373,0
DA:384,0
DA:385,0
DA:386,0
DA:397,5
DA:407,0
DA:408,0
DA:409,0
DA:417,0
DA:426,0
DA:427,0
DA:428,0
DA:436,1
DA:437,1
DA:445,7
DA:446,7
DA:447,7
DA:449,0
DA:456,1
DA:463,1
DA:464,1
DA:465,1
DA:467,0
DA:475,1
LF:115
LH:88
BRDA:16,0,0,647
BRDA:16,0,1,569
BRDA:37,1,0,686
BRDA:37,1,1,0
BRDA:38,2,0,686
BRDA:38,2,1,64
BRDA:70,3,0,3
BRDA:73,4,0,0
BRDA:73,4,1,3
BRDA:79,5,0,3
BRDA:79,5,1,0
BRDA:178,6,0,10
BRDA:178,6,1,0
BRDA:192,7,0,948
BRDA:192,7,1,845
BRDA:239,8,0,4
BRDA:241,9,0,0
BRDA:241,9,1,3
BRDA:255,10,0,4
BRDA:255,10,1,1
BRDA:255,10,2,1
BRDA:255,10,3,1
BRDA:255,10,4,1
BRDA:283,11,0,15
BRDA:283,11,1,11
BRDA:284,12,0,4
BRDA:284,12,1,0
BRDA:284,13,0,4
BRDA:284,13,1,4
BRDA:293,14,0,3
BRDA:293,14,1,0
BRDA:333,15,0,0
BRDA:333,15,1,2
BRDA:348,16,0,0
BRDA:348,16,1,1
BRDA:350,17,0,1
BRDA:350,17,1,0
BRDA:385,18,0,0
BRDA:385,18,1,0
BRDA:385,19,0,0
BRDA:385,19,1,0
BRDA:408,20,0,0
BRDA:408,20,1,0
BRDA:408,21,0,0
BRDA:408,21,1,0
BRDA:427,22,0,0
BRDA:427,22,1,0
BRDA:427,23,0,0
BRDA:427,23,1,0
BRDA:427,23,2,0
BRDA:446,24,0,7
BRDA:446,24,1,0
BRDA:464,25,0,1
BRDA:464,25,1,0
BRF:54
BRH:29
end_of_record
TN:
SF:src/EntryStore.js
FN:27,(anonymous_0)
FN:91,(anonymous_1)
FN:103,(anonymous_2)
FN:115,(anonymous_3)
FN:129,(anonymous_4)
FN:142,(anonymous_5)
FN:150,(anonymous_6)
FN:161,(anonymous_7)
FN:173,(anonymous_8)
FN:243,(anonymous_9)
FN:255,(anonymous_10)
FN:258,(anonymous_11)
FN:279,(anonymous_12)
FN:283,(anonymous_13)
FN:285,(anonymous_14)
FN:305,(anonymous_15)
FN:306,(anonymous_16)
FN:322,(anonymous_17)
FN:351,(anonymous_18)
FN:362,(anonymous_19)
FN:370,(anonymous_20)
FN:379,(anonymous_21)
FN:405,(anonymous_22)
FN:435,(anonymous_23)
FN:453,(anonymous_24)
FN:470,(anonymous_25)
FN:495,(anonymous_26)
FN:515,(anonymous_27)
FN:528,(anonymous_28)
FN:551,(anonymous_29)
FN:563,(anonymous_30)
FN:596,(anonymous_31)
FN:603,(anonymous_32)
FN:613,(anonymous_33)
FN:623,(anonymous_34)
FN:636,(anonymous_35)
FN:648,(anonymous_36)
FN:657,(anonymous_37)
FN:667,(anonymous_38)
FN:677,(anonymous_39)
FN:686,(anonymous_40)
FN:696,(anonymous_41)
FN:706,(anonymous_42)
FN:715,(anonymous_43)
FN:725,(anonymous_44)
FNF:45
FNH:25
FNDA:13,(anonymous_0)
FNDA:1,(anonymous_1)
FNDA:1,(anonymous_2)
FNDA:432,(anonymous_3)
FNDA:36,(anonymous_4)
FNDA:0,(anonymous_5)
FNDA:2,(anonymous_6)
FNDA:0,(anonymous_7)
FNDA:0,(anonymous_8)
FNDA:89,(anonymous_9)
FNDA:86,(anonymous_10)
FNDA:0,(anonymous_11)
FNDA:73,(anonymous_12)
FNDA:0,(anonymous_13)
FNDA:73,(anonymous_14)
FNDA:0,(anonymous_15)
FNDA:0,(anonymous_16)
FNDA:0,(anonymous_17)
FNDA:7,(anonymous_18)
FNDA:0,(anonymous_19)
FNDA:1,(anonymous_20)
FNDA:1,(anonymous_21)
FNDA:62,(anonymous_22)
FNDA:11,(anonymous_23)
FNDA:0,(anonymous_24)
FNDA:1,(anonymous_25)
FNDA:1,(anonymous_26)
FNDA:0,(anonymous_27)
FNDA:0,(anonymous_28)
FNDA:0,(anonymous_29)
FNDA:0,(anonymous_30)
FNDA:16,(anonymous_31)
FNDA:0,(anonymous_32)
FNDA:0,(anonymous_33)
FNDA:11,(anonymous_34)
FNDA:3,(anonymous_35)
FNDA:4,(anonymous_36)
FNDA:1294,(anonymous_37)
FNDA:0,(anonymous_38)
FNDA:0,(anonymous_39)
FNDA:0,(anonymous_40)
FNDA:880,(anonymous_41)
FNDA:293,(anonymous_42)
FNDA:753,(anonymous_43)
FNDA:0,(anonymous_44)
DA:28,13
DA:29,0
DA:31,13
DA:32,13
DA:33,0
DA:37,13
DA:38,13
DA:39,13
DA:40,0
DA:42,13
DA:43,13
DA:92,1
DA:93,0
DA:95,1
DA:104,1
DA:105,1
DA:116,432
DA:117,21
DA:118,1
DA:122,432
DA:130,36
DA:143,0
DA:151,2
DA:162,0
DA:163,0
DA:165,0
DA:174,0
DA:244,89
DA:245,89
DA:246,89
DA:247,89
DA:248,89
DA:249,8
DA:251,89
DA:252,2
DA:255,87
DA:256,86
DA:258,0
DA:260,86
DA:262,87
DA:263,13
DA:264,3
DA:265,3
DA:266,3
DA:270,13
DA:273,74
DA:274,74
DA:275,1
DA:277,73
DA:278,73
DA:279,73
DA:281,73
DA:282,73
DA:284,0
DA:286,73
DA:288,73
DA:289,73
DA:306,0
DA:307,0
DA:308,0
DA:309,0
DA:311,0
DA:312,0
DA:314,0
DA:315,0
DA:316,0
DA:318,0
DA:321,0
DA:323,0
DA:324,0
DA:352,7
DA:363,0
DA:371,1
DA:380,1
DA:406,62
DA:407,62
DA:409,62
DA:410,62
DA:412,0
DA:413,0
DA:417,62
DA:418,62
DA:419,10
DA:420,10
DA:421,10
DA:424,62
DA:436,11
DA:437,11
DA:438,11
DA:439,0
DA:440,0
DA:441,0
DA:442,0
DA:444,11
DA:454,0
DA:455,0
DA:456,0
DA:458,0
DA:459,0
DA:471,1
DA:472,1
DA:473,1
DA:474,1
DA:475,1
DA:476,1
DA:478,1
DA:479,0
DA:481,1
DA:482,0
DA:484,1
DA:485,1
DA:496,1
DA:497,1
DA:498,1
DA:499,0
DA:500,0
DA:501,0
DA:502,0
DA:504,1
DA:516,0
DA:517,0
DA:529,0
DA:530,0
DA:553,0
DA:554,0
DA:556,0
DA:557,0
DA:562,0
DA:564,0
DA:565,0
DA:566,0
DA:567,0
DA:568,0
DA:569,0
DA:570,0
DA:571,0
DA:574,0
DA:576,0
DA:580,0
DA:597,16
DA:604,0
DA:614,0
DA:624,11
DA:637,3
DA:649,4
DA:658,1294
DA:668,0
DA:678,0
DA:687,0
DA:688,0
DA:697,880
DA:707,293
DA:716,753
DA:726,0
DA:727,0
LF:155
LH:85
BRDA:28,0,0,0
BRDA:28,0,1,13
BRDA:28,1,0,13
BRDA:28,1,1,0
BRDA:32,2,0,0
BRDA:32,2,1,13
BRDA:39,3,0,0
BRDA:39,3,1,13
BRDA:92,4,0,0
BRDA:92,4,1,1
BRDA:104,5,0,1
BRDA:104,5,1,0
BRDA:116,6,0,21
BRDA:116,6,1,411
BRDA:162,7,0,0
BRDA:162,7,1,0
BRDA:243,8,0,68
BRDA:244,9,0,89
BRDA:244,9,1,0
BRDA:247,10,0,89
BRDA:247,10,1,0
BRDA:248,11,0,8
BRDA:248,11,1,81
BRDA:251,12,0,2
BRDA:251,12,1,87
BRDA:256,13,0,0
BRDA:256,13,1,86
BRDA:256,14,0,86
BRDA:256,14,1,86
BRDA:256,14,2,0
BRDA:262,15,0,13
BRDA:262,15,1,74
BRDA:262,16,0,87
BRDA:262,16,1,18
BRDA:263,17,0,3
BRDA:263,17,1,10
BRDA:263,18,0,13
BRDA:263,18,1,10
BRDA:263,18,2,3
BRDA:274,19,0,1
BRDA:274,19,1,73
BRDA:308,20,0,0
BRDA:308,20,1,0
BRDA:311,21,0,0
BRDA:311,21,1,0
BRDA:314,22,0,0
BRDA:314,22,1,0
BRDA:315,23,0,0
BRDA:315,23,1,0
BRDA:418,24,0,10
BRDA:418,24,1,52
BRDA:420,25,0,10
BRDA:420,25,1,0
BRDA:420,26,0,10
BRDA:420,26,1,10
BRDA:438,27,0,0
BRDA:438,27,1,11
BRDA:455,28,0,0
BRDA:455,28,1,0
BRDA:475,29,0,1
BRDA:475,29,1,0
BRDA:478,30,0,0
BRDA:478,30,1,1
BRDA:481,31,0,0
BRDA:481,31,1,1
BRDA:498,32,0,0
BRDA:498,32,1,1
BRDA:553,33,0,0
BRDA:553,33,1,0
BRDA:556,34,0,0
BRDA:556,34,1,0
BRDA:556,35,0,0
BRDA:556,35,1,0
BRDA:565,36,0,0
BRDA:565,36,1,0
BRDA:568,37,0,0
BRDA:568,37,1,0
BRF:77
BRH:39
end_of_record
TN:
SF:src/EntryStoreUtil.js
FN:1,(anonymous_0)
FN:13,(anonymous_1)
FN:15,(anonymous_2)
FN:16,(anonymous_3)
FN:31,(anonymous_4)
FN:42,(anonymous_5)
FN:49,(anonymous_6)
FN:62,(anonymous_7)
FN:96,(anonymous_8)
FN:121,(anonymous_9)
FN:123,(anonymous_10)
FN:152,(anonymous_11)
FN:172,(anonymous_12)
FN:200,(anonymous_13)
FN:226,(anonymous_14)
FN:232,(anonymous_15)
FN:245,(anonymous_16)
FN:264,(anonymous_17)
FN:270,(anonymous_18)
FN:273,(anonymous_19)
FN:280,(anonymous_20)
FN:282,(anonymous_21)
FN:298,(anonymous_22)
FN:301,(anonymous_23)
FN:302,(anonymous_24)
FN:314,(anonymous_25)
FN:323,(anonymous_26)
FN:325,(anonymous_27)
FN:336,(anonymous_28)
FN:336,(anonymous_29)
FNF:30
FNH:17
FNDA:7,(anonymous_0)
FNDA:0,(anonymous_1)
FNDA:1,(anonymous_2)
FNDA:4,(anonymous_3)
FNDA:2,(anonymous_4)
FNDA:0,(anonymous_5)
FNDA:0,(anonymous_6)
FNDA:0,(anonymous_7)
FNDA:0,(anonymous_8)
FNDA:1,(anonymous_9)
FNDA:1,(anonymous_10)
FNDA:0,(anonymous_11)
FNDA:0,(anonymous_12)
FNDA:1,(anonymous_13)
FNDA:0,(anonymous_14)
FNDA:0,(anonymous_15)
FNDA:0,(anonymous_16)
FNDA:2,(anonymous_17)
FNDA:5,(anonymous_18)
FNDA:1,(anonymous_19)
FNDA:0,(anonymous_20)
FNDA:0,(anonymous_21)
FNDA:2,(anonymous_22)
FNDA:4,(anonymous_23)
FNDA:4,(anonymous_24)
FNDA:4,(anonymous_25)
FNDA:2,(anonymous_26)
FNDA:0,(anonymous_27)
FNDA:2,(anonymous_28)
FNDA:5,(anonymous_29)
DA:1,2
DA:2,7
DA:3,0
DA:4,7
DA:5,5
DA:6,0
DA:8,5
DA:13,2
DA:15,2
DA:16,2
DA:17,4
DA:18,4
DA:19,3
DA:32,2
DA:33,2
DA:34,2
DA:43,0
DA:50,0
DA:63,0
DA:65,0
DA:66,0
DA:67,0
DA:68,0
DA:69,0
DA:71,0
DA:72,0
DA:75,0
DA:76,0
DA:79,0
DA:80,0
DA:81,0
DA:83,0
DA:84,0
DA:86,0
DA:87,0
DA:88,0
DA:89,0
DA:91,0
DA:93,0
DA:97,0
DA:98,0
DA:99,0
DA:100,0
DA:102,0
DA:105,0
DA:122,1
DA:123,1
DA:153,0
DA:154,0
DA:155,0
DA:157,0
DA:173,0
DA:174,0
DA:175,0
DA:177,0
DA:178,0
DA:180,0
DA:181,0
DA:182,0
DA:184,0
DA:201,1
DA:202,1
DA:203,0
DA:205,1
DA:206,0
DA:208,1
DA:209,1
DA:210,1
DA:212,0
DA:227,0
DA:228,0
DA:229,0
DA:230,0
DA:232,0
DA:233,0
DA:234,0
DA:235,0
DA:236,0
DA:238,0
DA:240,0
DA:242,0
DA:245,0
DA:246,0
DA:247,0
DA:250,0
DA:265,2
DA:266,2
DA:267,2
DA:268,2
DA:269,2
DA:270,2
DA:271,5
DA:272,5
DA:273,4
DA:275,5
DA:276,1
DA:278,4
DA:279,4
DA:280,0
DA:281,0
DA:283,0
DA:284,0
DA:288,4
DA:293,2
DA:294,2
DA:295,2
DA:296,2
DA:298,2
DA:299,2
DA:300,2
DA:301,2
DA:302,4
DA:303,4
DA:304,4
DA:306,4
DA:307,4
DA:309,2
DA:310,2
DA:311,2
DA:312,0
DA:314,2
DA:315,4
DA:316,4
DA:317,4
DA:318,4
DA:319,4
DA:320,4
DA:322,4
DA:324,2
DA:325,0
DA:326,0
DA:327,0
DA:329,0
DA:330,0
DA:335,2
DA:336,5
LF:136
LH:63
BRDA:2,0,0,0
BRDA:2,0,1,7
BRDA:2,1,0,7
BRDA:2,1,1,5
BRDA:4,2,0,5
BRDA:4,2,1,2
BRDA:4,3,0,7
BRDA:4,3,1,5
BRDA:5,4,0,0
BRDA:5,4,1,5
BRDA:18,5,0,3
BRDA:18,5,1,1
BRDA:65,6,0,0
BRDA:65,6,1,0
BRDA:66,7,0,0
BRDA:66,7,1,0
BRDA:68,8,0,0
BRDA:68,8,1,0
BRDA:71,9,0,0
BRDA:71,9,1,0
BRDA:80,10,0,0
BRDA:80,10,1,0
BRDA:83,11,0,0
BRDA:83,11,1,0
BRDA:88,12,0,0
BRDA:88,12,1,0
BRDA:97,13,0,0
BRDA:97,13,1,0
BRDA:99,14,0,0
BRDA:99,14,1,0
BRDA:99,15,0,0
BRDA:99,15,1,0
BRDA:154,16,0,0
BRDA:154,16,1,0
BRDA:174,17,0,0
BRDA:174,17,1,0
BRDA:177,18,0,0
BRDA:177,18,1,0
BRDA:181,19,0,0
BRDA:181,19,1,0
BRDA:202,20,0,0
BRDA:202,20,1,1
BRDA:205,21,0,0
BRDA:205,21,1,1
BRDA:209,22,0,1
BRDA:209,22,1,0
BRDA:212,23,0,0
BRDA:212,23,1,0
BRDA:233,24,0,0
BRDA:233,24,1,0
BRDA:264,25,0,1
BRDA:272,26,0,4
BRDA:272,26,1,1
BRDA:275,27,0,1
BRDA:275,27,1,4
BRDA:279,28,0,0
BRDA:279,28,1,4
BRDA:279,29,0,4
BRDA:279,29,1,1
BRDA:283,30,0,0
BRDA:283,30,1,0
BRDA:311,31,0,0
BRDA:311,31,1,2
BRDA:316,32,0,4
BRDA:316,32,1,0
BRDA:324,33,0,0
BRDA:324,33,1,2
BRDA:329,34,0,0
BRDA:329,34,1,0
BRDA:336,35,0,5
BRDA:336,35,1,0
BRF:71
BRH:25
end_of_record
TN:
SF:src/File.js
FN:13,(anonymous_0)
FN:35,(anonymous_1)
FN:48,(anonymous_2)
FN:61,(anonymous_3)
FN:72,(anonymous_4)
FN:82,(anonymous_5)
FN:94,(anonymous_6)
FN:121,(anonymous_7)
FN:131,(anonymous_8)
FN:140,(anonymous_9)
FN:149,(anonymous_10)
FNF:11
FNH:11
FNDA:79,(anonymous_0)
FNDA:1,(anonymous_1)
FNDA:1,(anonymous_2)
FNDA:3,(anonymous_3)
FNDA:1,(anonymous_4)
FNDA:1,(anonymous_5)
FNDA:1,(anonymous_6)
FNDA:1,(anonymous_7)
FNDA:1,(anonymous_8)
FNDA:1,(anonymous_9)
FNDA:1,(anonymous_10)
DA:14,79
DA:38,1
DA:39,0
DA:40,0
DA:43,0
DA:45,1
DA:47,1
DA:48,1
DA:49,1
DA:50,1
DA:62,3
DA:63,3
DA:73,1
DA:83,1
DA:95,1
DA:96,1
DA:98,1
DA:99,1
DA:101,1
DA:103,0
DA:105,0
DA:107,0
DA:110,0
DA:111,0
DA:113,1
DA:122,1
DA:123,1
DA:124,1
DA:132,1
DA:133,1
DA:141,1
DA:142,1
DA:150,1
DA:151,1
LF:34
LH:26
BRDA:38,0,0,0
BRDA:38,0,1,1
BRDA:38,1,0,1
BRDA:38,1,1,0
BRDA:39,2,0,0
BRDA:39,2,1,0
BRDA:39,3,0,0
BRDA:39,3,1,0
BRDA:61,4,0,1
BRDA:96,5,0,0
BRDA:96,5,1,1
BRDA:98,6,0,1
BRDA:98,6,1,0
BRDA:98,7,0,1
BRDA:98,7,1,0
BRDA:110,8,0,0
BRDA:110,8,1,0
BRF:17
BRH:6
end_of_record
TN:
SF:src/Graph.js
FN:16,(anonymous_0)
FN:28,(anonymous_1)
FN:40,(anonymous_2)
FN:52,(anonymous_3)
FN:62,(anonymous_4)
FN:71,(anonymous_5)
FNF:6
FNH:6
FNDA:9,(anonymous_0)
FNDA:7,(anonymous_1)
FNDA:2,(anonymous_2)
FNDA:3,(anonymous_3)
FNDA:4,(anonymous_4)
FNDA:2,(anonymous_5)
DA:17,9
DA:18,9
DA:29,7
DA:41,2
DA:42,2
DA:53,3
DA:63,4
DA:72,2
LF:8
LH:8
BRDA:18,0,0,1
BRDA:18,0,1,8
BRDA:18,1,0,9
BRDA:18,1,1,9
BRDA:41,2,0,2
BRDA:41,2,1,0
BRF:6
BRH:5
end_of_record
TN:
SF:src/Group.js
FN:16,(anonymous_0)
FN:25,(anonymous_1)
FN:35,(anonymous_2)
FN:40,(anonymous_3)
FN:46,(anonymous_4)
FN:57,(anonymous_5)
FN:79,(anonymous_6)
FN:99,(anonymous_7)
FNF:8
FNH:2
FNDA:3,(anonymous_0)
FNDA:0,(anonymous_1)
FNDA:0,(anonymous_2)
FNDA:0,(anonymous_3)
FNDA:0,(anonymous_4)
FNDA:0,(anonymous_5)
FNDA:0,(anonymous_6)
FNDA:1,(anonymous_7)
DA:17,3
DA:26,0
DA:36,0
DA:37,0
DA:38,0
DA:41,0
DA:42,0
DA:43,0
DA:45,0
DA:47,0
DA:48,0
DA:58,0
DA:59,0
DA:60,0
DA:62,0
DA:63,0
DA:65,0
DA:80,0
DA:81,0
DA:82,0
DA:83,0
DA:84,0
DA:85,0
DA:86,0
DA:87,0
DA:89,0
DA:100,1
DA:101,1
LF:28
LH:3
BRDA:42,0,0,0
BRDA:42,0,1,0
BRDA:62,1,0,0
BRDA:62,1,1,0
BRDA:86,2,0,0
BRDA:86,2,1,0
BRF:6
BRH:0
end_of_record
TN:
SF:src/List.js
FN:18,(anonymous_0)
FN:35,(anonymous_1)
FN:45,(anonymous_2)
FN:56,(anonymous_3)
FN:69,(anonymous_4)
FN:86,(anonymous_5)
FN:93,(anonymous_6)
FN:95,(anonymous_7)
FN:101,(anonymous_8)
FN:112,(anonymous_9)
FN:131,(anonymous_10)
FN:133,(anonymous_11)
FN:147,(anonymous_12)
FN:164,(anonymous_13)
FN:174,(anonymous_14)
FN:187,(anonymous_15)
FN:191,(anonymous_16)
FN:201,(anonymous_17)
FN:204,(anonymous_18)
FN:206,(anonymous_19)
FN:218,(anonymous_20)
FN:224,(anonymous_21)
FN:235,(anonymous_22)
FN:272,(anonymous_23)
FN:281,(anonymous_24)
FN:292,(anonymous_25)
FN:298,(anonymous_26)
FNF:27
FNH:24
FNDA:8,(anonymous_0)
FNDA:3,(anonymous_1)
FNDA:11,(anonymous_2)
FNDA:3,(anonymous_3)
FNDA:173,(anonymous_4)
FNDA:4,(anonymous_5)
FNDA:155,(anonymous_6)
FNDA:308,(anonymous_7)
FNDA:460,(anonymous_8)
FNDA:155,(anonymous_9)
FNDA:0,(anonymous_10)
FNDA:0,(anonymous_11)
FNDA:1,(anonymous_12)
FNDA:1,(anonymous_13)
FNDA:12,(anonymous_14)
FNDA:2,(anonymous_15)
FNDA:1,(anonymous_16)
FNDA:2,(anonymous_17)
FNDA:2,(anonymous_18)
FNDA:2,(anonymous_19)
FNDA:0,(anonymous_20)
FNDA:3,(anonymous_21)
FNDA:178,(anonymous_22)
FNDA:5,(anonymous_23)
FNDA:5,(anonymous_24)
FNDA:179,(anonymous_25)
FNDA:615,(anonymous_26)
DA:19,8
DA:20,8
DA:26,8
DA:36,3
DA:37,3
DA:46,11
DA:57,3
DA:58,3
DA:59,3
DA:70,173
DA:71,173
DA:72,1
DA:74,172
DA:87,4
DA:88,4
DA:91,4
DA:93,4
DA:94,155
DA:95,155
DA:96,308
DA:97,3
DA:99,305
DA:101,155
DA:102,460
DA:103,152
DA:105,308
DA:106,308
DA:107,308
DA:108,0
DA:110,308
DA:112,155
DA:113,155
DA:114,151
DA:115,151
DA:117,4
DA:121,4
DA:132,0
DA:133,0
DA:135,0
DA:148,1
DA:149,1
DA:150,1
DA:151,1
DA:152,1
DA:165,1
DA:166,1
DA:167,1
DA:168,1
DA:175,12
DA:176,12
DA:177,12
DA:188,2
DA:189,1
DA:191,1
DA:202,2
DA:205,2
DA:206,2
DA:207,2
DA:208,2
DA:219,0
DA:225,3
DA:236,178
DA:237,21
DA:239,157
DA:240,157
DA:242,157
DA:243,157
DA:245,157
DA:246,166
DA:247,166
DA:248,15
DA:249,15
DA:250,15
DA:252,0
DA:253,0
DA:256,151
DA:257,151
DA:260,157
DA:261,151
DA:263,6
DA:273,5
DA:274,5
DA:275,5
DA:281,5
DA:293,179
DA:294,179
DA:295,630
DA:297,179
DA:298,615
LF:89
LH:82
BRDA:46,0,0,11
BRDA:46,0,1,11
BRDA:69,1,0,8
BRDA:71,2,0,1
BRDA:71,2,1,172
BRDA:96,3,0,3
BRDA:96,3,1,305
BRDA:102,4,0,152
BRDA:102,4,1,308
BRDA:107,5,0,0
BRDA:107,5,1,308
BRDA:107,6,0,308
BRDA:107,6,1,7
BRDA:113,7,0,151
BRDA:113,7,1,4
BRDA:113,8,0,155
BRDA:113,8,1,152
BRDA:188,9,0,1
BRDA:188,9,1,1
BRDA:210,10,0,2
BRDA:210,10,1,0
BRDA:219,11,0,0
BRDA:219,11,1,0
BRDA:235,12,0,0
BRDA:235,13,0,173
BRDA:236,14,0,21
BRDA:236,14,1,157
BRDA:245,15,0,172
BRDA:245,15,1,172
BRDA:247,16,0,15
BRDA:247,16,1,151
BRDA:249,17,0,15
BRDA:249,17,1,0
BRDA:249,18,0,15
BRDA:249,18,1,0
BRDA:249,18,2,0
BRDA:260,19,0,151
BRDA:260,19,1,6
BRDA:272,20,0,0
BRDA:293,21,0,179
BRDA:293,21,1,28
BRDA:297,22,0,179
BRDA:297,22,1,7
BRDA:298,23,0,179
BRDA:298,23,1,168
BRF:45
BRH:36
end_of_record
TN:
SF:src/Pipeline.js
FN:17,(anonymous_0)
FN:32,(anonymous_1)
FN:41,(anonymous_2)
FN:67,(anonymous_3)
FN:80,(anonymous_4)
FN:96,(anonymous_5)
FN:100,(anonymous_6)
FN:114,(anonymous_7)
FN:117,(anonymous_8)
FN:128,(anonymous_9)
FN:134,(anonymous_10)
FN:145,(anonymous_11)
FN:148,(anonymous_12)
FN:162,(anonymous_13)
FN:164,(anonymous_14)
FN:166,(anonymous_15)
FN:180,(anonymous_16)
FN:183,(anonymous_17)
FN:201,(anonymous_18)
FN:221,(anonymous_19)
FN:234,(anonymous_20)
FN:248,(anonymous_21)
FN:266,(anonymous_22)
FN:278,(anonymous_23)
FN:288,(anonymous_24)
FN:300,(anonymous_25)
FN:303,(anonymous_26)
FN:320,(anonymous_27)
FN:324,(anonymous_28)
FN:326,(anonymous_29)
FN:338,(anonymous_30)
FN:340,(anonymous_31)
FN:345,(anonymous_32)
FN:358,(anonymous_33)
FN:377,(anonymous_34)
FN:404,(anonymous_35)
FN:416,(anonymous_36)
FN:416,(anonymous_37)
FNF:38
FNH:19
FNDA:5,(anonymous_0)
FNDA:0,(anonymous_1)
FNDA:0,(anonymous_2)
FNDA:0,(anonymous_3)
FNDA:0,(anonymous_4)
FNDA:3,(anonymous_5)
FNDA:7,(anonymous_6)
FNDA:3,(anonymous_7)
FNDA:3,(anonymous_8)
FNDA:7,(anonymous_9)
FNDA:19,(anonymous_10)
FNDA:4,(anonymous_11)
FNDA:11,(anonymous_12)
FNDA:4,(anonymous_13)
FNDA:2,(anonymous_14)
FNDA:0,(anonymous_15)
FNDA:0,(anonymous_16)
FNDA:0,(anonymous_17)
FNDA:2,(anonymous_18)
FNDA:0,(anonymous_19)
FNDA:0,(anonymous_20)
FNDA:0,(anonymous_21)
FNDA:2,(anonymous_22)
FNDA:2,(anonymous_23)
FNDA:2,(anonymous_24)
FNDA:1,(anonymous_25)
FNDA:1,(anonymous_26)
FNDA:0,(anonymous_27)
FNDA:0,(anonymous_28)
FNDA:0,(anonymous_29)
FNDA:2,(anonymous_30)
FNDA:0,(anonymous_31)
FNDA:2,(anonymous_32)
FNDA:0,(anonymous_33)
FNDA:0,(anonymous_34)
FNDA:0,(anonymous_35)
FNDA:0,(anonymous_36)
FNDA:0,(anonymous_37)
DA:18,5
DA:33,0
DA:42,0
DA:43,0
DA:45,0
DA:68,0
DA:69,0
DA:70,0
DA:72,0
DA:81,0
DA:82,0
DA:83,0
DA:97,3
DA:100,3
DA:101,7
DA:102,7
DA:103,7
DA:104,7
DA:105,7
DA:115,3
DA:117,3
DA:118,3
DA:119,3
DA:129,7
DA:130,7
DA:131,1
DA:134,6
DA:135,19
DA:146,4
DA:147,4
DA:148,4
DA:149,11
DA:150,11
DA:151,11
DA:155,4
DA:163,4
DA:164,4
DA:165,4
DA:166,4
DA:167,0
DA:168,0
DA:169,0
DA:171,4
DA:182,0
DA:183,0
DA:185,0
DA:186,0
DA:190,0
DA:202,2
DA:203,2
DA:205,2
DA:206,2
DA:207,2
DA:208,2
DA:209,2
DA:211,2
DA:222,0
DA:223,0
DA:224,0
DA:235,0
DA:236,0
DA:237,0
DA:249,0
DA:250,0
DA:251,0
DA:252,0
DA:253,0
DA:256,0
DA:267,2
DA:268,2
DA:279,2
DA:289,2
DA:290,2
DA:302,1
DA:303,1
DA:304,1
DA:306,1
DA:308,1
DA:309,1
DA:312,1
DA:321,0
DA:322,0
DA:323,0
DA:324,0
DA:325,0
DA:326,0
DA:329,0
DA:339,2
DA:340,2
DA:341,0
DA:342,0
DA:343,0
DA:345,2
DA:346,2
DA:347,2
DA:348,2
DA:359,0
DA:360,0
DA:361,0
DA:362,0
DA:363,0
DA:366,0
DA:378,0
DA:379,0
DA:380,0
DA:381,0
DA:383,0
DA:384,0
DA:385,0
DA:386,0
DA:387,0
DA:406,0
DA:407,0
DA:408,0
DA:409,0
DA:410,0
DA:412,0
DA:413,0
DA:415,0
DA:416,0
DA:417,0
DA:426,10
LF:122
LH:56
BRDA:43,0,0,0
BRDA:43,0,1,0
BRDA:43,1,0,0
BRDA:43,1,1,0
BRDA:69,2,0,0
BRDA:69,2,1,0
BRDA:82,3,0,0
BRDA:82,3,1,0
BRDA:104,4,0,7
BRDA:104,4,1,0
BRDA:130,5,0,1
BRDA:130,5,1,6
BRDA:150,6,0,11
BRDA:150,6,1,0
BRDA:185,7,0,0
BRDA:185,7,1,0
BRDA:203,8,0,0
BRDA:203,8,1,2
BRDA:250,9,0,0
BRDA:250,9,1,0
BRDA:252,10,0,0
BRDA:252,10,1,0
BRDA:308,11,0,1
BRDA:308,11,1,1
BRDA:320,12,0,0
BRDA:322,13,0,0
BRDA:322,13,1,0
BRDA:360,14,0,0
BRDA:360,14,1,0
BRDA:362,15,0,0
BRDA:362,15,1,0
BRDA:362,16,0,0
BRDA:362,16,1,0
BRDA:379,17,0,0
BRDA:379,17,1,0
BRDA:385,18,0,0
BRDA:385,18,1,0
BRDA:407,19,0,0
BRDA:407,19,1,0
BRDA:409,20,0,0
BRDA:409,20,1,0
BRF:41
BRH:7
end_of_record
TN:
SF:src/PrototypeEntry.js
FN:23,(anonymous_0)
FN:32,(anonymous_1)
FN:38,(anonymous_2)
FN:50,(anonymous_3)
FN:61,(anonymous_4)
FN:73,(anonymous_5)
FN:85,(anonymous_6)
FN:95,(anonymous_7)
FN:111,(anonymous_8)
FN:128,(anonymous_9)
FN:146,(anonymous_10)
FN:155,(anonymous_11)
FN:163,(anonymous_12)
FN:172,(anonymous_13)
FN:187,(anonymous_14)
FN:200,(anonymous_15)
FN:210,(anonymous_16)
FNF:17
FNH:15
FNDA:64,(anonymous_0)
FNDA:8,(anonymous_1)
FNDA:202,(anonymous_2)
FNDA:65,(anonymous_3)
FNDA:1,(anonymous_4)
FNDA:8,(anonymous_5)
FNDA:5,(anonymous_6)
FNDA:8,(anonymous_7)
FNDA:25,(anonymous_8)
FNDA:1,(anonymous_9)
FNDA:10,(anonymous_10)
FNDA:124,(anonymous_11)
FNDA:64,(anonymous_12)
FNDA:1,(anonymous_13)
FNDA:0,(anonymous_14)
FNDA:0,(anonymous_15)
FNDA:62,(anonymous_16)
DA:5,10
DA:24,64
DA:25,64
DA:26,64
DA:27,11
DA:29,53
DA:31,64
DA:32,64
DA:33,8
DA:34,8
DA:35,8
DA:38,202
DA:40,64
DA:41,64
DA:42,3
DA:51,65
DA:62,1
DA:63,1
DA:74,8
DA:75,8
DA:86,5
DA:87,5
DA:96,8
DA:97,8
DA:98,8
DA:103,8
DA:112,25
DA:113,25
DA:114,25
DA:115,25
DA:120,25
DA:129,1
DA:130,1
DA:131,1
DA:136,1
DA:147,10
DA:148,10
DA:156,124
DA:164,64
DA:173,1
DA:174,0
DA:176,1
DA:178,1
DA:188,0
DA:189,0
DA:191,0
DA:192,0
DA:201,0
DA:211,62
LF:49
LH:43
BRDA:23,0,0,61
BRDA:26,1,0,11
BRDA:26,1,1,53
BRDA:38,2,0,202
BRDA:38,2,1,170
BRDA:41,3,0,3
BRDA:41,3,1,61
BRDA:97,4,0,8
BRDA:97,4,1,0
BRDA:114,5,0,25
BRDA:114,5,1,0
BRDA:130,6,0,1
BRDA:130,6,1,0
BRDA:173,7,0,0
BRDA:173,7,1,1
BRDA:188,8,0,0
BRDA:188,8,1,0
BRF:17
BRH:11
end_of_record
TN:
SF:src/Resource.js
FN:21,(anonymous_0)
FN:32,(anonymous_1)
FN:52,(anonymous_2)
FN:61,(anonymous_3)
FN:70,(anonymous_4)
FN:79,(anonymous_5)
FN:83,(anonymous_6)
FN:87,(anonymous_7)
FNF:8
FNH:6
FNDA:313,(anonymous_0)
FNDA:1105,(anonymous_1)
FNDA:13,(anonymous_2)
FNDA:863,(anonymous_3)
FNDA:2,(anonymous_4)
FNDA:65,(anonymous_5)
FNDA:0,(anonymous_6)
FNDA:0,(anonymous_7)
DA:22,313
DA:23,313
DA:24,313
DA:33,1105
DA:53,13
DA:62,863
DA:71,2
DA:80,65
DA:84,0
DA:88,0
LF:10
LH:8
BRDA:52,0,0,11
BRF:1
BRH:1
end_of_record
TN:
SF:src/Rest.js
FN:14,(anonymous_0)
FN:29,(anonymous_1)
FN:39,(anonymous_2)
FN:57,(anonymous_3)
FN:65,(anonymous_4)
FN:84,(anonymous_5)
FN:93,(anonymous_6)
FN:103,(anonymous_7)
FN:113,(anonymous_8)
FN:127,(anonymous_9)
FN:152,(anonymous_10)
FN:183,(anonymous_11)
FN:197,(anonymous_12)
FN:209,(anonymous_13)
FN:226,(anonymous_14)
FN:251,(anonymous_15)
FN:265,(anonymous_16)
FN:266,(anonymous_17)
FN:273,(anonymous_18)
FN:288,(anonymous_19)
FN:318,(anonymous_20)
FN:334,(anonymous_21)
FN:346,(anonymous_22)
FN:357,(anonymous_23)
FN:380,(anonymous_24)
FN:382,(anonymous_25)
FN:389,(anonymous_26)
FN:392,(anonymous_27)
FN:398,(anonymous_28)
FNF:29
FNH:18
FNDA:0,(anonymous_0)
FNDA:0,(anonymous_1)
FNDA:13,(anonymous_2)
FNDA:0,(anonymous_3)
FNDA:0,(anonymous_4)
FNDA:0,(anonymous_5)
FNDA:0,(anonymous_6)
FNDA:47,(anonymous_7)
FNDA:50,(anonymous_8)
FNDA:66,(anonymous_9)
FNDA:287,(anonymous_10)
FNDA:0,(anonymous_11)
FNDA:0,(anonymous_12)
FNDA:0,(anonymous_13)
FNDA:859,(anonymous_14)
FNDA:84,(anonymous_15)
FNDA:0,(anonymous_16)
FNDA:0,(anonymous_17)
FNDA:230,(anonymous_18)
FNDA:62,(anonymous_19)
FNDA:19,(anonymous_20)
FNDA:62,(anonymous_21)
FNDA:12,(anonymous_22)
FNDA:24,(anonymous_23)
FNDA:1,(anonymous_24)
FNDA:1,(anonymous_25)
FNDA:3,(anonymous_26)
FNDA:1,(anonymous_27)
FNDA:1,(anonymous_28)
DA:14,10
DA:15,0
DA:16,0
DA:17,0
DA:18,0
DA:20,0
DA:29,10
DA:40,13
DA:41,13
DA:42,13
DA:47,13
DA:49,13
DA:57,0
DA:58,0
DA:59,0
DA:62,0
DA:63,0
DA:65,0
DA:67,0
DA:68,0
DA:72,0
DA:85,0
DA:94,0
DA:104,47
DA:105,47
DA:107,47
DA:108,25
DA:113,50
DA:115,25
DA:118,22
DA:124,22
DA:125,0
DA:127,66
DA:128,22
DA:129,22
DA:131,22
DA:132,22
DA:133,22
DA:134,22
DA:138,22
DA:153,287
DA:154,287
DA:155,287
DA:156,287
DA:158,287
DA:159,287
DA:160,287
DA:161,5
DA:163,1
DA:167,1
DA:168,1
DA:169,1
DA:172,2
DA:173,2
DA:174,2
DA:176,1
DA:178,5
DA:182,287
DA:183,0
DA:184,0
DA:185,0
DA:186,0
DA:189,0
DA:198,0
DA:202,287
DA:208,287
DA:209,1
DA:210,0
DA:211,0
DA:213,0
DA:214,0
DA:219,0
DA:220,0
DA:222,0
DA:226,859
DA:228,287
DA:229,286
DA:230,286
DA:232,3
DA:235,283
DA:237,0
DA:252,84
DA:253,84
DA:254,0
DA:256,84
DA:257,22
DA:260,84
DA:262,84
DA:263,58
DA:265,0
DA:266,0
DA:270,84
DA:273,230
DA:275,84
DA:289,62
DA:291,62
DA:294,62
DA:295,0
DA:296,0
DA:297,0
DA:299,0
DA:301,0
DA:304,62
DA:319,19
DA:320,19
DA:321,5
DA:323,19
DA:324,3
DA:325,16
DA:326,0
DA:329,19
DA:334,62
DA:336,19
DA:347,12
DA:348,12
DA:349,12
DA:350,0
DA:353,12
DA:357,24
DA:359,12
DA:381,1
DA:382,1
DA:383,1
DA:385,1
DA:386,1
DA:387,1
DA:389,3
DA:391,1
DA:392,1
DA:393,1
DA:394,0
DA:395,0
DA:398,1
DA:399,1
DA:400,1
DA:405,0
LF:136
LH:92
BRDA:20,0,0,0
BRDA:20,0,1,0
BRDA:20,0,2,0
BRDA:20,0,3,0
BRDA:49,1,0,0
BRDA:49,1,1,13
BRDA:57,2,0,0
BRDA:58,3,0,0
BRDA:58,3,1,0
BRDA:67,4,0,0
BRDA:67,4,1,0
BRDA:104,5,0,26
BRDA:104,6,0,22
BRDA:107,7,0,25
BRDA:107,7,1,22
BRDA:124,8,0,0
BRDA:124,8,1,22
BRDA:132,9,0,22
BRDA:132,9,1,0
BRDA:152,10,0,260
BRDA:152,11,0,264
BRDA:160,12,0,5
BRDA:160,12,1,282
BRDA:161,13,0,1
BRDA:161,13,1,0
BRDA:161,13,2,0
BRDA:161,13,3,1
BRDA:161,13,4,1
BRDA:161,13,5,2
BRDA:161,13,6,1
BRDA:182,14,0,0
BRDA:182,14,1,287
BRDA:182,15,0,287
BRDA:182,15,1,0
BRDA:182,15,2,0
BRDA:182,15,3,0
BRDA:185,16,0,0
BRDA:185,16,1,0
BRDA:186,17,0,0
BRDA:186,17,1,0
BRDA:208,18,0,1
BRDA:208,18,1,286
BRDA:210,19,0,0
BRDA:210,19,1,0
BRDA:213,20,0,0
BRDA:213,20,1,0
BRDA:229,21,0,286
BRDA:229,21,1,0
BRDA:230,22,0,3
BRDA:230,22,1,283
BRDA:230,23,0,286
BRDA:230,23,1,284
BRDA:232,24,0,3
BRDA:232,24,1,0
BRDA:233,25,0,0
BRDA:233,25,1,0
BRDA:253,26,0,0
BRDA:253,26,1,84
BRDA:256,27,0,22
BRDA:256,27,1,62
BRDA:262,28,0,58
BRDA:262,28,1,26
BRDA:294,29,0,0
BRDA:294,29,1,62
BRDA:294,30,0,62
BRDA:294,30,1,0
BRDA:296,31,0,0
BRDA:296,31,1,0
BRDA:320,32,0,5
BRDA:320,32,1,14
BRDA:323,33,0,3
BRDA:323,33,1,16
BRDA:325,34,0,0
BRDA:325,34,1,16
BRDA:349,35,0,0
BRDA:349,35,1,12
BRDA:381,36,0,1
BRDA:381,36,1,0
BRDA:381,37,0,1
BRDA:381,37,1,1
BRDA:381,37,2,1
BRDA:386,38,0,1
BRDA:386,38,1,0
BRDA:393,39,0,0
BRDA:393,39,1,1
BRDA:399,40,0,0
BRDA:399,40,1,1
BRF:87
BRH:46
end_of_record
TN:
SF:src/SearchList.js
FN:16,(anonymous_0)
FN:27,(anonymous_1)
FN:31,(anonymous_2)
FN:35,(anonymous_3)
FN:70,(anonymous_4)
FN:74,(anonymous_5)
FN:80,(anonymous_6)
FN:102,(anonymous_7)
FN:129,(anonymous_8)
FN:161,(anonymous_9)
FN:165,(anonymous_10)
FNF:11
FNH:5
FNDA:16,(anonymous_0)
FNDA:0,(anonymous_1)
FNDA:0,(anonymous_2)
FNDA:322,(anonymous_3)
FNDA:0,(anonymous_4)
FNDA:167,(anonymous_5)
FNDA:0,(anonymous_6)
FNDA:0,(anonymous_7)
FNDA:0,(anonymous_8)
FNDA:167,(anonymous_9)
FNDA:167,(anonymous_10)
DA:17,16
DA:18,16
DA:19,16
DA:20,16
DA:28,0
DA:32,0
DA:36,322
DA:71,0
DA:75,167
DA:76,167
DA:78,0
DA:79,0
DA:80,0
DA:81,0
DA:82,0
DA:84,0
DA:85,0
DA:86,0
DA:87,0
DA:103,0
DA:104,0
DA:107,0
DA:109,0
DA:110,0
DA:112,0
DA:115,0
DA:117,0
DA:130,0
DA:131,0
DA:133,0
DA:135,0
DA:136,0
DA:137,0
DA:138,0
DA:140,0
DA:141,0
DA:145,0
DA:146,0
DA:147,0
DA:150,0
DA:152,0
DA:162,167
DA:163,167
DA:164,167
DA:166,167
DA:167,167
DA:177,10
DA:187,10
DA:197,10
DA:205,10
DA:206,10
DA:207,10
LF:52
LH:18
BRDA:19,0,0,16
BRDA:19,0,1,16
BRDA:36,1,0,322
BRDA:36,1,1,15
BRDA:75,2,0,167
BRDA:75,2,1,0
BRDA:75,3,0,167
BRDA:75,3,1,167
BRDA:81,4,0,0
BRDA:81,4,1,0
BRDA:81,5,0,0
BRDA:81,5,1,0
BRDA:84,6,0,0
BRDA:84,6,1,0
BRDA:86,7,0,0
BRDA:86,7,1,0
BRDA:102,8,0,0
BRDA:103,9,0,0
BRDA:103,9,1,0
BRDA:103,10,0,0
BRDA:103,10,1,0
BRDA:109,11,0,0
BRDA:109,11,1,0
BRDA:130,12,0,0
BRDA:130,12,1,0
BRDA:130,13,0,0
BRDA:130,13,1,0
BRDA:130,13,2,0
BRDA:135,14,0,0
BRDA:135,14,1,0
BRDA:135,15,0,0
BRDA:135,15,1,0
BRDA:146,16,0,0
BRDA:146,16,1,0
BRDA:161,17,0,0
BRF:35
BRH:7
end_of_record
TN:
SF:src/SolrQuery.js
FN:5,(anonymous_0)
FN:7,(anonymous_1)
FN:10,(anonymous_2)
FN:16,(anonymous_3)
FN:18,(anonymous_4)
FN:19,(anonymous_5)
FN:31,(anonymous_6)
FN:40,(anonymous_7)
FN:42,(anonymous_8)
FN:45,(anonymous_9)
FN:53,(anonymous_10)
FN:58,(anonymous_11)
FN:59,(anonymous_12)
FN:67,(anonymous_13)
FN:69,(anonymous_14)
FN:71,(anonymous_15)
FN:84,(anonymous_16)
FN:146,(anonymous_17)
FN:184,(anonymous_18)
FN:201,(anonymous_19)
FN:212,(anonymous_20)
FN:223,(anonymous_21)
FN:235,(anonymous_22)
FN:247,(anonymous_23)
FN:259,(anonymous_24)
FN:270,(anonymous_25)
FN:281,(anonymous_26)
FN:292,(anonymous_27)
FN:303,(anonymous_28)
FN:314,(anonymous_29)
FN:325,(anonymous_30)
FN:336,(anonymous_31)
FN:348,(anonymous_32)
FN:350,(anonymous_33)
FN:362,(anonymous_34)
FN:373,(anonymous_35)
FN:384,(anonymous_36)
FN:396,(anonymous_37)
FN:408,(anonymous_38)
FN:420,(anonymous_39)
FN:433,(anonymous_40)
FN:445,(anonymous_41)
FN:457,(anonymous_42)
FN:469,(anonymous_43)
FN:481,(anonymous_44)
FN:492,(anonymous_45)
FN:503,(anonymous_46)
FN:514,(anonymous_47)
FN:525,(anonymous_48)
FN:536,(anonymous_49)
FN:547,(anonymous_50)
FN:561,(anonymous_51)
FN:562,(anonymous_52)
FN:575,(anonymous_53)
FN:606,(anonymous_54)
FN:629,(anonymous_55)
FN:638,(anonymous_56)
FN:648,(anonymous_57)
FN:664,(anonymous_58)
FN:699,(anonymous_59)
FN:720,(anonymous_60)
FN:735,(anonymous_61)
FN:757,(anonymous_62)
FN:770,(anonymous_63)
FN:776,(anonymous_64)
FN:790,(anonymous_65)
FN:800,(anonymous_66)
FN:815,(anonymous_67)
FN:826,(anonymous_68)
FN:838,(anonymous_69)
FN:859,(anonymous_70)
FN:870,(anonymous_71)
FN:881,(anonymous_72)
FN:900,(anonymous_73)
FN:916,(anonymous_74)
FN:927,(anonymous_75)
FN:936,(anonymous_76)
FN:943,(anonymous_77)
FN:953,(anonymous_78)
FN:970,(anonymous_79)
FN:976,(anonymous_80)
FN:985,(anonymous_81)
FN:991,(anonymous_82)
FN:1000,(anonymous_83)
FN:1011,(anonymous_84)
FN:1024,(anonymous_85)
FN:1027,(anonymous_86)
FN:1052,(anonymous_87)
FN:1061,(anonymous_88)
FNF:89
FNH:27
FNDA:172,(anonymous_0)
FNDA:2,(anonymous_1)
FNDA:172,(anonymous_2)
FNDA:168,(anonymous_3)
FNDA:168,(anonymous_4)
FNDA:168,(anonymous_5)
FNDA:172,(anonymous_6)
FNDA:4,(anonymous_7)
FNDA:4,(anonymous_8)
FNDA:0,(anonymous_9)
FNDA:0,(anonymous_10)
FNDA:0,(anonymous_11)
FNDA:0,(anonymous_12)
FNDA:0,(anonymous_13)
FNDA:0,(anonymous_14)
FNDA:0,(anonymous_15)
FNDA:0,(anonymous_16)
FNDA:16,(anonymous_17)
FNDA:16,(anonymous_18)
FNDA:2,(anonymous_19)
FNDA:0,(anonymous_20)
FNDA:1,(anonymous_21)
FNDA:0,(anonymous_22)
FNDA:0,(anonymous_23)
FNDA:0,(anonymous_24)
FNDA:0,(anonymous_25)
FNDA:0,(anonymous_26)
FNDA:0,(anonymous_27)
FNDA:0,(anonymous_28)
FNDA:0,(anonymous_29)
FNDA:2,(anonymous_30)
FNDA:0,(anonymous_31)
FNDA:0,(anonymous_32)
FNDA:0,(anonymous_33)
FNDA:0,(anonymous_34)
FNDA:0,(anonymous_35)
FNDA:0,(anonymous_36)
FNDA:0,(anonymous_37)
FNDA:0,(anonymous_38)
FNDA:0,(anonymous_39)
FNDA:0,(anonymous_40)
FNDA:1,(anonymous_41)
FNDA:9,(anonymous_42)
FNDA:0,(anonymous_43)
FNDA:0,(anonymous_44)
FNDA:0,(anonymous_45)
FNDA:0,(anonymous_46)
FNDA:0,(anonymous_47)
FNDA:0,(anonymous_48)
FNDA:0,(anonymous_49)
FNDA:0,(anonymous_50)
FNDA:2,(anonymous_51)
FNDA:2,(anonymous_52)
FNDA:0,(anonymous_53)
FNDA:0,(anonymous_54)
FNDA:0,(anonymous_55)
FNDA:0,(anonymous_56)
FNDA:0,(anonymous_57)
FNDA:2,(anonymous_58)
FNDA:0,(anonymous_59)
FNDA:0,(anonymous_60)
FNDA:0,(anonymous_61)
FNDA:0,(anonymous_62)
FNDA:0,(anonymous_63)
FNDA:0,(anonymous_64)
FNDA:3,(anonymous_65)
FNDA:322,(anonymous_66)
FNDA:0,(anonymous_67)
FNDA:167,(anonymous_68)
FNDA:0,(anonymous_69)
FNDA:0,(anonymous_70)
FNDA:0,(anonymous_71)
FNDA:0,(anonymous_72)
FNDA:0,(anonymous_73)
FNDA:0,(anonymous_74)
FNDA:16,(anonymous_75)
FNDA:167,(anonymous_76)
FNDA:167,(anonymous_77)
FNDA:6,(anonymous_78)
FNDA:0,(anonymous_79)
FNDA:0,(anonymous_80)
FNDA:0,(anonymous_81)
FNDA:0,(anonymous_82)
FNDA:2,(anonymous_83)
FNDA:0,(anonymous_84)
FNDA:0,(anonymous_85)
FNDA:0,(anonymous_86)
FNDA:0,(anonymous_87)
FNDA:0,(anonymous_88)
DA:5,172
DA:7,10
DA:8,10
DA:9,10
DA:10,172
DA:16,168
DA:18,168
DA:19,168
DA:31,10
DA:32,172
DA:33,172
DA:34,172
DA:35,0
DA:36,0
DA:37,0
DA:39,172
DA:40,4
DA:42,4
DA:43,168
DA:44,0
DA:45,0
DA:46,168
DA:47,168
DA:48,168
DA:50,0
DA:53,0
DA:55,172
DA:58,10
DA:59,10
DA:67,10
DA:68,0
DA:69,0
DA:70,0
DA:71,0
DA:72,0
DA:74,0
DA:75,0
DA:77,0
DA:78,0
DA:80,0
DA:81,0
DA:82,0
DA:83,0
DA:84,0
DA:85,0
DA:87,0
DA:88,0
DA:90,0
DA:92,0
DA:97,0
DA:98,0
DA:100,0
DA:147,16
DA:148,16
DA:149,16
DA:154,16
DA:159,16
DA:165,16
DA:171,16
DA:172,16
DA:173,16
DA:185,16
DA:186,16
DA:187,0
DA:189,16
DA:202,2
DA:213,0
DA:224,1
DA:236,0
DA:248,0
DA:260,0
DA:271,0
DA:282,0
DA:293,0
DA:304,0
DA:315,0
DA:326,2
DA:337,0
DA:349,0
DA:350,0
DA:352,0
DA:363,0
DA:374,0
DA:385,0
DA:397,0
DA:409,0
DA:421,0
DA:434,0
DA:446,1
DA:458,9
DA:470,0
DA:482,0
DA:493,0
DA:504,0
DA:515,0
DA:526,0
DA:537,0
DA:548,0
DA:562,2
DA:563,2
DA:564,0
DA:565,2
DA:566,1
DA:567,0
DA:569,1
DA:571,1
DA:574,2
DA:575,0
DA:576,0
DA:577,0
DA:580,2
DA:581,2
DA:582,1
DA:586,1
DA:607,0
DA:608,0
DA:630,0
DA:631,0
DA:649,0
DA:650,0
DA:665,2
DA:667,2
DA:669,0
DA:670,0
DA:672,0
DA:673,0
DA:676,2
DA:678,2
DA:685,2
DA:700,0
DA:701,0
DA:708,0
DA:721,0
DA:736,0
DA:737,0
DA:744,0
DA:758,0
DA:771,0
DA:773,0
DA:776,0
DA:781,0
DA:791,3
DA:792,3
DA:801,322
DA:816,0
DA:817,0
DA:827,167
DA:828,167
DA:839,0
DA:840,0
DA:841,0
DA:842,0
DA:843,0
DA:844,0
DA:846,0
DA:849,0
DA:850,0
DA:860,0
DA:861,0
DA:871,0
DA:872,0
DA:882,0
DA:883,0
DA:901,0
DA:902,0
DA:917,0
DA:918,0
DA:928,16
DA:937,167
DA:938,167
DA:939,0
DA:943,167
DA:944,167
DA:945,167
DA:946,164
DA:947,0
DA:949,164
DA:951,3
DA:952,3
DA:953,3
DA:954,6
DA:955,6
DA:958,3
DA:959,0
DA:960,3
DA:961,0
DA:963,3
DA:968,167
DA:969,0
DA:970,0
DA:971,0
DA:972,0
DA:973,0
DA:974,0
DA:975,0
DA:976,0
DA:977,0
DA:981,0
DA:983,167
DA:984,0
DA:985,0
DA:986,0
DA:987,0
DA:988,0
DA:989,0
DA:990,0
DA:991,0
DA:992,0
DA:996,0
DA:997,0
DA:1000,167
DA:1001,2
DA:1002,2
DA:1003,2
DA:1004,2
DA:1005,0
DA:1007,2
DA:1009,0
DA:1010,0
DA:1011,0
DA:1012,0
DA:1014,0
DA:1015,0
DA:1016,0
DA:1017,0
DA:1019,0
DA:1024,167
DA:1025,0
DA:1027,167
DA:1028,0
DA:1031,167
DA:1032,167
DA:1033,154
DA:1035,167
DA:1036,151
DA:1038,167
DA:1039,0
DA:1041,167
DA:1042,0
DA:1044,167
DA:1053,0
DA:1062,0
LF:242
LH:95
BRDA:10,0,0,172
BRDA:10,0,1,170
BRDA:10,0,2,170
BRDA:10,0,3,2
BRDA:10,0,4,168
BRDA:10,0,5,0
BRDA:16,1,0,168
BRDA:16,1,1,168
BRDA:18,2,0,168
BRDA:18,2,1,168
BRDA:18,2,2,168
BRDA:34,3,0,0
BRDA:34,3,1,172
BRDA:39,4,0,4
BRDA:39,4,1,168
BRDA:39,5,0,172
BRDA:39,5,1,4
BRDA:40,6,0,4
BRDA:40,6,1,0
BRDA:42,7,0,0
BRDA:42,7,1,4
BRDA:42,8,0,4
BRDA:42,8,1,0
BRDA:43,9,0,0
BRDA:43,9,1,168
BRDA:43,10,0,168
BRDA:43,10,1,168
BRDA:44,11,0,0
BRDA:44,11,1,0
BRDA:46,12,0,168
BRDA:46,12,1,0
BRDA:47,13,0,168
BRDA:47,13,1,0
BRDA:55,14,0,172
BRDA:55,14,1,0
BRDA:58,15,0,0
BRDA:58,15,1,0
BRDA:58,16,0,0
BRDA:58,16,1,0
BRDA:59,17,0,0
BRDA:59,17,1,0
BRDA:59,18,0,0
BRDA:59,18,1,0
BRDA:71,19,0,0
BRDA:71,19,1,0
BRDA:72,20,0,0
BRDA:72,20,1,0
BRDA:72,20,2,0
BRDA:80,21,0,0
BRDA:80,21,1,0
BRDA:82,22,0,0
BRDA:82,22,1,0
BRDA:87,23,0,0
BRDA:87,23,1,0
BRDA:92,24,0,0
BRDA:92,24,1,0
BRDA:97,25,0,0
BRDA:97,25,1,0
BRDA:98,26,0,0
BRDA:98,26,1,0
BRDA:100,27,0,0
BRDA:100,27,1,0
BRDA:184,28,0,0
BRDA:186,29,0,0
BRDA:186,29,1,16
BRDA:201,30,0,2
BRDA:212,31,0,0
BRDA:223,32,0,1
BRDA:235,33,0,0
BRDA:247,34,0,0
BRDA:259,35,0,0
BRDA:270,36,0,0
BRDA:281,37,0,0
BRDA:292,38,0,0
BRDA:303,39,0,0
BRDA:314,40,0,0
BRDA:325,41,0,2
BRDA:336,42,0,0
BRDA:348,43,0,0
BRDA:349,44,0,0
BRDA:349,44,1,0
BRDA:362,45,0,0
BRDA:373,46,0,0
BRDA:384,47,0,0
BRDA:396,48,0,0
BRDA:408,49,0,0
BRDA:420,50,0,0
BRDA:433,51,0,0
BRDA:445,52,0,1
BRDA:457,53,0,9
BRDA:469,54,0,0
BRDA:481,55,0,0
BRDA:482,56,0,0
BRDA:482,56,1,0
BRDA:492,57,0,0
BRDA:503,58,0,0
BRDA:514,59,0,0
BRDA:525,60,0,0
BRDA:536,61,0,0
BRDA:547,62,0,0
BRDA:561,63,0,2
BRDA:563,64,0,0
BRDA:563,64,1,2
BRDA:563,65,0,2
BRDA:563,65,1,1
BRDA:565,66,0,1
BRDA:565,66,1,1
BRDA:565,67,0,2
BRDA:565,67,1,1
BRDA:566,68,0,0
BRDA:566,68,1,1
BRDA:574,69,0,0
BRDA:574,69,1,2
BRDA:576,70,0,0
BRDA:576,70,1,0
BRDA:581,71,0,1
BRDA:581,71,1,1
BRDA:664,72,0,2
BRDA:664,73,0,2
BRDA:667,74,0,0
BRDA:667,74,1,0
BRDA:667,74,2,2
BRDA:667,74,3,2
BRDA:678,75,0,0
BRDA:678,75,1,2
BRDA:699,76,0,0
BRDA:701,77,0,0
BRDA:701,77,1,0
BRDA:720,78,0,0
BRDA:735,79,0,0
BRDA:737,80,0,0
BRDA:737,80,1,0
BRDA:757,81,0,0
BRDA:770,82,0,0
BRDA:773,83,0,0
BRDA:773,83,1,0
BRDA:776,84,0,0
BRDA:776,84,1,0
BRDA:838,85,0,0
BRDA:839,86,0,0
BRDA:839,86,1,0
BRDA:840,87,0,0
BRDA:840,87,1,0
BRDA:841,88,0,0
BRDA:841,88,1,0
BRDA:843,89,0,0
BRDA:843,89,1,0
BRDA:859,90,0,0
BRDA:860,91,0,0
BRDA:860,91,1,0
BRDA:870,92,0,0
BRDA:871,93,0,0
BRDA:871,93,1,0
BRDA:881,94,0,0
BRDA:882,95,0,0
BRDA:882,95,1,0
BRDA:938,96,0,0
BRDA:938,96,1,167
BRDA:945,97,0,164
BRDA:945,97,1,3
BRDA:945,98,0,167
BRDA:945,98,1,164
BRDA:946,99,0,0
BRDA:946,99,1,164
BRDA:946,100,0,164
BRDA:946,100,1,164
BRDA:951,101,0,3
BRDA:951,101,1,0
BRDA:951,102,0,3
BRDA:951,102,1,3
BRDA:954,103,0,6
BRDA:954,103,1,0
BRDA:958,104,0,0
BRDA:958,104,1,3
BRDA:958,105,0,3
BRDA:958,105,1,3
BRDA:960,106,0,0
BRDA:960,106,1,3
BRDA:968,107,0,0
BRDA:968,107,1,167
BRDA:973,108,0,0
BRDA:973,108,1,0
BRDA:975,109,0,0
BRDA:975,109,1,0
BRDA:975,110,0,0
BRDA:975,110,1,0
BRDA:983,111,0,0
BRDA:983,111,1,167
BRDA:983,112,0,167
BRDA:983,112,1,167
BRDA:988,113,0,0
BRDA:988,113,1,0
BRDA:990,114,0,0
BRDA:990,114,1,0
BRDA:990,115,0,0
BRDA:990,115,1,0
BRDA:996,116,0,0
BRDA:996,116,1,0
BRDA:1003,117,0,2
BRDA:1003,117,1,0
BRDA:1004,118,0,0
BRDA:1004,118,1,2
BRDA:1004,119,0,2
BRDA:1004,119,1,2
BRDA:1009,120,0,0
BRDA:1009,120,1,0
BRDA:1009,121,0,0
BRDA:1009,121,1,0
BRDA:1014,122,0,0
BRDA:1014,122,1,0
BRDA:1014,123,0,0
BRDA:1014,123,1,0
BRDA:1016,124,0,0
BRDA:1016,124,1,0
BRDA:1032,125,0,154
BRDA:1032,125,1,13
BRDA:1035,126,0,151
BRDA:1035,126,1,16
BRDA:1038,127,0,0
BRDA:1038,127,1,167
BRDA:1039,128,0,0
BRDA:1039,128,1,0
BRDA:1041,129,0,0
BRDA:1041,129,1,167
BRDA:1044,130,0,0
BRDA:1044,130,1,167
BRF:226
BRH:78
end_of_record
TN:
SF:src/String.js
FN:15,(anonymous_0)
FN:23,(anonymous_1)
FN:36,(anonymous_2)
FN:47,(anonymous_3)
FN:51,(anonymous_4)
FNF:5
FNH:5
FNDA:4,(anonymous_0)
FNDA:4,(anonymous_1)
FNDA:2,(anonymous_2)
FNDA:2,(anonymous_3)
FNDA:2,(anonymous_4)
DA:16,4
DA:17,4
DA:24,4
DA:37,2
DA:38,2
DA:48,2
DA:52,2
LF:7
LH:7
BRDA:37,0,0,2
BRDA:37,0,1,1
BRF:2
BRH:2
end_of_record
TN:
SF:src/User.js
FN:16,(anonymous_0)
FN:26,(anonymous_1)
FN:36,(anonymous_2)
FN:40,(anonymous_3)
FN:46,(anonymous_4)
FN:56,(anonymous_5)
FN:65,(anonymous_6)
FN:69,(anonymous_7)
FN:69,(anonymous_8)
FN:81,(anonymous_9)
FN:91,(anonymous_10)
FN:100,(anonymous_11)
FN:108,(anonymous_12)
FN:114,(anonymous_13)
FN:125,(anonymous_14)
FN:135,(anonymous_15)
FN:140,(anonymous_16)
FN:140,(anonymous_17)
FN:151,(anonymous_18)
FN:161,(anonymous_19)
FN:166,(anonymous_20)
FN:166,(anonymous_21)
FN:176,(anonymous_22)
FNF:23
FNH:3
FNDA:6,(anonymous_0)
FNDA:3,(anonymous_1)
FNDA:0,(anonymous_2)
FNDA:0,(anonymous_3)
FNDA:0,(anonymous_4)
FNDA:0,(anonymous_5)
FNDA:0,(anonymous_6)
FNDA:0,(anonymous_7)
FNDA:0,(anonymous_8)
FNDA:0,(anonymous_9)
FNDA:0,(anonymous_10)
FNDA:0,(anonymous_11)
FNDA:0,(anonymous_12)
FNDA:0,(anonymous_13)
FNDA:0,(anonymous_14)
FNDA:0,(anonymous_15)
FNDA:0,(anonymous_16)
FNDA:0,(anonymous_17)
FNDA:0,(anonymous_18)
FNDA:0,(anonymous_19)
FNDA:0,(anonymous_20)
FNDA:0,(anonymous_21)
FNDA:1,(anonymous_22)
DA:17,6
DA:18,6
DA:27,3
DA:37,0
DA:38,0
DA:39,0
DA:41,0
DA:42,0
DA:43,0
DA:45,0
DA:47,0
DA:48,0
DA:57,0
DA:66,0
DA:67,0
DA:68,0
DA:69,0
DA:70,0
DA:71,0
DA:82,0
DA:92,0
DA:101,0
DA:102,0
DA:104,0
DA:105,0
DA:106,0
DA:109,0
DA:110,0
DA:111,0
DA:113,0
DA:115,0
DA:116,0
DA:126,0
DA:136,0
DA:137,0
DA:138,0
DA:140,0
DA:141,0
DA:142,0
DA:152,0
DA:162,0
DA:163,0
DA:164,0
DA:166,0
DA:167,0
DA:168,0
DA:177,1
LF:47
LH:4
BRDA:42,0,0,0
BRDA:42,0,1,0
BRDA:101,1,0,0
BRDA:101,1,1,0
BRDA:110,2,0,0
BRDA:110,2,1,0
BRDA:152,3,0,0
BRDA:152,3,1,0
BRF:8
BRH:0
end_of_record
TN:
SF:src/config.js
FNF:0
FNH:0
LF:0
LH:0
BRF:0
BRH:0
end_of_record
TN:
SF:src/factory.js
FN:40,(anonymous_0)
FN:58,(anonymous_1)
FN:72,(anonymous_2)
FN:100,(anonymous_3)
FN:125,(anonymous_4)
FN:168,(anonymous_5)
FN:185,(anonymous_6)
FN:214,(anonymous_7)
FN:233,(anonymous_8)
FN:258,(anonymous_9)
FN:286,(anonymous_10)
FN:299,(anonymous_11)
FN:308,(anonymous_12)
FN:315,(anonymous_13)
FN:326,(anonymous_14)
FN:331,(anonymous_15)
FN:339,(anonymous_16)
FN:361,(anonymous_17)
FN:381,(anonymous_18)
FN:393,(anonymous_19)
FN:401,(anonymous_20)
FN:413,(anonymous_21)
FN:422,(anonymous_22)
FN:432,(anonymous_23)
FN:445,(anonymous_24)
FN:454,(anonymous_25)
FN:482,(anonymous_26)
FN:520,(anonymous_27)
FN:554,(anonymous_28)
FN:567,(anonymous_29)
FN:580,(anonymous_30)
FN:586,(anonymous_31)
FN:593,(anonymous_32)
FN:599,(anonymous_33)
FN:605,(anonymous_34)
FNF:35
FNH:23
FNDA:733,(anonymous_0)
FNDA:721,(anonymous_1)
FNDA:714,(anonymous_2)
FNDA:722,(anonymous_3)
FNDA:0,(anonymous_4)
FNDA:15,(anonymous_5)
FNDA:721,(anonymous_6)
FNDA:20,(anonymous_7)
FNDA:0,(anonymous_8)
FNDA:703,(anonymous_9)
FNDA:18,(anonymous_10)
FNDA:0,(anonymous_11)
FNDA:167,(anonymous_12)
FNDA:615,(anonymous_13)
FNDA:1,(anonymous_14)
FNDA:0,(anonymous_15)
FNDA:817,(anonymous_16)
FNDA:19,(anonymous_17)
FNDA:4,(anonymous_18)
FNDA:11,(anonymous_19)
FNDA:15,(anonymous_20)
FNDA:0,(anonymous_21)
FNDA:3,(anonymous_22)
FNDA:4,(anonymous_23)
FNDA:0,(anonymous_24)
FNDA:91,(anonymous_25)
FNDA:62,(anonymous_26)
FNDA:62,(anonymous_27)
FNDA:0,(anonymous_28)
FNDA:0,(anonymous_29)
FNDA:0,(anonymous_30)
FNDA:0,(anonymous_31)
FNDA:0,(anonymous_32)
FNDA:26,(anonymous_33)
FNDA:0,(anonymous_34)
DA:31,10
DA:32,10
DA:40,10
DA:41,733
DA:42,733
DA:44,733
DA:45,733
DA:46,733
DA:47,200
DA:49,200
DA:51,733
DA:58,10
DA:59,721
DA:60,721
DA:61,721
DA:62,723
DA:64,721
DA:72,10
DA:73,714
DA:75,714
DA:76,237
DA:77,5
DA:78,5
DA:79,5
DA:81,0
DA:84,237
DA:85,5
DA:86,5
DA:87,0
DA:100,10
DA:101,722
DA:102,722
DA:103,722
DA:104,722
DA:105,722
DA:106,722
DA:107,722
DA:108,722
DA:110,623
DA:113,111
DA:115,111
DA:116,111
DA:119,8
DA:120,3
DA:122,5
DA:124,8
DA:125,6
DA:126,0
DA:128,8
DA:130,417
DA:131,5
DA:133,417
DA:135,3
DA:136,2
DA:138,3
DA:140,2
DA:141,2
DA:143,2
DA:145,2
DA:146,2
DA:148,2
DA:151,79
DA:152,79
DA:155,623
DA:156,623
DA:157,623
DA:160,99
DA:161,91
DA:162,91
DA:165,8
DA:166,8
DA:167,6
DA:168,6
DA:169,15
DA:173,2
DA:185,10
DA:186,721
DA:187,721
DA:188,721
DA:189,721
DA:190,721
DA:191,721
DA:194,721
DA:195,421
DA:197,421
DA:201,721
DA:202,0
DA:203,0
DA:205,721
DA:214,10
DA:215,20
DA:216,20
DA:217,20
DA:218,20
DA:219,20
DA:220,20
DA:221,7
DA:222,7
DA:224,20
DA:233,10
DA:234,0
DA:235,0
DA:236,0
DA:238,0
DA:239,0
DA:240,0
DA:241,0
DA:242,0
DA:243,0
DA:244,0
DA:248,0
DA:258,10
DA:259,703
DA:260,703
DA:261,703
DA:262,81
DA:265,622
DA:266,622
DA:267,622
DA:269,703
DA:270,703
DA:271,703
DA:272,703
DA:279,10
DA:286,10
DA:287,18
DA:288,18
DA:289,18
DA:290,18
DA:299,10
DA:308,10
DA:311,167
DA:313,167
DA:314,167
DA:315,615
DA:317,167
DA:318,167
DA:326,10
DA:331,10
DA:339,10
DA:340,817
DA:341,817
DA:342,19
DA:344,817
DA:345,817
DA:346,817
DA:347,0
DA:348,0
DA:349,0
DA:350,0
DA:352,0
DA:361,10
DA:362,19
DA:363,19
DA:364,19
DA:366,19
DA:367,19
DA:368,19
DA:369,0
DA:370,0
DA:372,0
DA:381,10
DA:382,4
DA:383,4
DA:393,11
DA:401,10
DA:402,15
DA:403,15
DA:413,10
DA:414,0
DA:422,10
DA:423,3
DA:432,10
DA:433,4
DA:434,0
DA:436,4
DA:445,10
DA:446,0
DA:454,10
DA:455,91
DA:456,91
DA:457,91
DA:458,5
DA:460,86
DA:462,91
DA:463,91
DA:464,91
DA:465,91
DA:466,91
DA:467,91
DA:468,91
DA:469,91
DA:470,91
DA:473,91
DA:482,10
DA:483,62
DA:484,62
DA:485,62
DA:486,62
DA:487,2
DA:489,62
DA:490,3
DA:492,62
DA:493,5
DA:494,5
DA:496,62
DA:497,8
DA:500,62
DA:502,1
DA:504,62
DA:505,24
DA:508,62
DA:509,10
DA:512,62
DA:520,10
DA:521,62
DA:522,62
DA:523,62
DA:524,62
DA:525,2
DA:526,2
DA:528,62
DA:529,62
DA:530,7
DA:531,7
DA:533,62
DA:534,62
DA:535,34
DA:536,34
DA:538,62
DA:539,62
DA:540,1
DA:541,1
DA:543,62
DA:554,10
DA:555,0
DA:556,0
DA:557,0
DA:567,10
DA:568,0
DA:569,0
DA:570,0
DA:572,0
DA:580,10
DA:581,0
DA:586,10
DA:587,0
DA:593,10
DA:599,26
DA:605,10
DA:606,0
LF:251
LH:214
BRDA:46,0,0,200
BRDA:46,0,1,533
BRDA:60,1,0,721
BRDA:60,1,1,0
BRDA:75,2,0,237
BRDA:75,2,1,477
BRDA:76,3,0,5
BRDA:76,3,1,232
BRDA:76,4,0,237
BRDA:76,4,1,16
BRDA:77,5,0,5
BRDA:77,5,1,0
BRDA:78,6,0,5
BRDA:78,6,1,0
BRDA:84,7,0,5
BRDA:84,7,1,232
BRDA:85,8,0,5
BRDA:85,8,1,0
BRDA:86,9,0,0
BRDA:86,9,1,5
BRDA:86,10,0,5
BRDA:86,10,1,5
BRDA:101,11,0,722
BRDA:101,11,1,0
BRDA:108,12,0,623
BRDA:108,12,1,99
BRDA:108,13,0,722
BRDA:108,13,1,686
BRDA:108,13,2,625
BRDA:110,14,0,111
BRDA:110,14,1,5
BRDA:110,14,2,8
BRDA:110,14,3,417
BRDA:110,14,4,3
BRDA:110,14,5,2
BRDA:110,14,6,2
BRDA:110,14,7,0
BRDA:110,14,8,79
BRDA:110,14,9,1
BRDA:119,15,0,3
BRDA:119,15,1,5
BRDA:124,16,0,6
BRDA:124,16,1,2
BRDA:124,17,0,8
BRDA:124,17,1,6
BRDA:130,18,0,5
BRDA:130,18,1,412
BRDA:130,19,0,417
BRDA:130,19,1,417
BRDA:131,20,0,5
BRDA:131,20,1,0
BRDA:135,21,0,2
BRDA:135,21,1,1
BRDA:135,22,0,3
BRDA:135,22,1,2
BRDA:136,23,0,2
BRDA:136,23,1,1
BRDA:140,24,0,2
BRDA:140,24,1,0
BRDA:140,25,0,2
BRDA:140,25,1,2
BRDA:141,26,0,2
BRDA:141,26,1,0
BRDA:145,27,0,2
BRDA:145,27,1,0
BRDA:145,28,0,2
BRDA:145,28,1,2
BRDA:146,29,0,2
BRDA:146,29,1,0
BRDA:160,30,0,91
BRDA:160,30,1,8
BRDA:160,31,0,99
BRDA:160,31,1,36
BRDA:165,32,0,8
BRDA:165,32,1,0
BRDA:166,33,0,6
BRDA:166,33,1,2
BRDA:166,34,0,8
BRDA:166,34,1,2
BRDA:167,35,0,6
BRDA:167,35,1,0
BRDA:167,36,0,6
BRDA:167,36,1,6
BRDA:186,37,0,716
BRDA:186,37,1,5
BRDA:187,38,0,7
BRDA:187,38,1,714
BRDA:188,39,0,0
BRDA:188,39,1,721
BRDA:189,40,0,0
BRDA:189,40,1,721
BRDA:190,41,0,721
BRDA:190,41,1,0
BRDA:194,42,0,421
BRDA:194,42,1,300
BRDA:194,43,0,721
BRDA:194,43,1,305
BRDA:194,43,2,305
BRDA:194,43,3,24
BRDA:197,44,0,421
BRDA:197,44,1,5
BRDA:197,44,2,5
BRDA:201,45,0,0
BRDA:201,45,1,721
BRDA:201,46,0,721
BRDA:201,46,1,721
BRDA:201,46,2,24
BRDA:203,47,0,0
BRDA:203,47,1,0
BRDA:220,48,0,7
BRDA:220,48,1,13
BRDA:236,49,0,0
BRDA:236,49,1,0
BRDA:261,50,0,81
BRDA:261,50,1,622
BRDA:311,51,0,167
BRDA:311,51,1,167
BRDA:313,52,0,167
BRDA:313,52,1,167
BRDA:341,53,0,19
BRDA:341,53,1,798
BRDA:345,54,0,817
BRDA:345,54,1,0
BRDA:347,55,0,0
BRDA:347,55,1,0
BRDA:349,56,0,0
BRDA:349,56,1,0
BRDA:363,57,0,19
BRDA:363,57,1,0
BRDA:367,58,0,19
BRDA:367,58,1,0
BRDA:369,59,0,0
BRDA:369,59,1,0
BRDA:369,60,0,0
BRDA:369,60,1,0
BRDA:433,61,0,0
BRDA:433,61,1,4
BRDA:455,62,0,91
BRDA:455,62,1,18
BRDA:457,63,0,5
BRDA:457,63,1,86
BRDA:457,64,0,91
BRDA:457,64,1,86
BRDA:462,65,0,91
BRDA:462,65,1,0
BRDA:462,66,0,91
BRDA:462,66,1,5
BRDA:463,67,0,91
BRDA:463,67,1,0
BRDA:467,68,0,91
BRDA:467,68,1,0
BRDA:468,69,0,0
BRDA:468,69,1,91
BRDA:469,70,0,0
BRDA:469,70,1,91
BRDA:470,71,0,0
BRDA:470,71,1,91
BRDA:484,72,0,62
BRDA:484,72,1,0
BRDA:486,73,0,2
BRDA:486,73,1,60
BRDA:489,74,0,3
BRDA:489,74,1,59
BRDA:492,75,0,5
BRDA:492,75,1,57
BRDA:492,76,0,62
BRDA:492,76,1,59
BRDA:496,77,0,8
BRDA:496,77,1,54
BRDA:500,78,0,1
BRDA:500,78,1,61
BRDA:504,79,0,24
BRDA:504,79,1,38
BRDA:508,80,0,10
BRDA:508,80,1,52
BRDA:524,81,0,2
BRDA:524,81,1,60
BRDA:524,82,0,62
BRDA:524,82,1,62
BRDA:529,83,0,7
BRDA:529,83,1,55
BRDA:529,84,0,62
BRDA:529,84,1,7
BRDA:534,85,0,34
BRDA:534,85,1,28
BRDA:534,86,0,62
BRDA:534,86,1,62
BRDA:539,87,0,1
BRDA:539,87,1,61
BRDA:539,88,0,62
BRDA:539,88,1,62
BRDA:543,89,0,26
BRDA:543,89,1,36
BRDA:569,90,0,0
BRDA:569,90,1,0
BRDA:581,91,0,0
BRDA:581,91,1,0
BRF:197
BRH:152
end_of_record
TN:
SF:src/html.js
FN:18,(anonymous_0)
FN:35,(anonymous_1)
FN:53,(anonymous_2)
FN:73,(anonymous_3)
FN:86,(anonymous_4)
FNF:5
FNH:0
FNDA:0,(anonymous_0)
FNDA:0,(anonymous_1)
FNDA:0,(anonymous_2)
FNDA:0,(anonymous_3)
FNDA:0,(anonymous_4)
DA:9,0
DA:18,0
DA:19,0
DA:20,0
DA:21,0
DA:22,0
DA:23,0
DA:24,0
DA:31,0
DA:34,0
DA:35,0
DA:36,0
DA:37,0
DA:38,0
DA:39,0
DA:41,0
DA:43,0
DA:53,0
DA:54,0
DA:55,0
DA:56,0
DA:57,0
DA:58,0
DA:59,0
DA:65,0
DA:73,0
DA:74,0
DA:86,0
DA:87,0
DA:92,0
DA:93,0
DA:94,0
DA:96,0
DA:97,0
DA:98,0
DA:100,0
DA:101,0
LF:37
LH:0
BRDA:25,0,0,0
BRDA:25,0,1,0
BRDA:28,1,0,0
BRDA:28,1,1,0
BRDA:36,2,0,0
BRDA:36,2,1,0
BRDA:60,3,0,0
BRDA:60,3,1,0
BRDA:62,4,0,0
BRDA:62,4,1,0
BRDA:93,5,0,0
BRDA:93,5,1,0
BRDA:93,6,0,0
BRDA:93,6,1,0
BRDA:97,7,0,0
BRDA:97,7,1,0
BRDA:97,8,0,0
BRDA:97,8,1,0
BRF:18
BRH:0
end_of_record
TN:
SF:src/index.js
FNF:0
FNH:0
LF:0
LH:0
BRF:0
BRH:0
end_of_record
TN:
SF:src/promiseUtil.js
FN:23,(anonymous_0)
FN:23,(anonymous_1)
FN:26,(anonymous_2)
FN:32,(anonymous_3)
FN:48,(anonymous_4)
FN:52,(anonymous_5)
FN:71,(anonymous_6)
FN:90,(anonymous_7)
FN:90,(anonymous_8)
FNF:9
FNH:0
FNDA:0,(anonymous_0)
FNDA:0,(anonymous_1)
FNDA:0,(anonymous_2)
FNDA:0,(anonymous_3)
FNDA:0,(anonymous_4)
FNDA:0,(anonymous_5)
FNDA:0,(anonymous_6)
FNDA:0,(anonymous_7)
FNDA:0,(anonymous_8)
DA:7,0
DA:23,0
DA:26,0
DA:27,0
DA:29,0
DA:30,0
DA:31,0
DA:32,0
DA:33,0
DA:34,0
DA:35,0
DA:37,0
DA:38,0
DA:40,0
DA:41,0
DA:43,0
DA:45,0
DA:46,0
DA:48,0
DA:49,0
DA:50,0
DA:52,0
DA:53,0
DA:54,0
DA:55,0
DA:57,0
DA:60,0
DA:71,0
DA:72,0
DA:73,0
DA:75,0
DA:76,0
DA:78,0
DA:90,0
LF:34
LH:0
BRDA:29,0,0,0
BRDA:29,0,1,0
BRDA:34,1,0,0
BRDA:34,1,1,0
BRDA:40,2,0,0
BRDA:40,2,1,0
BRDA:45,3,0,0
BRDA:45,3,1,0
BRDA:53,4,0,0
BRDA:53,4,1,0
BRDA:72,5,0,0
BRDA:72,5,1,0
BRDA:72,6,0,0
BRDA:72,6,1,0
BRDA:72,6,2,0
BRDA:75,7,0,0
BRDA:75,7,1,0
BRF:17
BRH:0
end_of_record
TN:
SF:src/terms.js
FN:4,(anonymous_0)
FN:6,(anonymous_1)
FNF:2
FNH:2
FNDA:30,(anonymous_0)
FNDA:220,(anonymous_1)
DA:4,10
DA:5,30
DA:6,30
DA:7,220
DA:9,30
DA:13,10
DA:14,10
DA:15,10
DA:16,10
DA:17,10
DA:18,10
DA:20,10
DA:66,10
DA:67,10
DA:68,10
DA:69,10
DA:70,10
DA:71,10
DA:72,10
DA:73,10
DA:76,10
DA:77,10
DA:78,10
DA:79,10
DA:80,10
DA:81,10
DA:82,10
DA:83,10
DA:84,10
DA:85,10
DA:86,10
DA:87,10
DA:88,10
DA:89,10
DA:90,10
DA:93,10
DA:94,10
DA:95,10
DA:96,10
DA:97,10
DA:98,10
DA:99,10
DA:100,10
DA:103,10
DA:107,10
LF:45
LH:45
BRF:0
BRH:0
end_of_record
TN:
SF:src/types.js
FNF:0
FNH:0
DA:7,10
LF:1
LH:1
BRF:0
BRH:0
end_of_record
TN:
SF:src/utils.js
FN:4,(anonymous_0)
FN:8,(anonymous_1)
FN:20,(anonymous_2)
FN:22,(anonymous_3)
FN:25,(anonymous_4)
FN:29,(anonymous_5)
FN:34,(anonymous_6)
FN:34,(anonymous_7)
FN:35,(anonymous_8)
FN:41,(anonymous_9)
FN:52,(anonymous_10)
FN:54,(anonymous_11)
FN:60,(anonymous_12)
FN:62,(anonymous_13)
FN:70,(anonymous_14)
FN:72,(anonymous_15)
FN:74,(anonymous_16)
FNF:17
FNH:1
FNDA:0,(anonymous_0)
FNDA:0,(anonymous_1)
FNDA:0,(anonymous_2)
FNDA:0,(anonymous_3)
FNDA:0,(anonymous_4)
FNDA:0,(anonymous_5)
FNDA:0,(anonymous_6)
FNDA:0,(anonymous_7)
FNDA:0,(anonymous_8)
FNDA:0,(anonymous_9)
FNDA:0,(anonymous_10)
FNDA:0,(anonymous_11)
FNDA:0,(anonymous_12)
FNDA:0,(anonymous_13)
FNDA:340,(anonymous_14)
FNDA:0,(anonymous_15)
FNDA:0,(anonymous_16)
DA:2,10
DA:4,10
DA:5,0
DA:6,0
DA:7,0
DA:8,0
DA:9,0
DA:10,0
DA:11,0
DA:12,0
DA:13,0
DA:17,0
DA:20,10
DA:21,0
DA:22,0
DA:25,10
DA:26,0
DA:27,0
DA:28,0
DA:29,0
DA:30,0
DA:31,0
DA:32,0
DA:34,0
DA:35,0
DA:36,0
DA:37,0
DA:38,0
DA:40,0
DA:41,0
DA:42,0
DA:43,0
DA:44,0
DA:45,0
DA:48,0
DA:52,10
DA:53,0
DA:54,0
DA:55,0
DA:56,0
DA:60,10
DA:61,0
DA:62,0
DA:63,0
DA:64,0
DA:70,340
DA:71,10
DA:72,10
DA:73,10
DA:74,10
DA:75,10
LF:51
LH:12
BRDA:9,0,0,0
BRDA:9,0,1,0
BRDA:11,1,0,0
BRDA:11,1,1,0
BRDA:43,2,0,0
BRDA:43,2,1,0
BRDA:70,3,0,340
BRDA:70,3,1,0
BRDA:72,4,0,0
BRDA:72,4,1,0
BRDA:74,5,0,0
BRDA:74,5,1,0
BRF:12
BRH:1
end_of_record
